2025-07-16 19:51:16.957 | INFO     | uvicorn.server:_serve:84 - Started server process [3720]
2025-07-16 19:51:16.957 | INFO     | uvicorn.lifespan.on:startup:48 - Waiting for application startup.
2025-07-16 19:51:17.317 | INFO     | uvicorn.lifespan.on:startup:62 - Application startup complete.
2025-07-16 19:51:17.392 | INFO     | uvicorn.server:_log_started_message:216 - Uvicorn running on http://0.0.0.0:12332 (Press CTRL+C to quit)
2025-07-16 19:51:17.617 | DEBUG    | server.server:process_one_code_with_repl_fast:213 - [lean_workbook_plus_2] Processing code: {"custom_id": "lean_workbook_plus_2", "proof_header": "import Mathlib\nimport Aesop", "proof_body": "set_option maxHeartbeats 0\n\nopen BigOperators Real Nat Topology Rat\ntheorem lean_workbook_plus_2 (x : \u211d) : x^2 - 2*x - 24 < 0 \u2194 x \u2208 Set.Ioo (-4) 6   :=  by\nconstructor\n  intro hx\n  constructor\n  nlinarith [hx]\n  nlinarith [hx]\n  rintro \u27e8h1, h2\u27e9\n  nlinarith", "timeout": 30}
2025-07-16 19:51:19.360 | INFO     | uvicorn.protocols.http.h11_impl:send:473 - 127.0.0.1:57724 - "GET / HTTP/1.1" 200
2025-07-16 19:51:19.422 | DEBUG    | server.server:process_one_code_with_repl_fast:213 - [1234] Processing code: {"custom_id": "1234", "proof_header": "", "proof_body": "#check Nat", "timeout": 30}
2025-07-16 19:51:18.280 | INFO     | uvicorn.protocols.http.h11_impl:send:473 - 127.0.0.1:57730 - "POST /verify HTTP/1.1" 200
2025-07-16 19:51:24.238 | INFO     | uvicorn.protocols.http.h11_impl:send:473 - 127.0.0.1:57708 - "POST /verify HTTP/1.1" 200
2025-07-16 19:51:26.122 | INFO     | server.server:_repl_creater:41 - Created 22 ['import Mathlib\nimport Aesop'] repls with response [{'env': 0, 'time': 6.638726234436035}, {'env': 0,
2025-07-16 19:51:26.122 | INFO     | utils.repl_cache:evict_if_needed:67 - Succesfully evicted header ['import Mathlib\nimport Aesop with id dbca5d86-221a-4f40-9bc0-7b5a87af0964
2025-07-16 19:51:26.324 | INFO     | server.server:_repl_cleaner:62 - Closed dbca5d86-221a-4f40-9bc0-7b5a87af0964 repl
2025-07-16 19:51:29.652 | INFO     | utils.repl_cache:print_status:179 - 

=================================================================
Idx   | Header                                        | Pool Size 
-----------------------------------------------------------------
1     | ['import Mathlib\nimport Aesop']              | 22        
-----------------------------------------------------------------
Top 10 global LRU repl:
-----------------------------------------------------------------
Idx   | Header                                        | ID        
-----------------------------------------------------------------
1     | ['import Mathlib\nimport Aesop']              | cea0c60e  
2     | ['import Mathlib\nimport Aesop']              | 8ee6d8b3  
3     | ['import Mathlib\nimport Aesop']              | 40b6bf85  
4     | ['import Mathlib\nimport Aesop']              | e4ca6c6f  
5     | ['import Mathlib\nimport Aesop']              | 81865888  
6     | ['import Mathlib\nimport Aesop']              | 8f5bb2c3  
7     | ['import Mathlib\nimport Aesop']              | 256a22f6  
8     | ['import Mathlib\nimport Aesop']              | 22c23f6d  
9     | ['import Mathlib\nimport Aesop']              | 8e6192f6  
10    | ['import Mathlib\nimport Aesop']              | 393378b8  
...   | ...                                           | ...       
-----------------------------------------------------------------
      | Total                                         | 22        
      | Idle                                          | 22        
      | Create Queue                                  | 0         
      | Close Queue                                   | 0         
      | Cache Hits                                    | 0         
      | Cache Misses                                  | 1         
      | Cache ratio                                   | 0.00      
      | its                                           | 0.06666666666666667
=================================================================
2025-07-16 19:51:44.654 | INFO     | utils.repl_cache:print_status:179 - 

=================================================================
Idx   | Header                                        | Pool Size 
-----------------------------------------------------------------
1     | ['import Mathlib\nimport Aesop']              | 22        
-----------------------------------------------------------------
Top 10 global LRU repl:
-----------------------------------------------------------------
Idx   | Header                                        | ID        
-----------------------------------------------------------------
1     | ['import Mathlib\nimport Aesop']              | cea0c60e  
2     | ['import Mathlib\nimport Aesop']              | 8ee6d8b3  
3     | ['import Mathlib\nimport Aesop']              | 40b6bf85  
4     | ['import Mathlib\nimport Aesop']              | e4ca6c6f  
5     | ['import Mathlib\nimport Aesop']              | 81865888  
6     | ['import Mathlib\nimport Aesop']              | 8f5bb2c3  
7     | ['import Mathlib\nimport Aesop']              | 256a22f6  
8     | ['import Mathlib\nimport Aesop']              | 22c23f6d  
9     | ['import Mathlib\nimport Aesop']              | 8e6192f6  
10    | ['import Mathlib\nimport Aesop']              | 393378b8  
...   | ...                                           | ...       
-----------------------------------------------------------------
      | Total                                         | 22        
      | Idle                                          | 22        
      | Create Queue                                  | 0         
      | Close Queue                                   | 0         
      | Cache Hits                                    | 0         
      | Cache Misses                                  | 0         
      | Cache ratio                                   | 0.00      
      | its                                           | 0.0       
=================================================================
2025-07-16 19:51:56.992 | INFO     | utils.repl_cache:print_status:179 - 

=================================================================
Idx   | Header                                        | Pool Size 
-----------------------------------------------------------------
1     | ['import Mathlib\nimport Aesop']              | 22        
-----------------------------------------------------------------
Top 10 global LRU repl:
-----------------------------------------------------------------
Idx   | Header                                        | ID        
-----------------------------------------------------------------
1     | ['import Mathlib\nimport Aesop']              | cea0c60e  
2     | ['import Mathlib\nimport Aesop']              | 8ee6d8b3  
3     | ['import Mathlib\nimport Aesop']              | 40b6bf85  
4     | ['import Mathlib\nimport Aesop']              | e4ca6c6f  
5     | ['import Mathlib\nimport Aesop']              | 81865888  
6     | ['import Mathlib\nimport Aesop']              | 8f5bb2c3  
7     | ['import Mathlib\nimport Aesop']              | 256a22f6  
8     | ['import Mathlib\nimport Aesop']              | 22c23f6d  
9     | ['import Mathlib\nimport Aesop']              | 8e6192f6  
10    | ['import Mathlib\nimport Aesop']              | 393378b8  
...   | ...                                           | ...       
-----------------------------------------------------------------
      | Total                                         | 22        
      | Idle                                          | 22        
      | Create Queue                                  | 0         
      | Close Queue                                   | 0         
      | Cache Hits                                    | 0         
      | Cache Misses                                  | 0         
      | Cache ratio                                   | 0.00      
      | its                                           | 0.0       
=================================================================
2025-07-16 19:52:11.993 | INFO     | utils.repl_cache:print_status:179 - 

=================================================================
Idx   | Header                                        | Pool Size 
-----------------------------------------------------------------
1     | ['import Mathlib\nimport Aesop']              | 22        
-----------------------------------------------------------------
Top 10 global LRU repl:
-----------------------------------------------------------------
Idx   | Header                                        | ID        
-----------------------------------------------------------------
1     | ['import Mathlib\nimport Aesop']              | cea0c60e  
2     | ['import Mathlib\nimport Aesop']              | 8ee6d8b3  
3     | ['import Mathlib\nimport Aesop']              | 40b6bf85  
4     | ['import Mathlib\nimport Aesop']              | e4ca6c6f  
5     | ['import Mathlib\nimport Aesop']              | 81865888  
6     | ['import Mathlib\nimport Aesop']              | 8f5bb2c3  
7     | ['import Mathlib\nimport Aesop']              | 256a22f6  
8     | ['import Mathlib\nimport Aesop']              | 22c23f6d  
9     | ['import Mathlib\nimport Aesop']              | 8e6192f6  
10    | ['import Mathlib\nimport Aesop']              | 393378b8  
...   | ...                                           | ...       
-----------------------------------------------------------------
      | Total                                         | 22        
      | Idle                                          | 22        
      | Create Queue                                  | 0         
      | Close Queue                                   | 0         
      | Cache Hits                                    | 0         
      | Cache Misses                                  | 0         
      | Cache ratio                                   | 0.00      
      | its                                           | 0.0       
=================================================================
2025-07-16 19:52:24.306 | INFO     | utils.repl_cache:print_status:179 - 

=================================================================
Idx   | Header                                        | Pool Size 
-----------------------------------------------------------------
1     | ['import Mathlib\nimport Aesop']              | 22        
-----------------------------------------------------------------
Top 10 global LRU repl:
-----------------------------------------------------------------
Idx   | Header                                        | ID        
-----------------------------------------------------------------
1     | ['import Mathlib\nimport Aesop']              | cea0c60e  
2     | ['import Mathlib\nimport Aesop']              | 8ee6d8b3  
3     | ['import Mathlib\nimport Aesop']              | 40b6bf85  
4     | ['import Mathlib\nimport Aesop']              | e4ca6c6f  
5     | ['import Mathlib\nimport Aesop']              | 81865888  
6     | ['import Mathlib\nimport Aesop']              | 8f5bb2c3  
7     | ['import Mathlib\nimport Aesop']              | 256a22f6  
8     | ['import Mathlib\nimport Aesop']              | 22c23f6d  
9     | ['import Mathlib\nimport Aesop']              | 8e6192f6  
10    | ['import Mathlib\nimport Aesop']              | 393378b8  
...   | ...                                           | ...       
-----------------------------------------------------------------
      | Total                                         | 22        
      | Idle                                          | 22        
      | Create Queue                                  | 0         
      | Close Queue                                   | 0         
      | Cache Hits                                    | 0         
      | Cache Misses                                  | 0         
      | Cache ratio                                   | 0.00      
      | its                                           | 0.0       
=================================================================
2025-07-16 19:52:39.307 | INFO     | utils.repl_cache:print_status:179 - 

=================================================================
Idx   | Header                                        | Pool Size 
-----------------------------------------------------------------
1     | ['import Mathlib\nimport Aesop']              | 22        
-----------------------------------------------------------------
Top 10 global LRU repl:
-----------------------------------------------------------------
Idx   | Header                                        | ID        
-----------------------------------------------------------------
1     | ['import Mathlib\nimport Aesop']              | cea0c60e  
2     | ['import Mathlib\nimport Aesop']              | 8ee6d8b3  
3     | ['import Mathlib\nimport Aesop']              | 40b6bf85  
4     | ['import Mathlib\nimport Aesop']              | e4ca6c6f  
5     | ['import Mathlib\nimport Aesop']              | 81865888  
6     | ['import Mathlib\nimport Aesop']              | 8f5bb2c3  
7     | ['import Mathlib\nimport Aesop']              | 256a22f6  
8     | ['import Mathlib\nimport Aesop']              | 22c23f6d  
9     | ['import Mathlib\nimport Aesop']              | 8e6192f6  
10    | ['import Mathlib\nimport Aesop']              | 393378b8  
...   | ...                                           | ...       
-----------------------------------------------------------------
      | Total                                         | 22        
      | Idle                                          | 22        
      | Create Queue                                  | 0         
      | Close Queue                                   | 0         
      | Cache Hits                                    | 0         
      | Cache Misses                                  | 0         
      | Cache ratio                                   | 0.00      
      | its                                           | 0.0       
=================================================================
2025-07-16 19:52:47.508 | INFO     | uvicorn.protocols.http.h11_impl:send:473 - 127.0.0.1:58640 - "GET / HTTP/1.1" 200
2025-07-16 19:52:51.644 | INFO     | utils.repl_cache:print_status:179 - 

=================================================================
Idx   | Header                                        | Pool Size 
-----------------------------------------------------------------
1     | ['import Mathlib\nimport Aesop']              | 22        
-----------------------------------------------------------------
Top 10 global LRU repl:
-----------------------------------------------------------------
Idx   | Header                                        | ID        
-----------------------------------------------------------------
1     | ['import Mathlib\nimport Aesop']              | cea0c60e  
2     | ['import Mathlib\nimport Aesop']              | 8ee6d8b3  
3     | ['import Mathlib\nimport Aesop']              | 40b6bf85  
4     | ['import Mathlib\nimport Aesop']              | e4ca6c6f  
5     | ['import Mathlib\nimport Aesop']              | 81865888  
6     | ['import Mathlib\nimport Aesop']              | 8f5bb2c3  
7     | ['import Mathlib\nimport Aesop']              | 256a22f6  
8     | ['import Mathlib\nimport Aesop']              | 22c23f6d  
9     | ['import Mathlib\nimport Aesop']              | 8e6192f6  
10    | ['import Mathlib\nimport Aesop']              | 393378b8  
...   | ...                                           | ...       
-----------------------------------------------------------------
      | Total                                         | 22        
      | Idle                                          | 22        
      | Create Queue                                  | 0         
      | Close Queue                                   | 0         
      | Cache Hits                                    | 0         
      | Cache Misses                                  | 0         
      | Cache ratio                                   | 0.00      
      | its                                           | 0.0       
=================================================================
2025-07-16 19:53:06.648 | INFO     | utils.repl_cache:print_status:179 - 

=================================================================
Idx   | Header                                        | Pool Size 
-----------------------------------------------------------------
1     | ['import Mathlib\nimport Aesop']              | 22        
-----------------------------------------------------------------
Top 10 global LRU repl:
-----------------------------------------------------------------
Idx   | Header                                        | ID        
-----------------------------------------------------------------
1     | ['import Mathlib\nimport Aesop']              | cea0c60e  
2     | ['import Mathlib\nimport Aesop']              | 8ee6d8b3  
3     | ['import Mathlib\nimport Aesop']              | 40b6bf85  
4     | ['import Mathlib\nimport Aesop']              | e4ca6c6f  
5     | ['import Mathlib\nimport Aesop']              | 81865888  
6     | ['import Mathlib\nimport Aesop']              | 8f5bb2c3  
7     | ['import Mathlib\nimport Aesop']              | 256a22f6  
8     | ['import Mathlib\nimport Aesop']              | 22c23f6d  
9     | ['import Mathlib\nimport Aesop']              | 8e6192f6  
10    | ['import Mathlib\nimport Aesop']              | 393378b8  
...   | ...                                           | ...       
-----------------------------------------------------------------
      | Total                                         | 22        
      | Idle                                          | 22        
      | Create Queue                                  | 0         
      | Close Queue                                   | 0         
      | Cache Hits                                    | 0         
      | Cache Misses                                  | 0         
      | Cache ratio                                   | 0.00      
      | its                                           | 0.0       
=================================================================
2025-07-16 19:53:19.005 | INFO     | utils.repl_cache:print_status:179 - 

=================================================================
Idx   | Header                                        | Pool Size 
-----------------------------------------------------------------
1     | ['import Mathlib\nimport Aesop']              | 22        
-----------------------------------------------------------------
Top 10 global LRU repl:
-----------------------------------------------------------------
Idx   | Header                                        | ID        
-----------------------------------------------------------------
1     | ['import Mathlib\nimport Aesop']              | cea0c60e  
2     | ['import Mathlib\nimport Aesop']              | 8ee6d8b3  
3     | ['import Mathlib\nimport Aesop']              | 40b6bf85  
4     | ['import Mathlib\nimport Aesop']              | e4ca6c6f  
5     | ['import Mathlib\nimport Aesop']              | 81865888  
6     | ['import Mathlib\nimport Aesop']              | 8f5bb2c3  
7     | ['import Mathlib\nimport Aesop']              | 256a22f6  
8     | ['import Mathlib\nimport Aesop']              | 22c23f6d  
9     | ['import Mathlib\nimport Aesop']              | 8e6192f6  
10    | ['import Mathlib\nimport Aesop']              | 393378b8  
...   | ...                                           | ...       
-----------------------------------------------------------------
      | Total                                         | 22        
      | Idle                                          | 22        
      | Create Queue                                  | 0         
      | Close Queue                                   | 0         
      | Cache Hits                                    | 0         
      | Cache Misses                                  | 0         
      | Cache ratio                                   | 0.00      
      | its                                           | 0.0       
=================================================================
2025-07-16 19:53:34.006 | INFO     | utils.repl_cache:print_status:179 - 

=================================================================
Idx   | Header                                        | Pool Size 
-----------------------------------------------------------------
1     | ['import Mathlib\nimport Aesop']              | 22        
-----------------------------------------------------------------
Top 10 global LRU repl:
-----------------------------------------------------------------
Idx   | Header                                        | ID        
-----------------------------------------------------------------
1     | ['import Mathlib\nimport Aesop']              | cea0c60e  
2     | ['import Mathlib\nimport Aesop']              | 8ee6d8b3  
3     | ['import Mathlib\nimport Aesop']              | 40b6bf85  
4     | ['import Mathlib\nimport Aesop']              | e4ca6c6f  
5     | ['import Mathlib\nimport Aesop']              | 81865888  
6     | ['import Mathlib\nimport Aesop']              | 8f5bb2c3  
7     | ['import Mathlib\nimport Aesop']              | 256a22f6  
8     | ['import Mathlib\nimport Aesop']              | 22c23f6d  
9     | ['import Mathlib\nimport Aesop']              | 8e6192f6  
10    | ['import Mathlib\nimport Aesop']              | 393378b8  
...   | ...                                           | ...       
-----------------------------------------------------------------
      | Total                                         | 22        
      | Idle                                          | 22        
      | Create Queue                                  | 0         
      | Close Queue                                   | 0         
      | Cache Hits                                    | 0         
      | Cache Misses                                  | 0         
      | Cache ratio                                   | 0.00      
      | its                                           | 0.0       
=================================================================
2025-07-16 19:53:46.352 | INFO     | utils.repl_cache:print_status:179 - 

=================================================================
Idx   | Header                                        | Pool Size 
-----------------------------------------------------------------
1     | ['import Mathlib\nimport Aesop']              | 22        
-----------------------------------------------------------------
Top 10 global LRU repl:
-----------------------------------------------------------------
Idx   | Header                                        | ID        
-----------------------------------------------------------------
1     | ['import Mathlib\nimport Aesop']              | cea0c60e  
2     | ['import Mathlib\nimport Aesop']              | 8ee6d8b3  
3     | ['import Mathlib\nimport Aesop']              | 40b6bf85  
4     | ['import Mathlib\nimport Aesop']              | e4ca6c6f  
5     | ['import Mathlib\nimport Aesop']              | 81865888  
6     | ['import Mathlib\nimport Aesop']              | 8f5bb2c3  
7     | ['import Mathlib\nimport Aesop']              | 256a22f6  
8     | ['import Mathlib\nimport Aesop']              | 22c23f6d  
9     | ['import Mathlib\nimport Aesop']              | 8e6192f6  
10    | ['import Mathlib\nimport Aesop']              | 393378b8  
...   | ...                                           | ...       
-----------------------------------------------------------------
      | Total                                         | 22        
      | Idle                                          | 22        
      | Create Queue                                  | 0         
      | Close Queue                                   | 0         
      | Cache Hits                                    | 0         
      | Cache Misses                                  | 0         
      | Cache ratio                                   | 0.00      
      | its                                           | 0.0       
=================================================================
2025-07-16 19:53:57.347 | INFO     | uvicorn.protocols.http.h11_impl:send:473 - 127.0.0.1:54958 - "GET / HTTP/1.1" 200
2025-07-16 19:53:59.165 | DEBUG    | server.server:process_one_code_with_repl_fast:213 - [lean_workbook_plus_64000] Processing code: {"custom_id": "lean_workbook_plus_64000", "proof_header": "import Mathlib\nimport Aesop", "proof_body": "set_option maxHeartbeats 0\n\nopen BigOperators Real Nat Topology Rat\n\n/- With $x = 2$ we want to find all $y$ for which one has $2^y - 2 = y^2 - y$ or equivalently $2^y = y^2 + (2-y).$ -/\ntheorem lean_workbook_plus_64000 (x y : \u211d) (hx : x = 2) : x^y - x = y^2 - y \u2194 2^y - 2 = y^2 - y   := by\n  /-\n  We need to show that for \\( x = 2 \\), the equation \\( 2^y - 2 = y^2 - y \\) holds if and only if \\( x^y - x = y^2 - y \\). Given \\( x = 2 \\), substituting \\( x \\) with 2 in the equation \\( x^y - x = y^2 - y \\) directly yields \\( 2^y - 2 = y^2 - y \\). This equivalence is straightforward due to the substitution of \\( x \\) with 2.\n  -/\n  -- We construct the equivalence by showing that each side implies the other.\n  constructor\n  -- First, assume the left-hand side is true and show it implies the right-hand side.\n  intro h\n  -- Substitute x with 2 in the equation.\n  rw [hx] at h\n  -- The equation simplifies directly to the desired form.\n  exact h\n  -- Now, assume the right-hand side is true and show it implies the left-hand side.\n  intro h\n  -- Substitute x with 2 in the equation.\n  rw [hx]\n  -- The equation simplifies directly to the desired form.\n  exact h", "timeout": 30}
2025-07-16 19:53:59.216 | INFO     | uvicorn.protocols.http.h11_impl:send:473 - 127.0.0.1:54972 - "POST /verify HTTP/1.1" 200
2025-07-16 19:54:01.355 | INFO     | utils.repl_cache:print_status:179 - 

=================================================================
Idx   | Header                                        | Pool Size 
-----------------------------------------------------------------
1     | ['import Mathlib\nimport Aesop']              | 22        
-----------------------------------------------------------------
Top 10 global LRU repl:
-----------------------------------------------------------------
Idx   | Header                                        | ID        
-----------------------------------------------------------------
1     | ['import Mathlib\nimport Aesop']              | cea0c60e  
2     | ['import Mathlib\nimport Aesop']              | 8ee6d8b3  
3     | ['import Mathlib\nimport Aesop']              | 40b6bf85  
4     | ['import Mathlib\nimport Aesop']              | e4ca6c6f  
5     | ['import Mathlib\nimport Aesop']              | 81865888  
6     | ['import Mathlib\nimport Aesop']              | 8f5bb2c3  
7     | ['import Mathlib\nimport Aesop']              | 256a22f6  
8     | ['import Mathlib\nimport Aesop']              | 22c23f6d  
9     | ['import Mathlib\nimport Aesop']              | 8e6192f6  
10    | ['import Mathlib\nimport Aesop']              | 393378b8  
...   | ...                                           | ...       
-----------------------------------------------------------------
      | Total                                         | 22        
      | Idle                                          | 22        
      | Create Queue                                  | 0         
      | Close Queue                                   | 0         
      | Cache Hits                                    | 1         
      | Cache Misses                                  | 0         
      | Cache ratio                                   | 0.50      
      | its                                           | 0.06666666666666667
=================================================================
2025-07-16 19:54:13.684 | INFO     | utils.repl_cache:print_status:179 - 

=================================================================
Idx   | Header                                        | Pool Size 
-----------------------------------------------------------------
1     | ['import Mathlib\nimport Aesop']              | 22        
-----------------------------------------------------------------
Top 10 global LRU repl:
-----------------------------------------------------------------
Idx   | Header                                        | ID        
-----------------------------------------------------------------
1     | ['import Mathlib\nimport Aesop']              | cea0c60e  
2     | ['import Mathlib\nimport Aesop']              | 8ee6d8b3  
3     | ['import Mathlib\nimport Aesop']              | 40b6bf85  
4     | ['import Mathlib\nimport Aesop']              | e4ca6c6f  
5     | ['import Mathlib\nimport Aesop']              | 81865888  
6     | ['import Mathlib\nimport Aesop']              | 8f5bb2c3  
7     | ['import Mathlib\nimport Aesop']              | 256a22f6  
8     | ['import Mathlib\nimport Aesop']              | 22c23f6d  
9     | ['import Mathlib\nimport Aesop']              | 8e6192f6  
10    | ['import Mathlib\nimport Aesop']              | 393378b8  
...   | ...                                           | ...       
-----------------------------------------------------------------
      | Total                                         | 22        
      | Idle                                          | 22        
      | Create Queue                                  | 0         
      | Close Queue                                   | 0         
      | Cache Hits                                    | 0         
      | Cache Misses                                  | 0         
      | Cache ratio                                   | 0.00      
      | its                                           | 0.0       
=================================================================
2025-07-16 19:54:28.689 | INFO     | utils.repl_cache:print_status:179 - 

=================================================================
Idx   | Header                                        | Pool Size 
-----------------------------------------------------------------
1     | ['import Mathlib\nimport Aesop']              | 22        
-----------------------------------------------------------------
Top 10 global LRU repl:
-----------------------------------------------------------------
Idx   | Header                                        | ID        
-----------------------------------------------------------------
1     | ['import Mathlib\nimport Aesop']              | cea0c60e  
2     | ['import Mathlib\nimport Aesop']              | 8ee6d8b3  
3     | ['import Mathlib\nimport Aesop']              | 40b6bf85  
4     | ['import Mathlib\nimport Aesop']              | e4ca6c6f  
5     | ['import Mathlib\nimport Aesop']              | 81865888  
6     | ['import Mathlib\nimport Aesop']              | 8f5bb2c3  
7     | ['import Mathlib\nimport Aesop']              | 256a22f6  
8     | ['import Mathlib\nimport Aesop']              | 22c23f6d  
9     | ['import Mathlib\nimport Aesop']              | 8e6192f6  
10    | ['import Mathlib\nimport Aesop']              | 393378b8  
...   | ...                                           | ...       
-----------------------------------------------------------------
      | Total                                         | 22        
      | Idle                                          | 22        
      | Create Queue                                  | 0         
      | Close Queue                                   | 0         
      | Cache Hits                                    | 0         
      | Cache Misses                                  | 0         
      | Cache ratio                                   | 0.00      
      | its                                           | 0.0       
=================================================================
2025-07-16 19:54:41.047 | INFO     | utils.repl_cache:print_status:179 - 

=================================================================
Idx   | Header                                        | Pool Size 
-----------------------------------------------------------------
1     | ['import Mathlib\nimport Aesop']              | 22        
-----------------------------------------------------------------
Top 10 global LRU repl:
-----------------------------------------------------------------
Idx   | Header                                        | ID        
-----------------------------------------------------------------
1     | ['import Mathlib\nimport Aesop']              | cea0c60e  
2     | ['import Mathlib\nimport Aesop']              | 8ee6d8b3  
3     | ['import Mathlib\nimport Aesop']              | 40b6bf85  
4     | ['import Mathlib\nimport Aesop']              | e4ca6c6f  
5     | ['import Mathlib\nimport Aesop']              | 81865888  
6     | ['import Mathlib\nimport Aesop']              | 8f5bb2c3  
7     | ['import Mathlib\nimport Aesop']              | 256a22f6  
8     | ['import Mathlib\nimport Aesop']              | 22c23f6d  
9     | ['import Mathlib\nimport Aesop']              | 8e6192f6  
10    | ['import Mathlib\nimport Aesop']              | 393378b8  
...   | ...                                           | ...       
-----------------------------------------------------------------
      | Total                                         | 22        
      | Idle                                          | 22        
      | Create Queue                                  | 0         
      | Close Queue                                   | 0         
      | Cache Hits                                    | 0         
      | Cache Misses                                  | 0         
      | Cache ratio                                   | 0.00      
      | its                                           | 0.0       
=================================================================
2025-07-16 19:54:56.048 | INFO     | utils.repl_cache:print_status:179 - 

=================================================================
Idx   | Header                                        | Pool Size 
-----------------------------------------------------------------
1     | ['import Mathlib\nimport Aesop']              | 22        
-----------------------------------------------------------------
Top 10 global LRU repl:
-----------------------------------------------------------------
Idx   | Header                                        | ID        
-----------------------------------------------------------------
1     | ['import Mathlib\nimport Aesop']              | cea0c60e  
2     | ['import Mathlib\nimport Aesop']              | 8ee6d8b3  
3     | ['import Mathlib\nimport Aesop']              | 40b6bf85  
4     | ['import Mathlib\nimport Aesop']              | e4ca6c6f  
5     | ['import Mathlib\nimport Aesop']              | 81865888  
6     | ['import Mathlib\nimport Aesop']              | 8f5bb2c3  
7     | ['import Mathlib\nimport Aesop']              | 256a22f6  
8     | ['import Mathlib\nimport Aesop']              | 22c23f6d  
9     | ['import Mathlib\nimport Aesop']              | 8e6192f6  
10    | ['import Mathlib\nimport Aesop']              | 393378b8  
...   | ...                                           | ...       
-----------------------------------------------------------------
      | Total                                         | 22        
      | Idle                                          | 22        
      | Create Queue                                  | 0         
      | Close Queue                                   | 0         
      | Cache Hits                                    | 0         
      | Cache Misses                                  | 0         
      | Cache ratio                                   | 0.00      
      | its                                           | 0.0       
=================================================================
2025-07-16 19:55:08.373 | INFO     | utils.repl_cache:print_status:179 - 

=================================================================
Idx   | Header                                        | Pool Size 
-----------------------------------------------------------------
1     | ['import Mathlib\nimport Aesop']              | 22        
-----------------------------------------------------------------
Top 10 global LRU repl:
-----------------------------------------------------------------
Idx   | Header                                        | ID        
-----------------------------------------------------------------
1     | ['import Mathlib\nimport Aesop']              | cea0c60e  
2     | ['import Mathlib\nimport Aesop']              | 8ee6d8b3  
3     | ['import Mathlib\nimport Aesop']              | 40b6bf85  
4     | ['import Mathlib\nimport Aesop']              | e4ca6c6f  
5     | ['import Mathlib\nimport Aesop']              | 81865888  
6     | ['import Mathlib\nimport Aesop']              | 8f5bb2c3  
7     | ['import Mathlib\nimport Aesop']              | 256a22f6  
8     | ['import Mathlib\nimport Aesop']              | 22c23f6d  
9     | ['import Mathlib\nimport Aesop']              | 8e6192f6  
10    | ['import Mathlib\nimport Aesop']              | 393378b8  
...   | ...                                           | ...       
-----------------------------------------------------------------
      | Total                                         | 22        
      | Idle                                          | 22        
      | Create Queue                                  | 0         
      | Close Queue                                   | 0         
      | Cache Hits                                    | 0         
      | Cache Misses                                  | 0         
      | Cache ratio                                   | 0.00      
      | its                                           | 0.0       
=================================================================
2025-07-16 19:55:23.383 | INFO     | utils.repl_cache:print_status:179 - 

=================================================================
Idx   | Header                                        | Pool Size 
-----------------------------------------------------------------
1     | ['import Mathlib\nimport Aesop']              | 22        
-----------------------------------------------------------------
Top 10 global LRU repl:
-----------------------------------------------------------------
Idx   | Header                                        | ID        
-----------------------------------------------------------------
1     | ['import Mathlib\nimport Aesop']              | cea0c60e  
2     | ['import Mathlib\nimport Aesop']              | 8ee6d8b3  
3     | ['import Mathlib\nimport Aesop']              | 40b6bf85  
4     | ['import Mathlib\nimport Aesop']              | e4ca6c6f  
5     | ['import Mathlib\nimport Aesop']              | 81865888  
6     | ['import Mathlib\nimport Aesop']              | 8f5bb2c3  
7     | ['import Mathlib\nimport Aesop']              | 256a22f6  
8     | ['import Mathlib\nimport Aesop']              | 22c23f6d  
9     | ['import Mathlib\nimport Aesop']              | 8e6192f6  
10    | ['import Mathlib\nimport Aesop']              | 393378b8  
...   | ...                                           | ...       
-----------------------------------------------------------------
      | Total                                         | 22        
      | Idle                                          | 22        
      | Create Queue                                  | 0         
      | Close Queue                                   | 0         
      | Cache Hits                                    | 0         
      | Cache Misses                                  | 0         
      | Cache ratio                                   | 0.00      
      | its                                           | 0.0       
=================================================================
2025-07-16 19:55:35.721 | INFO     | utils.repl_cache:print_status:179 - 

=================================================================
Idx   | Header                                        | Pool Size 
-----------------------------------------------------------------
1     | ['import Mathlib\nimport Aesop']              | 22        
-----------------------------------------------------------------
Top 10 global LRU repl:
-----------------------------------------------------------------
Idx   | Header                                        | ID        
-----------------------------------------------------------------
1     | ['import Mathlib\nimport Aesop']              | cea0c60e  
2     | ['import Mathlib\nimport Aesop']              | 8ee6d8b3  
3     | ['import Mathlib\nimport Aesop']              | 40b6bf85  
4     | ['import Mathlib\nimport Aesop']              | e4ca6c6f  
5     | ['import Mathlib\nimport Aesop']              | 81865888  
6     | ['import Mathlib\nimport Aesop']              | 8f5bb2c3  
7     | ['import Mathlib\nimport Aesop']              | 256a22f6  
8     | ['import Mathlib\nimport Aesop']              | 22c23f6d  
9     | ['import Mathlib\nimport Aesop']              | 8e6192f6  
10    | ['import Mathlib\nimport Aesop']              | 393378b8  
...   | ...                                           | ...       
-----------------------------------------------------------------
      | Total                                         | 22        
      | Idle                                          | 22        
      | Create Queue                                  | 0         
      | Close Queue                                   | 0         
      | Cache Hits                                    | 0         
      | Cache Misses                                  | 0         
      | Cache ratio                                   | 0.00      
      | its                                           | 0.0       
=================================================================
2025-07-16 19:55:50.724 | INFO     | utils.repl_cache:print_status:179 - 

=================================================================
Idx   | Header                                        | Pool Size 
-----------------------------------------------------------------
1     | ['import Mathlib\nimport Aesop']              | 22        
-----------------------------------------------------------------
Top 10 global LRU repl:
-----------------------------------------------------------------
Idx   | Header                                        | ID        
-----------------------------------------------------------------
1     | ['import Mathlib\nimport Aesop']              | cea0c60e  
2     | ['import Mathlib\nimport Aesop']              | 8ee6d8b3  
3     | ['import Mathlib\nimport Aesop']              | 40b6bf85  
4     | ['import Mathlib\nimport Aesop']              | e4ca6c6f  
5     | ['import Mathlib\nimport Aesop']              | 81865888  
6     | ['import Mathlib\nimport Aesop']              | 8f5bb2c3  
7     | ['import Mathlib\nimport Aesop']              | 256a22f6  
8     | ['import Mathlib\nimport Aesop']              | 22c23f6d  
9     | ['import Mathlib\nimport Aesop']              | 8e6192f6  
10    | ['import Mathlib\nimport Aesop']              | 393378b8  
...   | ...                                           | ...       
-----------------------------------------------------------------
      | Total                                         | 22        
      | Idle                                          | 22        
      | Create Queue                                  | 0         
      | Close Queue                                   | 0         
      | Cache Hits                                    | 0         
      | Cache Misses                                  | 0         
      | Cache ratio                                   | 0.00      
      | its                                           | 0.0       
=================================================================
2025-07-16 19:56:03.055 | INFO     | utils.repl_cache:print_status:179 - 

=================================================================
Idx   | Header                                        | Pool Size 
-----------------------------------------------------------------
1     | ['import Mathlib\nimport Aesop']              | 22        
-----------------------------------------------------------------
Top 10 global LRU repl:
-----------------------------------------------------------------
Idx   | Header                                        | ID        
-----------------------------------------------------------------
1     | ['import Mathlib\nimport Aesop']              | cea0c60e  
2     | ['import Mathlib\nimport Aesop']              | 8ee6d8b3  
3     | ['import Mathlib\nimport Aesop']              | 40b6bf85  
4     | ['import Mathlib\nimport Aesop']              | e4ca6c6f  
5     | ['import Mathlib\nimport Aesop']              | 81865888  
6     | ['import Mathlib\nimport Aesop']              | 8f5bb2c3  
7     | ['import Mathlib\nimport Aesop']              | 256a22f6  
8     | ['import Mathlib\nimport Aesop']              | 22c23f6d  
9     | ['import Mathlib\nimport Aesop']              | 8e6192f6  
10    | ['import Mathlib\nimport Aesop']              | 393378b8  
...   | ...                                           | ...       
-----------------------------------------------------------------
      | Total                                         | 22        
      | Idle                                          | 22        
      | Create Queue                                  | 0         
      | Close Queue                                   | 0         
      | Cache Hits                                    | 0         
      | Cache Misses                                  | 0         
      | Cache ratio                                   | 0.00      
      | its                                           | 0.0       
=================================================================
2025-07-16 19:56:05.104 | INFO     | uvicorn.protocols.http.h11_impl:send:473 - 127.0.0.1:52756 - "GET / HTTP/1.1" 200
2025-07-16 19:56:18.057 | INFO     | utils.repl_cache:print_status:179 - 

=================================================================
Idx   | Header                                        | Pool Size 
-----------------------------------------------------------------
1     | ['import Mathlib\nimport Aesop']              | 22        
-----------------------------------------------------------------
Top 10 global LRU repl:
-----------------------------------------------------------------
Idx   | Header                                        | ID        
-----------------------------------------------------------------
1     | ['import Mathlib\nimport Aesop']              | cea0c60e  
2     | ['import Mathlib\nimport Aesop']              | 8ee6d8b3  
3     | ['import Mathlib\nimport Aesop']              | 40b6bf85  
4     | ['import Mathlib\nimport Aesop']              | e4ca6c6f  
5     | ['import Mathlib\nimport Aesop']              | 81865888  
6     | ['import Mathlib\nimport Aesop']              | 8f5bb2c3  
7     | ['import Mathlib\nimport Aesop']              | 256a22f6  
8     | ['import Mathlib\nimport Aesop']              | 22c23f6d  
9     | ['import Mathlib\nimport Aesop']              | 8e6192f6  
10    | ['import Mathlib\nimport Aesop']              | 393378b8  
...   | ...                                           | ...       
-----------------------------------------------------------------
      | Total                                         | 22        
      | Idle                                          | 22        
      | Create Queue                                  | 0         
      | Close Queue                                   | 0         
      | Cache Hits                                    | 0         
      | Cache Misses                                  | 0         
      | Cache ratio                                   | 0.00      
      | its                                           | 0.0       
=================================================================
2025-07-16 19:56:21.342 | INFO     | uvicorn.protocols.http.h11_impl:send:473 - 127.0.0.1:43802 - "GET / HTTP/1.1" 200
2025-07-16 19:56:23.201 | DEBUG    | server.server:process_one_code_with_repl_fast:213 - [lean_workbook_plus_64000] Processing code: {"custom_id": "lean_workbook_plus_64000", "proof_header": "import Mathlib\nimport Aesop", "proof_body": "set_option maxHeartbeats 0\n\nopen BigOperators Real Nat Topology Rat\n\n/- With $x = 2$ we want to find all $y$ for which one has $2^y - 2 = y^2 - y$ or equivalently $2^y = y^2 + (2-y).$ -/\ntheorem lean_workbook_plus_64000 (x y : \u211d) (hx : x = 2) : x^y - x = y^2 - y \u2194 2^y - 2 = y^2 - y   := by\n  /-\n  We need to show that for \\( x = 2 \\), the equation \\( 2^y - 2 = y^2 - y \\) holds if and only if \\( x^y - x = y^2 - y \\). Given \\( x = 2 \\), substituting \\( x \\) with 2 in the equation \\( x^y - x = y^2 - y \\) directly yields \\( 2^y - 2 = y^2 - y \\). This equivalence is straightforward due to the substitution of \\( x \\) with 2.\n  -/\n  -- We construct the equivalence by showing that each side implies the other.\n  constructor\n  -- First, assume the left-hand side is true and show it implies the right-hand side.\n  intro h\n  -- Substitute x with 2 in the equation.\n  rw [hx] at h\n  -- The equation simplifies directly to the desired form.\n  exact h\n  -- Now, assume the right-hand side is true and show it implies the left-hand side.\n  intro h\n  -- Substitute x with 2 in the equation.\n  rw [hx]\n  -- The equation simplifies directly to the desired form.\n  exact h", "timeout": 30}
2025-07-16 19:56:23.238 | INFO     | uvicorn.protocols.http.h11_impl:send:473 - 127.0.0.1:43812 - "POST /verify HTTP/1.1" 200
2025-07-16 19:56:30.403 | INFO     | utils.repl_cache:print_status:179 - 

=================================================================
Idx   | Header                                        | Pool Size 
-----------------------------------------------------------------
1     | ['import Mathlib\nimport Aesop']              | 22        
-----------------------------------------------------------------
Top 10 global LRU repl:
-----------------------------------------------------------------
Idx   | Header                                        | ID        
-----------------------------------------------------------------
1     | ['import Mathlib\nimport Aesop']              | cea0c60e  
2     | ['import Mathlib\nimport Aesop']              | 8ee6d8b3  
3     | ['import Mathlib\nimport Aesop']              | 40b6bf85  
4     | ['import Mathlib\nimport Aesop']              | e4ca6c6f  
5     | ['import Mathlib\nimport Aesop']              | 81865888  
6     | ['import Mathlib\nimport Aesop']              | 8f5bb2c3  
7     | ['import Mathlib\nimport Aesop']              | 256a22f6  
8     | ['import Mathlib\nimport Aesop']              | 22c23f6d  
9     | ['import Mathlib\nimport Aesop']              | 8e6192f6  
10    | ['import Mathlib\nimport Aesop']              | 393378b8  
...   | ...                                           | ...       
-----------------------------------------------------------------
      | Total                                         | 22        
      | Idle                                          | 22        
      | Create Queue                                  | 0         
      | Close Queue                                   | 0         
      | Cache Hits                                    | 1         
      | Cache Misses                                  | 0         
      | Cache ratio                                   | 0.50      
      | its                                           | 0.06666666666666667
=================================================================
2025-07-16 19:56:45.404 | INFO     | utils.repl_cache:print_status:179 - 

=================================================================
Idx   | Header                                        | Pool Size 
-----------------------------------------------------------------
1     | ['import Mathlib\nimport Aesop']              | 22        
-----------------------------------------------------------------
Top 10 global LRU repl:
-----------------------------------------------------------------
Idx   | Header                                        | ID        
-----------------------------------------------------------------
1     | ['import Mathlib\nimport Aesop']              | cea0c60e  
2     | ['import Mathlib\nimport Aesop']              | 8ee6d8b3  
3     | ['import Mathlib\nimport Aesop']              | 40b6bf85  
4     | ['import Mathlib\nimport Aesop']              | e4ca6c6f  
5     | ['import Mathlib\nimport Aesop']              | 81865888  
6     | ['import Mathlib\nimport Aesop']              | 8f5bb2c3  
7     | ['import Mathlib\nimport Aesop']              | 256a22f6  
8     | ['import Mathlib\nimport Aesop']              | 22c23f6d  
9     | ['import Mathlib\nimport Aesop']              | 8e6192f6  
10    | ['import Mathlib\nimport Aesop']              | 393378b8  
...   | ...                                           | ...       
-----------------------------------------------------------------
      | Total                                         | 22        
      | Idle                                          | 22        
      | Create Queue                                  | 0         
      | Close Queue                                   | 0         
      | Cache Hits                                    | 0         
      | Cache Misses                                  | 0         
      | Cache ratio                                   | 0.00      
      | its                                           | 0.0       
=================================================================
2025-07-16 19:56:48.643 | INFO     | uvicorn.protocols.http.h11_impl:send:473 - 127.0.0.1:33408 - "GET / HTTP/1.1" 200
2025-07-16 19:56:50.327 | DEBUG    | server.server:process_one_code_with_repl_fast:213 - [lean_workbook_plus_64000] Processing code: {"custom_id": "lean_workbook_plus_64000", "proof_header": "import Mathlib\nimport Aesop", "proof_body": "set_option maxHeartbeats 0\n\nopen BigOperators Real Nat Topology Rat\ntheorem lean_workbook_plus_64000 (x y : \u211d) (hx : x = 2) : x^y - x = y^2 - y \u2194 2^y - 2 = y^2 - y   :=  by\nconstructor\n  intro h\n  rw [hx] at h\n  exact h\n  intro h\n  rw [hx]\n  exact h", "timeout": 30}
2025-07-16 19:56:50.358 | INFO     | uvicorn.protocols.http.h11_impl:send:473 - 127.0.0.1:33420 - "POST /verify HTTP/1.1" 200
2025-07-16 19:56:57.739 | INFO     | utils.repl_cache:print_status:179 - 

=================================================================
Idx   | Header                                        | Pool Size 
-----------------------------------------------------------------
1     | ['import Mathlib\nimport Aesop']              | 22        
-----------------------------------------------------------------
Top 10 global LRU repl:
-----------------------------------------------------------------
Idx   | Header                                        | ID        
-----------------------------------------------------------------
1     | ['import Mathlib\nimport Aesop']              | cea0c60e  
2     | ['import Mathlib\nimport Aesop']              | 8ee6d8b3  
3     | ['import Mathlib\nimport Aesop']              | 40b6bf85  
4     | ['import Mathlib\nimport Aesop']              | e4ca6c6f  
5     | ['import Mathlib\nimport Aesop']              | 81865888  
6     | ['import Mathlib\nimport Aesop']              | 8f5bb2c3  
7     | ['import Mathlib\nimport Aesop']              | 256a22f6  
8     | ['import Mathlib\nimport Aesop']              | 22c23f6d  
9     | ['import Mathlib\nimport Aesop']              | 8e6192f6  
10    | ['import Mathlib\nimport Aesop']              | 393378b8  
...   | ...                                           | ...       
-----------------------------------------------------------------
      | Total                                         | 22        
      | Idle                                          | 22        
      | Create Queue                                  | 0         
      | Close Queue                                   | 0         
      | Cache Hits                                    | 1         
      | Cache Misses                                  | 0         
      | Cache ratio                                   | 0.50      
      | its                                           | 0.06666666666666667
=================================================================
2025-07-16 19:57:12.741 | INFO     | utils.repl_cache:print_status:179 - 

=================================================================
Idx   | Header                                        | Pool Size 
-----------------------------------------------------------------
1     | ['import Mathlib\nimport Aesop']              | 22        
-----------------------------------------------------------------
Top 10 global LRU repl:
-----------------------------------------------------------------
Idx   | Header                                        | ID        
-----------------------------------------------------------------
1     | ['import Mathlib\nimport Aesop']              | cea0c60e  
2     | ['import Mathlib\nimport Aesop']              | 8ee6d8b3  
3     | ['import Mathlib\nimport Aesop']              | 40b6bf85  
4     | ['import Mathlib\nimport Aesop']              | e4ca6c6f  
5     | ['import Mathlib\nimport Aesop']              | 81865888  
6     | ['import Mathlib\nimport Aesop']              | 8f5bb2c3  
7     | ['import Mathlib\nimport Aesop']              | 256a22f6  
8     | ['import Mathlib\nimport Aesop']              | 22c23f6d  
9     | ['import Mathlib\nimport Aesop']              | 8e6192f6  
10    | ['import Mathlib\nimport Aesop']              | 393378b8  
...   | ...                                           | ...       
-----------------------------------------------------------------
      | Total                                         | 22        
      | Idle                                          | 22        
      | Create Queue                                  | 0         
      | Close Queue                                   | 0         
      | Cache Hits                                    | 0         
      | Cache Misses                                  | 0         
      | Cache ratio                                   | 0.00      
      | its                                           | 0.0       
=================================================================
2025-07-16 19:57:25.047 | INFO     | utils.repl_cache:print_status:179 - 

=================================================================
Idx   | Header                                        | Pool Size 
-----------------------------------------------------------------
1     | ['import Mathlib\nimport Aesop']              | 22        
-----------------------------------------------------------------
Top 10 global LRU repl:
-----------------------------------------------------------------
Idx   | Header                                        | ID        
-----------------------------------------------------------------
1     | ['import Mathlib\nimport Aesop']              | cea0c60e  
2     | ['import Mathlib\nimport Aesop']              | 8ee6d8b3  
3     | ['import Mathlib\nimport Aesop']              | 40b6bf85  
4     | ['import Mathlib\nimport Aesop']              | e4ca6c6f  
5     | ['import Mathlib\nimport Aesop']              | 81865888  
6     | ['import Mathlib\nimport Aesop']              | 8f5bb2c3  
7     | ['import Mathlib\nimport Aesop']              | 256a22f6  
8     | ['import Mathlib\nimport Aesop']              | 22c23f6d  
9     | ['import Mathlib\nimport Aesop']              | 8e6192f6  
10    | ['import Mathlib\nimport Aesop']              | 393378b8  
...   | ...                                           | ...       
-----------------------------------------------------------------
      | Total                                         | 22        
      | Idle                                          | 22        
      | Create Queue                                  | 0         
      | Close Queue                                   | 0         
      | Cache Hits                                    | 0         
      | Cache Misses                                  | 0         
      | Cache ratio                                   | 0.00      
      | its                                           | 0.0       
=================================================================
2025-07-16 19:57:40.050 | INFO     | utils.repl_cache:print_status:179 - 

=================================================================
Idx   | Header                                        | Pool Size 
-----------------------------------------------------------------
1     | ['import Mathlib\nimport Aesop']              | 22        
-----------------------------------------------------------------
Top 10 global LRU repl:
-----------------------------------------------------------------
Idx   | Header                                        | ID        
-----------------------------------------------------------------
1     | ['import Mathlib\nimport Aesop']              | cea0c60e  
2     | ['import Mathlib\nimport Aesop']              | 8ee6d8b3  
3     | ['import Mathlib\nimport Aesop']              | 40b6bf85  
4     | ['import Mathlib\nimport Aesop']              | e4ca6c6f  
5     | ['import Mathlib\nimport Aesop']              | 81865888  
6     | ['import Mathlib\nimport Aesop']              | 8f5bb2c3  
7     | ['import Mathlib\nimport Aesop']              | 256a22f6  
8     | ['import Mathlib\nimport Aesop']              | 22c23f6d  
9     | ['import Mathlib\nimport Aesop']              | 8e6192f6  
10    | ['import Mathlib\nimport Aesop']              | 393378b8  
...   | ...                                           | ...       
-----------------------------------------------------------------
      | Total                                         | 22        
      | Idle                                          | 22        
      | Create Queue                                  | 0         
      | Close Queue                                   | 0         
      | Cache Hits                                    | 0         
      | Cache Misses                                  | 0         
      | Cache ratio                                   | 0.00      
      | its                                           | 0.0       
=================================================================
2025-07-16 20:06:51.695 | INFO     | uvicorn.server:shutdown:264 - Shutting down
2025-07-16 20:06:51.697 | INFO     | uvicorn.protocols.http.h11_impl:send:473 - 127.0.0.1:46040 - "GET / HTTP/1.1" 200
2025-07-16 20:06:51.801 | INFO     | uvicorn.server:_serve:94 - Finished server process [3720]
