2025-07-16 04:56:13.087 | INFO     | uvicorn.server:_serve:84 - Started server process [2203]
2025-07-16 04:56:13.088 | INFO     | uvicorn.lifespan.on:startup:48 - Waiting for application startup.
2025-07-16 04:56:13.441 | INFO     | uvicorn.lifespan.on:startup:62 - Application startup complete.
2025-07-16 04:56:13.567 | INFO     | uvicorn.server:_log_started_message:216 - Uvicorn running on http://0.0.0.0:12332 (Press CTRL+C to quit)
2025-07-16 04:56:14.458 | INFO     | server.server:_repl_creater:41 - Created 22 ['import Mathlib\nimport Aesop'] repls with response [{'env': 0, 'time': 0.7287731170654297}, {'env': 0
2025-07-16 04:56:15.250 | INFO     | uvicorn.protocols.http.h11_impl:send:473 - 127.0.0.1:45732 - "GET / HTTP/1.1" 200
2025-07-16 04:56:15.262 | DEBUG    | server.server:process_one_code_with_repl_fast:213 - [1234] Processing code: {"custom_id": "1234", "proof_header": "", "proof_body": "#check Nat", "timeout": 30}
2025-07-16 04:56:15.938 | INFO     | uvicorn.protocols.http.h11_impl:send:473 - 127.0.0.1:45746 - "POST /verify HTTP/1.1" 200
2025-07-16 04:56:28.444 | INFO     | utils.repl_cache:print_status:179 - 

=================================================================
Idx   | Header                                        | Pool Size 
-----------------------------------------------------------------
1     | ['import Mathlib\nimport Aesop']              | 22        
-----------------------------------------------------------------
Top 10 global LRU repl:
-----------------------------------------------------------------
Idx   | Header                                        | ID        
-----------------------------------------------------------------
1     | ['import Mathlib\nimport Aesop']              | 07d92887  
2     | ['import Mathlib\nimport Aesop']              | 81f06853  
3     | ['import Mathlib\nimport Aesop']              | 508f6d81  
4     | ['import Mathlib\nimport Aesop']              | cb1a2656  
5     | ['import Mathlib\nimport Aesop']              | 68a8d169  
6     | ['import Mathlib\nimport Aesop']              | c9651403  
7     | ['import Mathlib\nimport Aesop']              | 11a4a5e3  
8     | ['import Mathlib\nimport Aesop']              | 7e26bcb9  
9     | ['import Mathlib\nimport Aesop']              | 6992f0da  
10    | ['import Mathlib\nimport Aesop']              | dcacfdf7  
...   | ...                                           | ...       
-----------------------------------------------------------------
      | Total                                         | 22        
      | Idle                                          | 22        
      | Create Queue                                  | 0         
      | Close Queue                                   | 0         
      | Cache Hits                                    | 0         
      | Cache Misses                                  | 0         
      | Cache ratio                                   | 0.00      
      | its                                           | 0.0       
=================================================================
2025-07-16 04:56:41.767 | INFO     | utils.repl_cache:print_status:179 - 

=================================================================
Idx   | Header                                        | Pool Size 
-----------------------------------------------------------------
1     | ['import Mathlib\nimport Aesop']              | 22        
-----------------------------------------------------------------
Top 10 global LRU repl:
-----------------------------------------------------------------
Idx   | Header                                        | ID        
-----------------------------------------------------------------
1     | ['import Mathlib\nimport Aesop']              | 07d92887  
2     | ['import Mathlib\nimport Aesop']              | 81f06853  
3     | ['import Mathlib\nimport Aesop']              | 508f6d81  
4     | ['import Mathlib\nimport Aesop']              | cb1a2656  
5     | ['import Mathlib\nimport Aesop']              | 68a8d169  
6     | ['import Mathlib\nimport Aesop']              | c9651403  
7     | ['import Mathlib\nimport Aesop']              | 11a4a5e3  
8     | ['import Mathlib\nimport Aesop']              | 7e26bcb9  
9     | ['import Mathlib\nimport Aesop']              | 6992f0da  
10    | ['import Mathlib\nimport Aesop']              | dcacfdf7  
...   | ...                                           | ...       
-----------------------------------------------------------------
      | Total                                         | 22        
      | Idle                                          | 22        
      | Create Queue                                  | 0         
      | Close Queue                                   | 0         
      | Cache Hits                                    | 0         
      | Cache Misses                                  | 0         
      | Cache ratio                                   | 0.00      
      | its                                           | 0.0       
=================================================================
2025-07-16 04:56:56.771 | INFO     | utils.repl_cache:print_status:179 - 

=================================================================
Idx   | Header                                        | Pool Size 
-----------------------------------------------------------------
1     | ['import Mathlib\nimport Aesop']              | 22        
-----------------------------------------------------------------
Top 10 global LRU repl:
-----------------------------------------------------------------
Idx   | Header                                        | ID        
-----------------------------------------------------------------
1     | ['import Mathlib\nimport Aesop']              | 07d92887  
2     | ['import Mathlib\nimport Aesop']              | 81f06853  
3     | ['import Mathlib\nimport Aesop']              | 508f6d81  
4     | ['import Mathlib\nimport Aesop']              | cb1a2656  
5     | ['import Mathlib\nimport Aesop']              | 68a8d169  
6     | ['import Mathlib\nimport Aesop']              | c9651403  
7     | ['import Mathlib\nimport Aesop']              | 11a4a5e3  
8     | ['import Mathlib\nimport Aesop']              | 7e26bcb9  
9     | ['import Mathlib\nimport Aesop']              | 6992f0da  
10    | ['import Mathlib\nimport Aesop']              | dcacfdf7  
...   | ...                                           | ...       
-----------------------------------------------------------------
      | Total                                         | 22        
      | Idle                                          | 22        
      | Create Queue                                  | 0         
      | Close Queue                                   | 0         
      | Cache Hits                                    | 0         
      | Cache Misses                                  | 0         
      | Cache ratio                                   | 0.00      
      | its                                           | 0.0       
=================================================================
2025-07-16 04:57:10.066 | INFO     | utils.repl_cache:print_status:179 - 

=================================================================
Idx   | Header                                        | Pool Size 
-----------------------------------------------------------------
1     | ['import Mathlib\nimport Aesop']              | 22        
-----------------------------------------------------------------
Top 10 global LRU repl:
-----------------------------------------------------------------
Idx   | Header                                        | ID        
-----------------------------------------------------------------
1     | ['import Mathlib\nimport Aesop']              | 07d92887  
2     | ['import Mathlib\nimport Aesop']              | 81f06853  
3     | ['import Mathlib\nimport Aesop']              | 508f6d81  
4     | ['import Mathlib\nimport Aesop']              | cb1a2656  
5     | ['import Mathlib\nimport Aesop']              | 68a8d169  
6     | ['import Mathlib\nimport Aesop']              | c9651403  
7     | ['import Mathlib\nimport Aesop']              | 11a4a5e3  
8     | ['import Mathlib\nimport Aesop']              | 7e26bcb9  
9     | ['import Mathlib\nimport Aesop']              | 6992f0da  
10    | ['import Mathlib\nimport Aesop']              | dcacfdf7  
...   | ...                                           | ...       
-----------------------------------------------------------------
      | Total                                         | 22        
      | Idle                                          | 22        
      | Create Queue                                  | 0         
      | Close Queue                                   | 0         
      | Cache Hits                                    | 0         
      | Cache Misses                                  | 0         
      | Cache ratio                                   | 0.00      
      | its                                           | 0.0       
=================================================================
2025-07-16 04:57:25.068 | INFO     | utils.repl_cache:print_status:179 - 

=================================================================
Idx   | Header                                        | Pool Size 
-----------------------------------------------------------------
1     | ['import Mathlib\nimport Aesop']              | 22        
-----------------------------------------------------------------
Top 10 global LRU repl:
-----------------------------------------------------------------
Idx   | Header                                        | ID        
-----------------------------------------------------------------
1     | ['import Mathlib\nimport Aesop']              | 07d92887  
2     | ['import Mathlib\nimport Aesop']              | 81f06853  
3     | ['import Mathlib\nimport Aesop']              | 508f6d81  
4     | ['import Mathlib\nimport Aesop']              | cb1a2656  
5     | ['import Mathlib\nimport Aesop']              | 68a8d169  
6     | ['import Mathlib\nimport Aesop']              | c9651403  
7     | ['import Mathlib\nimport Aesop']              | 11a4a5e3  
8     | ['import Mathlib\nimport Aesop']              | 7e26bcb9  
9     | ['import Mathlib\nimport Aesop']              | 6992f0da  
10    | ['import Mathlib\nimport Aesop']              | dcacfdf7  
...   | ...                                           | ...       
-----------------------------------------------------------------
      | Total                                         | 22        
      | Idle                                          | 22        
      | Create Queue                                  | 0         
      | Close Queue                                   | 0         
      | Cache Hits                                    | 0         
      | Cache Misses                                  | 0         
      | Cache ratio                                   | 0.00      
      | its                                           | 0.0       
=================================================================
2025-07-16 04:57:38.394 | INFO     | utils.repl_cache:print_status:179 - 

=================================================================
Idx   | Header                                        | Pool Size 
-----------------------------------------------------------------
1     | ['import Mathlib\nimport Aesop']              | 22        
-----------------------------------------------------------------
Top 10 global LRU repl:
-----------------------------------------------------------------
Idx   | Header                                        | ID        
-----------------------------------------------------------------
1     | ['import Mathlib\nimport Aesop']              | 07d92887  
2     | ['import Mathlib\nimport Aesop']              | 81f06853  
3     | ['import Mathlib\nimport Aesop']              | 508f6d81  
4     | ['import Mathlib\nimport Aesop']              | cb1a2656  
5     | ['import Mathlib\nimport Aesop']              | 68a8d169  
6     | ['import Mathlib\nimport Aesop']              | c9651403  
7     | ['import Mathlib\nimport Aesop']              | 11a4a5e3  
8     | ['import Mathlib\nimport Aesop']              | 7e26bcb9  
9     | ['import Mathlib\nimport Aesop']              | 6992f0da  
10    | ['import Mathlib\nimport Aesop']              | dcacfdf7  
...   | ...                                           | ...       
-----------------------------------------------------------------
      | Total                                         | 22        
      | Idle                                          | 22        
      | Create Queue                                  | 0         
      | Close Queue                                   | 0         
      | Cache Hits                                    | 0         
      | Cache Misses                                  | 0         
      | Cache ratio                                   | 0.00      
      | its                                           | 0.0       
=================================================================
2025-07-16 04:57:53.398 | INFO     | utils.repl_cache:print_status:179 - 

=================================================================
Idx   | Header                                        | Pool Size 
-----------------------------------------------------------------
1     | ['import Mathlib\nimport Aesop']              | 22        
-----------------------------------------------------------------
Top 10 global LRU repl:
-----------------------------------------------------------------
Idx   | Header                                        | ID        
-----------------------------------------------------------------
1     | ['import Mathlib\nimport Aesop']              | 07d92887  
2     | ['import Mathlib\nimport Aesop']              | 81f06853  
3     | ['import Mathlib\nimport Aesop']              | 508f6d81  
4     | ['import Mathlib\nimport Aesop']              | cb1a2656  
5     | ['import Mathlib\nimport Aesop']              | 68a8d169  
6     | ['import Mathlib\nimport Aesop']              | c9651403  
7     | ['import Mathlib\nimport Aesop']              | 11a4a5e3  
8     | ['import Mathlib\nimport Aesop']              | 7e26bcb9  
9     | ['import Mathlib\nimport Aesop']              | 6992f0da  
10    | ['import Mathlib\nimport Aesop']              | dcacfdf7  
...   | ...                                           | ...       
-----------------------------------------------------------------
      | Total                                         | 22        
      | Idle                                          | 22        
      | Create Queue                                  | 0         
      | Close Queue                                   | 0         
      | Cache Hits                                    | 0         
      | Cache Misses                                  | 0         
      | Cache ratio                                   | 0.00      
      | its                                           | 0.0       
=================================================================
2025-07-16 04:58:06.707 | INFO     | utils.repl_cache:print_status:179 - 

=================================================================
Idx   | Header                                        | Pool Size 
-----------------------------------------------------------------
1     | ['import Mathlib\nimport Aesop']              | 22        
-----------------------------------------------------------------
Top 10 global LRU repl:
-----------------------------------------------------------------
Idx   | Header                                        | ID        
-----------------------------------------------------------------
1     | ['import Mathlib\nimport Aesop']              | 07d92887  
2     | ['import Mathlib\nimport Aesop']              | 81f06853  
3     | ['import Mathlib\nimport Aesop']              | 508f6d81  
4     | ['import Mathlib\nimport Aesop']              | cb1a2656  
5     | ['import Mathlib\nimport Aesop']              | 68a8d169  
6     | ['import Mathlib\nimport Aesop']              | c9651403  
7     | ['import Mathlib\nimport Aesop']              | 11a4a5e3  
8     | ['import Mathlib\nimport Aesop']              | 7e26bcb9  
9     | ['import Mathlib\nimport Aesop']              | 6992f0da  
10    | ['import Mathlib\nimport Aesop']              | dcacfdf7  
...   | ...                                           | ...       
-----------------------------------------------------------------
      | Total                                         | 22        
      | Idle                                          | 22        
      | Create Queue                                  | 0         
      | Close Queue                                   | 0         
      | Cache Hits                                    | 0         
      | Cache Misses                                  | 0         
      | Cache ratio                                   | 0.00      
      | its                                           | 0.0       
=================================================================
2025-07-16 04:58:21.709 | INFO     | utils.repl_cache:print_status:179 - 

=================================================================
Idx   | Header                                        | Pool Size 
-----------------------------------------------------------------
1     | ['import Mathlib\nimport Aesop']              | 22        
-----------------------------------------------------------------
Top 10 global LRU repl:
-----------------------------------------------------------------
Idx   | Header                                        | ID        
-----------------------------------------------------------------
1     | ['import Mathlib\nimport Aesop']              | 07d92887  
2     | ['import Mathlib\nimport Aesop']              | 81f06853  
3     | ['import Mathlib\nimport Aesop']              | 508f6d81  
4     | ['import Mathlib\nimport Aesop']              | cb1a2656  
5     | ['import Mathlib\nimport Aesop']              | 68a8d169  
6     | ['import Mathlib\nimport Aesop']              | c9651403  
7     | ['import Mathlib\nimport Aesop']              | 11a4a5e3  
8     | ['import Mathlib\nimport Aesop']              | 7e26bcb9  
9     | ['import Mathlib\nimport Aesop']              | 6992f0da  
10    | ['import Mathlib\nimport Aesop']              | dcacfdf7  
...   | ...                                           | ...       
-----------------------------------------------------------------
      | Total                                         | 22        
      | Idle                                          | 22        
      | Create Queue                                  | 0         
      | Close Queue                                   | 0         
      | Cache Hits                                    | 0         
      | Cache Misses                                  | 0         
      | Cache ratio                                   | 0.00      
      | its                                           | 0.0       
=================================================================
2025-07-16 04:58:35.033 | INFO     | utils.repl_cache:print_status:179 - 

=================================================================
Idx   | Header                                        | Pool Size 
-----------------------------------------------------------------
1     | ['import Mathlib\nimport Aesop']              | 22        
-----------------------------------------------------------------
Top 10 global LRU repl:
-----------------------------------------------------------------
Idx   | Header                                        | ID        
-----------------------------------------------------------------
1     | ['import Mathlib\nimport Aesop']              | 07d92887  
2     | ['import Mathlib\nimport Aesop']              | 81f06853  
3     | ['import Mathlib\nimport Aesop']              | 508f6d81  
4     | ['import Mathlib\nimport Aesop']              | cb1a2656  
5     | ['import Mathlib\nimport Aesop']              | 68a8d169  
6     | ['import Mathlib\nimport Aesop']              | c9651403  
7     | ['import Mathlib\nimport Aesop']              | 11a4a5e3  
8     | ['import Mathlib\nimport Aesop']              | 7e26bcb9  
9     | ['import Mathlib\nimport Aesop']              | 6992f0da  
10    | ['import Mathlib\nimport Aesop']              | dcacfdf7  
...   | ...                                           | ...       
-----------------------------------------------------------------
      | Total                                         | 22        
      | Idle                                          | 22        
      | Create Queue                                  | 0         
      | Close Queue                                   | 0         
      | Cache Hits                                    | 0         
      | Cache Misses                                  | 0         
      | Cache ratio                                   | 0.00      
      | its                                           | 0.0       
=================================================================
2025-07-16 04:58:43.996 | INFO     | uvicorn.server:shutdown:264 - Shutting down
2025-07-16 04:58:44.098 | INFO     | uvicorn.lifespan.on:shutdown:67 - Waiting for application shutdown.
2025-07-16 04:58:44.104 | INFO     | uvicorn.lifespan.on:shutdown:76 - Application shutdown complete.
2025-07-16 04:58:44.105 | INFO     | uvicorn.server:_serve:94 - Finished server process [2203]
