2025-07-17 17:49:19.380 | INFO     | uvicorn.server:_serve:84 - Started server process [5606]
2025-07-17 17:49:19.380 | INFO     | uvicorn.lifespan.on:startup:48 - Waiting for application startup.
2025-07-17 17:49:19.672 | INFO     | uvicorn.lifespan.on:startup:62 - Application startup complete.
2025-07-17 17:49:19.729 | INFO     | uvicorn.server:_log_started_message:216 - Uvicorn running on http://0.0.0.0:12332 (Press CTRL+C to quit)
2025-07-17 17:49:19.967 | INFO     | uvicorn.protocols.http.h11_impl:send:473 - 127.0.0.1:45654 - "GET / HTTP/1.1" 200
2025-07-17 17:49:19.991 | DEBUG    | server.server:process_one_code_with_repl_fast:213 - [1234] Processing code: {"custom_id": "1234", "proof_header": "", "proof_body": "#check Nat", "timeout": 30}
2025-07-17 17:49:20.938 | INFO     | uvicorn.protocols.http.h11_impl:send:473 - 127.0.0.1:45670 - "POST /verify HTTP/1.1" 200
2025-07-17 17:49:27.686 | INFO     | server.server:_repl_creater:41 - Created 22 ['import Mathlib\nimport Aesop'] repls with response [{'env': 0, 'time': 7.696570873260498}, {'env': 0,
2025-07-17 17:49:34.672 | INFO     | utils.repl_cache:print_status:179 - 

=================================================================
Idx   | Header                                        | Pool Size 
-----------------------------------------------------------------
1     | ['import Mathlib\nimport Aesop']              | 22        
-----------------------------------------------------------------
Top 10 global LRU repl:
-----------------------------------------------------------------
Idx   | Header                                        | ID        
-----------------------------------------------------------------
1     | ['import Mathlib\nimport Aesop']              | 71755290  
2     | ['import Mathlib\nimport Aesop']              | 7bc3b28d  
3     | ['import Mathlib\nimport Aesop']              | 9cd0dae5  
4     | ['import Mathlib\nimport Aesop']              | 15376ce9  
5     | ['import Mathlib\nimport Aesop']              | f439bba0  
6     | ['import Mathlib\nimport Aesop']              | 34021ab5  
7     | ['import Mathlib\nimport Aesop']              | 8ce99039  
8     | ['import Mathlib\nimport Aesop']              | 41fc0cac  
9     | ['import Mathlib\nimport Aesop']              | 8f1b1ae3  
10    | ['import Mathlib\nimport Aesop']              | 0255b1d7  
...   | ...                                           | ...       
-----------------------------------------------------------------
      | Total                                         | 22        
      | Idle                                          | 22        
      | Create Queue                                  | 0         
      | Close Queue                                   | 0         
      | Cache Hits                                    | 0         
      | Cache Misses                                  | 0         
      | Cache ratio                                   | 0.00      
      | its                                           | 0.0       
=================================================================
2025-07-17 17:49:35.424 | INFO     | uvicorn.server:shutdown:264 - Shutting down
2025-07-17 17:49:35.525 | INFO     | uvicorn.lifespan.on:shutdown:67 - Waiting for application shutdown.
2025-07-17 17:49:35.528 | INFO     | uvicorn.lifespan.on:shutdown:76 - Application shutdown complete.
2025-07-17 17:49:35.528 | INFO     | uvicorn.server:_serve:94 - Finished server process [5606]
