2025-07-17 21:17:24.507 | INFO     | uvicorn.server:_serve:84 - Started server process [39]
2025-07-17 21:17:24.507 | INFO     | uvicorn.lifespan.on:startup:48 - Waiting for application startup.
2025-07-17 21:17:24.897 | INFO     | uvicorn.lifespan.on:startup:62 - Application startup complete.
2025-07-17 21:17:25.015 | INFO     | uvicorn.server:_log_started_message:216 - Uvicorn running on http://0.0.0.0:12332 (Press CTRL+C to quit)
2025-07-17 21:17:26.818 | INFO     | uvicorn.protocols.http.h11_impl:send:473 - 127.0.0.1:48734 - "GET / HTTP/1.1" 200
2025-07-17 21:17:26.847 | DEBUG    | server.server:process_one_code_with_repl_fast:213 - [1234] Processing code: {"custom_id": "1234", "proof_header": "", "proof_body": "#check Nat", "timeout": 30}
2025-07-17 21:17:28.271 | INFO     | uvicorn.protocols.http.h11_impl:send:473 - 127.0.0.1:48740 - "POST /verify HTTP/1.1" 200
2025-07-17 21:17:40.146 | INFO     | server.server:_repl_creater:41 - Created 22 ['import Mathlib\nimport Aesop'] repls with response [{'env': 0, 'time': 14.694188594818115}, {'env': 0
2025-07-17 21:17:41.629 | INFO     | utils.repl_cache:print_status:179 - 

=================================================================
Idx   | Header                                        | Pool Size 
-----------------------------------------------------------------
1     | ['import Mathlib\nimport Aesop']              | 22        
-----------------------------------------------------------------
Top 10 global LRU repl:
-----------------------------------------------------------------
Idx   | Header                                        | ID        
-----------------------------------------------------------------
1     | ['import Mathlib\nimport Aesop']              | c2963285  
2     | ['import Mathlib\nimport Aesop']              | 062e2dc3  
3     | ['import Mathlib\nimport Aesop']              | ff37eb01  
4     | ['import Mathlib\nimport Aesop']              | 42b79eac  
5     | ['import Mathlib\nimport Aesop']              | 8b3d98b3  
6     | ['import Mathlib\nimport Aesop']              | b8c9e934  
7     | ['import Mathlib\nimport Aesop']              | 3b00783e  
8     | ['import Mathlib\nimport Aesop']              | 4515bf25  
9     | ['import Mathlib\nimport Aesop']              | 526760aa  
10    | ['import Mathlib\nimport Aesop']              | b2d97346  
...   | ...                                           | ...       
-----------------------------------------------------------------
      | Total                                         | 22        
      | Idle                                          | 22        
      | Create Queue                                  | 0         
      | Close Queue                                   | 0         
      | Cache Hits                                    | 0         
      | Cache Misses                                  | 0         
      | Cache ratio                                   | 0.00      
      | its                                           | 0.0       
=================================================================
2025-07-17 21:17:56.630 | INFO     | utils.repl_cache:print_status:179 - 

=================================================================
Idx   | Header                                        | Pool Size 
-----------------------------------------------------------------
1     | ['import Mathlib\nimport Aesop']              | 22        
-----------------------------------------------------------------
Top 10 global LRU repl:
-----------------------------------------------------------------
Idx   | Header                                        | ID        
-----------------------------------------------------------------
1     | ['import Mathlib\nimport Aesop']              | c2963285  
2     | ['import Mathlib\nimport Aesop']              | 062e2dc3  
3     | ['import Mathlib\nimport Aesop']              | ff37eb01  
4     | ['import Mathlib\nimport Aesop']              | 42b79eac  
5     | ['import Mathlib\nimport Aesop']              | 8b3d98b3  
6     | ['import Mathlib\nimport Aesop']              | b8c9e934  
7     | ['import Mathlib\nimport Aesop']              | 3b00783e  
8     | ['import Mathlib\nimport Aesop']              | 4515bf25  
9     | ['import Mathlib\nimport Aesop']              | 526760aa  
10    | ['import Mathlib\nimport Aesop']              | b2d97346  
...   | ...                                           | ...       
-----------------------------------------------------------------
      | Total                                         | 22        
      | Idle                                          | 22        
      | Create Queue                                  | 0         
      | Close Queue                                   | 0         
      | Cache Hits                                    | 0         
      | Cache Misses                                  | 0         
      | Cache ratio                                   | 0.00      
      | its                                           | 0.0       
=================================================================
2025-07-17 21:18:13.415 | INFO     | utils.repl_cache:print_status:179 - 

=================================================================
Idx   | Header                                        | Pool Size 
-----------------------------------------------------------------
1     | ['import Mathlib\nimport Aesop']              | 22        
-----------------------------------------------------------------
Top 10 global LRU repl:
-----------------------------------------------------------------
Idx   | Header                                        | ID        
-----------------------------------------------------------------
1     | ['import Mathlib\nimport Aesop']              | c2963285  
2     | ['import Mathlib\nimport Aesop']              | 062e2dc3  
3     | ['import Mathlib\nimport Aesop']              | ff37eb01  
4     | ['import Mathlib\nimport Aesop']              | 42b79eac  
5     | ['import Mathlib\nimport Aesop']              | 8b3d98b3  
6     | ['import Mathlib\nimport Aesop']              | b8c9e934  
7     | ['import Mathlib\nimport Aesop']              | 3b00783e  
8     | ['import Mathlib\nimport Aesop']              | 4515bf25  
9     | ['import Mathlib\nimport Aesop']              | 526760aa  
10    | ['import Mathlib\nimport Aesop']              | b2d97346  
...   | ...                                           | ...       
-----------------------------------------------------------------
      | Total                                         | 22        
      | Idle                                          | 22        
      | Create Queue                                  | 0         
      | Close Queue                                   | 0         
      | Cache Hits                                    | 0         
      | Cache Misses                                  | 0         
      | Cache ratio                                   | 0.00      
      | its                                           | 0.0       
=================================================================
2025-07-17 21:18:13.564 | INFO     | uvicorn.server:shutdown:264 - Shutting down
2025-07-17 21:18:13.665 | INFO     | uvicorn.lifespan.on:shutdown:67 - Waiting for application shutdown.
2025-07-17 21:18:13.671 | INFO     | uvicorn.lifespan.on:shutdown:76 - Application shutdown complete.
2025-07-17 21:18:13.671 | INFO     | uvicorn.server:_serve:94 - Finished server process [39]
