2025-07-17 18:04:54.831 | INFO     | uvicorn.server:_serve:84 - Started server process [12729]
2025-07-17 18:04:54.831 | INFO     | uvicorn.lifespan.on:startup:48 - Waiting for application startup.
2025-07-17 18:04:55.093 | INFO     | uvicorn.lifespan.on:startup:62 - Application startup complete.
2025-07-17 18:04:55.185 | INFO     | uvicorn.server:_log_started_message:216 - Uvicorn running on http://0.0.0.0:12332 (Press CTRL+C to quit)
2025-07-17 18:04:55.389 | INFO     | uvicorn.protocols.http.h11_impl:send:473 - 127.0.0.1:60404 - "GET / HTTP/1.1" 200
2025-07-17 18:04:55.423 | DEBUG    | server.server:process_one_code_with_repl_fast:213 - [1234] Processing code: {"custom_id": "1234", "proof_header": "", "proof_body": "#check Nat", "timeout": 30}
2025-07-17 18:04:56.306 | INFO     | uvicorn.protocols.http.h11_impl:send:473 - 127.0.0.1:60406 - "POST /verify HTTP/1.1" 200
2025-07-17 18:05:01.239 | INFO     | uvicorn.protocols.http.h11_impl:send:473 - 127.0.0.1:48786 - "GET / HTTP/1.1" 200
2025-07-17 18:05:01.260 | DEBUG    | server.server:process_one_code_with_repl_fast:213 - [lean_workbook_plus_10000] Processing code: {"custom_id": "lean_workbook_plus_10000", "proof_header": "import Mathlib\nimport Aesop", "proof_body": "set_option maxHeartbeats 0\n\nopen BigOperators Real Nat Topology Rat\n\n\n\ntheorem lean_workbook_plus_10000 (a b c : \u211d) : (a^2 + 4 * b * c)^(1 / 3) + (b^2 + 4 * a * c)^(1 / 3) + (c^2 + 4 * a * b)^(1 / 3) \u2265 (45 * (a * b + a * c + b * c))^(1 / 3)   :=  by\n  \n  ring_nf\n  nlinarith [sq_nonneg (a + b + c), sq_nonneg (a - b), sq_nonneg (b - c), sq_nonneg (c - a)]", "timeout": 30}
2025-07-17 18:05:05.373 | INFO     | server.server:_repl_creater:41 - Created 22 ['import Mathlib\nimport Aesop'] repls with response [{'env': 0, 'time': 8.688945531845093}, {'env': 0,
2025-07-17 18:05:07.003 | INFO     | uvicorn.protocols.http.h11_impl:send:473 - 127.0.0.1:48792 - "POST /verify HTTP/1.1" 200
2025-07-17 18:05:11.677 | INFO     | utils.repl_cache:print_status:179 - 

=================================================================
Idx   | Header                                        | Pool Size 
-----------------------------------------------------------------
1     | ['import Mathlib\nimport Aesop']              | 23        
-----------------------------------------------------------------
Top 10 global LRU repl:
-----------------------------------------------------------------
Idx   | Header                                        | ID        
-----------------------------------------------------------------
1     | ['import Mathlib\nimport Aesop']              | 360bc2cf  
2     | ['import Mathlib\nimport Aesop']              | 707599f4  
3     | ['import Mathlib\nimport Aesop']              | 2d18c07f  
4     | ['import Mathlib\nimport Aesop']              | f143dd3f  
5     | ['import Mathlib\nimport Aesop']              | 96869a35  
6     | ['import Mathlib\nimport Aesop']              | 0ec026dd  
7     | ['import Mathlib\nimport Aesop']              | 1ab494f9  
8     | ['import Mathlib\nimport Aesop']              | 777904c9  
9     | ['import Mathlib\nimport Aesop']              | bfefc9f6  
10    | ['import Mathlib\nimport Aesop']              | 7532f802  
...   | ...                                           | ...       
-----------------------------------------------------------------
      | Total                                         | 23        
      | Idle                                          | 23        
      | Create Queue                                  | 0         
      | Close Queue                                   | 0         
      | Cache Hits                                    | 0         
      | Cache Misses                                  | 1         
      | Cache ratio                                   | 0.00      
      | its                                           | 0.06666666666666667
=================================================================
2025-07-17 18:05:15.375 | INFO     | utils.repl_cache:evict_if_needed:67 - Succesfully evicted header ['import Mathlib\nimport Aesop with id dfca3350-24e1-4be0-ace7-7d40032c0dea
2025-07-17 18:05:15.444 | INFO     | server.server:_repl_cleaner:62 - Closed dfca3350-24e1-4be0-ace7-7d40032c0dea repl
2025-07-17 18:05:26.678 | INFO     | utils.repl_cache:print_status:179 - 

=================================================================
Idx   | Header                                        | Pool Size 
-----------------------------------------------------------------
1     | ['import Mathlib\nimport Aesop']              | 22        
-----------------------------------------------------------------
Top 10 global LRU repl:
-----------------------------------------------------------------
Idx   | Header                                        | ID        
-----------------------------------------------------------------
1     | ['import Mathlib\nimport Aesop']              | 360bc2cf  
2     | ['import Mathlib\nimport Aesop']              | 707599f4  
3     | ['import Mathlib\nimport Aesop']              | 2d18c07f  
4     | ['import Mathlib\nimport Aesop']              | f143dd3f  
5     | ['import Mathlib\nimport Aesop']              | 96869a35  
6     | ['import Mathlib\nimport Aesop']              | 0ec026dd  
7     | ['import Mathlib\nimport Aesop']              | 1ab494f9  
8     | ['import Mathlib\nimport Aesop']              | 777904c9  
9     | ['import Mathlib\nimport Aesop']              | bfefc9f6  
10    | ['import Mathlib\nimport Aesop']              | 7532f802  
...   | ...                                           | ...       
-----------------------------------------------------------------
      | Total                                         | 22        
      | Idle                                          | 22        
      | Create Queue                                  | 0         
      | Close Queue                                   | 0         
      | Cache Hits                                    | 0         
      | Cache Misses                                  | 0         
      | Cache ratio                                   | 0.00      
      | its                                           | 0.0       
=================================================================
2025-07-17 18:05:43.280 | INFO     | utils.repl_cache:print_status:179 - 

=================================================================
Idx   | Header                                        | Pool Size 
-----------------------------------------------------------------
1     | ['import Mathlib\nimport Aesop']              | 22        
-----------------------------------------------------------------
Top 10 global LRU repl:
-----------------------------------------------------------------
Idx   | Header                                        | ID        
-----------------------------------------------------------------
1     | ['import Mathlib\nimport Aesop']              | 360bc2cf  
2     | ['import Mathlib\nimport Aesop']              | 707599f4  
3     | ['import Mathlib\nimport Aesop']              | 2d18c07f  
4     | ['import Mathlib\nimport Aesop']              | f143dd3f  
5     | ['import Mathlib\nimport Aesop']              | 96869a35  
6     | ['import Mathlib\nimport Aesop']              | 0ec026dd  
7     | ['import Mathlib\nimport Aesop']              | 1ab494f9  
8     | ['import Mathlib\nimport Aesop']              | 777904c9  
9     | ['import Mathlib\nimport Aesop']              | bfefc9f6  
10    | ['import Mathlib\nimport Aesop']              | 7532f802  
...   | ...                                           | ...       
-----------------------------------------------------------------
      | Total                                         | 22        
      | Idle                                          | 22        
      | Create Queue                                  | 0         
      | Close Queue                                   | 0         
      | Cache Hits                                    | 0         
      | Cache Misses                                  | 0         
      | Cache ratio                                   | 0.00      
      | its                                           | 0.0       
=================================================================
2025-07-17 18:05:58.282 | INFO     | utils.repl_cache:print_status:179 - 

=================================================================
Idx   | Header                                        | Pool Size 
-----------------------------------------------------------------
1     | ['import Mathlib\nimport Aesop']              | 22        
-----------------------------------------------------------------
Top 10 global LRU repl:
-----------------------------------------------------------------
Idx   | Header                                        | ID        
-----------------------------------------------------------------
1     | ['import Mathlib\nimport Aesop']              | 360bc2cf  
2     | ['import Mathlib\nimport Aesop']              | 707599f4  
3     | ['import Mathlib\nimport Aesop']              | 2d18c07f  
4     | ['import Mathlib\nimport Aesop']              | f143dd3f  
5     | ['import Mathlib\nimport Aesop']              | 96869a35  
6     | ['import Mathlib\nimport Aesop']              | 0ec026dd  
7     | ['import Mathlib\nimport Aesop']              | 1ab494f9  
8     | ['import Mathlib\nimport Aesop']              | 777904c9  
9     | ['import Mathlib\nimport Aesop']              | bfefc9f6  
10    | ['import Mathlib\nimport Aesop']              | 7532f802  
...   | ...                                           | ...       
-----------------------------------------------------------------
      | Total                                         | 22        
      | Idle                                          | 22        
      | Create Queue                                  | 0         
      | Close Queue                                   | 0         
      | Cache Hits                                    | 0         
      | Cache Misses                                  | 0         
      | Cache ratio                                   | 0.00      
      | its                                           | 0.0       
=================================================================
2025-07-17 18:06:14.896 | INFO     | utils.repl_cache:print_status:179 - 

=================================================================
Idx   | Header                                        | Pool Size 
-----------------------------------------------------------------
1     | ['import Mathlib\nimport Aesop']              | 22        
-----------------------------------------------------------------
Top 10 global LRU repl:
-----------------------------------------------------------------
Idx   | Header                                        | ID        
-----------------------------------------------------------------
1     | ['import Mathlib\nimport Aesop']              | 360bc2cf  
2     | ['import Mathlib\nimport Aesop']              | 707599f4  
3     | ['import Mathlib\nimport Aesop']              | 2d18c07f  
4     | ['import Mathlib\nimport Aesop']              | f143dd3f  
5     | ['import Mathlib\nimport Aesop']              | 96869a35  
6     | ['import Mathlib\nimport Aesop']              | 0ec026dd  
7     | ['import Mathlib\nimport Aesop']              | 1ab494f9  
8     | ['import Mathlib\nimport Aesop']              | 777904c9  
9     | ['import Mathlib\nimport Aesop']              | bfefc9f6  
10    | ['import Mathlib\nimport Aesop']              | 7532f802  
...   | ...                                           | ...       
-----------------------------------------------------------------
      | Total                                         | 22        
      | Idle                                          | 22        
      | Create Queue                                  | 0         
      | Close Queue                                   | 0         
      | Cache Hits                                    | 0         
      | Cache Misses                                  | 0         
      | Cache ratio                                   | 0.00      
      | its                                           | 0.0       
=================================================================
2025-07-17 18:06:29.897 | INFO     | utils.repl_cache:print_status:179 - 

=================================================================
Idx   | Header                                        | Pool Size 
-----------------------------------------------------------------
1     | ['import Mathlib\nimport Aesop']              | 22        
-----------------------------------------------------------------
Top 10 global LRU repl:
-----------------------------------------------------------------
Idx   | Header                                        | ID        
-----------------------------------------------------------------
1     | ['import Mathlib\nimport Aesop']              | 360bc2cf  
2     | ['import Mathlib\nimport Aesop']              | 707599f4  
3     | ['import Mathlib\nimport Aesop']              | 2d18c07f  
4     | ['import Mathlib\nimport Aesop']              | f143dd3f  
5     | ['import Mathlib\nimport Aesop']              | 96869a35  
6     | ['import Mathlib\nimport Aesop']              | 0ec026dd  
7     | ['import Mathlib\nimport Aesop']              | 1ab494f9  
8     | ['import Mathlib\nimport Aesop']              | 777904c9  
9     | ['import Mathlib\nimport Aesop']              | bfefc9f6  
10    | ['import Mathlib\nimport Aesop']              | 7532f802  
...   | ...                                           | ...       
-----------------------------------------------------------------
      | Total                                         | 22        
      | Idle                                          | 22        
      | Create Queue                                  | 0         
      | Close Queue                                   | 0         
      | Cache Hits                                    | 0         
      | Cache Misses                                  | 0         
      | Cache ratio                                   | 0.00      
      | its                                           | 0.0       
=================================================================
2025-07-17 18:06:46.495 | INFO     | utils.repl_cache:print_status:179 - 

=================================================================
Idx   | Header                                        | Pool Size 
-----------------------------------------------------------------
1     | ['import Mathlib\nimport Aesop']              | 22        
-----------------------------------------------------------------
Top 10 global LRU repl:
-----------------------------------------------------------------
Idx   | Header                                        | ID        
-----------------------------------------------------------------
1     | ['import Mathlib\nimport Aesop']              | 360bc2cf  
2     | ['import Mathlib\nimport Aesop']              | 707599f4  
3     | ['import Mathlib\nimport Aesop']              | 2d18c07f  
4     | ['import Mathlib\nimport Aesop']              | f143dd3f  
5     | ['import Mathlib\nimport Aesop']              | 96869a35  
6     | ['import Mathlib\nimport Aesop']              | 0ec026dd  
7     | ['import Mathlib\nimport Aesop']              | 1ab494f9  
8     | ['import Mathlib\nimport Aesop']              | 777904c9  
9     | ['import Mathlib\nimport Aesop']              | bfefc9f6  
10    | ['import Mathlib\nimport Aesop']              | 7532f802  
...   | ...                                           | ...       
-----------------------------------------------------------------
      | Total                                         | 22        
      | Idle                                          | 22        
      | Create Queue                                  | 0         
      | Close Queue                                   | 0         
      | Cache Hits                                    | 0         
      | Cache Misses                                  | 0         
      | Cache ratio                                   | 0.00      
      | its                                           | 0.0       
=================================================================
2025-07-17 18:07:01.497 | INFO     | utils.repl_cache:print_status:179 - 

=================================================================
Idx   | Header                                        | Pool Size 
-----------------------------------------------------------------
1     | ['import Mathlib\nimport Aesop']              | 22        
-----------------------------------------------------------------
Top 10 global LRU repl:
-----------------------------------------------------------------
Idx   | Header                                        | ID        
-----------------------------------------------------------------
1     | ['import Mathlib\nimport Aesop']              | 360bc2cf  
2     | ['import Mathlib\nimport Aesop']              | 707599f4  
3     | ['import Mathlib\nimport Aesop']              | 2d18c07f  
4     | ['import Mathlib\nimport Aesop']              | f143dd3f  
5     | ['import Mathlib\nimport Aesop']              | 96869a35  
6     | ['import Mathlib\nimport Aesop']              | 0ec026dd  
7     | ['import Mathlib\nimport Aesop']              | 1ab494f9  
8     | ['import Mathlib\nimport Aesop']              | 777904c9  
9     | ['import Mathlib\nimport Aesop']              | bfefc9f6  
10    | ['import Mathlib\nimport Aesop']              | 7532f802  
...   | ...                                           | ...       
-----------------------------------------------------------------
      | Total                                         | 22        
      | Idle                                          | 22        
      | Create Queue                                  | 0         
      | Close Queue                                   | 0         
      | Cache Hits                                    | 0         
      | Cache Misses                                  | 0         
      | Cache ratio                                   | 0.00      
      | its                                           | 0.0       
=================================================================
2025-07-17 18:07:18.087 | INFO     | utils.repl_cache:print_status:179 - 

=================================================================
Idx   | Header                                        | Pool Size 
-----------------------------------------------------------------
1     | ['import Mathlib\nimport Aesop']              | 22        
-----------------------------------------------------------------
Top 10 global LRU repl:
-----------------------------------------------------------------
Idx   | Header                                        | ID        
-----------------------------------------------------------------
1     | ['import Mathlib\nimport Aesop']              | 360bc2cf  
2     | ['import Mathlib\nimport Aesop']              | 707599f4  
3     | ['import Mathlib\nimport Aesop']              | 2d18c07f  
4     | ['import Mathlib\nimport Aesop']              | f143dd3f  
5     | ['import Mathlib\nimport Aesop']              | 96869a35  
6     | ['import Mathlib\nimport Aesop']              | 0ec026dd  
7     | ['import Mathlib\nimport Aesop']              | 1ab494f9  
8     | ['import Mathlib\nimport Aesop']              | 777904c9  
9     | ['import Mathlib\nimport Aesop']              | bfefc9f6  
10    | ['import Mathlib\nimport Aesop']              | 7532f802  
...   | ...                                           | ...       
-----------------------------------------------------------------
      | Total                                         | 22        
      | Idle                                          | 22        
      | Create Queue                                  | 0         
      | Close Queue                                   | 0         
      | Cache Hits                                    | 0         
      | Cache Misses                                  | 0         
      | Cache ratio                                   | 0.00      
      | its                                           | 0.0       
=================================================================
2025-07-17 18:07:33.088 | INFO     | utils.repl_cache:print_status:179 - 

=================================================================
Idx   | Header                                        | Pool Size 
-----------------------------------------------------------------
1     | ['import Mathlib\nimport Aesop']              | 22        
-----------------------------------------------------------------
Top 10 global LRU repl:
-----------------------------------------------------------------
Idx   | Header                                        | ID        
-----------------------------------------------------------------
1     | ['import Mathlib\nimport Aesop']              | 360bc2cf  
2     | ['import Mathlib\nimport Aesop']              | 707599f4  
3     | ['import Mathlib\nimport Aesop']              | 2d18c07f  
4     | ['import Mathlib\nimport Aesop']              | f143dd3f  
5     | ['import Mathlib\nimport Aesop']              | 96869a35  
6     | ['import Mathlib\nimport Aesop']              | 0ec026dd  
7     | ['import Mathlib\nimport Aesop']              | 1ab494f9  
8     | ['import Mathlib\nimport Aesop']              | 777904c9  
9     | ['import Mathlib\nimport Aesop']              | bfefc9f6  
10    | ['import Mathlib\nimport Aesop']              | 7532f802  
...   | ...                                           | ...       
-----------------------------------------------------------------
      | Total                                         | 22        
      | Idle                                          | 22        
      | Create Queue                                  | 0         
      | Close Queue                                   | 0         
      | Cache Hits                                    | 0         
      | Cache Misses                                  | 0         
      | Cache ratio                                   | 0.00      
      | its                                           | 0.0       
=================================================================
2025-07-17 18:07:49.704 | INFO     | utils.repl_cache:print_status:179 - 

=================================================================
Idx   | Header                                        | Pool Size 
-----------------------------------------------------------------
1     | ['import Mathlib\nimport Aesop']              | 22        
-----------------------------------------------------------------
Top 10 global LRU repl:
-----------------------------------------------------------------
Idx   | Header                                        | ID        
-----------------------------------------------------------------
1     | ['import Mathlib\nimport Aesop']              | 360bc2cf  
2     | ['import Mathlib\nimport Aesop']              | 707599f4  
3     | ['import Mathlib\nimport Aesop']              | 2d18c07f  
4     | ['import Mathlib\nimport Aesop']              | f143dd3f  
5     | ['import Mathlib\nimport Aesop']              | 96869a35  
6     | ['import Mathlib\nimport Aesop']              | 0ec026dd  
7     | ['import Mathlib\nimport Aesop']              | 1ab494f9  
8     | ['import Mathlib\nimport Aesop']              | 777904c9  
9     | ['import Mathlib\nimport Aesop']              | bfefc9f6  
10    | ['import Mathlib\nimport Aesop']              | 7532f802  
...   | ...                                           | ...       
-----------------------------------------------------------------
      | Total                                         | 22        
      | Idle                                          | 22        
      | Create Queue                                  | 0         
      | Close Queue                                   | 0         
      | Cache Hits                                    | 0         
      | Cache Misses                                  | 0         
      | Cache ratio                                   | 0.00      
      | its                                           | 0.0       
=================================================================
2025-07-17 18:08:04.706 | INFO     | utils.repl_cache:print_status:179 - 

=================================================================
Idx   | Header                                        | Pool Size 
-----------------------------------------------------------------
1     | ['import Mathlib\nimport Aesop']              | 22        
-----------------------------------------------------------------
Top 10 global LRU repl:
-----------------------------------------------------------------
Idx   | Header                                        | ID        
-----------------------------------------------------------------
1     | ['import Mathlib\nimport Aesop']              | 360bc2cf  
2     | ['import Mathlib\nimport Aesop']              | 707599f4  
3     | ['import Mathlib\nimport Aesop']              | 2d18c07f  
4     | ['import Mathlib\nimport Aesop']              | f143dd3f  
5     | ['import Mathlib\nimport Aesop']              | 96869a35  
6     | ['import Mathlib\nimport Aesop']              | 0ec026dd  
7     | ['import Mathlib\nimport Aesop']              | 1ab494f9  
8     | ['import Mathlib\nimport Aesop']              | 777904c9  
9     | ['import Mathlib\nimport Aesop']              | bfefc9f6  
10    | ['import Mathlib\nimport Aesop']              | 7532f802  
...   | ...                                           | ...       
-----------------------------------------------------------------
      | Total                                         | 22        
      | Idle                                          | 22        
      | Create Queue                                  | 0         
      | Close Queue                                   | 0         
      | Cache Hits                                    | 0         
      | Cache Misses                                  | 0         
      | Cache ratio                                   | 0.00      
      | its                                           | 0.0       
=================================================================
2025-07-17 18:08:21.351 | INFO     | utils.repl_cache:print_status:179 - 

=================================================================
Idx   | Header                                        | Pool Size 
-----------------------------------------------------------------
1     | ['import Mathlib\nimport Aesop']              | 22        
-----------------------------------------------------------------
Top 10 global LRU repl:
-----------------------------------------------------------------
Idx   | Header                                        | ID        
-----------------------------------------------------------------
1     | ['import Mathlib\nimport Aesop']              | 360bc2cf  
2     | ['import Mathlib\nimport Aesop']              | 707599f4  
3     | ['import Mathlib\nimport Aesop']              | 2d18c07f  
4     | ['import Mathlib\nimport Aesop']              | f143dd3f  
5     | ['import Mathlib\nimport Aesop']              | 96869a35  
6     | ['import Mathlib\nimport Aesop']              | 0ec026dd  
7     | ['import Mathlib\nimport Aesop']              | 1ab494f9  
8     | ['import Mathlib\nimport Aesop']              | 777904c9  
9     | ['import Mathlib\nimport Aesop']              | bfefc9f6  
10    | ['import Mathlib\nimport Aesop']              | 7532f802  
...   | ...                                           | ...       
-----------------------------------------------------------------
      | Total                                         | 22        
      | Idle                                          | 22        
      | Create Queue                                  | 0         
      | Close Queue                                   | 0         
      | Cache Hits                                    | 0         
      | Cache Misses                                  | 0         
      | Cache ratio                                   | 0.00      
      | its                                           | 0.0       
=================================================================
2025-07-17 18:08:36.353 | INFO     | utils.repl_cache:print_status:179 - 

=================================================================
Idx   | Header                                        | Pool Size 
-----------------------------------------------------------------
1     | ['import Mathlib\nimport Aesop']              | 22        
-----------------------------------------------------------------
Top 10 global LRU repl:
-----------------------------------------------------------------
Idx   | Header                                        | ID        
-----------------------------------------------------------------
1     | ['import Mathlib\nimport Aesop']              | 360bc2cf  
2     | ['import Mathlib\nimport Aesop']              | 707599f4  
3     | ['import Mathlib\nimport Aesop']              | 2d18c07f  
4     | ['import Mathlib\nimport Aesop']              | f143dd3f  
5     | ['import Mathlib\nimport Aesop']              | 96869a35  
6     | ['import Mathlib\nimport Aesop']              | 0ec026dd  
7     | ['import Mathlib\nimport Aesop']              | 1ab494f9  
8     | ['import Mathlib\nimport Aesop']              | 777904c9  
9     | ['import Mathlib\nimport Aesop']              | bfefc9f6  
10    | ['import Mathlib\nimport Aesop']              | 7532f802  
...   | ...                                           | ...       
-----------------------------------------------------------------
      | Total                                         | 22        
      | Idle                                          | 22        
      | Create Queue                                  | 0         
      | Close Queue                                   | 0         
      | Cache Hits                                    | 0         
      | Cache Misses                                  | 0         
      | Cache ratio                                   | 0.00      
      | its                                           | 0.0       
=================================================================
2025-07-17 18:08:52.947 | INFO     | utils.repl_cache:print_status:179 - 

=================================================================
Idx   | Header                                        | Pool Size 
-----------------------------------------------------------------
1     | ['import Mathlib\nimport Aesop']              | 22        
-----------------------------------------------------------------
Top 10 global LRU repl:
-----------------------------------------------------------------
Idx   | Header                                        | ID        
-----------------------------------------------------------------
1     | ['import Mathlib\nimport Aesop']              | 360bc2cf  
2     | ['import Mathlib\nimport Aesop']              | 707599f4  
3     | ['import Mathlib\nimport Aesop']              | 2d18c07f  
4     | ['import Mathlib\nimport Aesop']              | f143dd3f  
5     | ['import Mathlib\nimport Aesop']              | 96869a35  
6     | ['import Mathlib\nimport Aesop']              | 0ec026dd  
7     | ['import Mathlib\nimport Aesop']              | 1ab494f9  
8     | ['import Mathlib\nimport Aesop']              | 777904c9  
9     | ['import Mathlib\nimport Aesop']              | bfefc9f6  
10    | ['import Mathlib\nimport Aesop']              | 7532f802  
...   | ...                                           | ...       
-----------------------------------------------------------------
      | Total                                         | 22        
      | Idle                                          | 22        
      | Create Queue                                  | 0         
      | Close Queue                                   | 0         
      | Cache Hits                                    | 0         
      | Cache Misses                                  | 0         
      | Cache ratio                                   | 0.00      
      | its                                           | 0.0       
=================================================================
2025-07-17 18:09:07.949 | INFO     | utils.repl_cache:print_status:179 - 

=================================================================
Idx   | Header                                        | Pool Size 
-----------------------------------------------------------------
1     | ['import Mathlib\nimport Aesop']              | 22        
-----------------------------------------------------------------
Top 10 global LRU repl:
-----------------------------------------------------------------
Idx   | Header                                        | ID        
-----------------------------------------------------------------
1     | ['import Mathlib\nimport Aesop']              | 360bc2cf  
2     | ['import Mathlib\nimport Aesop']              | 707599f4  
3     | ['import Mathlib\nimport Aesop']              | 2d18c07f  
4     | ['import Mathlib\nimport Aesop']              | f143dd3f  
5     | ['import Mathlib\nimport Aesop']              | 96869a35  
6     | ['import Mathlib\nimport Aesop']              | 0ec026dd  
7     | ['import Mathlib\nimport Aesop']              | 1ab494f9  
8     | ['import Mathlib\nimport Aesop']              | 777904c9  
9     | ['import Mathlib\nimport Aesop']              | bfefc9f6  
10    | ['import Mathlib\nimport Aesop']              | 7532f802  
...   | ...                                           | ...       
-----------------------------------------------------------------
      | Total                                         | 22        
      | Idle                                          | 22        
      | Create Queue                                  | 0         
      | Close Queue                                   | 0         
      | Cache Hits                                    | 0         
      | Cache Misses                                  | 0         
      | Cache ratio                                   | 0.00      
      | its                                           | 0.0       
=================================================================
2025-07-17 18:09:24.547 | INFO     | utils.repl_cache:print_status:179 - 

=================================================================
Idx   | Header                                        | Pool Size 
-----------------------------------------------------------------
1     | ['import Mathlib\nimport Aesop']              | 22        
-----------------------------------------------------------------
Top 10 global LRU repl:
-----------------------------------------------------------------
Idx   | Header                                        | ID        
-----------------------------------------------------------------
1     | ['import Mathlib\nimport Aesop']              | 360bc2cf  
2     | ['import Mathlib\nimport Aesop']              | 707599f4  
3     | ['import Mathlib\nimport Aesop']              | 2d18c07f  
4     | ['import Mathlib\nimport Aesop']              | f143dd3f  
5     | ['import Mathlib\nimport Aesop']              | 96869a35  
6     | ['import Mathlib\nimport Aesop']              | 0ec026dd  
7     | ['import Mathlib\nimport Aesop']              | 1ab494f9  
8     | ['import Mathlib\nimport Aesop']              | 777904c9  
9     | ['import Mathlib\nimport Aesop']              | bfefc9f6  
10    | ['import Mathlib\nimport Aesop']              | 7532f802  
...   | ...                                           | ...       
-----------------------------------------------------------------
      | Total                                         | 22        
      | Idle                                          | 22        
      | Create Queue                                  | 0         
      | Close Queue                                   | 0         
      | Cache Hits                                    | 0         
      | Cache Misses                                  | 0         
      | Cache ratio                                   | 0.00      
      | its                                           | 0.0       
=================================================================
2025-07-17 18:09:39.549 | INFO     | utils.repl_cache:print_status:179 - 

=================================================================
Idx   | Header                                        | Pool Size 
-----------------------------------------------------------------
1     | ['import Mathlib\nimport Aesop']              | 22        
-----------------------------------------------------------------
Top 10 global LRU repl:
-----------------------------------------------------------------
Idx   | Header                                        | ID        
-----------------------------------------------------------------
1     | ['import Mathlib\nimport Aesop']              | 360bc2cf  
2     | ['import Mathlib\nimport Aesop']              | 707599f4  
3     | ['import Mathlib\nimport Aesop']              | 2d18c07f  
4     | ['import Mathlib\nimport Aesop']              | f143dd3f  
5     | ['import Mathlib\nimport Aesop']              | 96869a35  
6     | ['import Mathlib\nimport Aesop']              | 0ec026dd  
7     | ['import Mathlib\nimport Aesop']              | 1ab494f9  
8     | ['import Mathlib\nimport Aesop']              | 777904c9  
9     | ['import Mathlib\nimport Aesop']              | bfefc9f6  
10    | ['import Mathlib\nimport Aesop']              | 7532f802  
...   | ...                                           | ...       
-----------------------------------------------------------------
      | Total                                         | 22        
      | Idle                                          | 22        
      | Create Queue                                  | 0         
      | Close Queue                                   | 0         
      | Cache Hits                                    | 0         
      | Cache Misses                                  | 0         
      | Cache ratio                                   | 0.00      
      | its                                           | 0.0       
=================================================================
2025-07-17 18:09:56.167 | INFO     | utils.repl_cache:print_status:179 - 

=================================================================
Idx   | Header                                        | Pool Size 
-----------------------------------------------------------------
1     | ['import Mathlib\nimport Aesop']              | 22        
-----------------------------------------------------------------
Top 10 global LRU repl:
-----------------------------------------------------------------
Idx   | Header                                        | ID        
-----------------------------------------------------------------
1     | ['import Mathlib\nimport Aesop']              | 360bc2cf  
2     | ['import Mathlib\nimport Aesop']              | 707599f4  
3     | ['import Mathlib\nimport Aesop']              | 2d18c07f  
4     | ['import Mathlib\nimport Aesop']              | f143dd3f  
5     | ['import Mathlib\nimport Aesop']              | 96869a35  
6     | ['import Mathlib\nimport Aesop']              | 0ec026dd  
7     | ['import Mathlib\nimport Aesop']              | 1ab494f9  
8     | ['import Mathlib\nimport Aesop']              | 777904c9  
9     | ['import Mathlib\nimport Aesop']              | bfefc9f6  
10    | ['import Mathlib\nimport Aesop']              | 7532f802  
...   | ...                                           | ...       
-----------------------------------------------------------------
      | Total                                         | 22        
      | Idle                                          | 22        
      | Create Queue                                  | 0         
      | Close Queue                                   | 0         
      | Cache Hits                                    | 0         
      | Cache Misses                                  | 0         
      | Cache ratio                                   | 0.00      
      | its                                           | 0.0       
=================================================================
2025-07-17 18:10:11.167 | INFO     | utils.repl_cache:print_status:179 - 

=================================================================
Idx   | Header                                        | Pool Size 
-----------------------------------------------------------------
1     | ['import Mathlib\nimport Aesop']              | 22        
-----------------------------------------------------------------
Top 10 global LRU repl:
-----------------------------------------------------------------
Idx   | Header                                        | ID        
-----------------------------------------------------------------
1     | ['import Mathlib\nimport Aesop']              | 360bc2cf  
2     | ['import Mathlib\nimport Aesop']              | 707599f4  
3     | ['import Mathlib\nimport Aesop']              | 2d18c07f  
4     | ['import Mathlib\nimport Aesop']              | f143dd3f  
5     | ['import Mathlib\nimport Aesop']              | 96869a35  
6     | ['import Mathlib\nimport Aesop']              | 0ec026dd  
7     | ['import Mathlib\nimport Aesop']              | 1ab494f9  
8     | ['import Mathlib\nimport Aesop']              | 777904c9  
9     | ['import Mathlib\nimport Aesop']              | bfefc9f6  
10    | ['import Mathlib\nimport Aesop']              | 7532f802  
...   | ...                                           | ...       
-----------------------------------------------------------------
      | Total                                         | 22        
      | Idle                                          | 22        
      | Create Queue                                  | 0         
      | Close Queue                                   | 0         
      | Cache Hits                                    | 0         
      | Cache Misses                                  | 0         
      | Cache ratio                                   | 0.00      
      | its                                           | 0.0       
=================================================================
2025-07-17 18:10:27.800 | INFO     | utils.repl_cache:print_status:179 - 

=================================================================
Idx   | Header                                        | Pool Size 
-----------------------------------------------------------------
1     | ['import Mathlib\nimport Aesop']              | 22        
-----------------------------------------------------------------
Top 10 global LRU repl:
-----------------------------------------------------------------
Idx   | Header                                        | ID        
-----------------------------------------------------------------
1     | ['import Mathlib\nimport Aesop']              | 360bc2cf  
2     | ['import Mathlib\nimport Aesop']              | 707599f4  
3     | ['import Mathlib\nimport Aesop']              | 2d18c07f  
4     | ['import Mathlib\nimport Aesop']              | f143dd3f  
5     | ['import Mathlib\nimport Aesop']              | 96869a35  
6     | ['import Mathlib\nimport Aesop']              | 0ec026dd  
7     | ['import Mathlib\nimport Aesop']              | 1ab494f9  
8     | ['import Mathlib\nimport Aesop']              | 777904c9  
9     | ['import Mathlib\nimport Aesop']              | bfefc9f6  
10    | ['import Mathlib\nimport Aesop']              | 7532f802  
...   | ...                                           | ...       
-----------------------------------------------------------------
      | Total                                         | 22        
      | Idle                                          | 22        
      | Create Queue                                  | 0         
      | Close Queue                                   | 0         
      | Cache Hits                                    | 0         
      | Cache Misses                                  | 0         
      | Cache ratio                                   | 0.00      
      | its                                           | 0.0       
=================================================================
2025-07-17 18:10:42.802 | INFO     | utils.repl_cache:print_status:179 - 

=================================================================
Idx   | Header                                        | Pool Size 
-----------------------------------------------------------------
1     | ['import Mathlib\nimport Aesop']              | 22        
-----------------------------------------------------------------
Top 10 global LRU repl:
-----------------------------------------------------------------
Idx   | Header                                        | ID        
-----------------------------------------------------------------
1     | ['import Mathlib\nimport Aesop']              | 360bc2cf  
2     | ['import Mathlib\nimport Aesop']              | 707599f4  
3     | ['import Mathlib\nimport Aesop']              | 2d18c07f  
4     | ['import Mathlib\nimport Aesop']              | f143dd3f  
5     | ['import Mathlib\nimport Aesop']              | 96869a35  
6     | ['import Mathlib\nimport Aesop']              | 0ec026dd  
7     | ['import Mathlib\nimport Aesop']              | 1ab494f9  
8     | ['import Mathlib\nimport Aesop']              | 777904c9  
9     | ['import Mathlib\nimport Aesop']              | bfefc9f6  
10    | ['import Mathlib\nimport Aesop']              | 7532f802  
...   | ...                                           | ...       
-----------------------------------------------------------------
      | Total                                         | 22        
      | Idle                                          | 22        
      | Create Queue                                  | 0         
      | Close Queue                                   | 0         
      | Cache Hits                                    | 0         
      | Cache Misses                                  | 0         
      | Cache ratio                                   | 0.00      
      | its                                           | 0.0       
=================================================================
2025-07-17 18:10:59.416 | INFO     | utils.repl_cache:print_status:179 - 

=================================================================
Idx   | Header                                        | Pool Size 
-----------------------------------------------------------------
1     | ['import Mathlib\nimport Aesop']              | 22        
-----------------------------------------------------------------
Top 10 global LRU repl:
-----------------------------------------------------------------
Idx   | Header                                        | ID        
-----------------------------------------------------------------
1     | ['import Mathlib\nimport Aesop']              | 360bc2cf  
2     | ['import Mathlib\nimport Aesop']              | 707599f4  
3     | ['import Mathlib\nimport Aesop']              | 2d18c07f  
4     | ['import Mathlib\nimport Aesop']              | f143dd3f  
5     | ['import Mathlib\nimport Aesop']              | 96869a35  
6     | ['import Mathlib\nimport Aesop']              | 0ec026dd  
7     | ['import Mathlib\nimport Aesop']              | 1ab494f9  
8     | ['import Mathlib\nimport Aesop']              | 777904c9  
9     | ['import Mathlib\nimport Aesop']              | bfefc9f6  
10    | ['import Mathlib\nimport Aesop']              | 7532f802  
...   | ...                                           | ...       
-----------------------------------------------------------------
      | Total                                         | 22        
      | Idle                                          | 22        
      | Create Queue                                  | 0         
      | Close Queue                                   | 0         
      | Cache Hits                                    | 0         
      | Cache Misses                                  | 0         
      | Cache ratio                                   | 0.00      
      | its                                           | 0.0       
=================================================================
2025-07-17 18:11:14.418 | INFO     | utils.repl_cache:print_status:179 - 

=================================================================
Idx   | Header                                        | Pool Size 
-----------------------------------------------------------------
1     | ['import Mathlib\nimport Aesop']              | 22        
-----------------------------------------------------------------
Top 10 global LRU repl:
-----------------------------------------------------------------
Idx   | Header                                        | ID        
-----------------------------------------------------------------
1     | ['import Mathlib\nimport Aesop']              | 360bc2cf  
2     | ['import Mathlib\nimport Aesop']              | 707599f4  
3     | ['import Mathlib\nimport Aesop']              | 2d18c07f  
4     | ['import Mathlib\nimport Aesop']              | f143dd3f  
5     | ['import Mathlib\nimport Aesop']              | 96869a35  
6     | ['import Mathlib\nimport Aesop']              | 0ec026dd  
7     | ['import Mathlib\nimport Aesop']              | 1ab494f9  
8     | ['import Mathlib\nimport Aesop']              | 777904c9  
9     | ['import Mathlib\nimport Aesop']              | bfefc9f6  
10    | ['import Mathlib\nimport Aesop']              | 7532f802  
...   | ...                                           | ...       
-----------------------------------------------------------------
      | Total                                         | 22        
      | Idle                                          | 22        
      | Create Queue                                  | 0         
      | Close Queue                                   | 0         
      | Cache Hits                                    | 0         
      | Cache Misses                                  | 0         
      | Cache ratio                                   | 0.00      
      | its                                           | 0.0       
=================================================================
2025-07-17 18:11:31.025 | INFO     | utils.repl_cache:print_status:179 - 

=================================================================
Idx   | Header                                        | Pool Size 
-----------------------------------------------------------------
1     | ['import Mathlib\nimport Aesop']              | 22        
-----------------------------------------------------------------
Top 10 global LRU repl:
-----------------------------------------------------------------
Idx   | Header                                        | ID        
-----------------------------------------------------------------
1     | ['import Mathlib\nimport Aesop']              | 360bc2cf  
2     | ['import Mathlib\nimport Aesop']              | 707599f4  
3     | ['import Mathlib\nimport Aesop']              | 2d18c07f  
4     | ['import Mathlib\nimport Aesop']              | f143dd3f  
5     | ['import Mathlib\nimport Aesop']              | 96869a35  
6     | ['import Mathlib\nimport Aesop']              | 0ec026dd  
7     | ['import Mathlib\nimport Aesop']              | 1ab494f9  
8     | ['import Mathlib\nimport Aesop']              | 777904c9  
9     | ['import Mathlib\nimport Aesop']              | bfefc9f6  
10    | ['import Mathlib\nimport Aesop']              | 7532f802  
...   | ...                                           | ...       
-----------------------------------------------------------------
      | Total                                         | 22        
      | Idle                                          | 22        
      | Create Queue                                  | 0         
      | Close Queue                                   | 0         
      | Cache Hits                                    | 0         
      | Cache Misses                                  | 0         
      | Cache ratio                                   | 0.00      
      | its                                           | 0.0       
=================================================================
2025-07-17 18:11:46.027 | INFO     | utils.repl_cache:print_status:179 - 

=================================================================
Idx   | Header                                        | Pool Size 
-----------------------------------------------------------------
1     | ['import Mathlib\nimport Aesop']              | 22        
-----------------------------------------------------------------
Top 10 global LRU repl:
-----------------------------------------------------------------
Idx   | Header                                        | ID        
-----------------------------------------------------------------
1     | ['import Mathlib\nimport Aesop']              | 360bc2cf  
2     | ['import Mathlib\nimport Aesop']              | 707599f4  
3     | ['import Mathlib\nimport Aesop']              | 2d18c07f  
4     | ['import Mathlib\nimport Aesop']              | f143dd3f  
5     | ['import Mathlib\nimport Aesop']              | 96869a35  
6     | ['import Mathlib\nimport Aesop']              | 0ec026dd  
7     | ['import Mathlib\nimport Aesop']              | 1ab494f9  
8     | ['import Mathlib\nimport Aesop']              | 777904c9  
9     | ['import Mathlib\nimport Aesop']              | bfefc9f6  
10    | ['import Mathlib\nimport Aesop']              | 7532f802  
...   | ...                                           | ...       
-----------------------------------------------------------------
      | Total                                         | 22        
      | Idle                                          | 22        
      | Create Queue                                  | 0         
      | Close Queue                                   | 0         
      | Cache Hits                                    | 0         
      | Cache Misses                                  | 0         
      | Cache ratio                                   | 0.00      
      | its                                           | 0.0       
=================================================================
2025-07-17 18:12:02.660 | INFO     | utils.repl_cache:print_status:179 - 

=================================================================
Idx   | Header                                        | Pool Size 
-----------------------------------------------------------------
1     | ['import Mathlib\nimport Aesop']              | 22        
-----------------------------------------------------------------
Top 10 global LRU repl:
-----------------------------------------------------------------
Idx   | Header                                        | ID        
-----------------------------------------------------------------
1     | ['import Mathlib\nimport Aesop']              | 360bc2cf  
2     | ['import Mathlib\nimport Aesop']              | 707599f4  
3     | ['import Mathlib\nimport Aesop']              | 2d18c07f  
4     | ['import Mathlib\nimport Aesop']              | f143dd3f  
5     | ['import Mathlib\nimport Aesop']              | 96869a35  
6     | ['import Mathlib\nimport Aesop']              | 0ec026dd  
7     | ['import Mathlib\nimport Aesop']              | 1ab494f9  
8     | ['import Mathlib\nimport Aesop']              | 777904c9  
9     | ['import Mathlib\nimport Aesop']              | bfefc9f6  
10    | ['import Mathlib\nimport Aesop']              | 7532f802  
...   | ...                                           | ...       
-----------------------------------------------------------------
      | Total                                         | 22        
      | Idle                                          | 22        
      | Create Queue                                  | 0         
      | Close Queue                                   | 0         
      | Cache Hits                                    | 0         
      | Cache Misses                                  | 0         
      | Cache ratio                                   | 0.00      
      | its                                           | 0.0       
=================================================================
2025-07-17 18:12:17.661 | INFO     | utils.repl_cache:print_status:179 - 

=================================================================
Idx   | Header                                        | Pool Size 
-----------------------------------------------------------------
1     | ['import Mathlib\nimport Aesop']              | 22        
-----------------------------------------------------------------
Top 10 global LRU repl:
-----------------------------------------------------------------
Idx   | Header                                        | ID        
-----------------------------------------------------------------
1     | ['import Mathlib\nimport Aesop']              | 360bc2cf  
2     | ['import Mathlib\nimport Aesop']              | 707599f4  
3     | ['import Mathlib\nimport Aesop']              | 2d18c07f  
4     | ['import Mathlib\nimport Aesop']              | f143dd3f  
5     | ['import Mathlib\nimport Aesop']              | 96869a35  
6     | ['import Mathlib\nimport Aesop']              | 0ec026dd  
7     | ['import Mathlib\nimport Aesop']              | 1ab494f9  
8     | ['import Mathlib\nimport Aesop']              | 777904c9  
9     | ['import Mathlib\nimport Aesop']              | bfefc9f6  
10    | ['import Mathlib\nimport Aesop']              | 7532f802  
...   | ...                                           | ...       
-----------------------------------------------------------------
      | Total                                         | 22        
      | Idle                                          | 22        
      | Create Queue                                  | 0         
      | Close Queue                                   | 0         
      | Cache Hits                                    | 0         
      | Cache Misses                                  | 0         
      | Cache ratio                                   | 0.00      
      | its                                           | 0.0       
=================================================================
2025-07-17 18:12:34.291 | INFO     | utils.repl_cache:print_status:179 - 

=================================================================
Idx   | Header                                        | Pool Size 
-----------------------------------------------------------------
1     | ['import Mathlib\nimport Aesop']              | 22        
-----------------------------------------------------------------
Top 10 global LRU repl:
-----------------------------------------------------------------
Idx   | Header                                        | ID        
-----------------------------------------------------------------
1     | ['import Mathlib\nimport Aesop']              | 360bc2cf  
2     | ['import Mathlib\nimport Aesop']              | 707599f4  
3     | ['import Mathlib\nimport Aesop']              | 2d18c07f  
4     | ['import Mathlib\nimport Aesop']              | f143dd3f  
5     | ['import Mathlib\nimport Aesop']              | 96869a35  
6     | ['import Mathlib\nimport Aesop']              | 0ec026dd  
7     | ['import Mathlib\nimport Aesop']              | 1ab494f9  
8     | ['import Mathlib\nimport Aesop']              | 777904c9  
9     | ['import Mathlib\nimport Aesop']              | bfefc9f6  
10    | ['import Mathlib\nimport Aesop']              | 7532f802  
...   | ...                                           | ...       
-----------------------------------------------------------------
      | Total                                         | 22        
      | Idle                                          | 22        
      | Create Queue                                  | 0         
      | Close Queue                                   | 0         
      | Cache Hits                                    | 0         
      | Cache Misses                                  | 0         
      | Cache ratio                                   | 0.00      
      | its                                           | 0.0       
=================================================================
2025-07-17 18:12:49.292 | INFO     | utils.repl_cache:print_status:179 - 

=================================================================
Idx   | Header                                        | Pool Size 
-----------------------------------------------------------------
1     | ['import Mathlib\nimport Aesop']              | 22        
-----------------------------------------------------------------
Top 10 global LRU repl:
-----------------------------------------------------------------
Idx   | Header                                        | ID        
-----------------------------------------------------------------
1     | ['import Mathlib\nimport Aesop']              | 360bc2cf  
2     | ['import Mathlib\nimport Aesop']              | 707599f4  
3     | ['import Mathlib\nimport Aesop']              | 2d18c07f  
4     | ['import Mathlib\nimport Aesop']              | f143dd3f  
5     | ['import Mathlib\nimport Aesop']              | 96869a35  
6     | ['import Mathlib\nimport Aesop']              | 0ec026dd  
7     | ['import Mathlib\nimport Aesop']              | 1ab494f9  
8     | ['import Mathlib\nimport Aesop']              | 777904c9  
9     | ['import Mathlib\nimport Aesop']              | bfefc9f6  
10    | ['import Mathlib\nimport Aesop']              | 7532f802  
...   | ...                                           | ...       
-----------------------------------------------------------------
      | Total                                         | 22        
      | Idle                                          | 22        
      | Create Queue                                  | 0         
      | Close Queue                                   | 0         
      | Cache Hits                                    | 0         
      | Cache Misses                                  | 0         
      | Cache ratio                                   | 0.00      
      | its                                           | 0.0       
=================================================================
2025-07-17 18:13:05.920 | INFO     | utils.repl_cache:print_status:179 - 

=================================================================
Idx   | Header                                        | Pool Size 
-----------------------------------------------------------------
1     | ['import Mathlib\nimport Aesop']              | 22        
-----------------------------------------------------------------
Top 10 global LRU repl:
-----------------------------------------------------------------
Idx   | Header                                        | ID        
-----------------------------------------------------------------
1     | ['import Mathlib\nimport Aesop']              | 360bc2cf  
2     | ['import Mathlib\nimport Aesop']              | 707599f4  
3     | ['import Mathlib\nimport Aesop']              | 2d18c07f  
4     | ['import Mathlib\nimport Aesop']              | f143dd3f  
5     | ['import Mathlib\nimport Aesop']              | 96869a35  
6     | ['import Mathlib\nimport Aesop']              | 0ec026dd  
7     | ['import Mathlib\nimport Aesop']              | 1ab494f9  
8     | ['import Mathlib\nimport Aesop']              | 777904c9  
9     | ['import Mathlib\nimport Aesop']              | bfefc9f6  
10    | ['import Mathlib\nimport Aesop']              | 7532f802  
...   | ...                                           | ...       
-----------------------------------------------------------------
      | Total                                         | 22        
      | Idle                                          | 22        
      | Create Queue                                  | 0         
      | Close Queue                                   | 0         
      | Cache Hits                                    | 0         
      | Cache Misses                                  | 0         
      | Cache ratio                                   | 0.00      
      | its                                           | 0.0       
=================================================================
2025-07-17 18:20:03.838 | INFO     | uvicorn.server:shutdown:264 - Shutting down
2025-07-17 18:20:03.840 | INFO     | uvicorn.protocols.http.h11_impl:send:473 - 127.0.0.1:41848 - "GET / HTTP/1.1" 200
2025-07-17 18:20:03.939 | INFO     | uvicorn.server:_serve:94 - Finished server process [12729]
2025-07-17 18:20:03.946 | ERROR    | uvicorn.lifespan.on:send:134 - Traceback (most recent call last):
  File "/usr/local/lib/python3.11/asyncio/runners.py", line 190, in run
    return runner.run(main)
           ^^^^^^^^^^^^^^^^
  File "/usr/local/lib/python3.11/asyncio/runners.py", line 118, in run
    return self._loop.run_until_complete(task)
           ^^^^^^^^^^^^^^^^^^^^^^^^^^^^^^^^^^^
  File "/usr/local/lib/python3.11/asyncio/base_events.py", line 641, in run_until_complete
    self.run_forever()
  File "/usr/local/lib/python3.11/asyncio/base_events.py", line 608, in run_forever
    self._run_once()
  File "/usr/local/lib/python3.11/asyncio/base_events.py", line 1936, in _run_once
    handle._run()
  File "/usr/local/lib/python3.11/asyncio/events.py", line 84, in _run
    self._context.run(self._callback, *self._args)
  File "/usr/local/lib/python3.11/site-packages/uvicorn/server.py", line 70, in serve
    with self.capture_signals():
  File "/usr/local/lib/python3.11/contextlib.py", line 144, in __exit__
    next(self.gen)
  File "/usr/local/lib/python3.11/site-packages/uvicorn/server.py", line 331, in capture_signals
    signal.raise_signal(captured_signal)
  File "/usr/local/lib/python3.11/asyncio/runners.py", line 157, in _on_sigint
    raise KeyboardInterrupt()
KeyboardInterrupt

During handling of the above exception, another exception occurred:

Traceback (most recent call last):
  File "/usr/local/lib/python3.11/site-packages/starlette/routing.py", line 701, in lifespan
    await receive()
  File "/usr/local/lib/python3.11/site-packages/uvicorn/lifespan/on.py", line 137, in receive
    return await self.receive_queue.get()
           ^^^^^^^^^^^^^^^^^^^^^^^^^^^^^^
  File "/usr/local/lib/python3.11/asyncio/queues.py", line 158, in get
    await getter
asyncio.exceptions.CancelledError

