2025-07-15 20:29:31.378 | INFO     | uvicorn.server:_serve:84 - Started server process [50520]
2025-07-15 20:29:31.378 | INFO     | uvicorn.lifespan.on:startup:48 - Waiting for application startup.
2025-07-15 20:29:31.769 | INFO     | uvicorn.lifespan.on:startup:62 - Application startup complete.
2025-07-15 20:29:31.970 | INFO     | uvicorn.server:_log_started_message:216 - Uvicorn running on http://0.0.0.0:12332 (Press CTRL+C to quit)
2025-07-15 20:29:45.316 | INFO     | utils.repl_cache:print_status:179 - 

=================================================================
Idx   | Header                                        | Pool Size 
-----------------------------------------------------------------
-----------------------------------------------------------------
Top 10 global LRU repl:
-----------------------------------------------------------------
Idx   | Header                                        | ID        
-----------------------------------------------------------------
-----------------------------------------------------------------
      | Total                                         | 0         
      | Idle                                          | 0         
      | Create Queue                                  | 0         
      | Close Queue                                   | 0         
      | Cache Hits                                    | 0         
      | Cache Misses                                  | 0         
      | Cache ratio                                   | 0.00      
      | its                                           | 0.0       
=================================================================
2025-07-15 20:29:46.035 | INFO     | server.server:_repl_creater:41 - Created 22 ['import Mathlib\nimport Aesop'] repls with response [{'env': 0, 'time': 13.859245777130127}, {'env': 0
2025-07-15 20:30:00.320 | INFO     | utils.repl_cache:print_status:179 - 

=================================================================
Idx   | Header                                        | Pool Size 
-----------------------------------------------------------------
1     | ['import Mathlib\nimport Aesop']              | 22        
-----------------------------------------------------------------
Top 10 global LRU repl:
-----------------------------------------------------------------
Idx   | Header                                        | ID        
-----------------------------------------------------------------
1     | ['import Mathlib\nimport Aesop']              | 8fd5ee32  
2     | ['import Mathlib\nimport Aesop']              | acb1b7c7  
3     | ['import Mathlib\nimport Aesop']              | 912f67e3  
4     | ['import Mathlib\nimport Aesop']              | af8bfb53  
5     | ['import Mathlib\nimport Aesop']              | e0378ebc  
6     | ['import Mathlib\nimport Aesop']              | 3fcb23c5  
7     | ['import Mathlib\nimport Aesop']              | b8dfa7e9  
8     | ['import Mathlib\nimport Aesop']              | 4c09d741  
9     | ['import Mathlib\nimport Aesop']              | 7a59c4a4  
10    | ['import Mathlib\nimport Aesop']              | e70734d5  
...   | ...                                           | ...       
-----------------------------------------------------------------
      | Total                                         | 22        
      | Idle                                          | 22        
      | Create Queue                                  | 0         
      | Close Queue                                   | 0         
      | Cache Hits                                    | 0         
      | Cache Misses                                  | 0         
      | Cache ratio                                   | 0.00      
      | its                                           | 0.0       
=================================================================
2025-07-15 20:30:13.845 | INFO     | utils.repl_cache:print_status:179 - 

=================================================================
Idx   | Header                                        | Pool Size 
-----------------------------------------------------------------
1     | ['import Mathlib\nimport Aesop']              | 22        
-----------------------------------------------------------------
Top 10 global LRU repl:
-----------------------------------------------------------------
Idx   | Header                                        | ID        
-----------------------------------------------------------------
1     | ['import Mathlib\nimport Aesop']              | 8fd5ee32  
2     | ['import Mathlib\nimport Aesop']              | acb1b7c7  
3     | ['import Mathlib\nimport Aesop']              | 912f67e3  
4     | ['import Mathlib\nimport Aesop']              | af8bfb53  
5     | ['import Mathlib\nimport Aesop']              | e0378ebc  
6     | ['import Mathlib\nimport Aesop']              | 3fcb23c5  
7     | ['import Mathlib\nimport Aesop']              | b8dfa7e9  
8     | ['import Mathlib\nimport Aesop']              | 4c09d741  
9     | ['import Mathlib\nimport Aesop']              | 7a59c4a4  
10    | ['import Mathlib\nimport Aesop']              | e70734d5  
...   | ...                                           | ...       
-----------------------------------------------------------------
      | Total                                         | 22        
      | Idle                                          | 22        
      | Create Queue                                  | 0         
      | Close Queue                                   | 0         
      | Cache Hits                                    | 0         
      | Cache Misses                                  | 0         
      | Cache ratio                                   | 0.00      
      | its                                           | 0.0       
=================================================================
2025-07-15 20:30:28.847 | INFO     | utils.repl_cache:print_status:179 - 

=================================================================
Idx   | Header                                        | Pool Size 
-----------------------------------------------------------------
1     | ['import Mathlib\nimport Aesop']              | 22        
-----------------------------------------------------------------
Top 10 global LRU repl:
-----------------------------------------------------------------
Idx   | Header                                        | ID        
-----------------------------------------------------------------
1     | ['import Mathlib\nimport Aesop']              | 8fd5ee32  
2     | ['import Mathlib\nimport Aesop']              | acb1b7c7  
3     | ['import Mathlib\nimport Aesop']              | 912f67e3  
4     | ['import Mathlib\nimport Aesop']              | af8bfb53  
5     | ['import Mathlib\nimport Aesop']              | e0378ebc  
6     | ['import Mathlib\nimport Aesop']              | 3fcb23c5  
7     | ['import Mathlib\nimport Aesop']              | b8dfa7e9  
8     | ['import Mathlib\nimport Aesop']              | 4c09d741  
9     | ['import Mathlib\nimport Aesop']              | 7a59c4a4  
10    | ['import Mathlib\nimport Aesop']              | e70734d5  
...   | ...                                           | ...       
-----------------------------------------------------------------
      | Total                                         | 22        
      | Idle                                          | 22        
      | Create Queue                                  | 0         
      | Close Queue                                   | 0         
      | Cache Hits                                    | 0         
      | Cache Misses                                  | 0         
      | Cache ratio                                   | 0.00      
      | its                                           | 0.0       
=================================================================
2025-07-15 20:30:38.977 | DEBUG    | server.server:process_one_code_with_repl_fast:213 - [1234] Processing code: {"custom_id": "1234", "proof_header": "", "proof_body": "#check Nat", "timeout": 300}
2025-07-15 20:30:39.521 | INFO     | uvicorn.protocols.http.h11_impl:send:473 - 127.0.0.1:43262 - "POST /verify HTTP/1.1" 200
2025-07-15 20:30:42.266 | INFO     | utils.repl_cache:print_status:179 - 

=================================================================
Idx   | Header                                        | Pool Size 
-----------------------------------------------------------------
1     | ['import Mathlib\nimport Aesop']              | 22        
-----------------------------------------------------------------
Top 10 global LRU repl:
-----------------------------------------------------------------
Idx   | Header                                        | ID        
-----------------------------------------------------------------
1     | ['import Mathlib\nimport Aesop']              | 8fd5ee32  
2     | ['import Mathlib\nimport Aesop']              | acb1b7c7  
3     | ['import Mathlib\nimport Aesop']              | 912f67e3  
4     | ['import Mathlib\nimport Aesop']              | af8bfb53  
5     | ['import Mathlib\nimport Aesop']              | e0378ebc  
6     | ['import Mathlib\nimport Aesop']              | 3fcb23c5  
7     | ['import Mathlib\nimport Aesop']              | b8dfa7e9  
8     | ['import Mathlib\nimport Aesop']              | 4c09d741  
9     | ['import Mathlib\nimport Aesop']              | 7a59c4a4  
10    | ['import Mathlib\nimport Aesop']              | e70734d5  
...   | ...                                           | ...       
-----------------------------------------------------------------
      | Total                                         | 22        
      | Idle                                          | 22        
      | Create Queue                                  | 0         
      | Close Queue                                   | 0         
      | Cache Hits                                    | 0         
      | Cache Misses                                  | 0         
      | Cache ratio                                   | 0.00      
      | its                                           | 0.0       
=================================================================
2025-07-15 20:30:57.271 | INFO     | utils.repl_cache:print_status:179 - 

=================================================================
Idx   | Header                                        | Pool Size 
-----------------------------------------------------------------
1     | ['import Mathlib\nimport Aesop']              | 22        
-----------------------------------------------------------------
Top 10 global LRU repl:
-----------------------------------------------------------------
Idx   | Header                                        | ID        
-----------------------------------------------------------------
1     | ['import Mathlib\nimport Aesop']              | 8fd5ee32  
2     | ['import Mathlib\nimport Aesop']              | acb1b7c7  
3     | ['import Mathlib\nimport Aesop']              | 912f67e3  
4     | ['import Mathlib\nimport Aesop']              | af8bfb53  
5     | ['import Mathlib\nimport Aesop']              | e0378ebc  
6     | ['import Mathlib\nimport Aesop']              | 3fcb23c5  
7     | ['import Mathlib\nimport Aesop']              | b8dfa7e9  
8     | ['import Mathlib\nimport Aesop']              | 4c09d741  
9     | ['import Mathlib\nimport Aesop']              | 7a59c4a4  
10    | ['import Mathlib\nimport Aesop']              | e70734d5  
...   | ...                                           | ...       
-----------------------------------------------------------------
      | Total                                         | 22        
      | Idle                                          | 22        
      | Create Queue                                  | 0         
      | Close Queue                                   | 0         
      | Cache Hits                                    | 0         
      | Cache Misses                                  | 0         
      | Cache ratio                                   | 0.00      
      | its                                           | 0.0       
=================================================================
2025-07-15 20:31:10.773 | INFO     | utils.repl_cache:print_status:179 - 

=================================================================
Idx   | Header                                        | Pool Size 
-----------------------------------------------------------------
1     | ['import Mathlib\nimport Aesop']              | 22        
-----------------------------------------------------------------
Top 10 global LRU repl:
-----------------------------------------------------------------
Idx   | Header                                        | ID        
-----------------------------------------------------------------
1     | ['import Mathlib\nimport Aesop']              | 8fd5ee32  
2     | ['import Mathlib\nimport Aesop']              | acb1b7c7  
3     | ['import Mathlib\nimport Aesop']              | 912f67e3  
4     | ['import Mathlib\nimport Aesop']              | af8bfb53  
5     | ['import Mathlib\nimport Aesop']              | e0378ebc  
6     | ['import Mathlib\nimport Aesop']              | 3fcb23c5  
7     | ['import Mathlib\nimport Aesop']              | b8dfa7e9  
8     | ['import Mathlib\nimport Aesop']              | 4c09d741  
9     | ['import Mathlib\nimport Aesop']              | 7a59c4a4  
10    | ['import Mathlib\nimport Aesop']              | e70734d5  
...   | ...                                           | ...       
-----------------------------------------------------------------
      | Total                                         | 22        
      | Idle                                          | 22        
      | Create Queue                                  | 0         
      | Close Queue                                   | 0         
      | Cache Hits                                    | 0         
      | Cache Misses                                  | 0         
      | Cache ratio                                   | 0.00      
      | its                                           | 0.0       
=================================================================
2025-07-15 20:31:25.778 | INFO     | utils.repl_cache:print_status:179 - 

=================================================================
Idx   | Header                                        | Pool Size 
-----------------------------------------------------------------
1     | ['import Mathlib\nimport Aesop']              | 22        
-----------------------------------------------------------------
Top 10 global LRU repl:
-----------------------------------------------------------------
Idx   | Header                                        | ID        
-----------------------------------------------------------------
1     | ['import Mathlib\nimport Aesop']              | 8fd5ee32  
2     | ['import Mathlib\nimport Aesop']              | acb1b7c7  
3     | ['import Mathlib\nimport Aesop']              | 912f67e3  
4     | ['import Mathlib\nimport Aesop']              | af8bfb53  
5     | ['import Mathlib\nimport Aesop']              | e0378ebc  
6     | ['import Mathlib\nimport Aesop']              | 3fcb23c5  
7     | ['import Mathlib\nimport Aesop']              | b8dfa7e9  
8     | ['import Mathlib\nimport Aesop']              | 4c09d741  
9     | ['import Mathlib\nimport Aesop']              | 7a59c4a4  
10    | ['import Mathlib\nimport Aesop']              | e70734d5  
...   | ...                                           | ...       
-----------------------------------------------------------------
      | Total                                         | 22        
      | Idle                                          | 22        
      | Create Queue                                  | 0         
      | Close Queue                                   | 0         
      | Cache Hits                                    | 0         
      | Cache Misses                                  | 0         
      | Cache ratio                                   | 0.00      
      | its                                           | 0.0       
=================================================================
2025-07-15 20:31:37.763 | INFO     | uvicorn.server:shutdown:264 - Shutting down
2025-07-15 20:31:37.866 | INFO     | uvicorn.lifespan.on:shutdown:67 - Waiting for application shutdown.
2025-07-15 20:31:37.871 | INFO     | uvicorn.lifespan.on:shutdown:76 - Application shutdown complete.
2025-07-15 20:31:37.871 | INFO     | uvicorn.server:_serve:94 - Finished server process [50520]
