2025-07-17 02:23:52.072 | INFO     | uvicorn.server:_serve:84 - Started server process [39]
2025-07-17 02:23:52.072 | INFO     | uvicorn.lifespan.on:startup:48 - Waiting for application startup.
2025-07-17 02:23:52.276 | INFO     | uvicorn.lifespan.on:startup:62 - Application startup complete.
2025-07-17 02:23:52.306 | INFO     | uvicorn.server:_log_started_message:216 - Uvicorn running on http://0.0.0.0:12332 (Press CTRL+C to quit)
2025-07-17 02:23:54.138 | INFO     | uvicorn.protocols.http.h11_impl:send:473 - 127.0.0.1:49912 - "GET / HTTP/1.1" 200
2025-07-17 02:23:54.149 | DEBUG    | server.server:process_one_code_with_repl_fast:213 - [1234] Processing code: {"custom_id": "1234", "proof_header": "", "proof_body": "#check Nat", "timeout": 30}
2025-07-17 02:23:56.364 | INFO     | uvicorn.protocols.http.h11_impl:send:473 - 127.0.0.1:49914 - "POST /verify HTTP/1.1" 200
2025-07-17 02:24:07.352 | INFO     | utils.repl_cache:print_status:179 - 

=================================================================
Idx   | Header                                        | Pool Size 
-----------------------------------------------------------------
-----------------------------------------------------------------
Top 10 global LRU repl:
-----------------------------------------------------------------
Idx   | Header                                        | ID        
-----------------------------------------------------------------
-----------------------------------------------------------------
      | Total                                         | 0         
      | Idle                                          | 0         
      | Create Queue                                  | 0         
      | Close Queue                                   | 0         
      | Cache Hits                                    | 0         
      | Cache Misses                                  | 0         
      | Cache ratio                                   | 0.00      
      | its                                           | 0.0       
=================================================================
2025-07-17 02:24:22.355 | INFO     | utils.repl_cache:print_status:179 - 

=================================================================
Idx   | Header                                        | Pool Size 
-----------------------------------------------------------------
-----------------------------------------------------------------
Top 10 global LRU repl:
-----------------------------------------------------------------
Idx   | Header                                        | ID        
-----------------------------------------------------------------
-----------------------------------------------------------------
      | Total                                         | 0         
      | Idle                                          | 0         
      | Create Queue                                  | 0         
      | Close Queue                                   | 0         
      | Cache Hits                                    | 0         
      | Cache Misses                                  | 0         
      | Cache ratio                                   | 0.00      
      | its                                           | 0.0       
=================================================================
2025-07-17 02:24:27.570 | INFO     | server.server:_repl_creater:41 - Created 22 ['import Mathlib\nimport Aesop'] repls with response [{'env': 0, 'time': 33.62857627868652}, {'env': 0,
2025-07-17 02:24:37.447 | INFO     | utils.repl_cache:print_status:179 - 

=================================================================
Idx   | Header                                        | Pool Size 
-----------------------------------------------------------------
1     | ['import Mathlib\nimport Aesop']              | 22        
-----------------------------------------------------------------
Top 10 global LRU repl:
-----------------------------------------------------------------
Idx   | Header                                        | ID        
-----------------------------------------------------------------
1     | ['import Mathlib\nimport Aesop']              | 5ce8483b  
2     | ['import Mathlib\nimport Aesop']              | ecee11da  
3     | ['import Mathlib\nimport Aesop']              | 1fa040a1  
4     | ['import Mathlib\nimport Aesop']              | c782b9c8  
5     | ['import Mathlib\nimport Aesop']              | a8512bfe  
6     | ['import Mathlib\nimport Aesop']              | fcc8e63b  
7     | ['import Mathlib\nimport Aesop']              | a69b0e7f  
8     | ['import Mathlib\nimport Aesop']              | e118ff86  
9     | ['import Mathlib\nimport Aesop']              | 81a38171  
10    | ['import Mathlib\nimport Aesop']              | b131a957  
...   | ...                                           | ...       
-----------------------------------------------------------------
      | Total                                         | 22        
      | Idle                                          | 22        
      | Create Queue                                  | 0         
      | Close Queue                                   | 0         
      | Cache Hits                                    | 0         
      | Cache Misses                                  | 0         
      | Cache ratio                                   | 0.00      
      | its                                           | 0.0       
=================================================================
2025-07-17 02:24:52.448 | INFO     | utils.repl_cache:print_status:179 - 

=================================================================
Idx   | Header                                        | Pool Size 
-----------------------------------------------------------------
1     | ['import Mathlib\nimport Aesop']              | 22        
-----------------------------------------------------------------
Top 10 global LRU repl:
-----------------------------------------------------------------
Idx   | Header                                        | ID        
-----------------------------------------------------------------
1     | ['import Mathlib\nimport Aesop']              | 5ce8483b  
2     | ['import Mathlib\nimport Aesop']              | ecee11da  
3     | ['import Mathlib\nimport Aesop']              | 1fa040a1  
4     | ['import Mathlib\nimport Aesop']              | c782b9c8  
5     | ['import Mathlib\nimport Aesop']              | a8512bfe  
6     | ['import Mathlib\nimport Aesop']              | fcc8e63b  
7     | ['import Mathlib\nimport Aesop']              | a69b0e7f  
8     | ['import Mathlib\nimport Aesop']              | e118ff86  
9     | ['import Mathlib\nimport Aesop']              | 81a38171  
10    | ['import Mathlib\nimport Aesop']              | b131a957  
...   | ...                                           | ...       
-----------------------------------------------------------------
      | Total                                         | 22        
      | Idle                                          | 22        
      | Create Queue                                  | 0         
      | Close Queue                                   | 0         
      | Cache Hits                                    | 0         
      | Cache Misses                                  | 0         
      | Cache ratio                                   | 0.00      
      | its                                           | 0.0       
=================================================================
2025-07-17 02:25:07.529 | INFO     | utils.repl_cache:print_status:179 - 

=================================================================
Idx   | Header                                        | Pool Size 
-----------------------------------------------------------------
1     | ['import Mathlib\nimport Aesop']              | 22        
-----------------------------------------------------------------
Top 10 global LRU repl:
-----------------------------------------------------------------
Idx   | Header                                        | ID        
-----------------------------------------------------------------
1     | ['import Mathlib\nimport Aesop']              | 5ce8483b  
2     | ['import Mathlib\nimport Aesop']              | ecee11da  
3     | ['import Mathlib\nimport Aesop']              | 1fa040a1  
4     | ['import Mathlib\nimport Aesop']              | c782b9c8  
5     | ['import Mathlib\nimport Aesop']              | a8512bfe  
6     | ['import Mathlib\nimport Aesop']              | fcc8e63b  
7     | ['import Mathlib\nimport Aesop']              | a69b0e7f  
8     | ['import Mathlib\nimport Aesop']              | e118ff86  
9     | ['import Mathlib\nimport Aesop']              | 81a38171  
10    | ['import Mathlib\nimport Aesop']              | b131a957  
...   | ...                                           | ...       
-----------------------------------------------------------------
      | Total                                         | 22        
      | Idle                                          | 22        
      | Create Queue                                  | 0         
      | Close Queue                                   | 0         
      | Cache Hits                                    | 0         
      | Cache Misses                                  | 0         
      | Cache ratio                                   | 0.00      
      | its                                           | 0.0       
=================================================================
2025-07-17 02:25:22.531 | INFO     | utils.repl_cache:print_status:179 - 

=================================================================
Idx   | Header                                        | Pool Size 
-----------------------------------------------------------------
1     | ['import Mathlib\nimport Aesop']              | 22        
-----------------------------------------------------------------
Top 10 global LRU repl:
-----------------------------------------------------------------
Idx   | Header                                        | ID        
-----------------------------------------------------------------
1     | ['import Mathlib\nimport Aesop']              | 5ce8483b  
2     | ['import Mathlib\nimport Aesop']              | ecee11da  
3     | ['import Mathlib\nimport Aesop']              | 1fa040a1  
4     | ['import Mathlib\nimport Aesop']              | c782b9c8  
5     | ['import Mathlib\nimport Aesop']              | a8512bfe  
6     | ['import Mathlib\nimport Aesop']              | fcc8e63b  
7     | ['import Mathlib\nimport Aesop']              | a69b0e7f  
8     | ['import Mathlib\nimport Aesop']              | e118ff86  
9     | ['import Mathlib\nimport Aesop']              | 81a38171  
10    | ['import Mathlib\nimport Aesop']              | b131a957  
...   | ...                                           | ...       
-----------------------------------------------------------------
      | Total                                         | 22        
      | Idle                                          | 22        
      | Create Queue                                  | 0         
      | Close Queue                                   | 0         
      | Cache Hits                                    | 0         
      | Cache Misses                                  | 0         
      | Cache ratio                                   | 0.00      
      | its                                           | 0.0       
=================================================================
2025-07-17 02:25:37.630 | INFO     | utils.repl_cache:print_status:179 - 

=================================================================
Idx   | Header                                        | Pool Size 
-----------------------------------------------------------------
1     | ['import Mathlib\nimport Aesop']              | 22        
-----------------------------------------------------------------
Top 10 global LRU repl:
-----------------------------------------------------------------
Idx   | Header                                        | ID        
-----------------------------------------------------------------
1     | ['import Mathlib\nimport Aesop']              | 5ce8483b  
2     | ['import Mathlib\nimport Aesop']              | ecee11da  
3     | ['import Mathlib\nimport Aesop']              | 1fa040a1  
4     | ['import Mathlib\nimport Aesop']              | c782b9c8  
5     | ['import Mathlib\nimport Aesop']              | a8512bfe  
6     | ['import Mathlib\nimport Aesop']              | fcc8e63b  
7     | ['import Mathlib\nimport Aesop']              | a69b0e7f  
8     | ['import Mathlib\nimport Aesop']              | e118ff86  
9     | ['import Mathlib\nimport Aesop']              | 81a38171  
10    | ['import Mathlib\nimport Aesop']              | b131a957  
...   | ...                                           | ...       
-----------------------------------------------------------------
      | Total                                         | 22        
      | Idle                                          | 22        
      | Create Queue                                  | 0         
      | Close Queue                                   | 0         
      | Cache Hits                                    | 0         
      | Cache Misses                                  | 0         
      | Cache ratio                                   | 0.00      
      | its                                           | 0.0       
=================================================================
2025-07-17 02:25:52.632 | INFO     | utils.repl_cache:print_status:179 - 

=================================================================
Idx   | Header                                        | Pool Size 
-----------------------------------------------------------------
1     | ['import Mathlib\nimport Aesop']              | 22        
-----------------------------------------------------------------
Top 10 global LRU repl:
-----------------------------------------------------------------
Idx   | Header                                        | ID        
-----------------------------------------------------------------
1     | ['import Mathlib\nimport Aesop']              | 5ce8483b  
2     | ['import Mathlib\nimport Aesop']              | ecee11da  
3     | ['import Mathlib\nimport Aesop']              | 1fa040a1  
4     | ['import Mathlib\nimport Aesop']              | c782b9c8  
5     | ['import Mathlib\nimport Aesop']              | a8512bfe  
6     | ['import Mathlib\nimport Aesop']              | fcc8e63b  
7     | ['import Mathlib\nimport Aesop']              | a69b0e7f  
8     | ['import Mathlib\nimport Aesop']              | e118ff86  
9     | ['import Mathlib\nimport Aesop']              | 81a38171  
10    | ['import Mathlib\nimport Aesop']              | b131a957  
...   | ...                                           | ...       
-----------------------------------------------------------------
      | Total                                         | 22        
      | Idle                                          | 22        
      | Create Queue                                  | 0         
      | Close Queue                                   | 0         
      | Cache Hits                                    | 0         
      | Cache Misses                                  | 0         
      | Cache ratio                                   | 0.00      
      | its                                           | 0.0       
=================================================================
2025-07-17 02:26:07.719 | INFO     | utils.repl_cache:print_status:179 - 

=================================================================
Idx   | Header                                        | Pool Size 
-----------------------------------------------------------------
1     | ['import Mathlib\nimport Aesop']              | 22        
-----------------------------------------------------------------
Top 10 global LRU repl:
-----------------------------------------------------------------
Idx   | Header                                        | ID        
-----------------------------------------------------------------
1     | ['import Mathlib\nimport Aesop']              | 5ce8483b  
2     | ['import Mathlib\nimport Aesop']              | ecee11da  
3     | ['import Mathlib\nimport Aesop']              | 1fa040a1  
4     | ['import Mathlib\nimport Aesop']              | c782b9c8  
5     | ['import Mathlib\nimport Aesop']              | a8512bfe  
6     | ['import Mathlib\nimport Aesop']              | fcc8e63b  
7     | ['import Mathlib\nimport Aesop']              | a69b0e7f  
8     | ['import Mathlib\nimport Aesop']              | e118ff86  
9     | ['import Mathlib\nimport Aesop']              | 81a38171  
10    | ['import Mathlib\nimport Aesop']              | b131a957  
...   | ...                                           | ...       
-----------------------------------------------------------------
      | Total                                         | 22        
      | Idle                                          | 22        
      | Create Queue                                  | 0         
      | Close Queue                                   | 0         
      | Cache Hits                                    | 0         
      | Cache Misses                                  | 0         
      | Cache ratio                                   | 0.00      
      | its                                           | 0.0       
=================================================================
2025-07-17 02:26:22.720 | INFO     | utils.repl_cache:print_status:179 - 

=================================================================
Idx   | Header                                        | Pool Size 
-----------------------------------------------------------------
1     | ['import Mathlib\nimport Aesop']              | 22        
-----------------------------------------------------------------
Top 10 global LRU repl:
-----------------------------------------------------------------
Idx   | Header                                        | ID        
-----------------------------------------------------------------
1     | ['import Mathlib\nimport Aesop']              | 5ce8483b  
2     | ['import Mathlib\nimport Aesop']              | ecee11da  
3     | ['import Mathlib\nimport Aesop']              | 1fa040a1  
4     | ['import Mathlib\nimport Aesop']              | c782b9c8  
5     | ['import Mathlib\nimport Aesop']              | a8512bfe  
6     | ['import Mathlib\nimport Aesop']              | fcc8e63b  
7     | ['import Mathlib\nimport Aesop']              | a69b0e7f  
8     | ['import Mathlib\nimport Aesop']              | e118ff86  
9     | ['import Mathlib\nimport Aesop']              | 81a38171  
10    | ['import Mathlib\nimport Aesop']              | b131a957  
...   | ...                                           | ...       
-----------------------------------------------------------------
      | Total                                         | 22        
      | Idle                                          | 22        
      | Create Queue                                  | 0         
      | Close Queue                                   | 0         
      | Cache Hits                                    | 0         
      | Cache Misses                                  | 0         
      | Cache ratio                                   | 0.00      
      | its                                           | 0.0       
=================================================================
2025-07-17 02:26:37.804 | INFO     | utils.repl_cache:print_status:179 - 

=================================================================
Idx   | Header                                        | Pool Size 
-----------------------------------------------------------------
1     | ['import Mathlib\nimport Aesop']              | 22        
-----------------------------------------------------------------
Top 10 global LRU repl:
-----------------------------------------------------------------
Idx   | Header                                        | ID        
-----------------------------------------------------------------
1     | ['import Mathlib\nimport Aesop']              | 5ce8483b  
2     | ['import Mathlib\nimport Aesop']              | ecee11da  
3     | ['import Mathlib\nimport Aesop']              | 1fa040a1  
4     | ['import Mathlib\nimport Aesop']              | c782b9c8  
5     | ['import Mathlib\nimport Aesop']              | a8512bfe  
6     | ['import Mathlib\nimport Aesop']              | fcc8e63b  
7     | ['import Mathlib\nimport Aesop']              | a69b0e7f  
8     | ['import Mathlib\nimport Aesop']              | e118ff86  
9     | ['import Mathlib\nimport Aesop']              | 81a38171  
10    | ['import Mathlib\nimport Aesop']              | b131a957  
...   | ...                                           | ...       
-----------------------------------------------------------------
      | Total                                         | 22        
      | Idle                                          | 22        
      | Create Queue                                  | 0         
      | Close Queue                                   | 0         
      | Cache Hits                                    | 0         
      | Cache Misses                                  | 0         
      | Cache ratio                                   | 0.00      
      | its                                           | 0.0       
=================================================================
2025-07-17 02:26:52.805 | INFO     | utils.repl_cache:print_status:179 - 

=================================================================
Idx   | Header                                        | Pool Size 
-----------------------------------------------------------------
1     | ['import Mathlib\nimport Aesop']              | 22        
-----------------------------------------------------------------
Top 10 global LRU repl:
-----------------------------------------------------------------
Idx   | Header                                        | ID        
-----------------------------------------------------------------
1     | ['import Mathlib\nimport Aesop']              | 5ce8483b  
2     | ['import Mathlib\nimport Aesop']              | ecee11da  
3     | ['import Mathlib\nimport Aesop']              | 1fa040a1  
4     | ['import Mathlib\nimport Aesop']              | c782b9c8  
5     | ['import Mathlib\nimport Aesop']              | a8512bfe  
6     | ['import Mathlib\nimport Aesop']              | fcc8e63b  
7     | ['import Mathlib\nimport Aesop']              | a69b0e7f  
8     | ['import Mathlib\nimport Aesop']              | e118ff86  
9     | ['import Mathlib\nimport Aesop']              | 81a38171  
10    | ['import Mathlib\nimport Aesop']              | b131a957  
...   | ...                                           | ...       
-----------------------------------------------------------------
      | Total                                         | 22        
      | Idle                                          | 22        
      | Create Queue                                  | 0         
      | Close Queue                                   | 0         
      | Cache Hits                                    | 0         
      | Cache Misses                                  | 0         
      | Cache ratio                                   | 0.00      
      | its                                           | 0.0       
=================================================================
2025-07-17 02:27:07.916 | INFO     | utils.repl_cache:print_status:179 - 

=================================================================
Idx   | Header                                        | Pool Size 
-----------------------------------------------------------------
1     | ['import Mathlib\nimport Aesop']              | 22        
-----------------------------------------------------------------
Top 10 global LRU repl:
-----------------------------------------------------------------
Idx   | Header                                        | ID        
-----------------------------------------------------------------
1     | ['import Mathlib\nimport Aesop']              | 5ce8483b  
2     | ['import Mathlib\nimport Aesop']              | ecee11da  
3     | ['import Mathlib\nimport Aesop']              | 1fa040a1  
4     | ['import Mathlib\nimport Aesop']              | c782b9c8  
5     | ['import Mathlib\nimport Aesop']              | a8512bfe  
6     | ['import Mathlib\nimport Aesop']              | fcc8e63b  
7     | ['import Mathlib\nimport Aesop']              | a69b0e7f  
8     | ['import Mathlib\nimport Aesop']              | e118ff86  
9     | ['import Mathlib\nimport Aesop']              | 81a38171  
10    | ['import Mathlib\nimport Aesop']              | b131a957  
...   | ...                                           | ...       
-----------------------------------------------------------------
      | Total                                         | 22        
      | Idle                                          | 22        
      | Create Queue                                  | 0         
      | Close Queue                                   | 0         
      | Cache Hits                                    | 0         
      | Cache Misses                                  | 0         
      | Cache ratio                                   | 0.00      
      | its                                           | 0.0       
=================================================================
2025-07-17 02:27:22.918 | INFO     | utils.repl_cache:print_status:179 - 

=================================================================
Idx   | Header                                        | Pool Size 
-----------------------------------------------------------------
1     | ['import Mathlib\nimport Aesop']              | 22        
-----------------------------------------------------------------
Top 10 global LRU repl:
-----------------------------------------------------------------
Idx   | Header                                        | ID        
-----------------------------------------------------------------
1     | ['import Mathlib\nimport Aesop']              | 5ce8483b  
2     | ['import Mathlib\nimport Aesop']              | ecee11da  
3     | ['import Mathlib\nimport Aesop']              | 1fa040a1  
4     | ['import Mathlib\nimport Aesop']              | c782b9c8  
5     | ['import Mathlib\nimport Aesop']              | a8512bfe  
6     | ['import Mathlib\nimport Aesop']              | fcc8e63b  
7     | ['import Mathlib\nimport Aesop']              | a69b0e7f  
8     | ['import Mathlib\nimport Aesop']              | e118ff86  
9     | ['import Mathlib\nimport Aesop']              | 81a38171  
10    | ['import Mathlib\nimport Aesop']              | b131a957  
...   | ...                                           | ...       
-----------------------------------------------------------------
      | Total                                         | 22        
      | Idle                                          | 22        
      | Create Queue                                  | 0         
      | Close Queue                                   | 0         
      | Cache Hits                                    | 0         
      | Cache Misses                                  | 0         
      | Cache ratio                                   | 0.00      
      | its                                           | 0.0       
=================================================================
2025-07-17 02:27:37.992 | INFO     | utils.repl_cache:print_status:179 - 

=================================================================
Idx   | Header                                        | Pool Size 
-----------------------------------------------------------------
1     | ['import Mathlib\nimport Aesop']              | 22        
-----------------------------------------------------------------
Top 10 global LRU repl:
-----------------------------------------------------------------
Idx   | Header                                        | ID        
-----------------------------------------------------------------
1     | ['import Mathlib\nimport Aesop']              | 5ce8483b  
2     | ['import Mathlib\nimport Aesop']              | ecee11da  
3     | ['import Mathlib\nimport Aesop']              | 1fa040a1  
4     | ['import Mathlib\nimport Aesop']              | c782b9c8  
5     | ['import Mathlib\nimport Aesop']              | a8512bfe  
6     | ['import Mathlib\nimport Aesop']              | fcc8e63b  
7     | ['import Mathlib\nimport Aesop']              | a69b0e7f  
8     | ['import Mathlib\nimport Aesop']              | e118ff86  
9     | ['import Mathlib\nimport Aesop']              | 81a38171  
10    | ['import Mathlib\nimport Aesop']              | b131a957  
...   | ...                                           | ...       
-----------------------------------------------------------------
      | Total                                         | 22        
      | Idle                                          | 22        
      | Create Queue                                  | 0         
      | Close Queue                                   | 0         
      | Cache Hits                                    | 0         
      | Cache Misses                                  | 0         
      | Cache ratio                                   | 0.00      
      | its                                           | 0.0       
=================================================================
2025-07-17 02:27:52.994 | INFO     | utils.repl_cache:print_status:179 - 

=================================================================
Idx   | Header                                        | Pool Size 
-----------------------------------------------------------------
1     | ['import Mathlib\nimport Aesop']              | 22        
-----------------------------------------------------------------
Top 10 global LRU repl:
-----------------------------------------------------------------
Idx   | Header                                        | ID        
-----------------------------------------------------------------
1     | ['import Mathlib\nimport Aesop']              | 5ce8483b  
2     | ['import Mathlib\nimport Aesop']              | ecee11da  
3     | ['import Mathlib\nimport Aesop']              | 1fa040a1  
4     | ['import Mathlib\nimport Aesop']              | c782b9c8  
5     | ['import Mathlib\nimport Aesop']              | a8512bfe  
6     | ['import Mathlib\nimport Aesop']              | fcc8e63b  
7     | ['import Mathlib\nimport Aesop']              | a69b0e7f  
8     | ['import Mathlib\nimport Aesop']              | e118ff86  
9     | ['import Mathlib\nimport Aesop']              | 81a38171  
10    | ['import Mathlib\nimport Aesop']              | b131a957  
...   | ...                                           | ...       
-----------------------------------------------------------------
      | Total                                         | 22        
      | Idle                                          | 22        
      | Create Queue                                  | 0         
      | Close Queue                                   | 0         
      | Cache Hits                                    | 0         
      | Cache Misses                                  | 0         
      | Cache ratio                                   | 0.00      
      | its                                           | 0.0       
=================================================================
2025-07-17 02:28:08.115 | INFO     | utils.repl_cache:print_status:179 - 

=================================================================
Idx   | Header                                        | Pool Size 
-----------------------------------------------------------------
1     | ['import Mathlib\nimport Aesop']              | 22        
-----------------------------------------------------------------
Top 10 global LRU repl:
-----------------------------------------------------------------
Idx   | Header                                        | ID        
-----------------------------------------------------------------
1     | ['import Mathlib\nimport Aesop']              | 5ce8483b  
2     | ['import Mathlib\nimport Aesop']              | ecee11da  
3     | ['import Mathlib\nimport Aesop']              | 1fa040a1  
4     | ['import Mathlib\nimport Aesop']              | c782b9c8  
5     | ['import Mathlib\nimport Aesop']              | a8512bfe  
6     | ['import Mathlib\nimport Aesop']              | fcc8e63b  
7     | ['import Mathlib\nimport Aesop']              | a69b0e7f  
8     | ['import Mathlib\nimport Aesop']              | e118ff86  
9     | ['import Mathlib\nimport Aesop']              | 81a38171  
10    | ['import Mathlib\nimport Aesop']              | b131a957  
...   | ...                                           | ...       
-----------------------------------------------------------------
      | Total                                         | 22        
      | Idle                                          | 22        
      | Create Queue                                  | 0         
      | Close Queue                                   | 0         
      | Cache Hits                                    | 0         
      | Cache Misses                                  | 0         
      | Cache ratio                                   | 0.00      
      | its                                           | 0.0       
=================================================================
2025-07-17 02:28:23.117 | INFO     | utils.repl_cache:print_status:179 - 

=================================================================
Idx   | Header                                        | Pool Size 
-----------------------------------------------------------------
1     | ['import Mathlib\nimport Aesop']              | 22        
-----------------------------------------------------------------
Top 10 global LRU repl:
-----------------------------------------------------------------
Idx   | Header                                        | ID        
-----------------------------------------------------------------
1     | ['import Mathlib\nimport Aesop']              | 5ce8483b  
2     | ['import Mathlib\nimport Aesop']              | ecee11da  
3     | ['import Mathlib\nimport Aesop']              | 1fa040a1  
4     | ['import Mathlib\nimport Aesop']              | c782b9c8  
5     | ['import Mathlib\nimport Aesop']              | a8512bfe  
6     | ['import Mathlib\nimport Aesop']              | fcc8e63b  
7     | ['import Mathlib\nimport Aesop']              | a69b0e7f  
8     | ['import Mathlib\nimport Aesop']              | e118ff86  
9     | ['import Mathlib\nimport Aesop']              | 81a38171  
10    | ['import Mathlib\nimport Aesop']              | b131a957  
...   | ...                                           | ...       
-----------------------------------------------------------------
      | Total                                         | 22        
      | Idle                                          | 22        
      | Create Queue                                  | 0         
      | Close Queue                                   | 0         
      | Cache Hits                                    | 0         
      | Cache Misses                                  | 0         
      | Cache ratio                                   | 0.00      
      | its                                           | 0.0       
=================================================================
2025-07-17 02:28:38.192 | INFO     | utils.repl_cache:print_status:179 - 

=================================================================
Idx   | Header                                        | Pool Size 
-----------------------------------------------------------------
1     | ['import Mathlib\nimport Aesop']              | 22        
-----------------------------------------------------------------
Top 10 global LRU repl:
-----------------------------------------------------------------
Idx   | Header                                        | ID        
-----------------------------------------------------------------
1     | ['import Mathlib\nimport Aesop']              | 5ce8483b  
2     | ['import Mathlib\nimport Aesop']              | ecee11da  
3     | ['import Mathlib\nimport Aesop']              | 1fa040a1  
4     | ['import Mathlib\nimport Aesop']              | c782b9c8  
5     | ['import Mathlib\nimport Aesop']              | a8512bfe  
6     | ['import Mathlib\nimport Aesop']              | fcc8e63b  
7     | ['import Mathlib\nimport Aesop']              | a69b0e7f  
8     | ['import Mathlib\nimport Aesop']              | e118ff86  
9     | ['import Mathlib\nimport Aesop']              | 81a38171  
10    | ['import Mathlib\nimport Aesop']              | b131a957  
...   | ...                                           | ...       
-----------------------------------------------------------------
      | Total                                         | 22        
      | Idle                                          | 22        
      | Create Queue                                  | 0         
      | Close Queue                                   | 0         
      | Cache Hits                                    | 0         
      | Cache Misses                                  | 0         
      | Cache ratio                                   | 0.00      
      | its                                           | 0.0       
=================================================================
2025-07-17 02:28:53.193 | INFO     | utils.repl_cache:print_status:179 - 

=================================================================
Idx   | Header                                        | Pool Size 
-----------------------------------------------------------------
1     | ['import Mathlib\nimport Aesop']              | 22        
-----------------------------------------------------------------
Top 10 global LRU repl:
-----------------------------------------------------------------
Idx   | Header                                        | ID        
-----------------------------------------------------------------
1     | ['import Mathlib\nimport Aesop']              | 5ce8483b  
2     | ['import Mathlib\nimport Aesop']              | ecee11da  
3     | ['import Mathlib\nimport Aesop']              | 1fa040a1  
4     | ['import Mathlib\nimport Aesop']              | c782b9c8  
5     | ['import Mathlib\nimport Aesop']              | a8512bfe  
6     | ['import Mathlib\nimport Aesop']              | fcc8e63b  
7     | ['import Mathlib\nimport Aesop']              | a69b0e7f  
8     | ['import Mathlib\nimport Aesop']              | e118ff86  
9     | ['import Mathlib\nimport Aesop']              | 81a38171  
10    | ['import Mathlib\nimport Aesop']              | b131a957  
...   | ...                                           | ...       
-----------------------------------------------------------------
      | Total                                         | 22        
      | Idle                                          | 22        
      | Create Queue                                  | 0         
      | Close Queue                                   | 0         
      | Cache Hits                                    | 0         
      | Cache Misses                                  | 0         
      | Cache ratio                                   | 0.00      
      | its                                           | 0.0       
=================================================================
2025-07-17 02:29:08.280 | INFO     | utils.repl_cache:print_status:179 - 

=================================================================
Idx   | Header                                        | Pool Size 
-----------------------------------------------------------------
1     | ['import Mathlib\nimport Aesop']              | 22        
-----------------------------------------------------------------
Top 10 global LRU repl:
-----------------------------------------------------------------
Idx   | Header                                        | ID        
-----------------------------------------------------------------
1     | ['import Mathlib\nimport Aesop']              | 5ce8483b  
2     | ['import Mathlib\nimport Aesop']              | ecee11da  
3     | ['import Mathlib\nimport Aesop']              | 1fa040a1  
4     | ['import Mathlib\nimport Aesop']              | c782b9c8  
5     | ['import Mathlib\nimport Aesop']              | a8512bfe  
6     | ['import Mathlib\nimport Aesop']              | fcc8e63b  
7     | ['import Mathlib\nimport Aesop']              | a69b0e7f  
8     | ['import Mathlib\nimport Aesop']              | e118ff86  
9     | ['import Mathlib\nimport Aesop']              | 81a38171  
10    | ['import Mathlib\nimport Aesop']              | b131a957  
...   | ...                                           | ...       
-----------------------------------------------------------------
      | Total                                         | 22        
      | Idle                                          | 22        
      | Create Queue                                  | 0         
      | Close Queue                                   | 0         
      | Cache Hits                                    | 0         
      | Cache Misses                                  | 0         
      | Cache ratio                                   | 0.00      
      | its                                           | 0.0       
=================================================================
2025-07-17 02:29:23.281 | INFO     | utils.repl_cache:print_status:179 - 

=================================================================
Idx   | Header                                        | Pool Size 
-----------------------------------------------------------------
1     | ['import Mathlib\nimport Aesop']              | 22        
-----------------------------------------------------------------
Top 10 global LRU repl:
-----------------------------------------------------------------
Idx   | Header                                        | ID        
-----------------------------------------------------------------
1     | ['import Mathlib\nimport Aesop']              | 5ce8483b  
2     | ['import Mathlib\nimport Aesop']              | ecee11da  
3     | ['import Mathlib\nimport Aesop']              | 1fa040a1  
4     | ['import Mathlib\nimport Aesop']              | c782b9c8  
5     | ['import Mathlib\nimport Aesop']              | a8512bfe  
6     | ['import Mathlib\nimport Aesop']              | fcc8e63b  
7     | ['import Mathlib\nimport Aesop']              | a69b0e7f  
8     | ['import Mathlib\nimport Aesop']              | e118ff86  
9     | ['import Mathlib\nimport Aesop']              | 81a38171  
10    | ['import Mathlib\nimport Aesop']              | b131a957  
...   | ...                                           | ...       
-----------------------------------------------------------------
      | Total                                         | 22        
      | Idle                                          | 22        
      | Create Queue                                  | 0         
      | Close Queue                                   | 0         
      | Cache Hits                                    | 0         
      | Cache Misses                                  | 0         
      | Cache ratio                                   | 0.00      
      | its                                           | 0.0       
=================================================================
2025-07-17 02:29:38.352 | INFO     | utils.repl_cache:print_status:179 - 

=================================================================
Idx   | Header                                        | Pool Size 
-----------------------------------------------------------------
1     | ['import Mathlib\nimport Aesop']              | 22        
-----------------------------------------------------------------
Top 10 global LRU repl:
-----------------------------------------------------------------
Idx   | Header                                        | ID        
-----------------------------------------------------------------
1     | ['import Mathlib\nimport Aesop']              | 5ce8483b  
2     | ['import Mathlib\nimport Aesop']              | ecee11da  
3     | ['import Mathlib\nimport Aesop']              | 1fa040a1  
4     | ['import Mathlib\nimport Aesop']              | c782b9c8  
5     | ['import Mathlib\nimport Aesop']              | a8512bfe  
6     | ['import Mathlib\nimport Aesop']              | fcc8e63b  
7     | ['import Mathlib\nimport Aesop']              | a69b0e7f  
8     | ['import Mathlib\nimport Aesop']              | e118ff86  
9     | ['import Mathlib\nimport Aesop']              | 81a38171  
10    | ['import Mathlib\nimport Aesop']              | b131a957  
...   | ...                                           | ...       
-----------------------------------------------------------------
      | Total                                         | 22        
      | Idle                                          | 22        
      | Create Queue                                  | 0         
      | Close Queue                                   | 0         
      | Cache Hits                                    | 0         
      | Cache Misses                                  | 0         
      | Cache ratio                                   | 0.00      
      | its                                           | 0.0       
=================================================================
2025-07-17 02:29:53.354 | INFO     | utils.repl_cache:print_status:179 - 

=================================================================
Idx   | Header                                        | Pool Size 
-----------------------------------------------------------------
1     | ['import Mathlib\nimport Aesop']              | 22        
-----------------------------------------------------------------
Top 10 global LRU repl:
-----------------------------------------------------------------
Idx   | Header                                        | ID        
-----------------------------------------------------------------
1     | ['import Mathlib\nimport Aesop']              | 5ce8483b  
2     | ['import Mathlib\nimport Aesop']              | ecee11da  
3     | ['import Mathlib\nimport Aesop']              | 1fa040a1  
4     | ['import Mathlib\nimport Aesop']              | c782b9c8  
5     | ['import Mathlib\nimport Aesop']              | a8512bfe  
6     | ['import Mathlib\nimport Aesop']              | fcc8e63b  
7     | ['import Mathlib\nimport Aesop']              | a69b0e7f  
8     | ['import Mathlib\nimport Aesop']              | e118ff86  
9     | ['import Mathlib\nimport Aesop']              | 81a38171  
10    | ['import Mathlib\nimport Aesop']              | b131a957  
...   | ...                                           | ...       
-----------------------------------------------------------------
      | Total                                         | 22        
      | Idle                                          | 22        
      | Create Queue                                  | 0         
      | Close Queue                                   | 0         
      | Cache Hits                                    | 0         
      | Cache Misses                                  | 0         
      | Cache ratio                                   | 0.00      
      | its                                           | 0.0       
=================================================================
2025-07-17 02:30:08.455 | INFO     | utils.repl_cache:print_status:179 - 

=================================================================
Idx   | Header                                        | Pool Size 
-----------------------------------------------------------------
1     | ['import Mathlib\nimport Aesop']              | 22        
-----------------------------------------------------------------
Top 10 global LRU repl:
-----------------------------------------------------------------
Idx   | Header                                        | ID        
-----------------------------------------------------------------
1     | ['import Mathlib\nimport Aesop']              | 5ce8483b  
2     | ['import Mathlib\nimport Aesop']              | ecee11da  
3     | ['import Mathlib\nimport Aesop']              | 1fa040a1  
4     | ['import Mathlib\nimport Aesop']              | c782b9c8  
5     | ['import Mathlib\nimport Aesop']              | a8512bfe  
6     | ['import Mathlib\nimport Aesop']              | fcc8e63b  
7     | ['import Mathlib\nimport Aesop']              | a69b0e7f  
8     | ['import Mathlib\nimport Aesop']              | e118ff86  
9     | ['import Mathlib\nimport Aesop']              | 81a38171  
10    | ['import Mathlib\nimport Aesop']              | b131a957  
...   | ...                                           | ...       
-----------------------------------------------------------------
      | Total                                         | 22        
      | Idle                                          | 22        
      | Create Queue                                  | 0         
      | Close Queue                                   | 0         
      | Cache Hits                                    | 0         
      | Cache Misses                                  | 0         
      | Cache ratio                                   | 0.00      
      | its                                           | 0.0       
=================================================================
2025-07-17 02:30:23.458 | INFO     | utils.repl_cache:print_status:179 - 

=================================================================
Idx   | Header                                        | Pool Size 
-----------------------------------------------------------------
1     | ['import Mathlib\nimport Aesop']              | 22        
-----------------------------------------------------------------
Top 10 global LRU repl:
-----------------------------------------------------------------
Idx   | Header                                        | ID        
-----------------------------------------------------------------
1     | ['import Mathlib\nimport Aesop']              | 5ce8483b  
2     | ['import Mathlib\nimport Aesop']              | ecee11da  
3     | ['import Mathlib\nimport Aesop']              | 1fa040a1  
4     | ['import Mathlib\nimport Aesop']              | c782b9c8  
5     | ['import Mathlib\nimport Aesop']              | a8512bfe  
6     | ['import Mathlib\nimport Aesop']              | fcc8e63b  
7     | ['import Mathlib\nimport Aesop']              | a69b0e7f  
8     | ['import Mathlib\nimport Aesop']              | e118ff86  
9     | ['import Mathlib\nimport Aesop']              | 81a38171  
10    | ['import Mathlib\nimport Aesop']              | b131a957  
...   | ...                                           | ...       
-----------------------------------------------------------------
      | Total                                         | 22        
      | Idle                                          | 22        
      | Create Queue                                  | 0         
      | Close Queue                                   | 0         
      | Cache Hits                                    | 0         
      | Cache Misses                                  | 0         
      | Cache ratio                                   | 0.00      
      | its                                           | 0.0       
=================================================================
2025-07-17 02:30:38.531 | INFO     | utils.repl_cache:print_status:179 - 

=================================================================
Idx   | Header                                        | Pool Size 
-----------------------------------------------------------------
1     | ['import Mathlib\nimport Aesop']              | 22        
-----------------------------------------------------------------
Top 10 global LRU repl:
-----------------------------------------------------------------
Idx   | Header                                        | ID        
-----------------------------------------------------------------
1     | ['import Mathlib\nimport Aesop']              | 5ce8483b  
2     | ['import Mathlib\nimport Aesop']              | ecee11da  
3     | ['import Mathlib\nimport Aesop']              | 1fa040a1  
4     | ['import Mathlib\nimport Aesop']              | c782b9c8  
5     | ['import Mathlib\nimport Aesop']              | a8512bfe  
6     | ['import Mathlib\nimport Aesop']              | fcc8e63b  
7     | ['import Mathlib\nimport Aesop']              | a69b0e7f  
8     | ['import Mathlib\nimport Aesop']              | e118ff86  
9     | ['import Mathlib\nimport Aesop']              | 81a38171  
10    | ['import Mathlib\nimport Aesop']              | b131a957  
...   | ...                                           | ...       
-----------------------------------------------------------------
      | Total                                         | 22        
      | Idle                                          | 22        
      | Create Queue                                  | 0         
      | Close Queue                                   | 0         
      | Cache Hits                                    | 0         
      | Cache Misses                                  | 0         
      | Cache ratio                                   | 0.00      
      | its                                           | 0.0       
=================================================================
2025-07-17 02:30:53.533 | INFO     | utils.repl_cache:print_status:179 - 

=================================================================
Idx   | Header                                        | Pool Size 
-----------------------------------------------------------------
1     | ['import Mathlib\nimport Aesop']              | 22        
-----------------------------------------------------------------
Top 10 global LRU repl:
-----------------------------------------------------------------
Idx   | Header                                        | ID        
-----------------------------------------------------------------
1     | ['import Mathlib\nimport Aesop']              | 5ce8483b  
2     | ['import Mathlib\nimport Aesop']              | ecee11da  
3     | ['import Mathlib\nimport Aesop']              | 1fa040a1  
4     | ['import Mathlib\nimport Aesop']              | c782b9c8  
5     | ['import Mathlib\nimport Aesop']              | a8512bfe  
6     | ['import Mathlib\nimport Aesop']              | fcc8e63b  
7     | ['import Mathlib\nimport Aesop']              | a69b0e7f  
8     | ['import Mathlib\nimport Aesop']              | e118ff86  
9     | ['import Mathlib\nimport Aesop']              | 81a38171  
10    | ['import Mathlib\nimport Aesop']              | b131a957  
...   | ...                                           | ...       
-----------------------------------------------------------------
      | Total                                         | 22        
      | Idle                                          | 22        
      | Create Queue                                  | 0         
      | Close Queue                                   | 0         
      | Cache Hits                                    | 0         
      | Cache Misses                                  | 0         
      | Cache ratio                                   | 0.00      
      | its                                           | 0.0       
=================================================================
2025-07-17 02:31:08.607 | INFO     | utils.repl_cache:print_status:179 - 

=================================================================
Idx   | Header                                        | Pool Size 
-----------------------------------------------------------------
1     | ['import Mathlib\nimport Aesop']              | 22        
-----------------------------------------------------------------
Top 10 global LRU repl:
-----------------------------------------------------------------
Idx   | Header                                        | ID        
-----------------------------------------------------------------
1     | ['import Mathlib\nimport Aesop']              | 5ce8483b  
2     | ['import Mathlib\nimport Aesop']              | ecee11da  
3     | ['import Mathlib\nimport Aesop']              | 1fa040a1  
4     | ['import Mathlib\nimport Aesop']              | c782b9c8  
5     | ['import Mathlib\nimport Aesop']              | a8512bfe  
6     | ['import Mathlib\nimport Aesop']              | fcc8e63b  
7     | ['import Mathlib\nimport Aesop']              | a69b0e7f  
8     | ['import Mathlib\nimport Aesop']              | e118ff86  
9     | ['import Mathlib\nimport Aesop']              | 81a38171  
10    | ['import Mathlib\nimport Aesop']              | b131a957  
...   | ...                                           | ...       
-----------------------------------------------------------------
      | Total                                         | 22        
      | Idle                                          | 22        
      | Create Queue                                  | 0         
      | Close Queue                                   | 0         
      | Cache Hits                                    | 0         
      | Cache Misses                                  | 0         
      | Cache ratio                                   | 0.00      
      | its                                           | 0.0       
=================================================================
2025-07-17 02:31:23.608 | INFO     | utils.repl_cache:print_status:179 - 

=================================================================
Idx   | Header                                        | Pool Size 
-----------------------------------------------------------------
1     | ['import Mathlib\nimport Aesop']              | 22        
-----------------------------------------------------------------
Top 10 global LRU repl:
-----------------------------------------------------------------
Idx   | Header                                        | ID        
-----------------------------------------------------------------
1     | ['import Mathlib\nimport Aesop']              | 5ce8483b  
2     | ['import Mathlib\nimport Aesop']              | ecee11da  
3     | ['import Mathlib\nimport Aesop']              | 1fa040a1  
4     | ['import Mathlib\nimport Aesop']              | c782b9c8  
5     | ['import Mathlib\nimport Aesop']              | a8512bfe  
6     | ['import Mathlib\nimport Aesop']              | fcc8e63b  
7     | ['import Mathlib\nimport Aesop']              | a69b0e7f  
8     | ['import Mathlib\nimport Aesop']              | e118ff86  
9     | ['import Mathlib\nimport Aesop']              | 81a38171  
10    | ['import Mathlib\nimport Aesop']              | b131a957  
...   | ...                                           | ...       
-----------------------------------------------------------------
      | Total                                         | 22        
      | Idle                                          | 22        
      | Create Queue                                  | 0         
      | Close Queue                                   | 0         
      | Cache Hits                                    | 0         
      | Cache Misses                                  | 0         
      | Cache ratio                                   | 0.00      
      | its                                           | 0.0       
=================================================================
2025-07-17 02:31:38.691 | INFO     | utils.repl_cache:print_status:179 - 

=================================================================
Idx   | Header                                        | Pool Size 
-----------------------------------------------------------------
1     | ['import Mathlib\nimport Aesop']              | 22        
-----------------------------------------------------------------
Top 10 global LRU repl:
-----------------------------------------------------------------
Idx   | Header                                        | ID        
-----------------------------------------------------------------
1     | ['import Mathlib\nimport Aesop']              | 5ce8483b  
2     | ['import Mathlib\nimport Aesop']              | ecee11da  
3     | ['import Mathlib\nimport Aesop']              | 1fa040a1  
4     | ['import Mathlib\nimport Aesop']              | c782b9c8  
5     | ['import Mathlib\nimport Aesop']              | a8512bfe  
6     | ['import Mathlib\nimport Aesop']              | fcc8e63b  
7     | ['import Mathlib\nimport Aesop']              | a69b0e7f  
8     | ['import Mathlib\nimport Aesop']              | e118ff86  
9     | ['import Mathlib\nimport Aesop']              | 81a38171  
10    | ['import Mathlib\nimport Aesop']              | b131a957  
...   | ...                                           | ...       
-----------------------------------------------------------------
      | Total                                         | 22        
      | Idle                                          | 22        
      | Create Queue                                  | 0         
      | Close Queue                                   | 0         
      | Cache Hits                                    | 0         
      | Cache Misses                                  | 0         
      | Cache ratio                                   | 0.00      
      | its                                           | 0.0       
=================================================================
2025-07-17 02:31:53.693 | INFO     | utils.repl_cache:print_status:179 - 

=================================================================
Idx   | Header                                        | Pool Size 
-----------------------------------------------------------------
1     | ['import Mathlib\nimport Aesop']              | 22        
-----------------------------------------------------------------
Top 10 global LRU repl:
-----------------------------------------------------------------
Idx   | Header                                        | ID        
-----------------------------------------------------------------
1     | ['import Mathlib\nimport Aesop']              | 5ce8483b  
2     | ['import Mathlib\nimport Aesop']              | ecee11da  
3     | ['import Mathlib\nimport Aesop']              | 1fa040a1  
4     | ['import Mathlib\nimport Aesop']              | c782b9c8  
5     | ['import Mathlib\nimport Aesop']              | a8512bfe  
6     | ['import Mathlib\nimport Aesop']              | fcc8e63b  
7     | ['import Mathlib\nimport Aesop']              | a69b0e7f  
8     | ['import Mathlib\nimport Aesop']              | e118ff86  
9     | ['import Mathlib\nimport Aesop']              | 81a38171  
10    | ['import Mathlib\nimport Aesop']              | b131a957  
...   | ...                                           | ...       
-----------------------------------------------------------------
      | Total                                         | 22        
      | Idle                                          | 22        
      | Create Queue                                  | 0         
      | Close Queue                                   | 0         
      | Cache Hits                                    | 0         
      | Cache Misses                                  | 0         
      | Cache ratio                                   | 0.00      
      | its                                           | 0.0       
=================================================================
2025-07-17 02:32:08.787 | INFO     | utils.repl_cache:print_status:179 - 

=================================================================
Idx   | Header                                        | Pool Size 
-----------------------------------------------------------------
1     | ['import Mathlib\nimport Aesop']              | 22        
-----------------------------------------------------------------
Top 10 global LRU repl:
-----------------------------------------------------------------
Idx   | Header                                        | ID        
-----------------------------------------------------------------
1     | ['import Mathlib\nimport Aesop']              | 5ce8483b  
2     | ['import Mathlib\nimport Aesop']              | ecee11da  
3     | ['import Mathlib\nimport Aesop']              | 1fa040a1  
4     | ['import Mathlib\nimport Aesop']              | c782b9c8  
5     | ['import Mathlib\nimport Aesop']              | a8512bfe  
6     | ['import Mathlib\nimport Aesop']              | fcc8e63b  
7     | ['import Mathlib\nimport Aesop']              | a69b0e7f  
8     | ['import Mathlib\nimport Aesop']              | e118ff86  
9     | ['import Mathlib\nimport Aesop']              | 81a38171  
10    | ['import Mathlib\nimport Aesop']              | b131a957  
...   | ...                                           | ...       
-----------------------------------------------------------------
      | Total                                         | 22        
      | Idle                                          | 22        
      | Create Queue                                  | 0         
      | Close Queue                                   | 0         
      | Cache Hits                                    | 0         
      | Cache Misses                                  | 0         
      | Cache ratio                                   | 0.00      
      | its                                           | 0.0       
=================================================================
2025-07-17 02:44:07.640 | INFO     | uvicorn.server:shutdown:264 - Shutting down
2025-07-17 02:44:07.741 | INFO     | uvicorn.server:_serve:94 - Finished server process [39]
