2025-07-17 16:36:02.510 | INFO     | uvicorn.server:_serve:84 - Started server process [31]
2025-07-17 16:36:02.510 | INFO     | uvicorn.lifespan.on:startup:48 - Waiting for application startup.
2025-07-17 16:36:02.712 | INFO     | uvicorn.lifespan.on:startup:62 - Application startup complete.
2025-07-17 16:36:02.741 | INFO     | uvicorn.server:_log_started_message:216 - Uvicorn running on http://0.0.0.0:12332 (Press CTRL+C to quit)
2025-07-17 16:36:04.584 | INFO     | uvicorn.protocols.http.h11_impl:send:473 - 127.0.0.1:44188 - "GET / HTTP/1.1" 200
2025-07-17 16:36:04.593 | DEBUG    | server.server:process_one_code_with_repl_fast:213 - [1234] Processing code: {"custom_id": "1234", "proof_header": "", "proof_body": "#check Nat", "timeout": 30}
2025-07-17 16:36:06.545 | INFO     | uvicorn.protocols.http.h11_impl:send:473 - 127.0.0.1:44204 - "POST /verify HTTP/1.1" 200
2025-07-17 16:36:18.827 | INFO     | utils.repl_cache:print_status:179 - 

=================================================================
Idx   | Header                                        | Pool Size 
-----------------------------------------------------------------
-----------------------------------------------------------------
Top 10 global LRU repl:
-----------------------------------------------------------------
Idx   | Header                                        | ID        
-----------------------------------------------------------------
-----------------------------------------------------------------
      | Total                                         | 0         
      | Idle                                          | 0         
      | Create Queue                                  | 0         
      | Close Queue                                   | 0         
      | Cache Hits                                    | 0         
      | Cache Misses                                  | 0         
      | Cache ratio                                   | 0.00      
      | its                                           | 0.0       
=================================================================
2025-07-17 16:36:33.829 | INFO     | utils.repl_cache:print_status:179 - 

=================================================================
Idx   | Header                                        | Pool Size 
-----------------------------------------------------------------
-----------------------------------------------------------------
Top 10 global LRU repl:
-----------------------------------------------------------------
Idx   | Header                                        | ID        
-----------------------------------------------------------------
-----------------------------------------------------------------
      | Total                                         | 0         
      | Idle                                          | 0         
      | Create Queue                                  | 0         
      | Close Queue                                   | 0         
      | Cache Hits                                    | 0         
      | Cache Misses                                  | 0         
      | Cache ratio                                   | 0.00      
      | its                                           | 0.0       
=================================================================
2025-07-17 16:36:36.140 | INFO     | uvicorn.server:shutdown:264 - Shutting down
2025-07-17 16:36:36.241 | INFO     | uvicorn.lifespan.on:shutdown:67 - Waiting for application shutdown.
2025-07-17 16:36:45.849 | INFO     | uvicorn.lifespan.on:shutdown:76 - Application shutdown complete.
2025-07-17 16:36:45.849 | INFO     | uvicorn.server:_serve:94 - Finished server process [31]
