2025-07-16 21:21:29.188 | INFO     | uvicorn.server:_serve:84 - Started server process [9]
2025-07-16 21:21:29.188 | INFO     | uvicorn.lifespan.on:startup:48 - Waiting for application startup.
2025-07-16 21:21:29.407 | INFO     | uvicorn.lifespan.on:startup:62 - Application startup complete.
2025-07-16 21:21:29.437 | INFO     | uvicorn.server:_log_started_message:216 - Uvicorn running on http://0.0.0.0:12332 (Press CTRL+C to quit)
2025-07-16 21:21:31.140 | INFO     | uvicorn.protocols.http.h11_impl:send:473 - 127.0.0.1:38576 - "GET / HTTP/1.1" 200
2025-07-16 21:21:31.147 | DEBUG    | server.server:process_one_code_with_repl_fast:213 - [1234] Processing code: {"custom_id": "1234", "proof_header": "", "proof_body": "#check Nat", "timeout": 30}
2025-07-16 21:21:32.151 | INFO     | uvicorn.protocols.http.h11_impl:send:473 - 127.0.0.1:38578 - "POST /verify HTTP/1.1" 200
2025-07-16 21:21:44.408 | INFO     | utils.repl_cache:print_status:179 - 

=================================================================
Idx   | Header                                        | Pool Size 
-----------------------------------------------------------------
-----------------------------------------------------------------
Top 10 global LRU repl:
-----------------------------------------------------------------
Idx   | Header                                        | ID        
-----------------------------------------------------------------
-----------------------------------------------------------------
      | Total                                         | 0         
      | Idle                                          | 0         
      | Create Queue                                  | 0         
      | Close Queue                                   | 0         
      | Cache Hits                                    | 0         
      | Cache Misses                                  | 0         
      | Cache ratio                                   | 0.00      
      | its                                           | 0.0       
=================================================================
2025-07-16 21:21:58.431 | INFO     | utils.repl_cache:print_status:179 - 

=================================================================
Idx   | Header                                        | Pool Size 
-----------------------------------------------------------------
-----------------------------------------------------------------
Top 10 global LRU repl:
-----------------------------------------------------------------
Idx   | Header                                        | ID        
-----------------------------------------------------------------
-----------------------------------------------------------------
      | Total                                         | 0         
      | Idle                                          | 0         
      | Create Queue                                  | 0         
      | Close Queue                                   | 0         
      | Cache Hits                                    | 0         
      | Cache Misses                                  | 0         
      | Cache ratio                                   | 0.00      
      | its                                           | 0.0       
=================================================================
2025-07-16 21:21:58.726 | INFO     | server.server:_repl_creater:41 - Created 22 ['import Mathlib\nimport Aesop'] repls with response [{'env': 0, 'time': 28.104137659072876}, {'env': 0
2025-07-16 21:22:02.116 | INFO     | uvicorn.protocols.http.h11_impl:send:473 - 127.0.0.1:56456 - "GET / HTTP/1.1" 200
2025-07-16 21:22:10.420 | INFO     | utils.repl_cache:print_status:179 - 

=================================================================
Idx   | Header                                        | Pool Size 
-----------------------------------------------------------------
1     | ['import Mathlib\nimport Aesop']              | 22        
-----------------------------------------------------------------
Top 10 global LRU repl:
-----------------------------------------------------------------
Idx   | Header                                        | ID        
-----------------------------------------------------------------
1     | ['import Mathlib\nimport Aesop']              | 9676c646  
2     | ['import Mathlib\nimport Aesop']              | 2b422ec3  
3     | ['import Mathlib\nimport Aesop']              | 0c7cf270  
4     | ['import Mathlib\nimport Aesop']              | 35d5cf3d  
5     | ['import Mathlib\nimport Aesop']              | 37d214c7  
6     | ['import Mathlib\nimport Aesop']              | 579bb1da  
7     | ['import Mathlib\nimport Aesop']              | 606f527e  
8     | ['import Mathlib\nimport Aesop']              | df15e91e  
9     | ['import Mathlib\nimport Aesop']              | 648c5ae5  
10    | ['import Mathlib\nimport Aesop']              | ecc1bb2b  
...   | ...                                           | ...       
-----------------------------------------------------------------
      | Total                                         | 22        
      | Idle                                          | 22        
      | Create Queue                                  | 0         
      | Close Queue                                   | 0         
      | Cache Hits                                    | 0         
      | Cache Misses                                  | 0         
      | Cache ratio                                   | 0.00      
      | its                                           | 0.0       
=================================================================
2025-07-16 21:22:24.179 | INFO     | utils.repl_cache:print_status:179 - 

=================================================================
Idx   | Header                                        | Pool Size 
-----------------------------------------------------------------
1     | ['import Mathlib\nimport Aesop']              | 22        
-----------------------------------------------------------------
Top 10 global LRU repl:
-----------------------------------------------------------------
Idx   | Header                                        | ID        
-----------------------------------------------------------------
1     | ['import Mathlib\nimport Aesop']              | 9676c646  
2     | ['import Mathlib\nimport Aesop']              | 2b422ec3  
3     | ['import Mathlib\nimport Aesop']              | 0c7cf270  
4     | ['import Mathlib\nimport Aesop']              | 35d5cf3d  
5     | ['import Mathlib\nimport Aesop']              | 37d214c7  
6     | ['import Mathlib\nimport Aesop']              | 579bb1da  
7     | ['import Mathlib\nimport Aesop']              | 606f527e  
8     | ['import Mathlib\nimport Aesop']              | df15e91e  
9     | ['import Mathlib\nimport Aesop']              | 648c5ae5  
10    | ['import Mathlib\nimport Aesop']              | ecc1bb2b  
...   | ...                                           | ...       
-----------------------------------------------------------------
      | Total                                         | 22        
      | Idle                                          | 22        
      | Create Queue                                  | 0         
      | Close Queue                                   | 0         
      | Cache Hits                                    | 0         
      | Cache Misses                                  | 0         
      | Cache ratio                                   | 0.00      
      | its                                           | 0.0       
=================================================================
2025-07-16 21:22:37.806 | INFO     | uvicorn.protocols.http.h11_impl:send:473 - 127.0.0.1:48564 - "GET / HTTP/1.1" 200
2025-07-16 21:22:37.822 | DEBUG    | server.server:process_one_code_with_repl_fast:213 - [lean_workbook_plus_1007] Processing code: {"custom_id": "lean_workbook_plus_1007", "proof_header": "import Mathlib\nimport Aesop", "proof_body": "set_option maxHeartbeats 0\n\nopen BigOperators Real Nat Topology Rat\n\n\n\ntheorem lean_workbook_plus_1007 :\n  100 + 99 + 98 + 97 + 96 + 95 = 585   :=  by\n  \n  norm_num", "timeout": 30}
2025-07-16 21:22:37.890 | INFO     | uvicorn.protocols.http.h11_impl:send:473 - 127.0.0.1:48566 - "POST /verify HTTP/1.1" 200
2025-07-16 21:22:37.895 | DEBUG    | server.server:process_one_code_with_repl_fast:213 - [lean_workbook_plus_10457] Processing code: {"custom_id": "lean_workbook_plus_10457", "proof_header": "import Mathlib\nimport Aesop", "proof_body": "set_option maxHeartbeats 0\n\nopen BigOperators Real Nat Topology Rat\n\n\n\ntheorem lean_workbook_plus_10457 (s : \u211d) : s / 20 - s / 30 = s / 60   :=  by\n  \n  field_simp\n  ring", "timeout": 30}
2025-07-16 21:22:38.158 | INFO     | uvicorn.protocols.http.h11_impl:send:473 - 127.0.0.1:48574 - "POST /verify HTTP/1.1" 200
2025-07-16 21:22:38.163 | DEBUG    | server.server:process_one_code_with_repl_fast:213 - [lean_workbook_plus_10941] Processing code: {"custom_id": "lean_workbook_plus_10941", "proof_header": "import Mathlib\nimport Aesop", "proof_body": "set_option maxHeartbeats 0\n\nopen BigOperators Real Nat Topology Rat\n\n\n\ntheorem lean_workbook_plus_10941 (x y z : \u211d) (h : x*y*z = -2) : (x + y + z)^3 = x^3 + y^3 + z^3 + 6*x*y*z + 3*(x^2*y + x^2*z + y^2*x + y^2*z + z^2*x + z^2*y)   :=  by\n  \n  simp only [add_assoc, add_left_comm, add_right_comm, add_comm, mul_comm, mul_left_comm, mul_right_comm]\n  ring\n  <;> simp [h]\n  <;> ring", "timeout": 30}
2025-07-16 21:22:38.671 | INFO     | uvicorn.protocols.http.h11_impl:send:473 - 127.0.0.1:48588 - "POST /verify HTTP/1.1" 200
2025-07-16 21:22:38.677 | DEBUG    | server.server:process_one_code_with_repl_fast:213 - [lean_workbook_plus_11021] Processing code: {"custom_id": "lean_workbook_plus_11021", "proof_header": "import Mathlib\nimport Aesop", "proof_body": "set_option maxHeartbeats 0\n\nopen BigOperators Real Nat Topology Rat\n\n\n\ntheorem lean_workbook_plus_11021 (p : \u211d) (hp : 3 \u2264 p \u2227 p < 31 / 9) (q : \u211d) (hq : q = (36 * p + 72 - p ^ 3) / (63 - 4 * p)) : p + 9 \u2264 4 * q   :=  by\n  \n  rw [hq]\n  field_simp [sub_ne_zero.mpr (by linarith : (4 : \u211d) \u2260 4 * p)]\n  rw [le_div_iff] <;> nlinarith [sq_nonneg (p - 3), sq_nonneg (p - 1)]", "timeout": 30}
2025-07-16 21:22:39.183 | INFO     | utils.repl_cache:print_status:179 - 

=================================================================
Idx   | Header                                        | Pool Size 
-----------------------------------------------------------------
1     | ['import Mathlib\nimport Aesop']              | 21        
-----------------------------------------------------------------
Top 10 global LRU repl:
-----------------------------------------------------------------
Idx   | Header                                        | ID        
-----------------------------------------------------------------
1     | ['import Mathlib\nimport Aesop']              | 9676c646  
2     | ['import Mathlib\nimport Aesop']              | 2b422ec3  
3     | ['import Mathlib\nimport Aesop']              | 0c7cf270  
4     | ['import Mathlib\nimport Aesop']              | 35d5cf3d  
5     | ['import Mathlib\nimport Aesop']              | 37d214c7  
6     | ['import Mathlib\nimport Aesop']              | 579bb1da  
7     | ['import Mathlib\nimport Aesop']              | 606f527e  
8     | ['import Mathlib\nimport Aesop']              | df15e91e  
9     | ['import Mathlib\nimport Aesop']              | 648c5ae5  
10    | ['import Mathlib\nimport Aesop']              | ecc1bb2b  
...   | ...                                           | ...       
-----------------------------------------------------------------
      | Total                                         | 22        
      | Idle                                          | 21        
      | Create Queue                                  | 0         
      | Close Queue                                   | 0         
      | Cache Hits                                    | 4         
      | Cache Misses                                  | 0         
      | Cache ratio                                   | 0.80      
      | its                                           | 0.26666666666666666
=================================================================
2025-07-16 21:22:39.531 | INFO     | uvicorn.protocols.http.h11_impl:send:473 - 127.0.0.1:48592 - "POST /verify HTTP/1.1" 200
2025-07-16 21:22:39.536 | DEBUG    | server.server:process_one_code_with_repl_fast:213 - [lean_workbook_plus_11507] Processing code: {"custom_id": "lean_workbook_plus_11507", "proof_header": "import Mathlib\nimport Aesop", "proof_body": "set_option maxHeartbeats 0\n\nopen BigOperators Real Nat Topology Rat\n\n\n\ntheorem lean_workbook_plus_11507 (k\u2081 k\u2082 k\u2083 k\u2084 a b c : \u211d) : k\u2081 * a * b * c + k\u2082 * (a * b + a * c + b * c) + k\u2083 * (a + b + c) + k\u2084 = 0 \u2192 a = a \u2227 b = b \u2227 c = c   :=  by\n  \n  intro h\n  refine' \u27e8by simp, by simp, by simp\u27e9", "timeout": 30}
2025-07-16 21:22:39.575 | INFO     | uvicorn.protocols.http.h11_impl:send:473 - 127.0.0.1:48608 - "POST /verify HTTP/1.1" 200
2025-07-16 21:22:39.580 | DEBUG    | server.server:process_one_code_with_repl_fast:213 - [lean_workbook_plus_12477] Processing code: {"custom_id": "lean_workbook_plus_12477", "proof_header": "import Mathlib\nimport Aesop", "proof_body": "set_option maxHeartbeats 0\n\nopen BigOperators Real Nat Topology Rat\n\n\n\ntheorem lean_workbook_plus_12477 (h : 0 < 100) : (1 / 100 * 99 / 100 : \u211a) = 99 / 10000   :=  by\n  \n  norm_num", "timeout": 30}
2025-07-16 21:22:39.610 | INFO     | uvicorn.protocols.http.h11_impl:send:473 - 127.0.0.1:48616 - "POST /verify HTTP/1.1" 200
2025-07-16 21:22:39.615 | DEBUG    | server.server:process_one_code_with_repl_fast:213 - [lean_workbook_plus_1263] Processing code: {"custom_id": "lean_workbook_plus_1263", "proof_header": "import Mathlib\nimport Aesop", "proof_body": "set_option maxHeartbeats 0\n\nopen BigOperators Real Nat Topology Rat\n\n\n\ntheorem lean_workbook_plus_1263 (x y z : \u211d) :\n  Real.sqrt ((x ^ 2 + y ^ 2 + z ^ 2) / 3) \u2265 (x + y + z) / 3   :=  by\n  \n  apply le_sqrt_of_sq_le\n  ring_nf\n  nlinarith [sq_nonneg (x - y), sq_nonneg (x - z), sq_nonneg (y - z), sq_nonneg (x + y + z)]\n  <;> nlinarith [sq_nonneg (x - y), sq_nonneg (x - z), sq_nonneg (y - z), sq_nonneg (x + y + z)]\n  <;> nlinarith [sq_nonneg (x - y), sq_nonneg (x - z), sq_nonneg (y - z), sq_nonneg (x + y + z)]\n  <;> nlinarith [sq_nonneg (x - y), sq_nonneg (x - z), sq_nonneg (y - z), sq_nonneg (x + y + z)]\n  <;> nlinarith [sq_nonneg (x - y), sq_nonneg (x - z), sq_nonneg (y - z), sq_nonneg (x + y + z)]\n  <;> nlinarith [sq_nonneg (x - y), sq_nonneg (x - z), sq_nonneg (y - z), sq_nonneg (x + y + z)]\n  <;> nlinarith [sq_nonneg (x - y), sq_nonneg (x - z), sq_nonneg (y - z), sq_nonneg (x + y + z)]\n  <;> nlinarith [sq_nonneg (x - y), sq_nonneg (x - z), sq_nonneg (y - z), sq_nonneg (x + y + z)]\n  <;> nlinarith [sq_nonneg (x - y), sq_nonneg (x - z), sq_nonneg (y - z), sq_nonneg (x + y + z)]\n  <;> nlinarith [sq_nonneg (x - y), sq_nonneg (x - z), sq_nonneg (y - z), sq_nonneg (x + y + z)]\n  <;> nlinarith [sq_nonneg (x - y), sq_nonneg (x - z), sq_nonneg (y - z), sq_nonneg (x + y + z)]", "timeout": 30}
2025-07-16 21:22:40.601 | INFO     | uvicorn.protocols.http.h11_impl:send:473 - 127.0.0.1:48618 - "POST /verify HTTP/1.1" 200
2025-07-16 21:22:40.607 | DEBUG    | server.server:process_one_code_with_repl_fast:213 - [lean_workbook_plus_13191] Processing code: {"custom_id": "lean_workbook_plus_13191", "proof_header": "import Mathlib\nimport Aesop", "proof_body": "set_option maxHeartbeats 0\n\nopen BigOperators Real Nat Topology Rat\n\n\n\ntheorem lean_workbook_plus_13191 (a b c : \u211d) (ha : a \u2265 0) (hb : b \u2265 0) (hc : c \u2265 0) (ha3 : a^3 + 2 * b^3 + 2 * c^3 = a + 2 * b + 2 * c) : a^2 + 2 * b^2 + 2 * c^2 \u2264 5   :=  by\n  \n  nlinarith [sq_nonneg (a - 1), sq_nonneg (b - 1), sq_nonneg (c - 1),\n    sq_nonneg (a - b), sq_nonneg (b - c), sq_nonneg (c - a)]\n  <;> nlinarith [ha3]\n  <;> nlinarith [ha3]\n  <;> nlinarith [ha3]", "timeout": 30}
2025-07-16 21:22:43.150 | INFO     | uvicorn.protocols.http.h11_impl:send:473 - 127.0.0.1:48628 - "POST /verify HTTP/1.1" 200
2025-07-16 21:22:43.156 | DEBUG    | server.server:process_one_code_with_repl_fast:213 - [lean_workbook_plus_13378] Processing code: {"custom_id": "lean_workbook_plus_13378", "proof_header": "import Mathlib\nimport Aesop", "proof_body": "set_option maxHeartbeats 0\n\nopen BigOperators Real Nat Topology Rat\n\n\n\ntheorem lean_workbook_plus_13378 (a b c : \u211d) (ha : a \u2264 0) (hb : b \u2264 0) (hc : c \u2264 0) : (b * c + c * a + a * b + 1) > 0   :=  by\n  \n  nlinarith [mul_nonneg_of_nonpos_of_nonpos ha hb, mul_nonneg_of_nonpos_of_nonpos hb hc, mul_nonneg_of_nonpos_of_nonpos hc ha,\n    mul_self_nonneg a, mul_self_nonneg b, mul_self_nonneg c]", "timeout": 30}
2025-07-16 21:22:43.583 | DEBUG    | server.leanrepl:exceeds_memory_limit:212 - REPL pid 55 using 4.30GB
2025-07-16 21:22:43.583 | WARNING  | server.server:process_one_code_with_repl_fast:288 - REPL exceeds memory limit after execution, destroying it. last verified proof: {"custom_id": "lean_workbook_plus_13378", "proof_header": "import Mathlib\nimport Aesop", "proof_body": "set_option maxHeartbeats 0\n\nopen BigOperators Real Nat Topology Rat\n\n\n\ntheorem lean_workbook_plus_13378 (a b c : \u211d) (ha : a \u2264 0) (hb : b \u2264 0) (hc : c \u2264 0) : (b * c + c * a + a * b + 1) > 0   :=  by\n  \n  nlinarith [mul_nonneg_of_nonpos_of_nonpos ha hb, mul_nonneg_of_nonpos_of_nonpos hb hc, mul_nonneg_of_nonpos_of_nonpos hc ha,\n    mul_self_nonneg a, mul_self_nonneg b, mul_self_nonneg c]", "timeout": 30}
2025-07-16 21:22:43.583 | WARNING  | server.server:process_one_code_with_repl_fast:295 - Removing repl from cache: 9676c646-cae0-4baa-9236-4fd4235bb3e5
2025-07-16 21:22:43.583 | INFO     | utils.repl_cache:destroy:79 - Destroying header ['import Mathlib\nimport Aesop with id 9676c646-cae0-4baa-9236-4fd4235bb3e5
2025-07-16 21:22:43.583 | INFO     | uvicorn.protocols.http.h11_impl:send:473 - 127.0.0.1:48636 - "POST /verify HTTP/1.1" 200
2025-07-16 21:22:43.588 | DEBUG    | server.server:process_one_code_with_repl_fast:213 - [lean_workbook_plus_13808] Processing code: {"custom_id": "lean_workbook_plus_13808", "proof_header": "import Mathlib\nimport Aesop", "proof_body": "set_option maxHeartbeats 0\n\nopen BigOperators Real Nat Topology Rat\n\n\n\ntheorem lean_workbook_plus_13808 (a b c : Prop) (hab : a \u2192 b) (hbc : b \u2192 c) : a \u2192 c   :=  by\n  \n  intro ha\n  have hb : b := hab ha\n  have hc : c := hbc hb\n  exact hc", "timeout": 30}
2025-07-16 21:22:43.603 | INFO     | uvicorn.protocols.http.h11_impl:send:473 - 127.0.0.1:48646 - "POST /verify HTTP/1.1" 200
2025-07-16 21:22:43.608 | DEBUG    | server.server:process_one_code_with_repl_fast:213 - [lean_workbook_plus_13953] Processing code: {"custom_id": "lean_workbook_plus_13953", "proof_header": "import Mathlib\nimport Aesop", "proof_body": "set_option maxHeartbeats 0\n\nopen BigOperators Real Nat Topology Rat\n\n\n\ntheorem lean_workbook_plus_13953 (\u03b1 : \u211d) (h\u03b1 : 0 \u2264 \u03b1) : 0 \u2264 Real.log (1 + \u03b1) \u2227 Real.log (1 + \u03b1) \u2264 \u03b1   :=  by\n  \n  constructor\n  apply Real.log_nonneg\n  linarith\n  apply (Real.log_le_sub_one_of_pos <| by linarith).trans_eq\n  rw [add_sub_cancel_left]", "timeout": 30}
2025-07-16 21:22:43.708 | INFO     | uvicorn.protocols.http.h11_impl:send:473 - 127.0.0.1:48654 - "POST /verify HTTP/1.1" 200
2025-07-16 21:22:43.713 | DEBUG    | server.server:process_one_code_with_repl_fast:213 - [lean_workbook_plus_13975] Processing code: {"custom_id": "lean_workbook_plus_13975", "proof_header": "import Mathlib\nimport Aesop", "proof_body": "set_option maxHeartbeats 0\n\nopen BigOperators Real Nat Topology Rat\n\n\n\ntheorem lean_workbook_plus_13975 : \u2203! x : \u211d, x^7 + 1 = 0   :=  by\n  \n  use -1\n  constructor\n  norm_num\n  intro x hx\n  apply le_antisymm <;> nlinarith [sq_nonneg (x + 1), sq_nonneg (x - 1), sq_nonneg (x^2 + 1), sq_nonneg (x^2 - 1), sq_nonneg (x^3 + 1), sq_nonneg (x^3 - 1)]", "timeout": 30}
2025-07-16 21:22:44.180 | INFO     | server.server:_repl_cleaner:62 - Closed 9676c646-cae0-4baa-9236-4fd4235bb3e5 repl
2025-07-16 21:22:45.641 | INFO     | uvicorn.protocols.http.h11_impl:send:473 - 127.0.0.1:48668 - "POST /verify HTTP/1.1" 200
2025-07-16 21:22:45.647 | DEBUG    | server.server:process_one_code_with_repl_fast:213 - [lean_workbook_plus_1400] Processing code: {"custom_id": "lean_workbook_plus_1400", "proof_header": "import Mathlib\nimport Aesop", "proof_body": "set_option maxHeartbeats 0\n\nopen BigOperators Real Nat Topology Rat\n\n\n\ntheorem lean_workbook_plus_1400 (a : \u211d) (ha : a \u2264 0) : \u2200 x : \u211d, \u2203 y : \u211d, y = a * x ^ 2   :=  by\n  \n  intro x\n  use a * x ^ 2", "timeout": 30}
2025-07-16 21:22:45.681 | INFO     | uvicorn.protocols.http.h11_impl:send:473 - 127.0.0.1:48670 - "POST /verify HTTP/1.1" 200
2025-07-16 21:22:45.686 | DEBUG    | server.server:process_one_code_with_repl_fast:213 - [lean_workbook_plus_15254] Processing code: {"custom_id": "lean_workbook_plus_15254", "proof_header": "import Mathlib\nimport Aesop", "proof_body": "set_option maxHeartbeats 0\n\nopen BigOperators Real Nat Topology Rat\n\n\n\ntheorem lean_workbook_plus_15254 : 1 + Real.cos x = 2 * (Real.cos (x / 2)) ^ 2   :=  by\n  \n  rw [Real.cos_sq]\n  ring\n  <;> rw [Real.cos_sq]\n  <;> ring", "timeout": 30}
2025-07-16 21:22:45.780 | INFO     | uvicorn.protocols.http.h11_impl:send:473 - 127.0.0.1:48674 - "POST /verify HTTP/1.1" 200
2025-07-16 21:22:45.785 | DEBUG    | server.server:process_one_code_with_repl_fast:213 - [lean_workbook_plus_15559] Processing code: {"custom_id": "lean_workbook_plus_15559", "proof_header": "import Mathlib\nimport Aesop", "proof_body": "set_option maxHeartbeats 0\n\nopen BigOperators Real Nat Topology Rat\n\n\n\ntheorem lean_workbook_plus_15559 (x y : \u211d) (hx : 0 \u2264 x) (hy : 0 \u2264 y) : (x + y + 2)\u207b\u00b9 + (x + 1)\u207b\u00b9 * (y + 1)\u207b\u00b9 \u2264 3 / 2   :=  by\n  \n  have h\u2080 : 0 \u2264 x + y + 2 := by linarith\n  have h\u2081 : 0 \u2264 (x + 1) * (y + 1) := by nlinarith\n  have h\u2082 : 0 \u2264 (x + y + 2) * (x + 1) * (y + 1) := by positivity\n  field_simp\n  rw [div_le_div_iff] <;>\n    nlinarith [sq_nonneg (x - y), sq_nonneg (x - 1), sq_nonneg (y - 1)]", "timeout": 30}
2025-07-16 21:22:47.843 | INFO     | uvicorn.protocols.http.h11_impl:send:473 - 127.0.0.1:48688 - "POST /verify HTTP/1.1" 200
2025-07-16 21:22:47.848 | DEBUG    | server.server:process_one_code_with_repl_fast:213 - [lean_workbook_plus_15729] Processing code: {"custom_id": "lean_workbook_plus_15729", "proof_header": "import Mathlib\nimport Aesop", "proof_body": "set_option maxHeartbeats 0\n\nopen BigOperators Real Nat Topology Rat\n\n\n\ntheorem lean_workbook_plus_15729 (x y z : \u211d) : 3 * (x ^ 2 + y ^ 2 + z ^ 2) \u2265 (x + y + z) ^ 2 \u2227 (x + y + z) ^ 2 \u2265 3 * (x * y + y * z + z * x)   :=  by\n  \n  constructor\n  <;> nlinarith [sq_nonneg (x - y), sq_nonneg (y - z), sq_nonneg (z - x)]", "timeout": 30}
2025-07-16 21:22:48.601 | INFO     | uvicorn.protocols.http.h11_impl:send:473 - 127.0.0.1:58658 - "POST /verify HTTP/1.1" 200
2025-07-16 21:22:48.606 | DEBUG    | server.server:process_one_code_with_repl_fast:213 - [lean_workbook_plus_1670] Processing code: {"custom_id": "lean_workbook_plus_1670", "proof_header": "import Mathlib\nimport Aesop", "proof_body": "set_option maxHeartbeats 0\n\nopen BigOperators Real Nat Topology Rat\n\n\n\ntheorem lean_workbook_plus_1670 (x y : \u211d) (h\u2081 : x \u2260 0 \u2227 y \u2260 0) (h\u2082 : x * y = 3) (h\u2083 : x / y + y / x = 4) : x * y * (x + y) ^ 2 - 2 * x ^ 2 * y ^ 2 = 36   :=  by\n  \n  field_simp [h\u2081.1, h\u2081.2] at h\u2083\n  nlinarith [h\u2081, h\u2082, h\u2083, sq_nonneg (x + y), sq_nonneg (x - y)]", "timeout": 30}
2025-07-16 21:22:49.687 | INFO     | uvicorn.protocols.http.h11_impl:send:473 - 127.0.0.1:58664 - "POST /verify HTTP/1.1" 200
2025-07-16 21:22:49.691 | DEBUG    | server.server:process_one_code_with_repl_fast:213 - [lean_workbook_plus_16887] Processing code: {"custom_id": "lean_workbook_plus_16887", "proof_header": "import Mathlib\nimport Aesop", "proof_body": "set_option maxHeartbeats 0\n\nopen BigOperators Real Nat Topology Rat\n\n\n\ntheorem lean_workbook_plus_16887 (a b c : \u211d) :  (a - b) ^ 2 + (b - c) ^ 2 + (c - a) ^ 2 \u2265 0 \u2194 a ^ 2 + b ^ 2 + c ^ 2 \u2265 a * b + b * c + c * a   :=  by\n  \n  constructor <;> intro h\n  <;> nlinarith [sq_nonneg (a - b), sq_nonneg (b - c), sq_nonneg (c - a)]\n  <;> nlinarith [sq_nonneg (a - b), sq_nonneg (b - c), sq_nonneg (c - a)]\n  <;> nlinarith [sq_nonneg (a - b), sq_nonneg (b - c), sq_nonneg (c - a)]\n  <;> nlinarith [sq_nonneg (a - b), sq_nonneg (b - c), sq_nonneg (c - a)]", "timeout": 30}
2025-07-16 21:22:50.575 | DEBUG    | server.leanrepl:exceeds_memory_limit:212 - REPL pid 54 using 4.34GB
2025-07-16 21:22:50.576 | WARNING  | server.server:process_one_code_with_repl_fast:288 - REPL exceeds memory limit after execution, destroying it. last verified proof: {"custom_id": "lean_workbook_plus_16887", "proof_header": "import Mathlib\nimport Aesop", "proof_body": "set_option maxHeartbeats 0\n\nopen BigOperators Real Nat Topology Rat\n\n\n\ntheorem lean_workbook_plus_16887 (a b c : \u211d) :  (a - b) ^ 2 + (b - c) ^ 2 + (c - a) ^ 2 \u2265 0 \u2194 a ^ 2 + b ^ 2 + c ^ 2 \u2265 a * b + b * c + c * a   :=  by\n  \n  constructor <;> intro h\n  <;> nlinarith [sq_nonneg (a - b), sq_nonneg (b - c), sq_nonneg (c - a)]\n  <;> nlinarith [sq_nonneg (a - b), sq_nonneg (b - c), sq_nonneg (c - a)]\n  <;> nlinarith [sq_nonneg (a - b), sq_nonneg (b - c), sq_nonneg (c - a)]\n  <;> nlinarith [sq_nonneg (a - b), sq_nonneg (b - c), sq_nonneg (c - a)]", "timeout": 30}
2025-07-16 21:22:50.576 | WARNING  | server.server:process_one_code_with_repl_fast:295 - Removing repl from cache: 2b422ec3-b27b-4d08-8fc3-edf3667fa086
2025-07-16 21:22:50.576 | INFO     | utils.repl_cache:destroy:79 - Destroying header ['import Mathlib\nimport Aesop with id 2b422ec3-b27b-4d08-8fc3-edf3667fa086
2025-07-16 21:22:50.576 | INFO     | uvicorn.protocols.http.h11_impl:send:473 - 127.0.0.1:58674 - "POST /verify HTTP/1.1" 200
2025-07-16 21:22:50.581 | DEBUG    | server.server:process_one_code_with_repl_fast:213 - [lean_workbook_plus_17003] Processing code: {"custom_id": "lean_workbook_plus_17003", "proof_header": "import Mathlib\nimport Aesop", "proof_body": "set_option maxHeartbeats 0\n\nopen BigOperators Real Nat Topology Rat\n\n\n\ntheorem lean_workbook_plus_17003 (a b c d: \u2124) (h : (a+b)^2 - (a^2 + b^2) = (c+d)^2 - (c^2 + d^2)) : a * b = c * d   :=  by\n  \n  nlinarith", "timeout": 30}
2025-07-16 21:22:51.048 | INFO     | uvicorn.protocols.http.h11_impl:send:473 - 127.0.0.1:58678 - "POST /verify HTTP/1.1" 200
2025-07-16 21:22:51.052 | DEBUG    | server.server:process_one_code_with_repl_fast:213 - [lean_workbook_plus_17522] Processing code: {"custom_id": "lean_workbook_plus_17522", "proof_header": "import Mathlib\nimport Aesop", "proof_body": "set_option maxHeartbeats 0\n\nopen BigOperators Real Nat Topology Rat\n\n\n\ntheorem lean_workbook_plus_17522 (g : \u211d \u2192 \u211d) (hg : \u2200 x \u2208 Set.Icc (0:\u211d) 1, g x = 0) : ContinuousOn g (Set.Icc (0:\u211d) 1)   :=  by\n  \n  apply continuousOn_const.congr\n  intro x hx\n  simpa using hg x hx", "timeout": 30}
2025-07-16 21:22:51.095 | INFO     | uvicorn.protocols.http.h11_impl:send:473 - 127.0.0.1:58680 - "POST /verify HTTP/1.1" 200
2025-07-16 21:22:51.099 | DEBUG    | server.server:process_one_code_with_repl_fast:213 - [lean_workbook_plus_17596] Processing code: {"custom_id": "lean_workbook_plus_17596", "proof_header": "import Mathlib\nimport Aesop", "proof_body": "set_option maxHeartbeats 0\n\nopen BigOperators Real Nat Topology Rat\n\n\n\ntheorem lean_workbook_plus_17596 (a b c : \u211d) (ha : 0 \u2264 a) (hb : 0 \u2264 b) (hc : 0 \u2264 c) : 2 * (a ^ 3 + b ^ 3 + c ^ 3) + 3 \u2265 3 * (a * b + a * c + b * c)   :=  by\n  \n  nlinarith [sq_nonneg (a - b), sq_nonneg (a - c), sq_nonneg (b - c),\n    sq_nonneg (a - 1), sq_nonneg (b - 1), sq_nonneg (c - 1),\n    sq_nonneg (a - b + c), sq_nonneg (a + b - c), sq_nonneg (a + c - b),\n    sq_nonneg (b + c - a)]", "timeout": 30}
2025-07-16 21:22:51.221 | INFO     | server.server:_repl_cleaner:62 - Closed 2b422ec3-b27b-4d08-8fc3-edf3667fa086 repl
2025-07-16 21:22:51.458 | INFO     | utils.repl_cache:print_status:179 - 

=================================================================
Idx   | Header                                        | Pool Size 
-----------------------------------------------------------------
1     | ['import Mathlib\nimport Aesop']              | 19        
-----------------------------------------------------------------
Top 10 global LRU repl:
-----------------------------------------------------------------
Idx   | Header                                        | ID        
-----------------------------------------------------------------
1     | ['import Mathlib\nimport Aesop']              | 0c7cf270  
2     | ['import Mathlib\nimport Aesop']              | 35d5cf3d  
3     | ['import Mathlib\nimport Aesop']              | 37d214c7  
4     | ['import Mathlib\nimport Aesop']              | 579bb1da  
5     | ['import Mathlib\nimport Aesop']              | 606f527e  
6     | ['import Mathlib\nimport Aesop']              | df15e91e  
7     | ['import Mathlib\nimport Aesop']              | 648c5ae5  
8     | ['import Mathlib\nimport Aesop']              | ecc1bb2b  
9     | ['import Mathlib\nimport Aesop']              | 981ee2f7  
10    | ['import Mathlib\nimport Aesop']              | 0769e87c  
...   | ...                                           | ...       
-----------------------------------------------------------------
      | Total                                         | 20        
      | Idle                                          | 19        
      | Create Queue                                  | 0         
      | Close Queue                                   | 0         
      | Cache Hits                                    | 17        
      | Cache Misses                                  | 0         
      | Cache ratio                                   | 0.94      
      | its                                           | 1.1333333333333333
=================================================================
2025-07-16 21:22:51.722 | INFO     | uvicorn.protocols.http.h11_impl:send:473 - 127.0.0.1:58696 - "POST /verify HTTP/1.1" 200
2025-07-16 21:22:51.728 | DEBUG    | server.server:process_one_code_with_repl_fast:213 - [lean_workbook_plus_17790] Processing code: {"custom_id": "lean_workbook_plus_17790", "proof_header": "import Mathlib\nimport Aesop", "proof_body": "set_option maxHeartbeats 0\n\nopen BigOperators Real Nat Topology Rat\n\n\n\ntheorem lean_workbook_plus_17790 (a b : \u2124) (h : b > 0) : b \u2223 a \u2194 a % b = 0   :=  by\n  \n  constructor\n  intro h\u2080\n  rw [Int.dvd_iff_emod_eq_zero] at h\u2080\n  exact h\u2080\n  intro h\u2080\n  rw [Int.dvd_iff_emod_eq_zero]\n  exact h\u2080", "timeout": 30}
2025-07-16 21:22:51.764 | INFO     | uvicorn.protocols.http.h11_impl:send:473 - 127.0.0.1:58702 - "POST /verify HTTP/1.1" 200
2025-07-16 21:22:51.768 | DEBUG    | server.server:process_one_code_with_repl_fast:213 - [lean_workbook_plus_18020] Processing code: {"custom_id": "lean_workbook_plus_18020", "proof_header": "import Mathlib\nimport Aesop", "proof_body": "set_option maxHeartbeats 0\n\nopen BigOperators Real Nat Topology Rat\n\n\n\ntheorem lean_workbook_plus_18020 (a b c : \u211d) (h : a * b * c = 1) : a * b * c = 1   :=  by\n  \n  exact h", "timeout": 30}
2025-07-16 21:22:51.784 | INFO     | uvicorn.protocols.http.h11_impl:send:473 - 127.0.0.1:58712 - "POST /verify HTTP/1.1" 200
2025-07-16 21:22:51.789 | DEBUG    | server.server:process_one_code_with_repl_fast:213 - [lean_workbook_plus_1826] Processing code: {"custom_id": "lean_workbook_plus_1826", "proof_header": "import Mathlib\nimport Aesop", "proof_body": "set_option maxHeartbeats 0\n\nopen BigOperators Real Nat Topology Rat\n\n\n\ntheorem lean_workbook_plus_1826 (x y : \u211d) : (|x| + |y|) ^ 2 \u2265 (|x + y|) ^ 2   :=  by\n  \n  cases' le_total 0 (x + y) with h h <;>\n  cases' le_total 0 x with hx hx <;>\n  cases' le_total 0 y with hy hy <;>\n  simp_all only [abs_of_nonneg, abs_of_nonpos, add_nonneg, add_nonpos, zero_add, add_zero,\n    mul_zero, zero_mul, sub_zero, sub_neg_eq_add, neg_add_rev, neg_neg, neg_zero] <;>\n  nlinarith [sq_nonneg (x + y), sq_nonneg (x - y), sq_nonneg (x + y - (x - y)),\n    sq_nonneg (x + y + (x - y))]", "timeout": 30}
2025-07-16 21:22:55.047 | INFO     | uvicorn.protocols.http.h11_impl:send:473 - 127.0.0.1:58724 - "POST /verify HTTP/1.1" 200
2025-07-16 21:22:55.051 | DEBUG    | server.server:process_one_code_with_repl_fast:213 - [lean_workbook_plus_18285] Processing code: {"custom_id": "lean_workbook_plus_18285", "proof_header": "import Mathlib\nimport Aesop", "proof_body": "set_option maxHeartbeats 0\n\nopen BigOperators Real Nat Topology Rat\n\n\n\ntheorem lean_workbook_plus_18285 (x y z : \u211d) : (x^2 * y^2 + 1 + (x - y)^2) / (x - y)^2 + (y^2 * z^2 + 1 + (y - z)^2) / (y - z)^2 + (z^2 * x^2 + 1 + (z - x)^2) / (z - x)^2 \u2265 9 / 2 \u2194 (x^2 + y^2 + (x * y - 1)^2) / (x - y)^2 + (y^2 + z^2 + (y * z - 1)^2) / (y - z)^2 + (z^2 + x^2 + (z * x - 1)^2) / (z - x)^2 \u2265 9 / 2   :=  by\n  \n  constructor <;> intro h <;>\n  simp_all [sq, mul_add, mul_comm, mul_left_comm, sub_eq_add_neg, add_assoc, add_left_comm, add_comm]\n  <;>\n  norm_num <;>\n  linarith", "timeout": 30}
2025-07-16 21:23:06.467 | INFO     | utils.repl_cache:print_status:179 - 

=================================================================
Idx   | Header                                        | Pool Size 
-----------------------------------------------------------------
1     | ['import Mathlib\nimport Aesop']              | 19        
-----------------------------------------------------------------
Top 10 global LRU repl:
-----------------------------------------------------------------
Idx   | Header                                        | ID        
-----------------------------------------------------------------
1     | ['import Mathlib\nimport Aesop']              | 0c7cf270  
2     | ['import Mathlib\nimport Aesop']              | 35d5cf3d  
3     | ['import Mathlib\nimport Aesop']              | 37d214c7  
4     | ['import Mathlib\nimport Aesop']              | 579bb1da  
5     | ['import Mathlib\nimport Aesop']              | 606f527e  
6     | ['import Mathlib\nimport Aesop']              | df15e91e  
7     | ['import Mathlib\nimport Aesop']              | 648c5ae5  
8     | ['import Mathlib\nimport Aesop']              | ecc1bb2b  
9     | ['import Mathlib\nimport Aesop']              | 981ee2f7  
10    | ['import Mathlib\nimport Aesop']              | 0769e87c  
...   | ...                                           | ...       
-----------------------------------------------------------------
      | Total                                         | 20        
      | Idle                                          | 19        
      | Create Queue                                  | 0         
      | Close Queue                                   | 0         
      | Cache Hits                                    | 4         
      | Cache Misses                                  | 0         
      | Cache ratio                                   | 0.80      
      | its                                           | 0.26666666666666666
=================================================================
2025-07-16 21:23:17.670 | INFO     | uvicorn.protocols.http.h11_impl:send:473 - 127.0.0.1:59422 - "GET / HTTP/1.1" 200
2025-07-16 21:23:17.674 | DEBUG    | server.server:process_one_code_with_repl_fast:213 - [lean_workbook_plus_1007] Processing code: {"custom_id": "lean_workbook_plus_1007", "proof_header": "import Mathlib\nimport Aesop", "proof_body": "set_option maxHeartbeats 0\n\nopen BigOperators Real Nat Topology Rat\n\n\n\ntheorem lean_workbook_plus_1007 :\n  100 + 99 + 98 + 97 + 96 + 95 = 585   :=  by\n  \n  norm_num", "timeout": 30}
2025-07-16 21:23:17.703 | INFO     | uvicorn.protocols.http.h11_impl:send:473 - 127.0.0.1:59432 - "POST /verify HTTP/1.1" 200
2025-07-16 21:23:17.708 | DEBUG    | server.server:process_one_code_with_repl_fast:213 - [lean_workbook_plus_10457] Processing code: {"custom_id": "lean_workbook_plus_10457", "proof_header": "import Mathlib\nimport Aesop", "proof_body": "set_option maxHeartbeats 0\n\nopen BigOperators Real Nat Topology Rat\n\n\n\ntheorem lean_workbook_plus_10457 (s : \u211d) : s / 20 - s / 30 = s / 60   :=  by\n  \n  field_simp\n  ring", "timeout": 30}
2025-07-16 21:23:17.946 | INFO     | uvicorn.protocols.http.h11_impl:send:473 - 127.0.0.1:59444 - "POST /verify HTTP/1.1" 200
2025-07-16 21:23:17.951 | DEBUG    | server.server:process_one_code_with_repl_fast:213 - [lean_workbook_plus_10941] Processing code: {"custom_id": "lean_workbook_plus_10941", "proof_header": "import Mathlib\nimport Aesop", "proof_body": "set_option maxHeartbeats 0\n\nopen BigOperators Real Nat Topology Rat\n\n\n\ntheorem lean_workbook_plus_10941 (x y z : \u211d) (h : x*y*z = -2) : (x + y + z)^3 = x^3 + y^3 + z^3 + 6*x*y*z + 3*(x^2*y + x^2*z + y^2*x + y^2*z + z^2*x + z^2*y)   :=  by\n  \n  simp only [add_assoc, add_left_comm, add_right_comm, add_comm, mul_comm, mul_left_comm, mul_right_comm]\n  ring\n  <;> simp [h]\n  <;> ring", "timeout": 30}
2025-07-16 21:23:18.441 | INFO     | uvicorn.protocols.http.h11_impl:send:473 - 127.0.0.1:59460 - "POST /verify HTTP/1.1" 200
2025-07-16 21:23:18.447 | DEBUG    | server.server:process_one_code_with_repl_fast:213 - [lean_workbook_plus_11021] Processing code: {"custom_id": "lean_workbook_plus_11021", "proof_header": "import Mathlib\nimport Aesop", "proof_body": "set_option maxHeartbeats 0\n\nopen BigOperators Real Nat Topology Rat\n\n\n\ntheorem lean_workbook_plus_11021 (p : \u211d) (hp : 3 \u2264 p \u2227 p < 31 / 9) (q : \u211d) (hq : q = (36 * p + 72 - p ^ 3) / (63 - 4 * p)) : p + 9 \u2264 4 * q   :=  by\n  \n  rw [hq]\n  field_simp [sub_ne_zero.mpr (by linarith : (4 : \u211d) \u2260 4 * p)]\n  rw [le_div_iff] <;> nlinarith [sq_nonneg (p - 3), sq_nonneg (p - 1)]", "timeout": 30}
2025-07-16 21:23:19.278 | INFO     | uvicorn.protocols.http.h11_impl:send:473 - 127.0.0.1:59462 - "POST /verify HTTP/1.1" 200
2025-07-16 21:23:19.283 | DEBUG    | server.server:process_one_code_with_repl_fast:213 - [lean_workbook_plus_11507] Processing code: {"custom_id": "lean_workbook_plus_11507", "proof_header": "import Mathlib\nimport Aesop", "proof_body": "set_option maxHeartbeats 0\n\nopen BigOperators Real Nat Topology Rat\n\n\n\ntheorem lean_workbook_plus_11507 (k\u2081 k\u2082 k\u2083 k\u2084 a b c : \u211d) : k\u2081 * a * b * c + k\u2082 * (a * b + a * c + b * c) + k\u2083 * (a + b + c) + k\u2084 = 0 \u2192 a = a \u2227 b = b \u2227 c = c   :=  by\n  \n  intro h\n  refine' \u27e8by simp, by simp, by simp\u27e9", "timeout": 30}
2025-07-16 21:23:19.311 | INFO     | uvicorn.protocols.http.h11_impl:send:473 - 127.0.0.1:59478 - "POST /verify HTTP/1.1" 200
2025-07-16 21:23:19.317 | DEBUG    | server.server:process_one_code_with_repl_fast:213 - [lean_workbook_plus_12477] Processing code: {"custom_id": "lean_workbook_plus_12477", "proof_header": "import Mathlib\nimport Aesop", "proof_body": "set_option maxHeartbeats 0\n\nopen BigOperators Real Nat Topology Rat\n\n\n\ntheorem lean_workbook_plus_12477 (h : 0 < 100) : (1 / 100 * 99 / 100 : \u211a) = 99 / 10000   :=  by\n  \n  norm_num", "timeout": 30}
2025-07-16 21:23:19.365 | INFO     | uvicorn.protocols.http.h11_impl:send:473 - 127.0.0.1:59492 - "POST /verify HTTP/1.1" 200
2025-07-16 21:23:19.371 | DEBUG    | server.server:process_one_code_with_repl_fast:213 - [lean_workbook_plus_1263] Processing code: {"custom_id": "lean_workbook_plus_1263", "proof_header": "import Mathlib\nimport Aesop", "proof_body": "set_option maxHeartbeats 0\n\nopen BigOperators Real Nat Topology Rat\n\n\n\ntheorem lean_workbook_plus_1263 (x y z : \u211d) :\n  Real.sqrt ((x ^ 2 + y ^ 2 + z ^ 2) / 3) \u2265 (x + y + z) / 3   :=  by\n  \n  apply le_sqrt_of_sq_le\n  ring_nf\n  nlinarith [sq_nonneg (x - y), sq_nonneg (x - z), sq_nonneg (y - z), sq_nonneg (x + y + z)]\n  <;> nlinarith [sq_nonneg (x - y), sq_nonneg (x - z), sq_nonneg (y - z), sq_nonneg (x + y + z)]\n  <;> nlinarith [sq_nonneg (x - y), sq_nonneg (x - z), sq_nonneg (y - z), sq_nonneg (x + y + z)]\n  <;> nlinarith [sq_nonneg (x - y), sq_nonneg (x - z), sq_nonneg (y - z), sq_nonneg (x + y + z)]\n  <;> nlinarith [sq_nonneg (x - y), sq_nonneg (x - z), sq_nonneg (y - z), sq_nonneg (x + y + z)]\n  <;> nlinarith [sq_nonneg (x - y), sq_nonneg (x - z), sq_nonneg (y - z), sq_nonneg (x + y + z)]\n  <;> nlinarith [sq_nonneg (x - y), sq_nonneg (x - z), sq_nonneg (y - z), sq_nonneg (x + y + z)]\n  <;> nlinarith [sq_nonneg (x - y), sq_nonneg (x - z), sq_nonneg (y - z), sq_nonneg (x + y + z)]\n  <;> nlinarith [sq_nonneg (x - y), sq_nonneg (x - z), sq_nonneg (y - z), sq_nonneg (x + y + z)]\n  <;> nlinarith [sq_nonneg (x - y), sq_nonneg (x - z), sq_nonneg (y - z), sq_nonneg (x + y + z)]\n  <;> nlinarith [sq_nonneg (x - y), sq_nonneg (x - z), sq_nonneg (y - z), sq_nonneg (x + y + z)]", "timeout": 30}
2025-07-16 21:23:19.382 | INFO     | uvicorn.protocols.http.h11_impl:send:473 - 127.0.0.1:59506 - "POST /verify HTTP/1.1" 200
2025-07-16 21:23:19.387 | DEBUG    | server.server:process_one_code_with_repl_fast:213 - [lean_workbook_plus_13191] Processing code: {"custom_id": "lean_workbook_plus_13191", "proof_header": "import Mathlib\nimport Aesop", "proof_body": "set_option maxHeartbeats 0\n\nopen BigOperators Real Nat Topology Rat\n\n\n\ntheorem lean_workbook_plus_13191 (a b c : \u211d) (ha : a \u2265 0) (hb : b \u2265 0) (hc : c \u2265 0) (ha3 : a^3 + 2 * b^3 + 2 * c^3 = a + 2 * b + 2 * c) : a^2 + 2 * b^2 + 2 * c^2 \u2264 5   :=  by\n  \n  nlinarith [sq_nonneg (a - 1), sq_nonneg (b - 1), sq_nonneg (c - 1),\n    sq_nonneg (a - b), sq_nonneg (b - c), sq_nonneg (c - a)]\n  <;> nlinarith [ha3]\n  <;> nlinarith [ha3]\n  <;> nlinarith [ha3]", "timeout": 30}
2025-07-16 21:23:18.792 | INFO     | utils.repl_cache:print_status:179 - 

=================================================================
Idx   | Header                                        | Pool Size 
-----------------------------------------------------------------
1     | ['import Mathlib\nimport Aesop']              | 18        
-----------------------------------------------------------------
Top 10 global LRU repl:
-----------------------------------------------------------------
Idx   | Header                                        | ID        
-----------------------------------------------------------------
1     | ['import Mathlib\nimport Aesop']              | 35d5cf3d  
2     | ['import Mathlib\nimport Aesop']              | 0c7cf270  
3     | ['import Mathlib\nimport Aesop']              | 37d214c7  
4     | ['import Mathlib\nimport Aesop']              | 579bb1da  
5     | ['import Mathlib\nimport Aesop']              | 606f527e  
6     | ['import Mathlib\nimport Aesop']              | df15e91e  
7     | ['import Mathlib\nimport Aesop']              | 648c5ae5  
8     | ['import Mathlib\nimport Aesop']              | ecc1bb2b  
9     | ['import Mathlib\nimport Aesop']              | 981ee2f7  
10    | ['import Mathlib\nimport Aesop']              | 0769e87c  
...   | ...                                           | ...       
-----------------------------------------------------------------
      | Total                                         | 20        
      | Idle                                          | 18        
      | Create Queue                                  | 0         
      | Close Queue                                   | 0         
      | Cache Hits                                    | 8         
      | Cache Misses                                  | 0         
      | Cache ratio                                   | 0.89      
      | its                                           | 0.5333333333333333
=================================================================
2025-07-16 21:23:19.990 | INFO     | uvicorn.protocols.http.h11_impl:send:473 - 127.0.0.1:59520 - "POST /verify HTTP/1.1" 200
2025-07-16 21:23:19.996 | DEBUG    | server.server:process_one_code_with_repl_fast:213 - [lean_workbook_plus_13378] Processing code: {"custom_id": "lean_workbook_plus_13378", "proof_header": "import Mathlib\nimport Aesop", "proof_body": "set_option maxHeartbeats 0\n\nopen BigOperators Real Nat Topology Rat\n\n\n\ntheorem lean_workbook_plus_13378 (a b c : \u211d) (ha : a \u2264 0) (hb : b \u2264 0) (hc : c \u2264 0) : (b * c + c * a + a * b + 1) > 0   :=  by\n  \n  nlinarith [mul_nonneg_of_nonpos_of_nonpos ha hb, mul_nonneg_of_nonpos_of_nonpos hb hc, mul_nonneg_of_nonpos_of_nonpos hc ha,\n    mul_self_nonneg a, mul_self_nonneg b, mul_self_nonneg c]", "timeout": 30}
2025-07-16 21:23:20.430 | DEBUG    | server.leanrepl:exceeds_memory_limit:212 - REPL pid 52 using 4.31GB
2025-07-16 21:23:20.430 | WARNING  | server.server:process_one_code_with_repl_fast:288 - REPL exceeds memory limit after execution, destroying it. last verified proof: {"custom_id": "lean_workbook_plus_13378", "proof_header": "import Mathlib\nimport Aesop", "proof_body": "set_option maxHeartbeats 0\n\nopen BigOperators Real Nat Topology Rat\n\n\n\ntheorem lean_workbook_plus_13378 (a b c : \u211d) (ha : a \u2264 0) (hb : b \u2264 0) (hc : c \u2264 0) : (b * c + c * a + a * b + 1) > 0   :=  by\n  \n  nlinarith [mul_nonneg_of_nonpos_of_nonpos ha hb, mul_nonneg_of_nonpos_of_nonpos hb hc, mul_nonneg_of_nonpos_of_nonpos hc ha,\n    mul_self_nonneg a, mul_self_nonneg b, mul_self_nonneg c]", "timeout": 30}
2025-07-16 21:23:20.431 | WARNING  | server.server:process_one_code_with_repl_fast:295 - Removing repl from cache: 35d5cf3d-1630-45c3-be2b-7b752364b562
2025-07-16 21:23:20.431 | INFO     | utils.repl_cache:destroy:79 - Destroying header ['import Mathlib\nimport Aesop with id 35d5cf3d-1630-45c3-be2b-7b752364b562
2025-07-16 21:23:20.431 | INFO     | uvicorn.protocols.http.h11_impl:send:473 - 127.0.0.1:59536 - "POST /verify HTTP/1.1" 200
2025-07-16 21:23:20.436 | DEBUG    | server.server:process_one_code_with_repl_fast:213 - [lean_workbook_plus_13808] Processing code: {"custom_id": "lean_workbook_plus_13808", "proof_header": "import Mathlib\nimport Aesop", "proof_body": "set_option maxHeartbeats 0\n\nopen BigOperators Real Nat Topology Rat\n\n\n\ntheorem lean_workbook_plus_13808 (a b c : Prop) (hab : a \u2192 b) (hbc : b \u2192 c) : a \u2192 c   :=  by\n  \n  intro ha\n  have hb : b := hab ha\n  have hc : c := hbc hb\n  exact hc", "timeout": 30}
2025-07-16 21:23:20.460 | INFO     | uvicorn.protocols.http.h11_impl:send:473 - 127.0.0.1:59550 - "POST /verify HTTP/1.1" 200
2025-07-16 21:23:20.467 | DEBUG    | server.server:process_one_code_with_repl_fast:213 - [lean_workbook_plus_13953] Processing code: {"custom_id": "lean_workbook_plus_13953", "proof_header": "import Mathlib\nimport Aesop", "proof_body": "set_option maxHeartbeats 0\n\nopen BigOperators Real Nat Topology Rat\n\n\n\ntheorem lean_workbook_plus_13953 (\u03b1 : \u211d) (h\u03b1 : 0 \u2264 \u03b1) : 0 \u2264 Real.log (1 + \u03b1) \u2227 Real.log (1 + \u03b1) \u2264 \u03b1   :=  by\n  \n  constructor\n  apply Real.log_nonneg\n  linarith\n  apply (Real.log_le_sub_one_of_pos <| by linarith).trans_eq\n  rw [add_sub_cancel_left]", "timeout": 30}
2025-07-16 21:23:20.593 | INFO     | uvicorn.protocols.http.h11_impl:send:473 - 127.0.0.1:59558 - "POST /verify HTTP/1.1" 200
2025-07-16 21:23:20.600 | DEBUG    | server.server:process_one_code_with_repl_fast:213 - [lean_workbook_plus_13975] Processing code: {"custom_id": "lean_workbook_plus_13975", "proof_header": "import Mathlib\nimport Aesop", "proof_body": "set_option maxHeartbeats 0\n\nopen BigOperators Real Nat Topology Rat\n\n\n\ntheorem lean_workbook_plus_13975 : \u2203! x : \u211d, x^7 + 1 = 0   :=  by\n  \n  use -1\n  constructor\n  norm_num\n  intro x hx\n  apply le_antisymm <;> nlinarith [sq_nonneg (x + 1), sq_nonneg (x - 1), sq_nonneg (x^2 + 1), sq_nonneg (x^2 - 1), sq_nonneg (x^3 + 1), sq_nonneg (x^3 - 1)]", "timeout": 30}
2025-07-16 21:23:20.938 | INFO     | server.server:_repl_cleaner:62 - Closed 35d5cf3d-1630-45c3-be2b-7b752364b562 repl
2025-07-16 21:23:22.500 | ERROR    | server.server:process_one_code_with_repl_fast:266 - [lean_workbook_plus_18285] Error raised while extending repl env with proof: {"custom_id": "lean_workbook_plus_18285", "proof_header": "import Mathlib\nimport Aesop", "proof_body": "set_option maxHeartbeats 0\n\nopen BigOperators Real Nat Topology Rat\n\n\n\ntheorem lean_workbook_plus_18285 (x y z : \u211d) : (x^2 * y^2 + 1 + (x - y)^2) / (x - y)^2 + (y^2 * z^2 + 1 + (y - z)^2) / (y - z)^2 + (z^2 * x^2 + 1 + (z - x)^2) / (z - x)^2 \u2265 9 / 2 \u2194 (x^2 + y^2 + (x * y - 1)^2) / (x - y)^2 + (y^2 + z^2 + (y * z - 1)^2) / (y - z)^2 + (z^2 + x^2 + (z * x - 1)^2) / (z - x)^2 \u2265 9 / 2   :=  by\n  \n  constructor <;> intro h <;>\n  simp_all [sq, mul_add, mul_comm, mul_left_comm, sub_eq_add_neg, add_assoc, add_left_comm, add_comm]\n  <;>\n  norm_num <;>\n  linarith", "timeout": 30, "error": "Lean process timed out"}
2025-07-16 21:23:22.501 | ERROR    | server.server:process_one_code_with_repl_fast:270 - [lean_workbook_plus_18285] Removing repl from cache: 0c7cf270-31fd-4528-ba6b-9983eb4696c1
2025-07-16 21:23:22.501 | INFO     | utils.repl_cache:destroy:79 - Destroying header ['import Mathlib\nimport Aesop with id 0c7cf270-31fd-4528-ba6b-9983eb4696c1
2025-07-16 21:23:22.523 | INFO     | uvicorn.protocols.http.h11_impl:send:473 - 127.0.0.1:59564 - "POST /verify HTTP/1.1" 200
2025-07-16 21:23:22.528 | DEBUG    | server.server:process_one_code_with_repl_fast:213 - [lean_workbook_plus_1400] Processing code: {"custom_id": "lean_workbook_plus_1400", "proof_header": "import Mathlib\nimport Aesop", "proof_body": "set_option maxHeartbeats 0\n\nopen BigOperators Real Nat Topology Rat\n\n\n\ntheorem lean_workbook_plus_1400 (a : \u211d) (ha : a \u2264 0) : \u2200 x : \u211d, \u2203 y : \u211d, y = a * x ^ 2   :=  by\n  \n  intro x\n  use a * x ^ 2", "timeout": 30}
2025-07-16 21:23:22.552 | INFO     | uvicorn.protocols.http.h11_impl:send:473 - 127.0.0.1:60356 - "POST /verify HTTP/1.1" 200
2025-07-16 21:23:22.556 | DEBUG    | server.server:process_one_code_with_repl_fast:213 - [lean_workbook_plus_15254] Processing code: {"custom_id": "lean_workbook_plus_15254", "proof_header": "import Mathlib\nimport Aesop", "proof_body": "set_option maxHeartbeats 0\n\nopen BigOperators Real Nat Topology Rat\n\n\n\ntheorem lean_workbook_plus_15254 : 1 + Real.cos x = 2 * (Real.cos (x / 2)) ^ 2   :=  by\n  \n  rw [Real.cos_sq]\n  ring\n  <;> rw [Real.cos_sq]\n  <;> ring", "timeout": 30}
2025-07-16 21:23:22.653 | INFO     | uvicorn.protocols.http.h11_impl:send:473 - 127.0.0.1:60360 - "POST /verify HTTP/1.1" 200
2025-07-16 21:23:22.658 | DEBUG    | server.server:process_one_code_with_repl_fast:213 - [lean_workbook_plus_15559] Processing code: {"custom_id": "lean_workbook_plus_15559", "proof_header": "import Mathlib\nimport Aesop", "proof_body": "set_option maxHeartbeats 0\n\nopen BigOperators Real Nat Topology Rat\n\n\n\ntheorem lean_workbook_plus_15559 (x y : \u211d) (hx : 0 \u2264 x) (hy : 0 \u2264 y) : (x + y + 2)\u207b\u00b9 + (x + 1)\u207b\u00b9 * (y + 1)\u207b\u00b9 \u2264 3 / 2   :=  by\n  \n  have h\u2080 : 0 \u2264 x + y + 2 := by linarith\n  have h\u2081 : 0 \u2264 (x + 1) * (y + 1) := by nlinarith\n  have h\u2082 : 0 \u2264 (x + y + 2) * (x + 1) * (y + 1) := by positivity\n  field_simp\n  rw [div_le_div_iff] <;>\n    nlinarith [sq_nonneg (x - y), sq_nonneg (x - 1), sq_nonneg (y - 1)]", "timeout": 30}
2025-07-16 21:23:22.964 | INFO     | server.server:_repl_cleaner:62 - Closed 0c7cf270-31fd-4528-ba6b-9983eb4696c1 repl
2025-07-16 21:23:24.585 | INFO     | uvicorn.protocols.http.h11_impl:send:473 - 127.0.0.1:60366 - "POST /verify HTTP/1.1" 200
2025-07-16 21:23:24.592 | DEBUG    | server.server:process_one_code_with_repl_fast:213 - [lean_workbook_plus_15729] Processing code: {"custom_id": "lean_workbook_plus_15729", "proof_header": "import Mathlib\nimport Aesop", "proof_body": "set_option maxHeartbeats 0\n\nopen BigOperators Real Nat Topology Rat\n\n\n\ntheorem lean_workbook_plus_15729 (x y z : \u211d) : 3 * (x ^ 2 + y ^ 2 + z ^ 2) \u2265 (x + y + z) ^ 2 \u2227 (x + y + z) ^ 2 \u2265 3 * (x * y + y * z + z * x)   :=  by\n  \n  constructor\n  <;> nlinarith [sq_nonneg (x - y), sq_nonneg (y - z), sq_nonneg (z - x)]", "timeout": 30}
2025-07-16 21:23:25.322 | INFO     | uvicorn.protocols.http.h11_impl:send:473 - 127.0.0.1:60374 - "POST /verify HTTP/1.1" 200
2025-07-16 21:23:25.327 | DEBUG    | server.server:process_one_code_with_repl_fast:213 - [lean_workbook_plus_1670] Processing code: {"custom_id": "lean_workbook_plus_1670", "proof_header": "import Mathlib\nimport Aesop", "proof_body": "set_option maxHeartbeats 0\n\nopen BigOperators Real Nat Topology Rat\n\n\n\ntheorem lean_workbook_plus_1670 (x y : \u211d) (h\u2081 : x \u2260 0 \u2227 y \u2260 0) (h\u2082 : x * y = 3) (h\u2083 : x / y + y / x = 4) : x * y * (x + y) ^ 2 - 2 * x ^ 2 * y ^ 2 = 36   :=  by\n  \n  field_simp [h\u2081.1, h\u2081.2] at h\u2083\n  nlinarith [h\u2081, h\u2082, h\u2083, sq_nonneg (x + y), sq_nonneg (x - y)]", "timeout": 30}
2025-07-16 21:23:26.377 | INFO     | uvicorn.protocols.http.h11_impl:send:473 - 127.0.0.1:60378 - "POST /verify HTTP/1.1" 200
2025-07-16 21:23:26.382 | DEBUG    | server.server:process_one_code_with_repl_fast:213 - [lean_workbook_plus_16887] Processing code: {"custom_id": "lean_workbook_plus_16887", "proof_header": "import Mathlib\nimport Aesop", "proof_body": "set_option maxHeartbeats 0\n\nopen BigOperators Real Nat Topology Rat\n\n\n\ntheorem lean_workbook_plus_16887 (a b c : \u211d) :  (a - b) ^ 2 + (b - c) ^ 2 + (c - a) ^ 2 \u2265 0 \u2194 a ^ 2 + b ^ 2 + c ^ 2 \u2265 a * b + b * c + c * a   :=  by\n  \n  constructor <;> intro h\n  <;> nlinarith [sq_nonneg (a - b), sq_nonneg (b - c), sq_nonneg (c - a)]\n  <;> nlinarith [sq_nonneg (a - b), sq_nonneg (b - c), sq_nonneg (c - a)]\n  <;> nlinarith [sq_nonneg (a - b), sq_nonneg (b - c), sq_nonneg (c - a)]\n  <;> nlinarith [sq_nonneg (a - b), sq_nonneg (b - c), sq_nonneg (c - a)]", "timeout": 30}
2025-07-16 21:23:27.228 | DEBUG    | server.leanrepl:exceeds_memory_limit:212 - REPL pid 51 using 4.33GB
2025-07-16 21:23:27.228 | WARNING  | server.server:process_one_code_with_repl_fast:288 - REPL exceeds memory limit after execution, destroying it. last verified proof: {"custom_id": "lean_workbook_plus_16887", "proof_header": "import Mathlib\nimport Aesop", "proof_body": "set_option maxHeartbeats 0\n\nopen BigOperators Real Nat Topology Rat\n\n\n\ntheorem lean_workbook_plus_16887 (a b c : \u211d) :  (a - b) ^ 2 + (b - c) ^ 2 + (c - a) ^ 2 \u2265 0 \u2194 a ^ 2 + b ^ 2 + c ^ 2 \u2265 a * b + b * c + c * a   :=  by\n  \n  constructor <;> intro h\n  <;> nlinarith [sq_nonneg (a - b), sq_nonneg (b - c), sq_nonneg (c - a)]\n  <;> nlinarith [sq_nonneg (a - b), sq_nonneg (b - c), sq_nonneg (c - a)]\n  <;> nlinarith [sq_nonneg (a - b), sq_nonneg (b - c), sq_nonneg (c - a)]\n  <;> nlinarith [sq_nonneg (a - b), sq_nonneg (b - c), sq_nonneg (c - a)]", "timeout": 30}
2025-07-16 21:23:27.228 | WARNING  | server.server:process_one_code_with_repl_fast:295 - Removing repl from cache: 37d214c7-3689-461b-bbae-7303356afabf
2025-07-16 21:23:27.228 | INFO     | utils.repl_cache:destroy:79 - Destroying header ['import Mathlib\nimport Aesop with id 37d214c7-3689-461b-bbae-7303356afabf
2025-07-16 21:23:27.228 | INFO     | uvicorn.protocols.http.h11_impl:send:473 - 127.0.0.1:60382 - "POST /verify HTTP/1.1" 200
2025-07-16 21:23:27.233 | DEBUG    | server.server:process_one_code_with_repl_fast:213 - [lean_workbook_plus_17003] Processing code: {"custom_id": "lean_workbook_plus_17003", "proof_header": "import Mathlib\nimport Aesop", "proof_body": "set_option maxHeartbeats 0\n\nopen BigOperators Real Nat Topology Rat\n\n\n\ntheorem lean_workbook_plus_17003 (a b c d: \u2124) (h : (a+b)^2 - (a^2 + b^2) = (c+d)^2 - (c^2 + d^2)) : a * b = c * d   :=  by\n  \n  nlinarith", "timeout": 30}
2025-07-16 21:23:27.675 | INFO     | uvicorn.protocols.http.h11_impl:send:473 - 127.0.0.1:60394 - "POST /verify HTTP/1.1" 200
2025-07-16 21:23:27.680 | DEBUG    | server.server:process_one_code_with_repl_fast:213 - [lean_workbook_plus_17522] Processing code: {"custom_id": "lean_workbook_plus_17522", "proof_header": "import Mathlib\nimport Aesop", "proof_body": "set_option maxHeartbeats 0\n\nopen BigOperators Real Nat Topology Rat\n\n\n\ntheorem lean_workbook_plus_17522 (g : \u211d \u2192 \u211d) (hg : \u2200 x \u2208 Set.Icc (0:\u211d) 1, g x = 0) : ContinuousOn g (Set.Icc (0:\u211d) 1)   :=  by\n  \n  apply continuousOn_const.congr\n  intro x hx\n  simpa using hg x hx", "timeout": 30}
2025-07-16 21:23:27.714 | INFO     | uvicorn.protocols.http.h11_impl:send:473 - 127.0.0.1:60408 - "POST /verify HTTP/1.1" 200
2025-07-16 21:23:27.718 | DEBUG    | server.server:process_one_code_with_repl_fast:213 - [lean_workbook_plus_17596] Processing code: {"custom_id": "lean_workbook_plus_17596", "proof_header": "import Mathlib\nimport Aesop", "proof_body": "set_option maxHeartbeats 0\n\nopen BigOperators Real Nat Topology Rat\n\n\n\ntheorem lean_workbook_plus_17596 (a b c : \u211d) (ha : 0 \u2264 a) (hb : 0 \u2264 b) (hc : 0 \u2264 c) : 2 * (a ^ 3 + b ^ 3 + c ^ 3) + 3 \u2265 3 * (a * b + a * c + b * c)   :=  by\n  \n  nlinarith [sq_nonneg (a - b), sq_nonneg (a - c), sq_nonneg (b - c),\n    sq_nonneg (a - 1), sq_nonneg (b - 1), sq_nonneg (c - 1),\n    sq_nonneg (a - b + c), sq_nonneg (a + b - c), sq_nonneg (a + c - b),\n    sq_nonneg (b + c - a)]", "timeout": 30}
2025-07-16 21:30:38.872 | INFO     | uvicorn.server:shutdown:264 - Shutting down
2025-07-16 21:30:38.872 | INFO     | utils.repl_cache:print_status:179 - 

=================================================================
Idx   | Header                                        | Pool Size 
-----------------------------------------------------------------
1     | ['import Mathlib\nimport Aesop']              | 16        
-----------------------------------------------------------------
Top 10 global LRU repl:
-----------------------------------------------------------------
Idx   | Header                                        | ID        
-----------------------------------------------------------------
1     | ['import Mathlib\nimport Aesop']              | 579bb1da  
2     | ['import Mathlib\nimport Aesop']              | 606f527e  
3     | ['import Mathlib\nimport Aesop']              | df15e91e  
4     | ['import Mathlib\nimport Aesop']              | 648c5ae5  
5     | ['import Mathlib\nimport Aesop']              | ecc1bb2b  
6     | ['import Mathlib\nimport Aesop']              | 981ee2f7  
7     | ['import Mathlib\nimport Aesop']              | 0769e87c  
8     | ['import Mathlib\nimport Aesop']              | 28daa5ba  
9     | ['import Mathlib\nimport Aesop']              | 0b39e5d2  
10    | ['import Mathlib\nimport Aesop']              | adbd3be4  
...   | ...                                           | ...       
-----------------------------------------------------------------
      | Total                                         | 17        
      | Idle                                          | 16        
      | Create Queue                                  | 0         
      | Close Queue                                   | 0         
      | Cache Hits                                    | 13        
      | Cache Misses                                  | 0         
      | Cache ratio                                   | 0.93      
      | its                                           | 0.8666666666666667
=================================================================
2025-07-16 21:30:38.873 | INFO     | uvicorn.protocols.http.h11_impl:send:473 - 127.0.0.1:47824 - "GET / HTTP/1.1" 200
2025-07-16 21:30:38.885 | INFO     | server.server:_repl_cleaner:62 - Closed 37d214c7-3689-461b-bbae-7303356afabf repl
2025-07-16 21:30:38.975 | INFO     | uvicorn.server:_serve:94 - Finished server process [9]
