2025-07-17 17:41:49.369 | INFO     | uvicorn.server:_serve:84 - Started server process [2462]
2025-07-17 17:41:49.369 | INFO     | uvicorn.lifespan.on:startup:48 - Waiting for application startup.
2025-07-17 17:41:49.585 | INFO     | uvicorn.lifespan.on:startup:62 - Application startup complete.
2025-07-17 17:41:49.668 | INFO     | uvicorn.server:_log_started_message:216 - Uvicorn running on http://0.0.0.0:12332 (Press CTRL+C to quit)
2025-07-17 17:41:49.919 | INFO     | uvicorn.protocols.http.h11_impl:send:473 - 127.0.0.1:44408 - "GET / HTTP/1.1" 200
2025-07-17 17:41:49.933 | DEBUG    | server.server:process_one_code_with_repl_fast:213 - [1234] Processing code: {"custom_id": "1234", "proof_header": "", "proof_body": "#check Nat", "timeout": 30}
2025-07-17 17:41:50.992 | INFO     | uvicorn.protocols.http.h11_impl:send:473 - 127.0.0.1:44416 - "POST /verify HTTP/1.1" 200
2025-07-17 17:41:59.499 | INFO     | server.server:_repl_creater:41 - Created 22 ['import Mathlib\nimport Aesop'] repls with response [{'env': 0, 'time': 9.854976654052734}, {'env': 0,
2025-07-17 17:42:06.003 | INFO     | utils.repl_cache:print_status:179 - 

=================================================================
Idx   | Header                                        | Pool Size 
-----------------------------------------------------------------
1     | ['import Mathlib\nimport Aesop']              | 22        
-----------------------------------------------------------------
Top 10 global LRU repl:
-----------------------------------------------------------------
Idx   | Header                                        | ID        
-----------------------------------------------------------------
1     | ['import Mathlib\nimport Aesop']              | 6c120849  
2     | ['import Mathlib\nimport Aesop']              | 596e4cab  
3     | ['import Mathlib\nimport Aesop']              | 4dd85264  
4     | ['import Mathlib\nimport Aesop']              | 40d2c0fa  
5     | ['import Mathlib\nimport Aesop']              | a76aaaca  
6     | ['import Mathlib\nimport Aesop']              | 86833b96  
7     | ['import Mathlib\nimport Aesop']              | 8afdf1e4  
8     | ['import Mathlib\nimport Aesop']              | b481e0b5  
9     | ['import Mathlib\nimport Aesop']              | ab124c90  
10    | ['import Mathlib\nimport Aesop']              | 2f2dd8db  
...   | ...                                           | ...       
-----------------------------------------------------------------
      | Total                                         | 22        
      | Idle                                          | 22        
      | Create Queue                                  | 0         
      | Close Queue                                   | 0         
      | Cache Hits                                    | 0         
      | Cache Misses                                  | 0         
      | Cache ratio                                   | 0.00      
      | its                                           | 0.0       
=================================================================
2025-07-17 17:42:08.831 | INFO     | uvicorn.protocols.http.h11_impl:send:473 - 127.0.0.1:54522 - "GET / HTTP/1.1" 200
2025-07-17 17:42:21.004 | INFO     | utils.repl_cache:print_status:179 - 

=================================================================
Idx   | Header                                        | Pool Size 
-----------------------------------------------------------------
1     | ['import Mathlib\nimport Aesop']              | 22        
-----------------------------------------------------------------
Top 10 global LRU repl:
-----------------------------------------------------------------
Idx   | Header                                        | ID        
-----------------------------------------------------------------
1     | ['import Mathlib\nimport Aesop']              | 6c120849  
2     | ['import Mathlib\nimport Aesop']              | 596e4cab  
3     | ['import Mathlib\nimport Aesop']              | 4dd85264  
4     | ['import Mathlib\nimport Aesop']              | 40d2c0fa  
5     | ['import Mathlib\nimport Aesop']              | a76aaaca  
6     | ['import Mathlib\nimport Aesop']              | 86833b96  
7     | ['import Mathlib\nimport Aesop']              | 8afdf1e4  
8     | ['import Mathlib\nimport Aesop']              | b481e0b5  
9     | ['import Mathlib\nimport Aesop']              | ab124c90  
10    | ['import Mathlib\nimport Aesop']              | 2f2dd8db  
...   | ...                                           | ...       
-----------------------------------------------------------------
      | Total                                         | 22        
      | Idle                                          | 22        
      | Create Queue                                  | 0         
      | Close Queue                                   | 0         
      | Cache Hits                                    | 0         
      | Cache Misses                                  | 0         
      | Cache ratio                                   | 0.00      
      | its                                           | 0.0       
=================================================================
2025-07-17 17:42:34.957 | INFO     | uvicorn.server:shutdown:264 - Shutting down
2025-07-17 17:42:35.058 | INFO     | uvicorn.lifespan.on:shutdown:67 - Waiting for application shutdown.
2025-07-17 17:42:35.061 | INFO     | uvicorn.lifespan.on:shutdown:76 - Application shutdown complete.
2025-07-17 17:42:35.061 | INFO     | uvicorn.server:_serve:94 - Finished server process [2462]
