2025-07-17 03:06:37.379 | INFO     | uvicorn.server:_serve:84 - Started server process [3705]
2025-07-17 03:06:37.380 | INFO     | uvicorn.lifespan.on:startup:48 - Waiting for application startup.
2025-07-17 03:06:37.808 | INFO     | uvicorn.lifespan.on:startup:62 - Application startup complete.
2025-07-17 03:06:37.973 | INFO     | uvicorn.server:_log_started_message:216 - Uvicorn running on http://0.0.0.0:12332 (Press CTRL+C to quit)
2025-07-17 03:06:39.593 | INFO     | uvicorn.protocols.http.h11_impl:send:473 - 127.0.0.1:45230 - "GET / HTTP/1.1" 200
2025-07-17 03:06:39.664 | DEBUG    | server.server:process_one_code_with_repl_fast:213 - [1234] Processing code: {"custom_id": "1234", "proof_header": "", "proof_body": "#check Nat", "timeout": 30}
2025-07-17 03:06:40.044 | INFO     | uvicorn.protocols.http.h11_impl:send:473 - 127.0.0.1:45240 - "GET / HTTP/1.1" 200
2025-07-17 03:06:41.066 | INFO     | uvicorn.protocols.http.h11_impl:send:473 - 127.0.0.1:45236 - "POST /verify HTTP/1.1" 200
2025-07-17 03:06:46.893 | INFO     | uvicorn.protocols.http.h11_impl:send:473 - 127.0.0.1:33376 - "GET / HTTP/1.1" 200
2025-07-17 03:06:52.002 | INFO     | server.server:_repl_creater:41 - Created 22 ['import Mathlib\nimport Aesop'] repls with response [{'env': 0, 'time': 12.497568607330322}, {'env': 0
2025-07-17 03:06:52.909 | INFO     | utils.repl_cache:print_status:179 - 

=================================================================
Idx   | Header                                        | Pool Size 
-----------------------------------------------------------------
1     | ['import Mathlib\nimport Aesop']              | 22        
-----------------------------------------------------------------
Top 10 global LRU repl:
-----------------------------------------------------------------
Idx   | Header                                        | ID        
-----------------------------------------------------------------
1     | ['import Mathlib\nimport Aesop']              | e1af39ae  
2     | ['import Mathlib\nimport Aesop']              | 23ba1595  
3     | ['import Mathlib\nimport Aesop']              | 2d7ca7ed  
4     | ['import Mathlib\nimport Aesop']              | e935d46d  
5     | ['import Mathlib\nimport Aesop']              | b4b10cd2  
6     | ['import Mathlib\nimport Aesop']              | 99bd1adc  
7     | ['import Mathlib\nimport Aesop']              | 33fa3720  
8     | ['import Mathlib\nimport Aesop']              | b8e2a3ae  
9     | ['import Mathlib\nimport Aesop']              | 26638fc7  
10    | ['import Mathlib\nimport Aesop']              | a8926cdc  
...   | ...                                           | ...       
-----------------------------------------------------------------
      | Total                                         | 22        
      | Idle                                          | 22        
      | Create Queue                                  | 0         
      | Close Queue                                   | 0         
      | Cache Hits                                    | 0         
      | Cache Misses                                  | 0         
      | Cache ratio                                   | 0.00      
      | its                                           | 0.0       
=================================================================
2025-07-17 03:06:59.413 | INFO     | uvicorn.protocols.http.h11_impl:send:473 - 127.0.0.1:53170 - "GET / HTTP/1.1" 200
2025-07-17 03:07:07.911 | INFO     | utils.repl_cache:print_status:179 - 

=================================================================
Idx   | Header                                        | Pool Size 
-----------------------------------------------------------------
1     | ['import Mathlib\nimport Aesop']              | 22        
-----------------------------------------------------------------
Top 10 global LRU repl:
-----------------------------------------------------------------
Idx   | Header                                        | ID        
-----------------------------------------------------------------
1     | ['import Mathlib\nimport Aesop']              | e1af39ae  
2     | ['import Mathlib\nimport Aesop']              | 23ba1595  
3     | ['import Mathlib\nimport Aesop']              | 2d7ca7ed  
4     | ['import Mathlib\nimport Aesop']              | e935d46d  
5     | ['import Mathlib\nimport Aesop']              | b4b10cd2  
6     | ['import Mathlib\nimport Aesop']              | 99bd1adc  
7     | ['import Mathlib\nimport Aesop']              | 33fa3720  
8     | ['import Mathlib\nimport Aesop']              | b8e2a3ae  
9     | ['import Mathlib\nimport Aesop']              | 26638fc7  
10    | ['import Mathlib\nimport Aesop']              | a8926cdc  
...   | ...                                           | ...       
-----------------------------------------------------------------
      | Total                                         | 22        
      | Idle                                          | 22        
      | Create Queue                                  | 0         
      | Close Queue                                   | 0         
      | Cache Hits                                    | 0         
      | Cache Misses                                  | 0         
      | Cache ratio                                   | 0.00      
      | its                                           | 0.0       
=================================================================
2025-07-17 03:07:22.989 | INFO     | utils.repl_cache:print_status:179 - 

=================================================================
Idx   | Header                                        | Pool Size 
-----------------------------------------------------------------
1     | ['import Mathlib\nimport Aesop']              | 22        
-----------------------------------------------------------------
Top 10 global LRU repl:
-----------------------------------------------------------------
Idx   | Header                                        | ID        
-----------------------------------------------------------------
1     | ['import Mathlib\nimport Aesop']              | e1af39ae  
2     | ['import Mathlib\nimport Aesop']              | 23ba1595  
3     | ['import Mathlib\nimport Aesop']              | 2d7ca7ed  
4     | ['import Mathlib\nimport Aesop']              | e935d46d  
5     | ['import Mathlib\nimport Aesop']              | b4b10cd2  
6     | ['import Mathlib\nimport Aesop']              | 99bd1adc  
7     | ['import Mathlib\nimport Aesop']              | 33fa3720  
8     | ['import Mathlib\nimport Aesop']              | b8e2a3ae  
9     | ['import Mathlib\nimport Aesop']              | 26638fc7  
10    | ['import Mathlib\nimport Aesop']              | a8926cdc  
...   | ...                                           | ...       
-----------------------------------------------------------------
      | Total                                         | 22        
      | Idle                                          | 22        
      | Create Queue                                  | 0         
      | Close Queue                                   | 0         
      | Cache Hits                                    | 0         
      | Cache Misses                                  | 0         
      | Cache ratio                                   | 0.00      
      | its                                           | 0.0       
=================================================================
2025-07-17 03:07:37.991 | INFO     | utils.repl_cache:print_status:179 - 

=================================================================
Idx   | Header                                        | Pool Size 
-----------------------------------------------------------------
1     | ['import Mathlib\nimport Aesop']              | 22        
-----------------------------------------------------------------
Top 10 global LRU repl:
-----------------------------------------------------------------
Idx   | Header                                        | ID        
-----------------------------------------------------------------
1     | ['import Mathlib\nimport Aesop']              | e1af39ae  
2     | ['import Mathlib\nimport Aesop']              | 23ba1595  
3     | ['import Mathlib\nimport Aesop']              | 2d7ca7ed  
4     | ['import Mathlib\nimport Aesop']              | e935d46d  
5     | ['import Mathlib\nimport Aesop']              | b4b10cd2  
6     | ['import Mathlib\nimport Aesop']              | 99bd1adc  
7     | ['import Mathlib\nimport Aesop']              | 33fa3720  
8     | ['import Mathlib\nimport Aesop']              | b8e2a3ae  
9     | ['import Mathlib\nimport Aesop']              | 26638fc7  
10    | ['import Mathlib\nimport Aesop']              | a8926cdc  
...   | ...                                           | ...       
-----------------------------------------------------------------
      | Total                                         | 22        
      | Idle                                          | 22        
      | Create Queue                                  | 0         
      | Close Queue                                   | 0         
      | Cache Hits                                    | 0         
      | Cache Misses                                  | 0         
      | Cache ratio                                   | 0.00      
      | its                                           | 0.0       
=================================================================
2025-07-17 03:07:53.091 | INFO     | utils.repl_cache:print_status:179 - 

=================================================================
Idx   | Header                                        | Pool Size 
-----------------------------------------------------------------
1     | ['import Mathlib\nimport Aesop']              | 22        
-----------------------------------------------------------------
Top 10 global LRU repl:
-----------------------------------------------------------------
Idx   | Header                                        | ID        
-----------------------------------------------------------------
1     | ['import Mathlib\nimport Aesop']              | e1af39ae  
2     | ['import Mathlib\nimport Aesop']              | 23ba1595  
3     | ['import Mathlib\nimport Aesop']              | 2d7ca7ed  
4     | ['import Mathlib\nimport Aesop']              | e935d46d  
5     | ['import Mathlib\nimport Aesop']              | b4b10cd2  
6     | ['import Mathlib\nimport Aesop']              | 99bd1adc  
7     | ['import Mathlib\nimport Aesop']              | 33fa3720  
8     | ['import Mathlib\nimport Aesop']              | b8e2a3ae  
9     | ['import Mathlib\nimport Aesop']              | 26638fc7  
10    | ['import Mathlib\nimport Aesop']              | a8926cdc  
...   | ...                                           | ...       
-----------------------------------------------------------------
      | Total                                         | 22        
      | Idle                                          | 22        
      | Create Queue                                  | 0         
      | Close Queue                                   | 0         
      | Cache Hits                                    | 0         
      | Cache Misses                                  | 0         
      | Cache ratio                                   | 0.00      
      | its                                           | 0.0       
=================================================================
2025-07-17 03:08:08.092 | INFO     | utils.repl_cache:print_status:179 - 

=================================================================
Idx   | Header                                        | Pool Size 
-----------------------------------------------------------------
1     | ['import Mathlib\nimport Aesop']              | 22        
-----------------------------------------------------------------
Top 10 global LRU repl:
-----------------------------------------------------------------
Idx   | Header                                        | ID        
-----------------------------------------------------------------
1     | ['import Mathlib\nimport Aesop']              | e1af39ae  
2     | ['import Mathlib\nimport Aesop']              | 23ba1595  
3     | ['import Mathlib\nimport Aesop']              | 2d7ca7ed  
4     | ['import Mathlib\nimport Aesop']              | e935d46d  
5     | ['import Mathlib\nimport Aesop']              | b4b10cd2  
6     | ['import Mathlib\nimport Aesop']              | 99bd1adc  
7     | ['import Mathlib\nimport Aesop']              | 33fa3720  
8     | ['import Mathlib\nimport Aesop']              | b8e2a3ae  
9     | ['import Mathlib\nimport Aesop']              | 26638fc7  
10    | ['import Mathlib\nimport Aesop']              | a8926cdc  
...   | ...                                           | ...       
-----------------------------------------------------------------
      | Total                                         | 22        
      | Idle                                          | 22        
      | Create Queue                                  | 0         
      | Close Queue                                   | 0         
      | Cache Hits                                    | 0         
      | Cache Misses                                  | 0         
      | Cache ratio                                   | 0.00      
      | its                                           | 0.0       
=================================================================
2025-07-17 03:08:23.168 | INFO     | utils.repl_cache:print_status:179 - 

=================================================================
Idx   | Header                                        | Pool Size 
-----------------------------------------------------------------
1     | ['import Mathlib\nimport Aesop']              | 22        
-----------------------------------------------------------------
Top 10 global LRU repl:
-----------------------------------------------------------------
Idx   | Header                                        | ID        
-----------------------------------------------------------------
1     | ['import Mathlib\nimport Aesop']              | e1af39ae  
2     | ['import Mathlib\nimport Aesop']              | 23ba1595  
3     | ['import Mathlib\nimport Aesop']              | 2d7ca7ed  
4     | ['import Mathlib\nimport Aesop']              | e935d46d  
5     | ['import Mathlib\nimport Aesop']              | b4b10cd2  
6     | ['import Mathlib\nimport Aesop']              | 99bd1adc  
7     | ['import Mathlib\nimport Aesop']              | 33fa3720  
8     | ['import Mathlib\nimport Aesop']              | b8e2a3ae  
9     | ['import Mathlib\nimport Aesop']              | 26638fc7  
10    | ['import Mathlib\nimport Aesop']              | a8926cdc  
...   | ...                                           | ...       
-----------------------------------------------------------------
      | Total                                         | 22        
      | Idle                                          | 22        
      | Create Queue                                  | 0         
      | Close Queue                                   | 0         
      | Cache Hits                                    | 0         
      | Cache Misses                                  | 0         
      | Cache ratio                                   | 0.00      
      | its                                           | 0.0       
=================================================================
2025-07-17 03:08:38.170 | INFO     | utils.repl_cache:print_status:179 - 

=================================================================
Idx   | Header                                        | Pool Size 
-----------------------------------------------------------------
1     | ['import Mathlib\nimport Aesop']              | 22        
-----------------------------------------------------------------
Top 10 global LRU repl:
-----------------------------------------------------------------
Idx   | Header                                        | ID        
-----------------------------------------------------------------
1     | ['import Mathlib\nimport Aesop']              | e1af39ae  
2     | ['import Mathlib\nimport Aesop']              | 23ba1595  
3     | ['import Mathlib\nimport Aesop']              | 2d7ca7ed  
4     | ['import Mathlib\nimport Aesop']              | e935d46d  
5     | ['import Mathlib\nimport Aesop']              | b4b10cd2  
6     | ['import Mathlib\nimport Aesop']              | 99bd1adc  
7     | ['import Mathlib\nimport Aesop']              | 33fa3720  
8     | ['import Mathlib\nimport Aesop']              | b8e2a3ae  
9     | ['import Mathlib\nimport Aesop']              | 26638fc7  
10    | ['import Mathlib\nimport Aesop']              | a8926cdc  
...   | ...                                           | ...       
-----------------------------------------------------------------
      | Total                                         | 22        
      | Idle                                          | 22        
      | Create Queue                                  | 0         
      | Close Queue                                   | 0         
      | Cache Hits                                    | 0         
      | Cache Misses                                  | 0         
      | Cache ratio                                   | 0.00      
      | its                                           | 0.0       
=================================================================
2025-07-17 03:08:53.245 | INFO     | utils.repl_cache:print_status:179 - 

=================================================================
Idx   | Header                                        | Pool Size 
-----------------------------------------------------------------
1     | ['import Mathlib\nimport Aesop']              | 22        
-----------------------------------------------------------------
Top 10 global LRU repl:
-----------------------------------------------------------------
Idx   | Header                                        | ID        
-----------------------------------------------------------------
1     | ['import Mathlib\nimport Aesop']              | e1af39ae  
2     | ['import Mathlib\nimport Aesop']              | 23ba1595  
3     | ['import Mathlib\nimport Aesop']              | 2d7ca7ed  
4     | ['import Mathlib\nimport Aesop']              | e935d46d  
5     | ['import Mathlib\nimport Aesop']              | b4b10cd2  
6     | ['import Mathlib\nimport Aesop']              | 99bd1adc  
7     | ['import Mathlib\nimport Aesop']              | 33fa3720  
8     | ['import Mathlib\nimport Aesop']              | b8e2a3ae  
9     | ['import Mathlib\nimport Aesop']              | 26638fc7  
10    | ['import Mathlib\nimport Aesop']              | a8926cdc  
...   | ...                                           | ...       
-----------------------------------------------------------------
      | Total                                         | 22        
      | Idle                                          | 22        
      | Create Queue                                  | 0         
      | Close Queue                                   | 0         
      | Cache Hits                                    | 0         
      | Cache Misses                                  | 0         
      | Cache ratio                                   | 0.00      
      | its                                           | 0.0       
=================================================================
2025-07-17 03:09:08.246 | INFO     | utils.repl_cache:print_status:179 - 

=================================================================
Idx   | Header                                        | Pool Size 
-----------------------------------------------------------------
1     | ['import Mathlib\nimport Aesop']              | 22        
-----------------------------------------------------------------
Top 10 global LRU repl:
-----------------------------------------------------------------
Idx   | Header                                        | ID        
-----------------------------------------------------------------
1     | ['import Mathlib\nimport Aesop']              | e1af39ae  
2     | ['import Mathlib\nimport Aesop']              | 23ba1595  
3     | ['import Mathlib\nimport Aesop']              | 2d7ca7ed  
4     | ['import Mathlib\nimport Aesop']              | e935d46d  
5     | ['import Mathlib\nimport Aesop']              | b4b10cd2  
6     | ['import Mathlib\nimport Aesop']              | 99bd1adc  
7     | ['import Mathlib\nimport Aesop']              | 33fa3720  
8     | ['import Mathlib\nimport Aesop']              | b8e2a3ae  
9     | ['import Mathlib\nimport Aesop']              | 26638fc7  
10    | ['import Mathlib\nimport Aesop']              | a8926cdc  
...   | ...                                           | ...       
-----------------------------------------------------------------
      | Total                                         | 22        
      | Idle                                          | 22        
      | Create Queue                                  | 0         
      | Close Queue                                   | 0         
      | Cache Hits                                    | 0         
      | Cache Misses                                  | 0         
      | Cache ratio                                   | 0.00      
      | its                                           | 0.0       
=================================================================
2025-07-17 03:09:23.336 | INFO     | utils.repl_cache:print_status:179 - 

=================================================================
Idx   | Header                                        | Pool Size 
-----------------------------------------------------------------
1     | ['import Mathlib\nimport Aesop']              | 22        
-----------------------------------------------------------------
Top 10 global LRU repl:
-----------------------------------------------------------------
Idx   | Header                                        | ID        
-----------------------------------------------------------------
1     | ['import Mathlib\nimport Aesop']              | e1af39ae  
2     | ['import Mathlib\nimport Aesop']              | 23ba1595  
3     | ['import Mathlib\nimport Aesop']              | 2d7ca7ed  
4     | ['import Mathlib\nimport Aesop']              | e935d46d  
5     | ['import Mathlib\nimport Aesop']              | b4b10cd2  
6     | ['import Mathlib\nimport Aesop']              | 99bd1adc  
7     | ['import Mathlib\nimport Aesop']              | 33fa3720  
8     | ['import Mathlib\nimport Aesop']              | b8e2a3ae  
9     | ['import Mathlib\nimport Aesop']              | 26638fc7  
10    | ['import Mathlib\nimport Aesop']              | a8926cdc  
...   | ...                                           | ...       
-----------------------------------------------------------------
      | Total                                         | 22        
      | Idle                                          | 22        
      | Create Queue                                  | 0         
      | Close Queue                                   | 0         
      | Cache Hits                                    | 0         
      | Cache Misses                                  | 0         
      | Cache ratio                                   | 0.00      
      | its                                           | 0.0       
=================================================================
2025-07-17 03:09:38.338 | INFO     | utils.repl_cache:print_status:179 - 

=================================================================
Idx   | Header                                        | Pool Size 
-----------------------------------------------------------------
1     | ['import Mathlib\nimport Aesop']              | 22        
-----------------------------------------------------------------
Top 10 global LRU repl:
-----------------------------------------------------------------
Idx   | Header                                        | ID        
-----------------------------------------------------------------
1     | ['import Mathlib\nimport Aesop']              | e1af39ae  
2     | ['import Mathlib\nimport Aesop']              | 23ba1595  
3     | ['import Mathlib\nimport Aesop']              | 2d7ca7ed  
4     | ['import Mathlib\nimport Aesop']              | e935d46d  
5     | ['import Mathlib\nimport Aesop']              | b4b10cd2  
6     | ['import Mathlib\nimport Aesop']              | 99bd1adc  
7     | ['import Mathlib\nimport Aesop']              | 33fa3720  
8     | ['import Mathlib\nimport Aesop']              | b8e2a3ae  
9     | ['import Mathlib\nimport Aesop']              | 26638fc7  
10    | ['import Mathlib\nimport Aesop']              | a8926cdc  
...   | ...                                           | ...       
-----------------------------------------------------------------
      | Total                                         | 22        
      | Idle                                          | 22        
      | Create Queue                                  | 0         
      | Close Queue                                   | 0         
      | Cache Hits                                    | 0         
      | Cache Misses                                  | 0         
      | Cache ratio                                   | 0.00      
      | its                                           | 0.0       
=================================================================
2025-07-17 03:09:53.413 | INFO     | utils.repl_cache:print_status:179 - 

=================================================================
Idx   | Header                                        | Pool Size 
-----------------------------------------------------------------
1     | ['import Mathlib\nimport Aesop']              | 22        
-----------------------------------------------------------------
Top 10 global LRU repl:
-----------------------------------------------------------------
Idx   | Header                                        | ID        
-----------------------------------------------------------------
1     | ['import Mathlib\nimport Aesop']              | e1af39ae  
2     | ['import Mathlib\nimport Aesop']              | 23ba1595  
3     | ['import Mathlib\nimport Aesop']              | 2d7ca7ed  
4     | ['import Mathlib\nimport Aesop']              | e935d46d  
5     | ['import Mathlib\nimport Aesop']              | b4b10cd2  
6     | ['import Mathlib\nimport Aesop']              | 99bd1adc  
7     | ['import Mathlib\nimport Aesop']              | 33fa3720  
8     | ['import Mathlib\nimport Aesop']              | b8e2a3ae  
9     | ['import Mathlib\nimport Aesop']              | 26638fc7  
10    | ['import Mathlib\nimport Aesop']              | a8926cdc  
...   | ...                                           | ...       
-----------------------------------------------------------------
      | Total                                         | 22        
      | Idle                                          | 22        
      | Create Queue                                  | 0         
      | Close Queue                                   | 0         
      | Cache Hits                                    | 0         
      | Cache Misses                                  | 0         
      | Cache ratio                                   | 0.00      
      | its                                           | 0.0       
=================================================================
2025-07-17 03:10:08.415 | INFO     | utils.repl_cache:print_status:179 - 

=================================================================
Idx   | Header                                        | Pool Size 
-----------------------------------------------------------------
1     | ['import Mathlib\nimport Aesop']              | 22        
-----------------------------------------------------------------
Top 10 global LRU repl:
-----------------------------------------------------------------
Idx   | Header                                        | ID        
-----------------------------------------------------------------
1     | ['import Mathlib\nimport Aesop']              | e1af39ae  
2     | ['import Mathlib\nimport Aesop']              | 23ba1595  
3     | ['import Mathlib\nimport Aesop']              | 2d7ca7ed  
4     | ['import Mathlib\nimport Aesop']              | e935d46d  
5     | ['import Mathlib\nimport Aesop']              | b4b10cd2  
6     | ['import Mathlib\nimport Aesop']              | 99bd1adc  
7     | ['import Mathlib\nimport Aesop']              | 33fa3720  
8     | ['import Mathlib\nimport Aesop']              | b8e2a3ae  
9     | ['import Mathlib\nimport Aesop']              | 26638fc7  
10    | ['import Mathlib\nimport Aesop']              | a8926cdc  
...   | ...                                           | ...       
-----------------------------------------------------------------
      | Total                                         | 22        
      | Idle                                          | 22        
      | Create Queue                                  | 0         
      | Close Queue                                   | 0         
      | Cache Hits                                    | 0         
      | Cache Misses                                  | 0         
      | Cache ratio                                   | 0.00      
      | its                                           | 0.0       
=================================================================
2025-07-17 03:10:23.496 | INFO     | utils.repl_cache:print_status:179 - 

=================================================================
Idx   | Header                                        | Pool Size 
-----------------------------------------------------------------
1     | ['import Mathlib\nimport Aesop']              | 22        
-----------------------------------------------------------------
Top 10 global LRU repl:
-----------------------------------------------------------------
Idx   | Header                                        | ID        
-----------------------------------------------------------------
1     | ['import Mathlib\nimport Aesop']              | e1af39ae  
2     | ['import Mathlib\nimport Aesop']              | 23ba1595  
3     | ['import Mathlib\nimport Aesop']              | 2d7ca7ed  
4     | ['import Mathlib\nimport Aesop']              | e935d46d  
5     | ['import Mathlib\nimport Aesop']              | b4b10cd2  
6     | ['import Mathlib\nimport Aesop']              | 99bd1adc  
7     | ['import Mathlib\nimport Aesop']              | 33fa3720  
8     | ['import Mathlib\nimport Aesop']              | b8e2a3ae  
9     | ['import Mathlib\nimport Aesop']              | 26638fc7  
10    | ['import Mathlib\nimport Aesop']              | a8926cdc  
...   | ...                                           | ...       
-----------------------------------------------------------------
      | Total                                         | 22        
      | Idle                                          | 22        
      | Create Queue                                  | 0         
      | Close Queue                                   | 0         
      | Cache Hits                                    | 0         
      | Cache Misses                                  | 0         
      | Cache ratio                                   | 0.00      
      | its                                           | 0.0       
=================================================================
2025-07-17 03:10:38.497 | INFO     | utils.repl_cache:print_status:179 - 

=================================================================
Idx   | Header                                        | Pool Size 
-----------------------------------------------------------------
1     | ['import Mathlib\nimport Aesop']              | 22        
-----------------------------------------------------------------
Top 10 global LRU repl:
-----------------------------------------------------------------
Idx   | Header                                        | ID        
-----------------------------------------------------------------
1     | ['import Mathlib\nimport Aesop']              | e1af39ae  
2     | ['import Mathlib\nimport Aesop']              | 23ba1595  
3     | ['import Mathlib\nimport Aesop']              | 2d7ca7ed  
4     | ['import Mathlib\nimport Aesop']              | e935d46d  
5     | ['import Mathlib\nimport Aesop']              | b4b10cd2  
6     | ['import Mathlib\nimport Aesop']              | 99bd1adc  
7     | ['import Mathlib\nimport Aesop']              | 33fa3720  
8     | ['import Mathlib\nimport Aesop']              | b8e2a3ae  
9     | ['import Mathlib\nimport Aesop']              | 26638fc7  
10    | ['import Mathlib\nimport Aesop']              | a8926cdc  
...   | ...                                           | ...       
-----------------------------------------------------------------
      | Total                                         | 22        
      | Idle                                          | 22        
      | Create Queue                                  | 0         
      | Close Queue                                   | 0         
      | Cache Hits                                    | 0         
      | Cache Misses                                  | 0         
      | Cache ratio                                   | 0.00      
      | its                                           | 0.0       
=================================================================
2025-07-17 03:10:53.624 | INFO     | utils.repl_cache:print_status:179 - 

=================================================================
Idx   | Header                                        | Pool Size 
-----------------------------------------------------------------
1     | ['import Mathlib\nimport Aesop']              | 22        
-----------------------------------------------------------------
Top 10 global LRU repl:
-----------------------------------------------------------------
Idx   | Header                                        | ID        
-----------------------------------------------------------------
1     | ['import Mathlib\nimport Aesop']              | e1af39ae  
2     | ['import Mathlib\nimport Aesop']              | 23ba1595  
3     | ['import Mathlib\nimport Aesop']              | 2d7ca7ed  
4     | ['import Mathlib\nimport Aesop']              | e935d46d  
5     | ['import Mathlib\nimport Aesop']              | b4b10cd2  
6     | ['import Mathlib\nimport Aesop']              | 99bd1adc  
7     | ['import Mathlib\nimport Aesop']              | 33fa3720  
8     | ['import Mathlib\nimport Aesop']              | b8e2a3ae  
9     | ['import Mathlib\nimport Aesop']              | 26638fc7  
10    | ['import Mathlib\nimport Aesop']              | a8926cdc  
...   | ...                                           | ...       
-----------------------------------------------------------------
      | Total                                         | 22        
      | Idle                                          | 22        
      | Create Queue                                  | 0         
      | Close Queue                                   | 0         
      | Cache Hits                                    | 0         
      | Cache Misses                                  | 0         
      | Cache ratio                                   | 0.00      
      | its                                           | 0.0       
=================================================================
2025-07-17 03:11:08.625 | INFO     | utils.repl_cache:print_status:179 - 

=================================================================
Idx   | Header                                        | Pool Size 
-----------------------------------------------------------------
1     | ['import Mathlib\nimport Aesop']              | 22        
-----------------------------------------------------------------
Top 10 global LRU repl:
-----------------------------------------------------------------
Idx   | Header                                        | ID        
-----------------------------------------------------------------
1     | ['import Mathlib\nimport Aesop']              | e1af39ae  
2     | ['import Mathlib\nimport Aesop']              | 23ba1595  
3     | ['import Mathlib\nimport Aesop']              | 2d7ca7ed  
4     | ['import Mathlib\nimport Aesop']              | e935d46d  
5     | ['import Mathlib\nimport Aesop']              | b4b10cd2  
6     | ['import Mathlib\nimport Aesop']              | 99bd1adc  
7     | ['import Mathlib\nimport Aesop']              | 33fa3720  
8     | ['import Mathlib\nimport Aesop']              | b8e2a3ae  
9     | ['import Mathlib\nimport Aesop']              | 26638fc7  
10    | ['import Mathlib\nimport Aesop']              | a8926cdc  
...   | ...                                           | ...       
-----------------------------------------------------------------
      | Total                                         | 22        
      | Idle                                          | 22        
      | Create Queue                                  | 0         
      | Close Queue                                   | 0         
      | Cache Hits                                    | 0         
      | Cache Misses                                  | 0         
      | Cache ratio                                   | 0.00      
      | its                                           | 0.0       
=================================================================
2025-07-17 03:11:23.700 | INFO     | utils.repl_cache:print_status:179 - 

=================================================================
Idx   | Header                                        | Pool Size 
-----------------------------------------------------------------
1     | ['import Mathlib\nimport Aesop']              | 22        
-----------------------------------------------------------------
Top 10 global LRU repl:
-----------------------------------------------------------------
Idx   | Header                                        | ID        
-----------------------------------------------------------------
1     | ['import Mathlib\nimport Aesop']              | e1af39ae  
2     | ['import Mathlib\nimport Aesop']              | 23ba1595  
3     | ['import Mathlib\nimport Aesop']              | 2d7ca7ed  
4     | ['import Mathlib\nimport Aesop']              | e935d46d  
5     | ['import Mathlib\nimport Aesop']              | b4b10cd2  
6     | ['import Mathlib\nimport Aesop']              | 99bd1adc  
7     | ['import Mathlib\nimport Aesop']              | 33fa3720  
8     | ['import Mathlib\nimport Aesop']              | b8e2a3ae  
9     | ['import Mathlib\nimport Aesop']              | 26638fc7  
10    | ['import Mathlib\nimport Aesop']              | a8926cdc  
...   | ...                                           | ...       
-----------------------------------------------------------------
      | Total                                         | 22        
      | Idle                                          | 22        
      | Create Queue                                  | 0         
      | Close Queue                                   | 0         
      | Cache Hits                                    | 0         
      | Cache Misses                                  | 0         
      | Cache ratio                                   | 0.00      
      | its                                           | 0.0       
=================================================================
2025-07-17 03:11:38.702 | INFO     | utils.repl_cache:print_status:179 - 

=================================================================
Idx   | Header                                        | Pool Size 
-----------------------------------------------------------------
1     | ['import Mathlib\nimport Aesop']              | 22        
-----------------------------------------------------------------
Top 10 global LRU repl:
-----------------------------------------------------------------
Idx   | Header                                        | ID        
-----------------------------------------------------------------
1     | ['import Mathlib\nimport Aesop']              | e1af39ae  
2     | ['import Mathlib\nimport Aesop']              | 23ba1595  
3     | ['import Mathlib\nimport Aesop']              | 2d7ca7ed  
4     | ['import Mathlib\nimport Aesop']              | e935d46d  
5     | ['import Mathlib\nimport Aesop']              | b4b10cd2  
6     | ['import Mathlib\nimport Aesop']              | 99bd1adc  
7     | ['import Mathlib\nimport Aesop']              | 33fa3720  
8     | ['import Mathlib\nimport Aesop']              | b8e2a3ae  
9     | ['import Mathlib\nimport Aesop']              | 26638fc7  
10    | ['import Mathlib\nimport Aesop']              | a8926cdc  
...   | ...                                           | ...       
-----------------------------------------------------------------
      | Total                                         | 22        
      | Idle                                          | 22        
      | Create Queue                                  | 0         
      | Close Queue                                   | 0         
      | Cache Hits                                    | 0         
      | Cache Misses                                  | 0         
      | Cache ratio                                   | 0.00      
      | its                                           | 0.0       
=================================================================
2025-07-17 03:11:53.823 | INFO     | utils.repl_cache:print_status:179 - 

=================================================================
Idx   | Header                                        | Pool Size 
-----------------------------------------------------------------
1     | ['import Mathlib\nimport Aesop']              | 22        
-----------------------------------------------------------------
Top 10 global LRU repl:
-----------------------------------------------------------------
Idx   | Header                                        | ID        
-----------------------------------------------------------------
1     | ['import Mathlib\nimport Aesop']              | e1af39ae  
2     | ['import Mathlib\nimport Aesop']              | 23ba1595  
3     | ['import Mathlib\nimport Aesop']              | 2d7ca7ed  
4     | ['import Mathlib\nimport Aesop']              | e935d46d  
5     | ['import Mathlib\nimport Aesop']              | b4b10cd2  
6     | ['import Mathlib\nimport Aesop']              | 99bd1adc  
7     | ['import Mathlib\nimport Aesop']              | 33fa3720  
8     | ['import Mathlib\nimport Aesop']              | b8e2a3ae  
9     | ['import Mathlib\nimport Aesop']              | 26638fc7  
10    | ['import Mathlib\nimport Aesop']              | a8926cdc  
...   | ...                                           | ...       
-----------------------------------------------------------------
      | Total                                         | 22        
      | Idle                                          | 22        
      | Create Queue                                  | 0         
      | Close Queue                                   | 0         
      | Cache Hits                                    | 0         
      | Cache Misses                                  | 0         
      | Cache ratio                                   | 0.00      
      | its                                           | 0.0       
=================================================================
2025-07-17 03:12:08.825 | INFO     | utils.repl_cache:print_status:179 - 

=================================================================
Idx   | Header                                        | Pool Size 
-----------------------------------------------------------------
1     | ['import Mathlib\nimport Aesop']              | 22        
-----------------------------------------------------------------
Top 10 global LRU repl:
-----------------------------------------------------------------
Idx   | Header                                        | ID        
-----------------------------------------------------------------
1     | ['import Mathlib\nimport Aesop']              | e1af39ae  
2     | ['import Mathlib\nimport Aesop']              | 23ba1595  
3     | ['import Mathlib\nimport Aesop']              | 2d7ca7ed  
4     | ['import Mathlib\nimport Aesop']              | e935d46d  
5     | ['import Mathlib\nimport Aesop']              | b4b10cd2  
6     | ['import Mathlib\nimport Aesop']              | 99bd1adc  
7     | ['import Mathlib\nimport Aesop']              | 33fa3720  
8     | ['import Mathlib\nimport Aesop']              | b8e2a3ae  
9     | ['import Mathlib\nimport Aesop']              | 26638fc7  
10    | ['import Mathlib\nimport Aesop']              | a8926cdc  
...   | ...                                           | ...       
-----------------------------------------------------------------
      | Total                                         | 22        
      | Idle                                          | 22        
      | Create Queue                                  | 0         
      | Close Queue                                   | 0         
      | Cache Hits                                    | 0         
      | Cache Misses                                  | 0         
      | Cache ratio                                   | 0.00      
      | its                                           | 0.0       
=================================================================
2025-07-17 03:12:23.898 | INFO     | utils.repl_cache:print_status:179 - 

=================================================================
Idx   | Header                                        | Pool Size 
-----------------------------------------------------------------
1     | ['import Mathlib\nimport Aesop']              | 22        
-----------------------------------------------------------------
Top 10 global LRU repl:
-----------------------------------------------------------------
Idx   | Header                                        | ID        
-----------------------------------------------------------------
1     | ['import Mathlib\nimport Aesop']              | e1af39ae  
2     | ['import Mathlib\nimport Aesop']              | 23ba1595  
3     | ['import Mathlib\nimport Aesop']              | 2d7ca7ed  
4     | ['import Mathlib\nimport Aesop']              | e935d46d  
5     | ['import Mathlib\nimport Aesop']              | b4b10cd2  
6     | ['import Mathlib\nimport Aesop']              | 99bd1adc  
7     | ['import Mathlib\nimport Aesop']              | 33fa3720  
8     | ['import Mathlib\nimport Aesop']              | b8e2a3ae  
9     | ['import Mathlib\nimport Aesop']              | 26638fc7  
10    | ['import Mathlib\nimport Aesop']              | a8926cdc  
...   | ...                                           | ...       
-----------------------------------------------------------------
      | Total                                         | 22        
      | Idle                                          | 22        
      | Create Queue                                  | 0         
      | Close Queue                                   | 0         
      | Cache Hits                                    | 0         
      | Cache Misses                                  | 0         
      | Cache ratio                                   | 0.00      
      | its                                           | 0.0       
=================================================================
2025-07-17 03:12:30.167 | INFO     | uvicorn.server:shutdown:264 - Shutting down
2025-07-17 03:12:30.269 | INFO     | uvicorn.lifespan.on:shutdown:67 - Waiting for application shutdown.
2025-07-17 03:12:30.276 | INFO     | uvicorn.lifespan.on:shutdown:76 - Application shutdown complete.
2025-07-17 03:12:30.277 | INFO     | uvicorn.server:_serve:94 - Finished server process [3705]
