2025-07-17 02:59:13.843 | INFO     | uvicorn.server:_serve:84 - Started server process [2713]
2025-07-17 02:59:13.844 | INFO     | uvicorn.lifespan.on:startup:48 - Waiting for application startup.
2025-07-17 02:59:14.338 | INFO     | uvicorn.lifespan.on:startup:62 - Application startup complete.
2025-07-17 02:59:14.496 | INFO     | uvicorn.server:_log_started_message:216 - Uvicorn running on http://0.0.0.0:12332 (Press CTRL+C to quit)
2025-07-17 02:59:16.101 | INFO     | uvicorn.protocols.http.h11_impl:send:473 - 127.0.0.1:52788 - "GET / HTTP/1.1" 200
2025-07-17 02:59:16.135 | DEBUG    | server.server:process_one_code_with_repl_fast:213 - [1234] Processing code: {"custom_id": "1234", "proof_header": "", "proof_body": "#check Nat", "timeout": 30}
2025-07-17 02:59:17.921 | INFO     | uvicorn.protocols.http.h11_impl:send:473 - 127.0.0.1:52790 - "POST /verify HTTP/1.1" 200
2025-07-17 02:59:19.467 | INFO     | uvicorn.protocols.http.h11_impl:send:473 - 127.0.0.1:52798 - "GET / HTTP/1.1" 200
2025-07-17 02:59:28.373 | INFO     | server.server:_repl_creater:41 - Created 22 ['import Mathlib\nimport Aesop'] repls with response [{'env': 0, 'time': 12.16406512260437}, {'env': 0,
2025-07-17 02:59:29.339 | INFO     | utils.repl_cache:print_status:179 - 

=================================================================
Idx   | Header                                        | Pool Size 
-----------------------------------------------------------------
1     | ['import Mathlib\nimport Aesop']              | 22        
-----------------------------------------------------------------
Top 10 global LRU repl:
-----------------------------------------------------------------
Idx   | Header                                        | ID        
-----------------------------------------------------------------
1     | ['import Mathlib\nimport Aesop']              | 224db653  
2     | ['import Mathlib\nimport Aesop']              | 573a7bbc  
3     | ['import Mathlib\nimport Aesop']              | c15c0923  
4     | ['import Mathlib\nimport Aesop']              | 3573e31a  
5     | ['import Mathlib\nimport Aesop']              | c6e856aa  
6     | ['import Mathlib\nimport Aesop']              | 019ce662  
7     | ['import Mathlib\nimport Aesop']              | 5f38bc89  
8     | ['import Mathlib\nimport Aesop']              | a73ed4ec  
9     | ['import Mathlib\nimport Aesop']              | ff33a73d  
10    | ['import Mathlib\nimport Aesop']              | 24ef32ba  
...   | ...                                           | ...       
-----------------------------------------------------------------
      | Total                                         | 22        
      | Idle                                          | 22        
      | Create Queue                                  | 0         
      | Close Queue                                   | 0         
      | Cache Hits                                    | 0         
      | Cache Misses                                  | 0         
      | Cache ratio                                   | 0.00      
      | its                                           | 0.0       
=================================================================
2025-07-17 02:59:44.437 | INFO     | utils.repl_cache:print_status:179 - 

=================================================================
Idx   | Header                                        | Pool Size 
-----------------------------------------------------------------
1     | ['import Mathlib\nimport Aesop']              | 22        
-----------------------------------------------------------------
Top 10 global LRU repl:
-----------------------------------------------------------------
Idx   | Header                                        | ID        
-----------------------------------------------------------------
1     | ['import Mathlib\nimport Aesop']              | 224db653  
2     | ['import Mathlib\nimport Aesop']              | 573a7bbc  
3     | ['import Mathlib\nimport Aesop']              | c15c0923  
4     | ['import Mathlib\nimport Aesop']              | 3573e31a  
5     | ['import Mathlib\nimport Aesop']              | c6e856aa  
6     | ['import Mathlib\nimport Aesop']              | 019ce662  
7     | ['import Mathlib\nimport Aesop']              | 5f38bc89  
8     | ['import Mathlib\nimport Aesop']              | a73ed4ec  
9     | ['import Mathlib\nimport Aesop']              | ff33a73d  
10    | ['import Mathlib\nimport Aesop']              | 24ef32ba  
...   | ...                                           | ...       
-----------------------------------------------------------------
      | Total                                         | 22        
      | Idle                                          | 22        
      | Create Queue                                  | 0         
      | Close Queue                                   | 0         
      | Cache Hits                                    | 0         
      | Cache Misses                                  | 0         
      | Cache ratio                                   | 0.00      
      | its                                           | 0.0       
=================================================================
2025-07-17 02:59:53.902 | INFO     | uvicorn.protocols.http.h11_impl:send:473 - 127.0.0.1:48520 - "GET / HTTP/1.1" 200
2025-07-17 02:59:59.440 | INFO     | utils.repl_cache:print_status:179 - 

=================================================================
Idx   | Header                                        | Pool Size 
-----------------------------------------------------------------
1     | ['import Mathlib\nimport Aesop']              | 22        
-----------------------------------------------------------------
Top 10 global LRU repl:
-----------------------------------------------------------------
Idx   | Header                                        | ID        
-----------------------------------------------------------------
1     | ['import Mathlib\nimport Aesop']              | 224db653  
2     | ['import Mathlib\nimport Aesop']              | 573a7bbc  
3     | ['import Mathlib\nimport Aesop']              | c15c0923  
4     | ['import Mathlib\nimport Aesop']              | 3573e31a  
5     | ['import Mathlib\nimport Aesop']              | c6e856aa  
6     | ['import Mathlib\nimport Aesop']              | 019ce662  
7     | ['import Mathlib\nimport Aesop']              | 5f38bc89  
8     | ['import Mathlib\nimport Aesop']              | a73ed4ec  
9     | ['import Mathlib\nimport Aesop']              | ff33a73d  
10    | ['import Mathlib\nimport Aesop']              | 24ef32ba  
...   | ...                                           | ...       
-----------------------------------------------------------------
      | Total                                         | 22        
      | Idle                                          | 22        
      | Create Queue                                  | 0         
      | Close Queue                                   | 0         
      | Cache Hits                                    | 0         
      | Cache Misses                                  | 0         
      | Cache ratio                                   | 0.00      
      | its                                           | 0.0       
=================================================================
2025-07-17 03:00:14.543 | INFO     | utils.repl_cache:print_status:179 - 

=================================================================
Idx   | Header                                        | Pool Size 
-----------------------------------------------------------------
1     | ['import Mathlib\nimport Aesop']              | 22        
-----------------------------------------------------------------
Top 10 global LRU repl:
-----------------------------------------------------------------
Idx   | Header                                        | ID        
-----------------------------------------------------------------
1     | ['import Mathlib\nimport Aesop']              | 224db653  
2     | ['import Mathlib\nimport Aesop']              | 573a7bbc  
3     | ['import Mathlib\nimport Aesop']              | c15c0923  
4     | ['import Mathlib\nimport Aesop']              | 3573e31a  
5     | ['import Mathlib\nimport Aesop']              | c6e856aa  
6     | ['import Mathlib\nimport Aesop']              | 019ce662  
7     | ['import Mathlib\nimport Aesop']              | 5f38bc89  
8     | ['import Mathlib\nimport Aesop']              | a73ed4ec  
9     | ['import Mathlib\nimport Aesop']              | ff33a73d  
10    | ['import Mathlib\nimport Aesop']              | 24ef32ba  
...   | ...                                           | ...       
-----------------------------------------------------------------
      | Total                                         | 22        
      | Idle                                          | 22        
      | Create Queue                                  | 0         
      | Close Queue                                   | 0         
      | Cache Hits                                    | 0         
      | Cache Misses                                  | 0         
      | Cache ratio                                   | 0.00      
      | its                                           | 0.0       
=================================================================
2025-07-17 03:00:19.850 | INFO     | uvicorn.protocols.http.h11_impl:send:473 - 127.0.0.1:35646 - "GET / HTTP/1.1" 200
2025-07-17 03:00:29.545 | INFO     | utils.repl_cache:print_status:179 - 

=================================================================
Idx   | Header                                        | Pool Size 
-----------------------------------------------------------------
1     | ['import Mathlib\nimport Aesop']              | 22        
-----------------------------------------------------------------
Top 10 global LRU repl:
-----------------------------------------------------------------
Idx   | Header                                        | ID        
-----------------------------------------------------------------
1     | ['import Mathlib\nimport Aesop']              | 224db653  
2     | ['import Mathlib\nimport Aesop']              | 573a7bbc  
3     | ['import Mathlib\nimport Aesop']              | c15c0923  
4     | ['import Mathlib\nimport Aesop']              | 3573e31a  
5     | ['import Mathlib\nimport Aesop']              | c6e856aa  
6     | ['import Mathlib\nimport Aesop']              | 019ce662  
7     | ['import Mathlib\nimport Aesop']              | 5f38bc89  
8     | ['import Mathlib\nimport Aesop']              | a73ed4ec  
9     | ['import Mathlib\nimport Aesop']              | ff33a73d  
10    | ['import Mathlib\nimport Aesop']              | 24ef32ba  
...   | ...                                           | ...       
-----------------------------------------------------------------
      | Total                                         | 22        
      | Idle                                          | 22        
      | Create Queue                                  | 0         
      | Close Queue                                   | 0         
      | Cache Hits                                    | 0         
      | Cache Misses                                  | 0         
      | Cache ratio                                   | 0.00      
      | its                                           | 0.0       
=================================================================
2025-07-17 03:00:33.638 | INFO     | uvicorn.protocols.http.h11_impl:send:473 - 127.0.0.1:59896 - "GET / HTTP/1.1" 200
2025-07-17 03:00:44.623 | INFO     | utils.repl_cache:print_status:179 - 

=================================================================
Idx   | Header                                        | Pool Size 
-----------------------------------------------------------------
1     | ['import Mathlib\nimport Aesop']              | 22        
-----------------------------------------------------------------
Top 10 global LRU repl:
-----------------------------------------------------------------
Idx   | Header                                        | ID        
-----------------------------------------------------------------
1     | ['import Mathlib\nimport Aesop']              | 224db653  
2     | ['import Mathlib\nimport Aesop']              | 573a7bbc  
3     | ['import Mathlib\nimport Aesop']              | c15c0923  
4     | ['import Mathlib\nimport Aesop']              | 3573e31a  
5     | ['import Mathlib\nimport Aesop']              | c6e856aa  
6     | ['import Mathlib\nimport Aesop']              | 019ce662  
7     | ['import Mathlib\nimport Aesop']              | 5f38bc89  
8     | ['import Mathlib\nimport Aesop']              | a73ed4ec  
9     | ['import Mathlib\nimport Aesop']              | ff33a73d  
10    | ['import Mathlib\nimport Aesop']              | 24ef32ba  
...   | ...                                           | ...       
-----------------------------------------------------------------
      | Total                                         | 22        
      | Idle                                          | 22        
      | Create Queue                                  | 0         
      | Close Queue                                   | 0         
      | Cache Hits                                    | 0         
      | Cache Misses                                  | 0         
      | Cache ratio                                   | 0.00      
      | its                                           | 0.0       
=================================================================
2025-07-17 03:00:59.626 | INFO     | utils.repl_cache:print_status:179 - 

=================================================================
Idx   | Header                                        | Pool Size 
-----------------------------------------------------------------
1     | ['import Mathlib\nimport Aesop']              | 22        
-----------------------------------------------------------------
Top 10 global LRU repl:
-----------------------------------------------------------------
Idx   | Header                                        | ID        
-----------------------------------------------------------------
1     | ['import Mathlib\nimport Aesop']              | 224db653  
2     | ['import Mathlib\nimport Aesop']              | 573a7bbc  
3     | ['import Mathlib\nimport Aesop']              | c15c0923  
4     | ['import Mathlib\nimport Aesop']              | 3573e31a  
5     | ['import Mathlib\nimport Aesop']              | c6e856aa  
6     | ['import Mathlib\nimport Aesop']              | 019ce662  
7     | ['import Mathlib\nimport Aesop']              | 5f38bc89  
8     | ['import Mathlib\nimport Aesop']              | a73ed4ec  
9     | ['import Mathlib\nimport Aesop']              | ff33a73d  
10    | ['import Mathlib\nimport Aesop']              | 24ef32ba  
...   | ...                                           | ...       
-----------------------------------------------------------------
      | Total                                         | 22        
      | Idle                                          | 22        
      | Create Queue                                  | 0         
      | Close Queue                                   | 0         
      | Cache Hits                                    | 0         
      | Cache Misses                                  | 0         
      | Cache ratio                                   | 0.00      
      | its                                           | 0.0       
=================================================================
2025-07-17 03:01:14.705 | INFO     | utils.repl_cache:print_status:179 - 

=================================================================
Idx   | Header                                        | Pool Size 
-----------------------------------------------------------------
1     | ['import Mathlib\nimport Aesop']              | 22        
-----------------------------------------------------------------
Top 10 global LRU repl:
-----------------------------------------------------------------
Idx   | Header                                        | ID        
-----------------------------------------------------------------
1     | ['import Mathlib\nimport Aesop']              | 224db653  
2     | ['import Mathlib\nimport Aesop']              | 573a7bbc  
3     | ['import Mathlib\nimport Aesop']              | c15c0923  
4     | ['import Mathlib\nimport Aesop']              | 3573e31a  
5     | ['import Mathlib\nimport Aesop']              | c6e856aa  
6     | ['import Mathlib\nimport Aesop']              | 019ce662  
7     | ['import Mathlib\nimport Aesop']              | 5f38bc89  
8     | ['import Mathlib\nimport Aesop']              | a73ed4ec  
9     | ['import Mathlib\nimport Aesop']              | ff33a73d  
10    | ['import Mathlib\nimport Aesop']              | 24ef32ba  
...   | ...                                           | ...       
-----------------------------------------------------------------
      | Total                                         | 22        
      | Idle                                          | 22        
      | Create Queue                                  | 0         
      | Close Queue                                   | 0         
      | Cache Hits                                    | 0         
      | Cache Misses                                  | 0         
      | Cache ratio                                   | 0.00      
      | its                                           | 0.0       
=================================================================
2025-07-17 03:01:29.708 | INFO     | utils.repl_cache:print_status:179 - 

=================================================================
Idx   | Header                                        | Pool Size 
-----------------------------------------------------------------
1     | ['import Mathlib\nimport Aesop']              | 22        
-----------------------------------------------------------------
Top 10 global LRU repl:
-----------------------------------------------------------------
Idx   | Header                                        | ID        
-----------------------------------------------------------------
1     | ['import Mathlib\nimport Aesop']              | 224db653  
2     | ['import Mathlib\nimport Aesop']              | 573a7bbc  
3     | ['import Mathlib\nimport Aesop']              | c15c0923  
4     | ['import Mathlib\nimport Aesop']              | 3573e31a  
5     | ['import Mathlib\nimport Aesop']              | c6e856aa  
6     | ['import Mathlib\nimport Aesop']              | 019ce662  
7     | ['import Mathlib\nimport Aesop']              | 5f38bc89  
8     | ['import Mathlib\nimport Aesop']              | a73ed4ec  
9     | ['import Mathlib\nimport Aesop']              | ff33a73d  
10    | ['import Mathlib\nimport Aesop']              | 24ef32ba  
...   | ...                                           | ...       
-----------------------------------------------------------------
      | Total                                         | 22        
      | Idle                                          | 22        
      | Create Queue                                  | 0         
      | Close Queue                                   | 0         
      | Cache Hits                                    | 0         
      | Cache Misses                                  | 0         
      | Cache ratio                                   | 0.00      
      | its                                           | 0.0       
=================================================================
2025-07-17 03:01:44.781 | INFO     | utils.repl_cache:print_status:179 - 

=================================================================
Idx   | Header                                        | Pool Size 
-----------------------------------------------------------------
1     | ['import Mathlib\nimport Aesop']              | 22        
-----------------------------------------------------------------
Top 10 global LRU repl:
-----------------------------------------------------------------
Idx   | Header                                        | ID        
-----------------------------------------------------------------
1     | ['import Mathlib\nimport Aesop']              | 224db653  
2     | ['import Mathlib\nimport Aesop']              | 573a7bbc  
3     | ['import Mathlib\nimport Aesop']              | c15c0923  
4     | ['import Mathlib\nimport Aesop']              | 3573e31a  
5     | ['import Mathlib\nimport Aesop']              | c6e856aa  
6     | ['import Mathlib\nimport Aesop']              | 019ce662  
7     | ['import Mathlib\nimport Aesop']              | 5f38bc89  
8     | ['import Mathlib\nimport Aesop']              | a73ed4ec  
9     | ['import Mathlib\nimport Aesop']              | ff33a73d  
10    | ['import Mathlib\nimport Aesop']              | 24ef32ba  
...   | ...                                           | ...       
-----------------------------------------------------------------
      | Total                                         | 22        
      | Idle                                          | 22        
      | Create Queue                                  | 0         
      | Close Queue                                   | 0         
      | Cache Hits                                    | 0         
      | Cache Misses                                  | 0         
      | Cache ratio                                   | 0.00      
      | its                                           | 0.0       
=================================================================
2025-07-17 03:01:59.783 | INFO     | utils.repl_cache:print_status:179 - 

=================================================================
Idx   | Header                                        | Pool Size 
-----------------------------------------------------------------
1     | ['import Mathlib\nimport Aesop']              | 22        
-----------------------------------------------------------------
Top 10 global LRU repl:
-----------------------------------------------------------------
Idx   | Header                                        | ID        
-----------------------------------------------------------------
1     | ['import Mathlib\nimport Aesop']              | 224db653  
2     | ['import Mathlib\nimport Aesop']              | 573a7bbc  
3     | ['import Mathlib\nimport Aesop']              | c15c0923  
4     | ['import Mathlib\nimport Aesop']              | 3573e31a  
5     | ['import Mathlib\nimport Aesop']              | c6e856aa  
6     | ['import Mathlib\nimport Aesop']              | 019ce662  
7     | ['import Mathlib\nimport Aesop']              | 5f38bc89  
8     | ['import Mathlib\nimport Aesop']              | a73ed4ec  
9     | ['import Mathlib\nimport Aesop']              | ff33a73d  
10    | ['import Mathlib\nimport Aesop']              | 24ef32ba  
...   | ...                                           | ...       
-----------------------------------------------------------------
      | Total                                         | 22        
      | Idle                                          | 22        
      | Create Queue                                  | 0         
      | Close Queue                                   | 0         
      | Cache Hits                                    | 0         
      | Cache Misses                                  | 0         
      | Cache ratio                                   | 0.00      
      | its                                           | 0.0       
=================================================================
2025-07-17 03:02:14.866 | INFO     | utils.repl_cache:print_status:179 - 

=================================================================
Idx   | Header                                        | Pool Size 
-----------------------------------------------------------------
1     | ['import Mathlib\nimport Aesop']              | 22        
-----------------------------------------------------------------
Top 10 global LRU repl:
-----------------------------------------------------------------
Idx   | Header                                        | ID        
-----------------------------------------------------------------
1     | ['import Mathlib\nimport Aesop']              | 224db653  
2     | ['import Mathlib\nimport Aesop']              | 573a7bbc  
3     | ['import Mathlib\nimport Aesop']              | c15c0923  
4     | ['import Mathlib\nimport Aesop']              | 3573e31a  
5     | ['import Mathlib\nimport Aesop']              | c6e856aa  
6     | ['import Mathlib\nimport Aesop']              | 019ce662  
7     | ['import Mathlib\nimport Aesop']              | 5f38bc89  
8     | ['import Mathlib\nimport Aesop']              | a73ed4ec  
9     | ['import Mathlib\nimport Aesop']              | ff33a73d  
10    | ['import Mathlib\nimport Aesop']              | 24ef32ba  
...   | ...                                           | ...       
-----------------------------------------------------------------
      | Total                                         | 22        
      | Idle                                          | 22        
      | Create Queue                                  | 0         
      | Close Queue                                   | 0         
      | Cache Hits                                    | 0         
      | Cache Misses                                  | 0         
      | Cache ratio                                   | 0.00      
      | its                                           | 0.0       
=================================================================
2025-07-17 03:02:29.867 | INFO     | utils.repl_cache:print_status:179 - 

=================================================================
Idx   | Header                                        | Pool Size 
-----------------------------------------------------------------
1     | ['import Mathlib\nimport Aesop']              | 22        
-----------------------------------------------------------------
Top 10 global LRU repl:
-----------------------------------------------------------------
Idx   | Header                                        | ID        
-----------------------------------------------------------------
1     | ['import Mathlib\nimport Aesop']              | 224db653  
2     | ['import Mathlib\nimport Aesop']              | 573a7bbc  
3     | ['import Mathlib\nimport Aesop']              | c15c0923  
4     | ['import Mathlib\nimport Aesop']              | 3573e31a  
5     | ['import Mathlib\nimport Aesop']              | c6e856aa  
6     | ['import Mathlib\nimport Aesop']              | 019ce662  
7     | ['import Mathlib\nimport Aesop']              | 5f38bc89  
8     | ['import Mathlib\nimport Aesop']              | a73ed4ec  
9     | ['import Mathlib\nimport Aesop']              | ff33a73d  
10    | ['import Mathlib\nimport Aesop']              | 24ef32ba  
...   | ...                                           | ...       
-----------------------------------------------------------------
      | Total                                         | 22        
      | Idle                                          | 22        
      | Create Queue                                  | 0         
      | Close Queue                                   | 0         
      | Cache Hits                                    | 0         
      | Cache Misses                                  | 0         
      | Cache ratio                                   | 0.00      
      | its                                           | 0.0       
=================================================================
2025-07-17 03:02:44.967 | INFO     | utils.repl_cache:print_status:179 - 

=================================================================
Idx   | Header                                        | Pool Size 
-----------------------------------------------------------------
1     | ['import Mathlib\nimport Aesop']              | 22        
-----------------------------------------------------------------
Top 10 global LRU repl:
-----------------------------------------------------------------
Idx   | Header                                        | ID        
-----------------------------------------------------------------
1     | ['import Mathlib\nimport Aesop']              | 224db653  
2     | ['import Mathlib\nimport Aesop']              | 573a7bbc  
3     | ['import Mathlib\nimport Aesop']              | c15c0923  
4     | ['import Mathlib\nimport Aesop']              | 3573e31a  
5     | ['import Mathlib\nimport Aesop']              | c6e856aa  
6     | ['import Mathlib\nimport Aesop']              | 019ce662  
7     | ['import Mathlib\nimport Aesop']              | 5f38bc89  
8     | ['import Mathlib\nimport Aesop']              | a73ed4ec  
9     | ['import Mathlib\nimport Aesop']              | ff33a73d  
10    | ['import Mathlib\nimport Aesop']              | 24ef32ba  
...   | ...                                           | ...       
-----------------------------------------------------------------
      | Total                                         | 22        
      | Idle                                          | 22        
      | Create Queue                                  | 0         
      | Close Queue                                   | 0         
      | Cache Hits                                    | 0         
      | Cache Misses                                  | 0         
      | Cache ratio                                   | 0.00      
      | its                                           | 0.0       
=================================================================
2025-07-17 03:02:59.968 | INFO     | utils.repl_cache:print_status:179 - 

=================================================================
Idx   | Header                                        | Pool Size 
-----------------------------------------------------------------
1     | ['import Mathlib\nimport Aesop']              | 22        
-----------------------------------------------------------------
Top 10 global LRU repl:
-----------------------------------------------------------------
Idx   | Header                                        | ID        
-----------------------------------------------------------------
1     | ['import Mathlib\nimport Aesop']              | 224db653  
2     | ['import Mathlib\nimport Aesop']              | 573a7bbc  
3     | ['import Mathlib\nimport Aesop']              | c15c0923  
4     | ['import Mathlib\nimport Aesop']              | 3573e31a  
5     | ['import Mathlib\nimport Aesop']              | c6e856aa  
6     | ['import Mathlib\nimport Aesop']              | 019ce662  
7     | ['import Mathlib\nimport Aesop']              | 5f38bc89  
8     | ['import Mathlib\nimport Aesop']              | a73ed4ec  
9     | ['import Mathlib\nimport Aesop']              | ff33a73d  
10    | ['import Mathlib\nimport Aesop']              | 24ef32ba  
...   | ...                                           | ...       
-----------------------------------------------------------------
      | Total                                         | 22        
      | Idle                                          | 22        
      | Create Queue                                  | 0         
      | Close Queue                                   | 0         
      | Cache Hits                                    | 0         
      | Cache Misses                                  | 0         
      | Cache ratio                                   | 0.00      
      | its                                           | 0.0       
=================================================================
2025-07-17 03:03:15.047 | INFO     | utils.repl_cache:print_status:179 - 

=================================================================
Idx   | Header                                        | Pool Size 
-----------------------------------------------------------------
1     | ['import Mathlib\nimport Aesop']              | 22        
-----------------------------------------------------------------
Top 10 global LRU repl:
-----------------------------------------------------------------
Idx   | Header                                        | ID        
-----------------------------------------------------------------
1     | ['import Mathlib\nimport Aesop']              | 224db653  
2     | ['import Mathlib\nimport Aesop']              | 573a7bbc  
3     | ['import Mathlib\nimport Aesop']              | c15c0923  
4     | ['import Mathlib\nimport Aesop']              | 3573e31a  
5     | ['import Mathlib\nimport Aesop']              | c6e856aa  
6     | ['import Mathlib\nimport Aesop']              | 019ce662  
7     | ['import Mathlib\nimport Aesop']              | 5f38bc89  
8     | ['import Mathlib\nimport Aesop']              | a73ed4ec  
9     | ['import Mathlib\nimport Aesop']              | ff33a73d  
10    | ['import Mathlib\nimport Aesop']              | 24ef32ba  
...   | ...                                           | ...       
-----------------------------------------------------------------
      | Total                                         | 22        
      | Idle                                          | 22        
      | Create Queue                                  | 0         
      | Close Queue                                   | 0         
      | Cache Hits                                    | 0         
      | Cache Misses                                  | 0         
      | Cache ratio                                   | 0.00      
      | its                                           | 0.0       
=================================================================
2025-07-17 03:03:30.049 | INFO     | utils.repl_cache:print_status:179 - 

=================================================================
Idx   | Header                                        | Pool Size 
-----------------------------------------------------------------
1     | ['import Mathlib\nimport Aesop']              | 22        
-----------------------------------------------------------------
Top 10 global LRU repl:
-----------------------------------------------------------------
Idx   | Header                                        | ID        
-----------------------------------------------------------------
1     | ['import Mathlib\nimport Aesop']              | 224db653  
2     | ['import Mathlib\nimport Aesop']              | 573a7bbc  
3     | ['import Mathlib\nimport Aesop']              | c15c0923  
4     | ['import Mathlib\nimport Aesop']              | 3573e31a  
5     | ['import Mathlib\nimport Aesop']              | c6e856aa  
6     | ['import Mathlib\nimport Aesop']              | 019ce662  
7     | ['import Mathlib\nimport Aesop']              | 5f38bc89  
8     | ['import Mathlib\nimport Aesop']              | a73ed4ec  
9     | ['import Mathlib\nimport Aesop']              | ff33a73d  
10    | ['import Mathlib\nimport Aesop']              | 24ef32ba  
...   | ...                                           | ...       
-----------------------------------------------------------------
      | Total                                         | 22        
      | Idle                                          | 22        
      | Create Queue                                  | 0         
      | Close Queue                                   | 0         
      | Cache Hits                                    | 0         
      | Cache Misses                                  | 0         
      | Cache ratio                                   | 0.00      
      | its                                           | 0.0       
=================================================================
2025-07-17 03:03:45.126 | INFO     | utils.repl_cache:print_status:179 - 

=================================================================
Idx   | Header                                        | Pool Size 
-----------------------------------------------------------------
1     | ['import Mathlib\nimport Aesop']              | 22        
-----------------------------------------------------------------
Top 10 global LRU repl:
-----------------------------------------------------------------
Idx   | Header                                        | ID        
-----------------------------------------------------------------
1     | ['import Mathlib\nimport Aesop']              | 224db653  
2     | ['import Mathlib\nimport Aesop']              | 573a7bbc  
3     | ['import Mathlib\nimport Aesop']              | c15c0923  
4     | ['import Mathlib\nimport Aesop']              | 3573e31a  
5     | ['import Mathlib\nimport Aesop']              | c6e856aa  
6     | ['import Mathlib\nimport Aesop']              | 019ce662  
7     | ['import Mathlib\nimport Aesop']              | 5f38bc89  
8     | ['import Mathlib\nimport Aesop']              | a73ed4ec  
9     | ['import Mathlib\nimport Aesop']              | ff33a73d  
10    | ['import Mathlib\nimport Aesop']              | 24ef32ba  
...   | ...                                           | ...       
-----------------------------------------------------------------
      | Total                                         | 22        
      | Idle                                          | 22        
      | Create Queue                                  | 0         
      | Close Queue                                   | 0         
      | Cache Hits                                    | 0         
      | Cache Misses                                  | 0         
      | Cache ratio                                   | 0.00      
      | its                                           | 0.0       
=================================================================
2025-07-17 03:04:00.128 | INFO     | utils.repl_cache:print_status:179 - 

=================================================================
Idx   | Header                                        | Pool Size 
-----------------------------------------------------------------
1     | ['import Mathlib\nimport Aesop']              | 22        
-----------------------------------------------------------------
Top 10 global LRU repl:
-----------------------------------------------------------------
Idx   | Header                                        | ID        
-----------------------------------------------------------------
1     | ['import Mathlib\nimport Aesop']              | 224db653  
2     | ['import Mathlib\nimport Aesop']              | 573a7bbc  
3     | ['import Mathlib\nimport Aesop']              | c15c0923  
4     | ['import Mathlib\nimport Aesop']              | 3573e31a  
5     | ['import Mathlib\nimport Aesop']              | c6e856aa  
6     | ['import Mathlib\nimport Aesop']              | 019ce662  
7     | ['import Mathlib\nimport Aesop']              | 5f38bc89  
8     | ['import Mathlib\nimport Aesop']              | a73ed4ec  
9     | ['import Mathlib\nimport Aesop']              | ff33a73d  
10    | ['import Mathlib\nimport Aesop']              | 24ef32ba  
...   | ...                                           | ...       
-----------------------------------------------------------------
      | Total                                         | 22        
      | Idle                                          | 22        
      | Create Queue                                  | 0         
      | Close Queue                                   | 0         
      | Cache Hits                                    | 0         
      | Cache Misses                                  | 0         
      | Cache ratio                                   | 0.00      
      | its                                           | 0.0       
=================================================================
2025-07-17 03:04:07.257 | INFO     | uvicorn.protocols.http.h11_impl:send:473 - 127.0.0.1:57072 - "GET / HTTP/1.1" 200
2025-07-17 03:04:15.243 | INFO     | utils.repl_cache:print_status:179 - 

=================================================================
Idx   | Header                                        | Pool Size 
-----------------------------------------------------------------
1     | ['import Mathlib\nimport Aesop']              | 22        
-----------------------------------------------------------------
Top 10 global LRU repl:
-----------------------------------------------------------------
Idx   | Header                                        | ID        
-----------------------------------------------------------------
1     | ['import Mathlib\nimport Aesop']              | 224db653  
2     | ['import Mathlib\nimport Aesop']              | 573a7bbc  
3     | ['import Mathlib\nimport Aesop']              | c15c0923  
4     | ['import Mathlib\nimport Aesop']              | 3573e31a  
5     | ['import Mathlib\nimport Aesop']              | c6e856aa  
6     | ['import Mathlib\nimport Aesop']              | 019ce662  
7     | ['import Mathlib\nimport Aesop']              | 5f38bc89  
8     | ['import Mathlib\nimport Aesop']              | a73ed4ec  
9     | ['import Mathlib\nimport Aesop']              | ff33a73d  
10    | ['import Mathlib\nimport Aesop']              | 24ef32ba  
...   | ...                                           | ...       
-----------------------------------------------------------------
      | Total                                         | 22        
      | Idle                                          | 22        
      | Create Queue                                  | 0         
      | Close Queue                                   | 0         
      | Cache Hits                                    | 0         
      | Cache Misses                                  | 0         
      | Cache ratio                                   | 0.00      
      | its                                           | 0.0       
=================================================================
2025-07-17 03:04:30.245 | INFO     | utils.repl_cache:print_status:179 - 

=================================================================
Idx   | Header                                        | Pool Size 
-----------------------------------------------------------------
1     | ['import Mathlib\nimport Aesop']              | 22        
-----------------------------------------------------------------
Top 10 global LRU repl:
-----------------------------------------------------------------
Idx   | Header                                        | ID        
-----------------------------------------------------------------
1     | ['import Mathlib\nimport Aesop']              | 224db653  
2     | ['import Mathlib\nimport Aesop']              | 573a7bbc  
3     | ['import Mathlib\nimport Aesop']              | c15c0923  
4     | ['import Mathlib\nimport Aesop']              | 3573e31a  
5     | ['import Mathlib\nimport Aesop']              | c6e856aa  
6     | ['import Mathlib\nimport Aesop']              | 019ce662  
7     | ['import Mathlib\nimport Aesop']              | 5f38bc89  
8     | ['import Mathlib\nimport Aesop']              | a73ed4ec  
9     | ['import Mathlib\nimport Aesop']              | ff33a73d  
10    | ['import Mathlib\nimport Aesop']              | 24ef32ba  
...   | ...                                           | ...       
-----------------------------------------------------------------
      | Total                                         | 22        
      | Idle                                          | 22        
      | Create Queue                                  | 0         
      | Close Queue                                   | 0         
      | Cache Hits                                    | 0         
      | Cache Misses                                  | 0         
      | Cache ratio                                   | 0.00      
      | its                                           | 0.0       
=================================================================
2025-07-17 03:04:45.357 | INFO     | utils.repl_cache:print_status:179 - 

=================================================================
Idx   | Header                                        | Pool Size 
-----------------------------------------------------------------
1     | ['import Mathlib\nimport Aesop']              | 22        
-----------------------------------------------------------------
Top 10 global LRU repl:
-----------------------------------------------------------------
Idx   | Header                                        | ID        
-----------------------------------------------------------------
1     | ['import Mathlib\nimport Aesop']              | 224db653  
2     | ['import Mathlib\nimport Aesop']              | 573a7bbc  
3     | ['import Mathlib\nimport Aesop']              | c15c0923  
4     | ['import Mathlib\nimport Aesop']              | 3573e31a  
5     | ['import Mathlib\nimport Aesop']              | c6e856aa  
6     | ['import Mathlib\nimport Aesop']              | 019ce662  
7     | ['import Mathlib\nimport Aesop']              | 5f38bc89  
8     | ['import Mathlib\nimport Aesop']              | a73ed4ec  
9     | ['import Mathlib\nimport Aesop']              | ff33a73d  
10    | ['import Mathlib\nimport Aesop']              | 24ef32ba  
...   | ...                                           | ...       
-----------------------------------------------------------------
      | Total                                         | 22        
      | Idle                                          | 22        
      | Create Queue                                  | 0         
      | Close Queue                                   | 0         
      | Cache Hits                                    | 0         
      | Cache Misses                                  | 0         
      | Cache ratio                                   | 0.00      
      | its                                           | 0.0       
=================================================================
2025-07-17 03:04:53.468 | INFO     | uvicorn.protocols.http.h11_impl:send:473 - 127.0.0.1:33186 - "GET / HTTP/1.1" 200
2025-07-17 03:05:00.358 | INFO     | utils.repl_cache:print_status:179 - 

=================================================================
Idx   | Header                                        | Pool Size 
-----------------------------------------------------------------
1     | ['import Mathlib\nimport Aesop']              | 22        
-----------------------------------------------------------------
Top 10 global LRU repl:
-----------------------------------------------------------------
Idx   | Header                                        | ID        
-----------------------------------------------------------------
1     | ['import Mathlib\nimport Aesop']              | 224db653  
2     | ['import Mathlib\nimport Aesop']              | 573a7bbc  
3     | ['import Mathlib\nimport Aesop']              | c15c0923  
4     | ['import Mathlib\nimport Aesop']              | 3573e31a  
5     | ['import Mathlib\nimport Aesop']              | c6e856aa  
6     | ['import Mathlib\nimport Aesop']              | 019ce662  
7     | ['import Mathlib\nimport Aesop']              | 5f38bc89  
8     | ['import Mathlib\nimport Aesop']              | a73ed4ec  
9     | ['import Mathlib\nimport Aesop']              | ff33a73d  
10    | ['import Mathlib\nimport Aesop']              | 24ef32ba  
...   | ...                                           | ...       
-----------------------------------------------------------------
      | Total                                         | 22        
      | Idle                                          | 22        
      | Create Queue                                  | 0         
      | Close Queue                                   | 0         
      | Cache Hits                                    | 0         
      | Cache Misses                                  | 0         
      | Cache ratio                                   | 0.00      
      | its                                           | 0.0       
=================================================================
2025-07-17 03:05:15.469 | INFO     | utils.repl_cache:print_status:179 - 

=================================================================
Idx   | Header                                        | Pool Size 
-----------------------------------------------------------------
1     | ['import Mathlib\nimport Aesop']              | 22        
-----------------------------------------------------------------
Top 10 global LRU repl:
-----------------------------------------------------------------
Idx   | Header                                        | ID        
-----------------------------------------------------------------
1     | ['import Mathlib\nimport Aesop']              | 224db653  
2     | ['import Mathlib\nimport Aesop']              | 573a7bbc  
3     | ['import Mathlib\nimport Aesop']              | c15c0923  
4     | ['import Mathlib\nimport Aesop']              | 3573e31a  
5     | ['import Mathlib\nimport Aesop']              | c6e856aa  
6     | ['import Mathlib\nimport Aesop']              | 019ce662  
7     | ['import Mathlib\nimport Aesop']              | 5f38bc89  
8     | ['import Mathlib\nimport Aesop']              | a73ed4ec  
9     | ['import Mathlib\nimport Aesop']              | ff33a73d  
10    | ['import Mathlib\nimport Aesop']              | 24ef32ba  
...   | ...                                           | ...       
-----------------------------------------------------------------
      | Total                                         | 22        
      | Idle                                          | 22        
      | Create Queue                                  | 0         
      | Close Queue                                   | 0         
      | Cache Hits                                    | 0         
      | Cache Misses                                  | 0         
      | Cache ratio                                   | 0.00      
      | its                                           | 0.0       
=================================================================
2025-07-17 03:05:30.471 | INFO     | utils.repl_cache:print_status:179 - 

=================================================================
Idx   | Header                                        | Pool Size 
-----------------------------------------------------------------
1     | ['import Mathlib\nimport Aesop']              | 22        
-----------------------------------------------------------------
Top 10 global LRU repl:
-----------------------------------------------------------------
Idx   | Header                                        | ID        
-----------------------------------------------------------------
1     | ['import Mathlib\nimport Aesop']              | 224db653  
2     | ['import Mathlib\nimport Aesop']              | 573a7bbc  
3     | ['import Mathlib\nimport Aesop']              | c15c0923  
4     | ['import Mathlib\nimport Aesop']              | 3573e31a  
5     | ['import Mathlib\nimport Aesop']              | c6e856aa  
6     | ['import Mathlib\nimport Aesop']              | 019ce662  
7     | ['import Mathlib\nimport Aesop']              | 5f38bc89  
8     | ['import Mathlib\nimport Aesop']              | a73ed4ec  
9     | ['import Mathlib\nimport Aesop']              | ff33a73d  
10    | ['import Mathlib\nimport Aesop']              | 24ef32ba  
...   | ...                                           | ...       
-----------------------------------------------------------------
      | Total                                         | 22        
      | Idle                                          | 22        
      | Create Queue                                  | 0         
      | Close Queue                                   | 0         
      | Cache Hits                                    | 0         
      | Cache Misses                                  | 0         
      | Cache ratio                                   | 0.00      
      | its                                           | 0.0       
=================================================================
2025-07-17 03:05:44.799 | INFO     | uvicorn.protocols.http.h11_impl:send:473 - 127.0.0.1:57406 - "GET / HTTP/1.1" 200
2025-07-17 03:05:45.555 | INFO     | utils.repl_cache:print_status:179 - 

=================================================================
Idx   | Header                                        | Pool Size 
-----------------------------------------------------------------
1     | ['import Mathlib\nimport Aesop']              | 22        
-----------------------------------------------------------------
Top 10 global LRU repl:
-----------------------------------------------------------------
Idx   | Header                                        | ID        
-----------------------------------------------------------------
1     | ['import Mathlib\nimport Aesop']              | 224db653  
2     | ['import Mathlib\nimport Aesop']              | 573a7bbc  
3     | ['import Mathlib\nimport Aesop']              | c15c0923  
4     | ['import Mathlib\nimport Aesop']              | 3573e31a  
5     | ['import Mathlib\nimport Aesop']              | c6e856aa  
6     | ['import Mathlib\nimport Aesop']              | 019ce662  
7     | ['import Mathlib\nimport Aesop']              | 5f38bc89  
8     | ['import Mathlib\nimport Aesop']              | a73ed4ec  
9     | ['import Mathlib\nimport Aesop']              | ff33a73d  
10    | ['import Mathlib\nimport Aesop']              | 24ef32ba  
...   | ...                                           | ...       
-----------------------------------------------------------------
      | Total                                         | 22        
      | Idle                                          | 22        
      | Create Queue                                  | 0         
      | Close Queue                                   | 0         
      | Cache Hits                                    | 0         
      | Cache Misses                                  | 0         
      | Cache ratio                                   | 0.00      
      | its                                           | 0.0       
=================================================================
2025-07-17 03:05:56.805 | INFO     | uvicorn.protocols.http.h11_impl:send:473 - 127.0.0.1:49126 - "GET / HTTP/1.1" 200
2025-07-17 03:06:00.556 | INFO     | utils.repl_cache:print_status:179 - 

=================================================================
Idx   | Header                                        | Pool Size 
-----------------------------------------------------------------
1     | ['import Mathlib\nimport Aesop']              | 22        
-----------------------------------------------------------------
Top 10 global LRU repl:
-----------------------------------------------------------------
Idx   | Header                                        | ID        
-----------------------------------------------------------------
1     | ['import Mathlib\nimport Aesop']              | 224db653  
2     | ['import Mathlib\nimport Aesop']              | 573a7bbc  
3     | ['import Mathlib\nimport Aesop']              | c15c0923  
4     | ['import Mathlib\nimport Aesop']              | 3573e31a  
5     | ['import Mathlib\nimport Aesop']              | c6e856aa  
6     | ['import Mathlib\nimport Aesop']              | 019ce662  
7     | ['import Mathlib\nimport Aesop']              | 5f38bc89  
8     | ['import Mathlib\nimport Aesop']              | a73ed4ec  
9     | ['import Mathlib\nimport Aesop']              | ff33a73d  
10    | ['import Mathlib\nimport Aesop']              | 24ef32ba  
...   | ...                                           | ...       
-----------------------------------------------------------------
      | Total                                         | 22        
      | Idle                                          | 22        
      | Create Queue                                  | 0         
      | Close Queue                                   | 0         
      | Cache Hits                                    | 0         
      | Cache Misses                                  | 0         
      | Cache ratio                                   | 0.00      
      | its                                           | 0.0       
=================================================================
2025-07-17 03:06:34.574 | INFO     | uvicorn.server:shutdown:264 - Shutting down
2025-07-17 03:06:34.577 | INFO     | uvicorn.protocols.http.h11_impl:send:473 - 127.0.0.1:38472 - "GET / HTTP/1.1" 200
2025-07-17 03:06:34.676 | INFO     | uvicorn.server:_serve:94 - Finished server process [2713]
2025-07-17 03:06:34.698 | ERROR    | uvicorn.lifespan.on:send:134 - Traceback (most recent call last):
  File "/usr/local/lib/python3.11/asyncio/runners.py", line 190, in run
    return runner.run(main)
           ^^^^^^^^^^^^^^^^
  File "/usr/local/lib/python3.11/asyncio/runners.py", line 118, in run
    return self._loop.run_until_complete(task)
           ^^^^^^^^^^^^^^^^^^^^^^^^^^^^^^^^^^^
  File "/usr/local/lib/python3.11/asyncio/base_events.py", line 641, in run_until_complete
    self.run_forever()
  File "/usr/local/lib/python3.11/asyncio/base_events.py", line 608, in run_forever
    self._run_once()
  File "/usr/local/lib/python3.11/asyncio/base_events.py", line 1936, in _run_once
    handle._run()
  File "/usr/local/lib/python3.11/asyncio/events.py", line 84, in _run
    self._context.run(self._callback, *self._args)
  File "/usr/local/lib/python3.11/site-packages/uvicorn/server.py", line 70, in serve
    with self.capture_signals():
  File "/usr/local/lib/python3.11/contextlib.py", line 144, in __exit__
    next(self.gen)
  File "/usr/local/lib/python3.11/site-packages/uvicorn/server.py", line 331, in capture_signals
    signal.raise_signal(captured_signal)
  File "/usr/local/lib/python3.11/asyncio/runners.py", line 157, in _on_sigint
    raise KeyboardInterrupt()
KeyboardInterrupt

During handling of the above exception, another exception occurred:

Traceback (most recent call last):
  File "/usr/local/lib/python3.11/site-packages/starlette/routing.py", line 701, in lifespan
    await receive()
  File "/usr/local/lib/python3.11/site-packages/uvicorn/lifespan/on.py", line 137, in receive
    return await self.receive_queue.get()
           ^^^^^^^^^^^^^^^^^^^^^^^^^^^^^^
  File "/usr/local/lib/python3.11/asyncio/queues.py", line 158, in get
    await getter
asyncio.exceptions.CancelledError

