2025-07-17 21:19:24.789 | INFO     | uvicorn.server:_serve:84 - Started server process [30]
2025-07-17 21:19:24.789 | INFO     | uvicorn.lifespan.on:startup:48 - Waiting for application startup.
2025-07-17 21:19:25.085 | INFO     | uvicorn.lifespan.on:startup:62 - Application startup complete.
2025-07-17 21:19:25.209 | INFO     | uvicorn.server:_log_started_message:216 - Uvicorn running on http://0.0.0.0:12332 (Press CTRL+C to quit)
2025-07-17 21:19:27.194 | INFO     | uvicorn.protocols.http.h11_impl:send:473 - 127.0.0.1:35928 - "GET / HTTP/1.1" 200
2025-07-17 21:19:27.227 | DEBUG    | server.server:process_one_code_with_repl_fast:213 - [1234] Processing code: {"custom_id": "1234", "proof_header": "", "proof_body": "#check Nat", "timeout": 30}
2025-07-17 21:19:28.853 | INFO     | uvicorn.protocols.http.h11_impl:send:473 - 127.0.0.1:50170 - "POST /verify HTTP/1.1" 200
2025-07-17 21:19:37.649 | INFO     | server.server:_repl_creater:41 - Created 22 ['import Mathlib\nimport Aesop'] repls with response [{'env': 0, 'time': 10.730121374130249}, {'env': 0
2025-07-17 21:19:40.086 | INFO     | utils.repl_cache:print_status:179 - 

=================================================================
Idx   | Header                                        | Pool Size 
-----------------------------------------------------------------
1     | ['import Mathlib\nimport Aesop']              | 22        
-----------------------------------------------------------------
Top 10 global LRU repl:
-----------------------------------------------------------------
Idx   | Header                                        | ID        
-----------------------------------------------------------------
1     | ['import Mathlib\nimport Aesop']              | 22bead39  
2     | ['import Mathlib\nimport Aesop']              | 5f93148b  
3     | ['import Mathlib\nimport Aesop']              | 8375c01c  
4     | ['import Mathlib\nimport Aesop']              | 63c6af54  
5     | ['import Mathlib\nimport Aesop']              | aea802c5  
6     | ['import Mathlib\nimport Aesop']              | 95a2d9db  
7     | ['import Mathlib\nimport Aesop']              | 68c105d4  
8     | ['import Mathlib\nimport Aesop']              | 34ec4d02  
9     | ['import Mathlib\nimport Aesop']              | e0be6326  
10    | ['import Mathlib\nimport Aesop']              | fe346faa  
...   | ...                                           | ...       
-----------------------------------------------------------------
      | Total                                         | 22        
      | Idle                                          | 22        
      | Create Queue                                  | 0         
      | Close Queue                                   | 0         
      | Cache Hits                                    | 0         
      | Cache Misses                                  | 0         
      | Cache ratio                                   | 0.00      
      | its                                           | 0.0       
=================================================================
2025-07-17 21:19:46.776 | INFO     | uvicorn.server:shutdown:264 - Shutting down
2025-07-17 21:19:46.877 | INFO     | uvicorn.lifespan.on:shutdown:67 - Waiting for application shutdown.
2025-07-17 21:19:46.884 | INFO     | uvicorn.lifespan.on:shutdown:76 - Application shutdown complete.
2025-07-17 21:19:46.884 | INFO     | uvicorn.server:_serve:94 - Finished server process [30]
