2025-07-17 18:01:17.991 | INFO     | uvicorn.server:_serve:84 - Started server process [11904]
2025-07-17 18:01:17.992 | INFO     | uvicorn.lifespan.on:startup:48 - Waiting for application startup.
2025-07-17 18:01:18.257 | INFO     | uvicorn.lifespan.on:startup:62 - Application startup complete.
2025-07-17 18:01:18.348 | INFO     | uvicorn.server:_log_started_message:216 - Uvicorn running on http://0.0.0.0:12332 (Press CTRL+C to quit)
2025-07-17 18:01:18.588 | INFO     | uvicorn.protocols.http.h11_impl:send:473 - 127.0.0.1:35850 - "GET / HTTP/1.1" 200
2025-07-17 18:01:18.611 | DEBUG    | server.server:process_one_code_with_repl_fast:213 - [1234] Processing code: {"custom_id": "1234", "proof_header": "", "proof_body": "#check Nat", "timeout": 30}
2025-07-17 18:01:19.524 | INFO     | uvicorn.protocols.http.h11_impl:send:473 - 127.0.0.1:35856 - "POST /verify HTTP/1.1" 200
2025-07-17 18:01:26.308 | INFO     | uvicorn.protocols.http.h11_impl:send:473 - 127.0.0.1:35860 - "GET / HTTP/1.1" 200
2025-07-17 18:01:26.323 | DEBUG    | server.server:process_one_code_with_repl_fast:213 - [lean_workbook_plus_10000] Processing code: {"custom_id": "lean_workbook_plus_10000", "proof_header": "", "proof_body": "ring_nf\n  nlinarith [sq_nonneg (a + b + c), sq_nonneg (a - b), sq_nonneg (b - c), sq_nonneg (c - a)]", "timeout": 30}
2025-07-17 18:01:26.901 | INFO     | uvicorn.protocols.http.h11_impl:send:473 - 127.0.0.1:35868 - "POST /verify HTTP/1.1" 200
2025-07-17 18:01:27.859 | INFO     | server.server:_repl_creater:41 - Created 22 ['import Mathlib\nimport Aesop'] repls with response [{'env': 0, 'time': 7.7011895179748535}, {'env': 0
2025-07-17 18:01:34.853 | INFO     | utils.repl_cache:print_status:179 - 

=================================================================
Idx   | Header                                        | Pool Size 
-----------------------------------------------------------------
1     | ['import Mathlib\nimport Aesop']              | 22        
-----------------------------------------------------------------
Top 10 global LRU repl:
-----------------------------------------------------------------
Idx   | Header                                        | ID        
-----------------------------------------------------------------
1     | ['import Mathlib\nimport Aesop']              | 95390277  
2     | ['import Mathlib\nimport Aesop']              | 1670b8c7  
3     | ['import Mathlib\nimport Aesop']              | 3a5d42e5  
4     | ['import Mathlib\nimport Aesop']              | cae33c86  
5     | ['import Mathlib\nimport Aesop']              | b0702ef6  
6     | ['import Mathlib\nimport Aesop']              | 8858d65e  
7     | ['import Mathlib\nimport Aesop']              | 9c20dc72  
8     | ['import Mathlib\nimport Aesop']              | 197a7fea  
9     | ['import Mathlib\nimport Aesop']              | 081a0441  
10    | ['import Mathlib\nimport Aesop']              | 738fe433  
...   | ...                                           | ...       
-----------------------------------------------------------------
      | Total                                         | 22        
      | Idle                                          | 22        
      | Create Queue                                  | 0         
      | Close Queue                                   | 0         
      | Cache Hits                                    | 0         
      | Cache Misses                                  | 0         
      | Cache ratio                                   | 0.00      
      | its                                           | 0.0       
=================================================================
2025-07-17 18:01:49.853 | INFO     | utils.repl_cache:print_status:179 - 

=================================================================
Idx   | Header                                        | Pool Size 
-----------------------------------------------------------------
1     | ['import Mathlib\nimport Aesop']              | 22        
-----------------------------------------------------------------
Top 10 global LRU repl:
-----------------------------------------------------------------
Idx   | Header                                        | ID        
-----------------------------------------------------------------
1     | ['import Mathlib\nimport Aesop']              | 95390277  
2     | ['import Mathlib\nimport Aesop']              | 1670b8c7  
3     | ['import Mathlib\nimport Aesop']              | 3a5d42e5  
4     | ['import Mathlib\nimport Aesop']              | cae33c86  
5     | ['import Mathlib\nimport Aesop']              | b0702ef6  
6     | ['import Mathlib\nimport Aesop']              | 8858d65e  
7     | ['import Mathlib\nimport Aesop']              | 9c20dc72  
8     | ['import Mathlib\nimport Aesop']              | 197a7fea  
9     | ['import Mathlib\nimport Aesop']              | 081a0441  
10    | ['import Mathlib\nimport Aesop']              | 738fe433  
...   | ...                                           | ...       
-----------------------------------------------------------------
      | Total                                         | 22        
      | Idle                                          | 22        
      | Create Queue                                  | 0         
      | Close Queue                                   | 0         
      | Cache Hits                                    | 0         
      | Cache Misses                                  | 0         
      | Cache ratio                                   | 0.00      
      | its                                           | 0.0       
=================================================================
2025-07-17 18:02:06.474 | INFO     | utils.repl_cache:print_status:179 - 

=================================================================
Idx   | Header                                        | Pool Size 
-----------------------------------------------------------------
1     | ['import Mathlib\nimport Aesop']              | 22        
-----------------------------------------------------------------
Top 10 global LRU repl:
-----------------------------------------------------------------
Idx   | Header                                        | ID        
-----------------------------------------------------------------
1     | ['import Mathlib\nimport Aesop']              | 95390277  
2     | ['import Mathlib\nimport Aesop']              | 1670b8c7  
3     | ['import Mathlib\nimport Aesop']              | 3a5d42e5  
4     | ['import Mathlib\nimport Aesop']              | cae33c86  
5     | ['import Mathlib\nimport Aesop']              | b0702ef6  
6     | ['import Mathlib\nimport Aesop']              | 8858d65e  
7     | ['import Mathlib\nimport Aesop']              | 9c20dc72  
8     | ['import Mathlib\nimport Aesop']              | 197a7fea  
9     | ['import Mathlib\nimport Aesop']              | 081a0441  
10    | ['import Mathlib\nimport Aesop']              | 738fe433  
...   | ...                                           | ...       
-----------------------------------------------------------------
      | Total                                         | 22        
      | Idle                                          | 22        
      | Create Queue                                  | 0         
      | Close Queue                                   | 0         
      | Cache Hits                                    | 0         
      | Cache Misses                                  | 0         
      | Cache ratio                                   | 0.00      
      | its                                           | 0.0       
=================================================================
2025-07-17 18:02:21.476 | INFO     | utils.repl_cache:print_status:179 - 

=================================================================
Idx   | Header                                        | Pool Size 
-----------------------------------------------------------------
1     | ['import Mathlib\nimport Aesop']              | 22        
-----------------------------------------------------------------
Top 10 global LRU repl:
-----------------------------------------------------------------
Idx   | Header                                        | ID        
-----------------------------------------------------------------
1     | ['import Mathlib\nimport Aesop']              | 95390277  
2     | ['import Mathlib\nimport Aesop']              | 1670b8c7  
3     | ['import Mathlib\nimport Aesop']              | 3a5d42e5  
4     | ['import Mathlib\nimport Aesop']              | cae33c86  
5     | ['import Mathlib\nimport Aesop']              | b0702ef6  
6     | ['import Mathlib\nimport Aesop']              | 8858d65e  
7     | ['import Mathlib\nimport Aesop']              | 9c20dc72  
8     | ['import Mathlib\nimport Aesop']              | 197a7fea  
9     | ['import Mathlib\nimport Aesop']              | 081a0441  
10    | ['import Mathlib\nimport Aesop']              | 738fe433  
...   | ...                                           | ...       
-----------------------------------------------------------------
      | Total                                         | 22        
      | Idle                                          | 22        
      | Create Queue                                  | 0         
      | Close Queue                                   | 0         
      | Cache Hits                                    | 0         
      | Cache Misses                                  | 0         
      | Cache ratio                                   | 0.00      
      | its                                           | 0.0       
=================================================================
2025-07-17 18:02:38.049 | INFO     | utils.repl_cache:print_status:179 - 

=================================================================
Idx   | Header                                        | Pool Size 
-----------------------------------------------------------------
1     | ['import Mathlib\nimport Aesop']              | 22        
-----------------------------------------------------------------
Top 10 global LRU repl:
-----------------------------------------------------------------
Idx   | Header                                        | ID        
-----------------------------------------------------------------
1     | ['import Mathlib\nimport Aesop']              | 95390277  
2     | ['import Mathlib\nimport Aesop']              | 1670b8c7  
3     | ['import Mathlib\nimport Aesop']              | 3a5d42e5  
4     | ['import Mathlib\nimport Aesop']              | cae33c86  
5     | ['import Mathlib\nimport Aesop']              | b0702ef6  
6     | ['import Mathlib\nimport Aesop']              | 8858d65e  
7     | ['import Mathlib\nimport Aesop']              | 9c20dc72  
8     | ['import Mathlib\nimport Aesop']              | 197a7fea  
9     | ['import Mathlib\nimport Aesop']              | 081a0441  
10    | ['import Mathlib\nimport Aesop']              | 738fe433  
...   | ...                                           | ...       
-----------------------------------------------------------------
      | Total                                         | 22        
      | Idle                                          | 22        
      | Create Queue                                  | 0         
      | Close Queue                                   | 0         
      | Cache Hits                                    | 0         
      | Cache Misses                                  | 0         
      | Cache ratio                                   | 0.00      
      | its                                           | 0.0       
=================================================================
2025-07-17 18:02:53.051 | INFO     | utils.repl_cache:print_status:179 - 

=================================================================
Idx   | Header                                        | Pool Size 
-----------------------------------------------------------------
1     | ['import Mathlib\nimport Aesop']              | 22        
-----------------------------------------------------------------
Top 10 global LRU repl:
-----------------------------------------------------------------
Idx   | Header                                        | ID        
-----------------------------------------------------------------
1     | ['import Mathlib\nimport Aesop']              | 95390277  
2     | ['import Mathlib\nimport Aesop']              | 1670b8c7  
3     | ['import Mathlib\nimport Aesop']              | 3a5d42e5  
4     | ['import Mathlib\nimport Aesop']              | cae33c86  
5     | ['import Mathlib\nimport Aesop']              | b0702ef6  
6     | ['import Mathlib\nimport Aesop']              | 8858d65e  
7     | ['import Mathlib\nimport Aesop']              | 9c20dc72  
8     | ['import Mathlib\nimport Aesop']              | 197a7fea  
9     | ['import Mathlib\nimport Aesop']              | 081a0441  
10    | ['import Mathlib\nimport Aesop']              | 738fe433  
...   | ...                                           | ...       
-----------------------------------------------------------------
      | Total                                         | 22        
      | Idle                                          | 22        
      | Create Queue                                  | 0         
      | Close Queue                                   | 0         
      | Cache Hits                                    | 0         
      | Cache Misses                                  | 0         
      | Cache ratio                                   | 0.00      
      | its                                           | 0.0       
=================================================================
2025-07-17 18:03:09.625 | INFO     | utils.repl_cache:print_status:179 - 

=================================================================
Idx   | Header                                        | Pool Size 
-----------------------------------------------------------------
1     | ['import Mathlib\nimport Aesop']              | 22        
-----------------------------------------------------------------
Top 10 global LRU repl:
-----------------------------------------------------------------
Idx   | Header                                        | ID        
-----------------------------------------------------------------
1     | ['import Mathlib\nimport Aesop']              | 95390277  
2     | ['import Mathlib\nimport Aesop']              | 1670b8c7  
3     | ['import Mathlib\nimport Aesop']              | 3a5d42e5  
4     | ['import Mathlib\nimport Aesop']              | cae33c86  
5     | ['import Mathlib\nimport Aesop']              | b0702ef6  
6     | ['import Mathlib\nimport Aesop']              | 8858d65e  
7     | ['import Mathlib\nimport Aesop']              | 9c20dc72  
8     | ['import Mathlib\nimport Aesop']              | 197a7fea  
9     | ['import Mathlib\nimport Aesop']              | 081a0441  
10    | ['import Mathlib\nimport Aesop']              | 738fe433  
...   | ...                                           | ...       
-----------------------------------------------------------------
      | Total                                         | 22        
      | Idle                                          | 22        
      | Create Queue                                  | 0         
      | Close Queue                                   | 0         
      | Cache Hits                                    | 0         
      | Cache Misses                                  | 0         
      | Cache ratio                                   | 0.00      
      | its                                           | 0.0       
=================================================================
2025-07-17 18:03:24.627 | INFO     | utils.repl_cache:print_status:179 - 

=================================================================
Idx   | Header                                        | Pool Size 
-----------------------------------------------------------------
1     | ['import Mathlib\nimport Aesop']              | 22        
-----------------------------------------------------------------
Top 10 global LRU repl:
-----------------------------------------------------------------
Idx   | Header                                        | ID        
-----------------------------------------------------------------
1     | ['import Mathlib\nimport Aesop']              | 95390277  
2     | ['import Mathlib\nimport Aesop']              | 1670b8c7  
3     | ['import Mathlib\nimport Aesop']              | 3a5d42e5  
4     | ['import Mathlib\nimport Aesop']              | cae33c86  
5     | ['import Mathlib\nimport Aesop']              | b0702ef6  
6     | ['import Mathlib\nimport Aesop']              | 8858d65e  
7     | ['import Mathlib\nimport Aesop']              | 9c20dc72  
8     | ['import Mathlib\nimport Aesop']              | 197a7fea  
9     | ['import Mathlib\nimport Aesop']              | 081a0441  
10    | ['import Mathlib\nimport Aesop']              | 738fe433  
...   | ...                                           | ...       
-----------------------------------------------------------------
      | Total                                         | 22        
      | Idle                                          | 22        
      | Create Queue                                  | 0         
      | Close Queue                                   | 0         
      | Cache Hits                                    | 0         
      | Cache Misses                                  | 0         
      | Cache ratio                                   | 0.00      
      | its                                           | 0.0       
=================================================================
2025-07-17 18:03:41.232 | INFO     | utils.repl_cache:print_status:179 - 

=================================================================
Idx   | Header                                        | Pool Size 
-----------------------------------------------------------------
1     | ['import Mathlib\nimport Aesop']              | 22        
-----------------------------------------------------------------
Top 10 global LRU repl:
-----------------------------------------------------------------
Idx   | Header                                        | ID        
-----------------------------------------------------------------
1     | ['import Mathlib\nimport Aesop']              | 95390277  
2     | ['import Mathlib\nimport Aesop']              | 1670b8c7  
3     | ['import Mathlib\nimport Aesop']              | 3a5d42e5  
4     | ['import Mathlib\nimport Aesop']              | cae33c86  
5     | ['import Mathlib\nimport Aesop']              | b0702ef6  
6     | ['import Mathlib\nimport Aesop']              | 8858d65e  
7     | ['import Mathlib\nimport Aesop']              | 9c20dc72  
8     | ['import Mathlib\nimport Aesop']              | 197a7fea  
9     | ['import Mathlib\nimport Aesop']              | 081a0441  
10    | ['import Mathlib\nimport Aesop']              | 738fe433  
...   | ...                                           | ...       
-----------------------------------------------------------------
      | Total                                         | 22        
      | Idle                                          | 22        
      | Create Queue                                  | 0         
      | Close Queue                                   | 0         
      | Cache Hits                                    | 0         
      | Cache Misses                                  | 0         
      | Cache ratio                                   | 0.00      
      | its                                           | 0.0       
=================================================================
2025-07-17 18:03:56.232 | INFO     | utils.repl_cache:print_status:179 - 

=================================================================
Idx   | Header                                        | Pool Size 
-----------------------------------------------------------------
1     | ['import Mathlib\nimport Aesop']              | 22        
-----------------------------------------------------------------
Top 10 global LRU repl:
-----------------------------------------------------------------
Idx   | Header                                        | ID        
-----------------------------------------------------------------
1     | ['import Mathlib\nimport Aesop']              | 95390277  
2     | ['import Mathlib\nimport Aesop']              | 1670b8c7  
3     | ['import Mathlib\nimport Aesop']              | 3a5d42e5  
4     | ['import Mathlib\nimport Aesop']              | cae33c86  
5     | ['import Mathlib\nimport Aesop']              | b0702ef6  
6     | ['import Mathlib\nimport Aesop']              | 8858d65e  
7     | ['import Mathlib\nimport Aesop']              | 9c20dc72  
8     | ['import Mathlib\nimport Aesop']              | 197a7fea  
9     | ['import Mathlib\nimport Aesop']              | 081a0441  
10    | ['import Mathlib\nimport Aesop']              | 738fe433  
...   | ...                                           | ...       
-----------------------------------------------------------------
      | Total                                         | 22        
      | Idle                                          | 22        
      | Create Queue                                  | 0         
      | Close Queue                                   | 0         
      | Cache Hits                                    | 0         
      | Cache Misses                                  | 0         
      | Cache ratio                                   | 0.00      
      | its                                           | 0.0       
=================================================================
2025-07-17 18:04:12.872 | INFO     | utils.repl_cache:print_status:179 - 

=================================================================
Idx   | Header                                        | Pool Size 
-----------------------------------------------------------------
1     | ['import Mathlib\nimport Aesop']              | 22        
-----------------------------------------------------------------
Top 10 global LRU repl:
-----------------------------------------------------------------
Idx   | Header                                        | ID        
-----------------------------------------------------------------
1     | ['import Mathlib\nimport Aesop']              | 95390277  
2     | ['import Mathlib\nimport Aesop']              | 1670b8c7  
3     | ['import Mathlib\nimport Aesop']              | 3a5d42e5  
4     | ['import Mathlib\nimport Aesop']              | cae33c86  
5     | ['import Mathlib\nimport Aesop']              | b0702ef6  
6     | ['import Mathlib\nimport Aesop']              | 8858d65e  
7     | ['import Mathlib\nimport Aesop']              | 9c20dc72  
8     | ['import Mathlib\nimport Aesop']              | 197a7fea  
9     | ['import Mathlib\nimport Aesop']              | 081a0441  
10    | ['import Mathlib\nimport Aesop']              | 738fe433  
...   | ...                                           | ...       
-----------------------------------------------------------------
      | Total                                         | 22        
      | Idle                                          | 22        
      | Create Queue                                  | 0         
      | Close Queue                                   | 0         
      | Cache Hits                                    | 0         
      | Cache Misses                                  | 0         
      | Cache ratio                                   | 0.00      
      | its                                           | 0.0       
=================================================================
2025-07-17 18:04:27.873 | INFO     | utils.repl_cache:print_status:179 - 

=================================================================
Idx   | Header                                        | Pool Size 
-----------------------------------------------------------------
1     | ['import Mathlib\nimport Aesop']              | 22        
-----------------------------------------------------------------
Top 10 global LRU repl:
-----------------------------------------------------------------
Idx   | Header                                        | ID        
-----------------------------------------------------------------
1     | ['import Mathlib\nimport Aesop']              | 95390277  
2     | ['import Mathlib\nimport Aesop']              | 1670b8c7  
3     | ['import Mathlib\nimport Aesop']              | 3a5d42e5  
4     | ['import Mathlib\nimport Aesop']              | cae33c86  
5     | ['import Mathlib\nimport Aesop']              | b0702ef6  
6     | ['import Mathlib\nimport Aesop']              | 8858d65e  
7     | ['import Mathlib\nimport Aesop']              | 9c20dc72  
8     | ['import Mathlib\nimport Aesop']              | 197a7fea  
9     | ['import Mathlib\nimport Aesop']              | 081a0441  
10    | ['import Mathlib\nimport Aesop']              | 738fe433  
...   | ...                                           | ...       
-----------------------------------------------------------------
      | Total                                         | 22        
      | Idle                                          | 22        
      | Create Queue                                  | 0         
      | Close Queue                                   | 0         
      | Cache Hits                                    | 0         
      | Cache Misses                                  | 0         
      | Cache ratio                                   | 0.00      
      | its                                           | 0.0       
=================================================================
2025-07-17 18:04:44.322 | INFO     | uvicorn.server:shutdown:264 - Shutting down
2025-07-17 18:04:44.424 | INFO     | uvicorn.server:_serve:94 - Finished server process [11904]
