2025-07-17 17:36:28.792 | INFO     | uvicorn.server:_serve:84 - Started server process [31]
2025-07-17 17:36:28.792 | INFO     | uvicorn.lifespan.on:startup:48 - Waiting for application startup.
2025-07-17 17:36:29.051 | INFO     | uvicorn.lifespan.on:startup:62 - Application startup complete.
2025-07-17 17:36:29.123 | INFO     | uvicorn.server:_log_started_message:216 - Uvicorn running on http://0.0.0.0:12332 (Press CTRL+C to quit)
2025-07-17 17:36:29.340 | INFO     | uvicorn.protocols.http.h11_impl:send:473 - 127.0.0.1:48496 - "GET / HTTP/1.1" 200
2025-07-17 17:36:29.354 | DEBUG    | server.server:process_one_code_with_repl_fast:213 - [1234] Processing code: {"custom_id": "1234", "proof_header": "", "proof_body": "#check Nat", "timeout": 30}
2025-07-17 17:36:30.169 | INFO     | uvicorn.protocols.http.h11_impl:send:473 - 127.0.0.1:48500 - "POST /verify HTTP/1.1" 200
2025-07-17 17:36:37.380 | INFO     | server.server:_repl_creater:41 - Created 22 ['import Mathlib\nimport Aesop'] repls with response [{'env': 0, 'time': 8.085862636566162}, {'env': 0,
2025-07-17 17:36:45.217 | INFO     | utils.repl_cache:print_status:179 - 

=================================================================
Idx   | Header                                        | Pool Size 
-----------------------------------------------------------------
1     | ['import Mathlib\nimport Aesop']              | 22        
-----------------------------------------------------------------
Top 10 global LRU repl:
-----------------------------------------------------------------
Idx   | Header                                        | ID        
-----------------------------------------------------------------
1     | ['import Mathlib\nimport Aesop']              | 66fc4cbf  
2     | ['import Mathlib\nimport Aesop']              | c5d0d01c  
3     | ['import Mathlib\nimport Aesop']              | 8716aad7  
4     | ['import Mathlib\nimport Aesop']              | 1783493e  
5     | ['import Mathlib\nimport Aesop']              | d95953e9  
6     | ['import Mathlib\nimport Aesop']              | 7fa3c4b8  
7     | ['import Mathlib\nimport Aesop']              | f3afa7e6  
8     | ['import Mathlib\nimport Aesop']              | 3e9092f6  
9     | ['import Mathlib\nimport Aesop']              | ab11e702  
10    | ['import Mathlib\nimport Aesop']              | e2ba4657  
...   | ...                                           | ...       
-----------------------------------------------------------------
      | Total                                         | 22        
      | Idle                                          | 22        
      | Create Queue                                  | 0         
      | Close Queue                                   | 0         
      | Cache Hits                                    | 0         
      | Cache Misses                                  | 0         
      | Cache ratio                                   | 0.00      
      | its                                           | 0.0       
=================================================================
2025-07-17 17:37:00.219 | INFO     | utils.repl_cache:print_status:179 - 

=================================================================
Idx   | Header                                        | Pool Size 
-----------------------------------------------------------------
1     | ['import Mathlib\nimport Aesop']              | 22        
-----------------------------------------------------------------
Top 10 global LRU repl:
-----------------------------------------------------------------
Idx   | Header                                        | ID        
-----------------------------------------------------------------
1     | ['import Mathlib\nimport Aesop']              | 66fc4cbf  
2     | ['import Mathlib\nimport Aesop']              | c5d0d01c  
3     | ['import Mathlib\nimport Aesop']              | 8716aad7  
4     | ['import Mathlib\nimport Aesop']              | 1783493e  
5     | ['import Mathlib\nimport Aesop']              | d95953e9  
6     | ['import Mathlib\nimport Aesop']              | 7fa3c4b8  
7     | ['import Mathlib\nimport Aesop']              | f3afa7e6  
8     | ['import Mathlib\nimport Aesop']              | 3e9092f6  
9     | ['import Mathlib\nimport Aesop']              | ab11e702  
10    | ['import Mathlib\nimport Aesop']              | e2ba4657  
...   | ...                                           | ...       
-----------------------------------------------------------------
      | Total                                         | 22        
      | Idle                                          | 22        
      | Create Queue                                  | 0         
      | Close Queue                                   | 0         
      | Cache Hits                                    | 0         
      | Cache Misses                                  | 0         
      | Cache ratio                                   | 0.00      
      | its                                           | 0.0       
=================================================================
2025-07-17 17:37:06.295 | INFO     | uvicorn.protocols.http.h11_impl:send:473 - 127.0.0.1:44004 - "GET / HTTP/1.1" 200
2025-07-17 17:37:16.473 | INFO     | utils.repl_cache:print_status:179 - 

=================================================================
Idx   | Header                                        | Pool Size 
-----------------------------------------------------------------
1     | ['import Mathlib\nimport Aesop']              | 22        
-----------------------------------------------------------------
Top 10 global LRU repl:
-----------------------------------------------------------------
Idx   | Header                                        | ID        
-----------------------------------------------------------------
1     | ['import Mathlib\nimport Aesop']              | 66fc4cbf  
2     | ['import Mathlib\nimport Aesop']              | c5d0d01c  
3     | ['import Mathlib\nimport Aesop']              | 8716aad7  
4     | ['import Mathlib\nimport Aesop']              | 1783493e  
5     | ['import Mathlib\nimport Aesop']              | d95953e9  
6     | ['import Mathlib\nimport Aesop']              | 7fa3c4b8  
7     | ['import Mathlib\nimport Aesop']              | f3afa7e6  
8     | ['import Mathlib\nimport Aesop']              | 3e9092f6  
9     | ['import Mathlib\nimport Aesop']              | ab11e702  
10    | ['import Mathlib\nimport Aesop']              | e2ba4657  
...   | ...                                           | ...       
-----------------------------------------------------------------
      | Total                                         | 22        
      | Idle                                          | 22        
      | Create Queue                                  | 0         
      | Close Queue                                   | 0         
      | Cache Hits                                    | 0         
      | Cache Misses                                  | 0         
      | Cache ratio                                   | 0.00      
      | its                                           | 0.0       
=================================================================
2025-07-17 17:37:31.474 | INFO     | utils.repl_cache:print_status:179 - 

=================================================================
Idx   | Header                                        | Pool Size 
-----------------------------------------------------------------
1     | ['import Mathlib\nimport Aesop']              | 22        
-----------------------------------------------------------------
Top 10 global LRU repl:
-----------------------------------------------------------------
Idx   | Header                                        | ID        
-----------------------------------------------------------------
1     | ['import Mathlib\nimport Aesop']              | 66fc4cbf  
2     | ['import Mathlib\nimport Aesop']              | c5d0d01c  
3     | ['import Mathlib\nimport Aesop']              | 8716aad7  
4     | ['import Mathlib\nimport Aesop']              | 1783493e  
5     | ['import Mathlib\nimport Aesop']              | d95953e9  
6     | ['import Mathlib\nimport Aesop']              | 7fa3c4b8  
7     | ['import Mathlib\nimport Aesop']              | f3afa7e6  
8     | ['import Mathlib\nimport Aesop']              | 3e9092f6  
9     | ['import Mathlib\nimport Aesop']              | ab11e702  
10    | ['import Mathlib\nimport Aesop']              | e2ba4657  
...   | ...                                           | ...       
-----------------------------------------------------------------
      | Total                                         | 22        
      | Idle                                          | 22        
      | Create Queue                                  | 0         
      | Close Queue                                   | 0         
      | Cache Hits                                    | 0         
      | Cache Misses                                  | 0         
      | Cache ratio                                   | 0.00      
      | its                                           | 0.0       
=================================================================
2025-07-17 17:37:47.797 | INFO     | utils.repl_cache:print_status:179 - 

=================================================================
Idx   | Header                                        | Pool Size 
-----------------------------------------------------------------
1     | ['import Mathlib\nimport Aesop']              | 22        
-----------------------------------------------------------------
Top 10 global LRU repl:
-----------------------------------------------------------------
Idx   | Header                                        | ID        
-----------------------------------------------------------------
1     | ['import Mathlib\nimport Aesop']              | 66fc4cbf  
2     | ['import Mathlib\nimport Aesop']              | c5d0d01c  
3     | ['import Mathlib\nimport Aesop']              | 8716aad7  
4     | ['import Mathlib\nimport Aesop']              | 1783493e  
5     | ['import Mathlib\nimport Aesop']              | d95953e9  
6     | ['import Mathlib\nimport Aesop']              | 7fa3c4b8  
7     | ['import Mathlib\nimport Aesop']              | f3afa7e6  
8     | ['import Mathlib\nimport Aesop']              | 3e9092f6  
9     | ['import Mathlib\nimport Aesop']              | ab11e702  
10    | ['import Mathlib\nimport Aesop']              | e2ba4657  
...   | ...                                           | ...       
-----------------------------------------------------------------
      | Total                                         | 22        
      | Idle                                          | 22        
      | Create Queue                                  | 0         
      | Close Queue                                   | 0         
      | Cache Hits                                    | 0         
      | Cache Misses                                  | 0         
      | Cache ratio                                   | 0.00      
      | its                                           | 0.0       
=================================================================
2025-07-17 17:38:02.798 | INFO     | utils.repl_cache:print_status:179 - 

=================================================================
Idx   | Header                                        | Pool Size 
-----------------------------------------------------------------
1     | ['import Mathlib\nimport Aesop']              | 22        
-----------------------------------------------------------------
Top 10 global LRU repl:
-----------------------------------------------------------------
Idx   | Header                                        | ID        
-----------------------------------------------------------------
1     | ['import Mathlib\nimport Aesop']              | 66fc4cbf  
2     | ['import Mathlib\nimport Aesop']              | c5d0d01c  
3     | ['import Mathlib\nimport Aesop']              | 8716aad7  
4     | ['import Mathlib\nimport Aesop']              | 1783493e  
5     | ['import Mathlib\nimport Aesop']              | d95953e9  
6     | ['import Mathlib\nimport Aesop']              | 7fa3c4b8  
7     | ['import Mathlib\nimport Aesop']              | f3afa7e6  
8     | ['import Mathlib\nimport Aesop']              | 3e9092f6  
9     | ['import Mathlib\nimport Aesop']              | ab11e702  
10    | ['import Mathlib\nimport Aesop']              | e2ba4657  
...   | ...                                           | ...       
-----------------------------------------------------------------
      | Total                                         | 22        
      | Idle                                          | 22        
      | Create Queue                                  | 0         
      | Close Queue                                   | 0         
      | Cache Hits                                    | 0         
      | Cache Misses                                  | 0         
      | Cache ratio                                   | 0.00      
      | its                                           | 0.0       
=================================================================
2025-07-17 17:38:18.966 | INFO     | utils.repl_cache:print_status:179 - 

=================================================================
Idx   | Header                                        | Pool Size 
-----------------------------------------------------------------
1     | ['import Mathlib\nimport Aesop']              | 22        
-----------------------------------------------------------------
Top 10 global LRU repl:
-----------------------------------------------------------------
Idx   | Header                                        | ID        
-----------------------------------------------------------------
1     | ['import Mathlib\nimport Aesop']              | 66fc4cbf  
2     | ['import Mathlib\nimport Aesop']              | c5d0d01c  
3     | ['import Mathlib\nimport Aesop']              | 8716aad7  
4     | ['import Mathlib\nimport Aesop']              | 1783493e  
5     | ['import Mathlib\nimport Aesop']              | d95953e9  
6     | ['import Mathlib\nimport Aesop']              | 7fa3c4b8  
7     | ['import Mathlib\nimport Aesop']              | f3afa7e6  
8     | ['import Mathlib\nimport Aesop']              | 3e9092f6  
9     | ['import Mathlib\nimport Aesop']              | ab11e702  
10    | ['import Mathlib\nimport Aesop']              | e2ba4657  
...   | ...                                           | ...       
-----------------------------------------------------------------
      | Total                                         | 22        
      | Idle                                          | 22        
      | Create Queue                                  | 0         
      | Close Queue                                   | 0         
      | Cache Hits                                    | 0         
      | Cache Misses                                  | 0         
      | Cache ratio                                   | 0.00      
      | its                                           | 0.0       
=================================================================
2025-07-17 17:38:33.968 | INFO     | utils.repl_cache:print_status:179 - 

=================================================================
Idx   | Header                                        | Pool Size 
-----------------------------------------------------------------
1     | ['import Mathlib\nimport Aesop']              | 22        
-----------------------------------------------------------------
Top 10 global LRU repl:
-----------------------------------------------------------------
Idx   | Header                                        | ID        
-----------------------------------------------------------------
1     | ['import Mathlib\nimport Aesop']              | 66fc4cbf  
2     | ['import Mathlib\nimport Aesop']              | c5d0d01c  
3     | ['import Mathlib\nimport Aesop']              | 8716aad7  
4     | ['import Mathlib\nimport Aesop']              | 1783493e  
5     | ['import Mathlib\nimport Aesop']              | d95953e9  
6     | ['import Mathlib\nimport Aesop']              | 7fa3c4b8  
7     | ['import Mathlib\nimport Aesop']              | f3afa7e6  
8     | ['import Mathlib\nimport Aesop']              | 3e9092f6  
9     | ['import Mathlib\nimport Aesop']              | ab11e702  
10    | ['import Mathlib\nimport Aesop']              | e2ba4657  
...   | ...                                           | ...       
-----------------------------------------------------------------
      | Total                                         | 22        
      | Idle                                          | 22        
      | Create Queue                                  | 0         
      | Close Queue                                   | 0         
      | Cache Hits                                    | 0         
      | Cache Misses                                  | 0         
      | Cache ratio                                   | 0.00      
      | its                                           | 0.0       
=================================================================
2025-07-17 17:38:50.203 | INFO     | utils.repl_cache:print_status:179 - 

=================================================================
Idx   | Header                                        | Pool Size 
-----------------------------------------------------------------
1     | ['import Mathlib\nimport Aesop']              | 22        
-----------------------------------------------------------------
Top 10 global LRU repl:
-----------------------------------------------------------------
Idx   | Header                                        | ID        
-----------------------------------------------------------------
1     | ['import Mathlib\nimport Aesop']              | 66fc4cbf  
2     | ['import Mathlib\nimport Aesop']              | c5d0d01c  
3     | ['import Mathlib\nimport Aesop']              | 8716aad7  
4     | ['import Mathlib\nimport Aesop']              | 1783493e  
5     | ['import Mathlib\nimport Aesop']              | d95953e9  
6     | ['import Mathlib\nimport Aesop']              | 7fa3c4b8  
7     | ['import Mathlib\nimport Aesop']              | f3afa7e6  
8     | ['import Mathlib\nimport Aesop']              | 3e9092f6  
9     | ['import Mathlib\nimport Aesop']              | ab11e702  
10    | ['import Mathlib\nimport Aesop']              | e2ba4657  
...   | ...                                           | ...       
-----------------------------------------------------------------
      | Total                                         | 22        
      | Idle                                          | 22        
      | Create Queue                                  | 0         
      | Close Queue                                   | 0         
      | Cache Hits                                    | 0         
      | Cache Misses                                  | 0         
      | Cache ratio                                   | 0.00      
      | its                                           | 0.0       
=================================================================
2025-07-17 17:39:05.204 | INFO     | utils.repl_cache:print_status:179 - 

=================================================================
Idx   | Header                                        | Pool Size 
-----------------------------------------------------------------
1     | ['import Mathlib\nimport Aesop']              | 22        
-----------------------------------------------------------------
Top 10 global LRU repl:
-----------------------------------------------------------------
Idx   | Header                                        | ID        
-----------------------------------------------------------------
1     | ['import Mathlib\nimport Aesop']              | 66fc4cbf  
2     | ['import Mathlib\nimport Aesop']              | c5d0d01c  
3     | ['import Mathlib\nimport Aesop']              | 8716aad7  
4     | ['import Mathlib\nimport Aesop']              | 1783493e  
5     | ['import Mathlib\nimport Aesop']              | d95953e9  
6     | ['import Mathlib\nimport Aesop']              | 7fa3c4b8  
7     | ['import Mathlib\nimport Aesop']              | f3afa7e6  
8     | ['import Mathlib\nimport Aesop']              | 3e9092f6  
9     | ['import Mathlib\nimport Aesop']              | ab11e702  
10    | ['import Mathlib\nimport Aesop']              | e2ba4657  
...   | ...                                           | ...       
-----------------------------------------------------------------
      | Total                                         | 22        
      | Idle                                          | 22        
      | Create Queue                                  | 0         
      | Close Queue                                   | 0         
      | Cache Hits                                    | 0         
      | Cache Misses                                  | 0         
      | Cache ratio                                   | 0.00      
      | its                                           | 0.0       
=================================================================
2025-07-17 17:39:21.424 | INFO     | utils.repl_cache:print_status:179 - 

=================================================================
Idx   | Header                                        | Pool Size 
-----------------------------------------------------------------
1     | ['import Mathlib\nimport Aesop']              | 22        
-----------------------------------------------------------------
Top 10 global LRU repl:
-----------------------------------------------------------------
Idx   | Header                                        | ID        
-----------------------------------------------------------------
1     | ['import Mathlib\nimport Aesop']              | 66fc4cbf  
2     | ['import Mathlib\nimport Aesop']              | c5d0d01c  
3     | ['import Mathlib\nimport Aesop']              | 8716aad7  
4     | ['import Mathlib\nimport Aesop']              | 1783493e  
5     | ['import Mathlib\nimport Aesop']              | d95953e9  
6     | ['import Mathlib\nimport Aesop']              | 7fa3c4b8  
7     | ['import Mathlib\nimport Aesop']              | f3afa7e6  
8     | ['import Mathlib\nimport Aesop']              | 3e9092f6  
9     | ['import Mathlib\nimport Aesop']              | ab11e702  
10    | ['import Mathlib\nimport Aesop']              | e2ba4657  
...   | ...                                           | ...       
-----------------------------------------------------------------
      | Total                                         | 22        
      | Idle                                          | 22        
      | Create Queue                                  | 0         
      | Close Queue                                   | 0         
      | Cache Hits                                    | 0         
      | Cache Misses                                  | 0         
      | Cache ratio                                   | 0.00      
      | its                                           | 0.0       
=================================================================
2025-07-17 17:39:36.424 | INFO     | utils.repl_cache:print_status:179 - 

=================================================================
Idx   | Header                                        | Pool Size 
-----------------------------------------------------------------
1     | ['import Mathlib\nimport Aesop']              | 22        
-----------------------------------------------------------------
Top 10 global LRU repl:
-----------------------------------------------------------------
Idx   | Header                                        | ID        
-----------------------------------------------------------------
1     | ['import Mathlib\nimport Aesop']              | 66fc4cbf  
2     | ['import Mathlib\nimport Aesop']              | c5d0d01c  
3     | ['import Mathlib\nimport Aesop']              | 8716aad7  
4     | ['import Mathlib\nimport Aesop']              | 1783493e  
5     | ['import Mathlib\nimport Aesop']              | d95953e9  
6     | ['import Mathlib\nimport Aesop']              | 7fa3c4b8  
7     | ['import Mathlib\nimport Aesop']              | f3afa7e6  
8     | ['import Mathlib\nimport Aesop']              | 3e9092f6  
9     | ['import Mathlib\nimport Aesop']              | ab11e702  
10    | ['import Mathlib\nimport Aesop']              | e2ba4657  
...   | ...                                           | ...       
-----------------------------------------------------------------
      | Total                                         | 22        
      | Idle                                          | 22        
      | Create Queue                                  | 0         
      | Close Queue                                   | 0         
      | Cache Hits                                    | 0         
      | Cache Misses                                  | 0         
      | Cache ratio                                   | 0.00      
      | its                                           | 0.0       
=================================================================
2025-07-17 17:39:52.893 | INFO     | utils.repl_cache:print_status:179 - 

=================================================================
Idx   | Header                                        | Pool Size 
-----------------------------------------------------------------
1     | ['import Mathlib\nimport Aesop']              | 22        
-----------------------------------------------------------------
Top 10 global LRU repl:
-----------------------------------------------------------------
Idx   | Header                                        | ID        
-----------------------------------------------------------------
1     | ['import Mathlib\nimport Aesop']              | 66fc4cbf  
2     | ['import Mathlib\nimport Aesop']              | c5d0d01c  
3     | ['import Mathlib\nimport Aesop']              | 8716aad7  
4     | ['import Mathlib\nimport Aesop']              | 1783493e  
5     | ['import Mathlib\nimport Aesop']              | d95953e9  
6     | ['import Mathlib\nimport Aesop']              | 7fa3c4b8  
7     | ['import Mathlib\nimport Aesop']              | f3afa7e6  
8     | ['import Mathlib\nimport Aesop']              | 3e9092f6  
9     | ['import Mathlib\nimport Aesop']              | ab11e702  
10    | ['import Mathlib\nimport Aesop']              | e2ba4657  
...   | ...                                           | ...       
-----------------------------------------------------------------
      | Total                                         | 22        
      | Idle                                          | 22        
      | Create Queue                                  | 0         
      | Close Queue                                   | 0         
      | Cache Hits                                    | 0         
      | Cache Misses                                  | 0         
      | Cache ratio                                   | 0.00      
      | its                                           | 0.0       
=================================================================
2025-07-17 17:40:07.894 | INFO     | utils.repl_cache:print_status:179 - 

=================================================================
Idx   | Header                                        | Pool Size 
-----------------------------------------------------------------
1     | ['import Mathlib\nimport Aesop']              | 22        
-----------------------------------------------------------------
Top 10 global LRU repl:
-----------------------------------------------------------------
Idx   | Header                                        | ID        
-----------------------------------------------------------------
1     | ['import Mathlib\nimport Aesop']              | 66fc4cbf  
2     | ['import Mathlib\nimport Aesop']              | c5d0d01c  
3     | ['import Mathlib\nimport Aesop']              | 8716aad7  
4     | ['import Mathlib\nimport Aesop']              | 1783493e  
5     | ['import Mathlib\nimport Aesop']              | d95953e9  
6     | ['import Mathlib\nimport Aesop']              | 7fa3c4b8  
7     | ['import Mathlib\nimport Aesop']              | f3afa7e6  
8     | ['import Mathlib\nimport Aesop']              | 3e9092f6  
9     | ['import Mathlib\nimport Aesop']              | ab11e702  
10    | ['import Mathlib\nimport Aesop']              | e2ba4657  
...   | ...                                           | ...       
-----------------------------------------------------------------
      | Total                                         | 22        
      | Idle                                          | 22        
      | Create Queue                                  | 0         
      | Close Queue                                   | 0         
      | Cache Hits                                    | 0         
      | Cache Misses                                  | 0         
      | Cache ratio                                   | 0.00      
      | its                                           | 0.0       
=================================================================
2025-07-17 17:40:12.198 | INFO     | uvicorn.server:shutdown:264 - Shutting down
2025-07-17 17:40:12.299 | INFO     | uvicorn.lifespan.on:shutdown:67 - Waiting for application shutdown.
2025-07-17 17:40:12.302 | INFO     | uvicorn.lifespan.on:shutdown:76 - Application shutdown complete.
2025-07-17 17:40:12.303 | INFO     | uvicorn.server:_serve:94 - Finished server process [31]
