2025-07-16 19:26:00.646 | INFO     | uvicorn.server:_serve:84 - Started server process [835]
2025-07-16 19:26:00.647 | INFO     | uvicorn.lifespan.on:startup:48 - Waiting for application startup.
2025-07-16 19:26:01.065 | INFO     | uvicorn.lifespan.on:startup:62 - Application startup complete.
2025-07-16 19:26:01.168 | INFO     | uvicorn.server:_log_started_message:216 - Uvicorn running on http://0.0.0.0:12332 (Press CTRL+C to quit)
2025-07-16 19:26:02.758 | INFO     | uvicorn.protocols.http.h11_impl:send:473 - 127.0.0.1:36838 - "GET / HTTP/1.1" 200
2025-07-16 19:26:02.796 | DEBUG    | server.server:process_one_code_with_repl_fast:213 - [1234] Processing code: {"custom_id": "1234", "proof_header": "", "proof_body": "#check Nat", "timeout": 30}
2025-07-16 19:26:04.052 | INFO     | uvicorn.protocols.http.h11_impl:send:473 - 127.0.0.1:36844 - "POST /verify HTTP/1.1" 200
2025-07-16 19:26:10.034 | INFO     | uvicorn.protocols.http.h11_impl:send:473 - 127.0.0.1:55874 - "GET / HTTP/1.1" 200
2025-07-16 19:26:12.433 | DEBUG    | server.server:process_one_code_with_repl_fast:213 - [lean_workbook_10009] Processing code: {"custom_id": "lean_workbook_10009", "proof_header": "import Mathlib\nimport Aesop", "proof_body": "set_option maxHeartbeats 0\n\nopen BigOperators Real Nat Topology Rat\n\n/- prove that $a^{3}+b^{3}+c^{3}+{\\frac {15\\,abc}{4}} \\geq \\frac{1}{4}$ given $a, b, c,$ are non-negative reals such that $a+b+c=1$ -/\ntheorem lean_workbook_10009 (a b c: \u211d) (ha : a \u2265 0 \u2227 b \u2265 0 \u2227 c \u2265 0 \u2227 a + b + c = 1): a^3 + b^3 + c^3 + (15 * a * b * c)/4 \u2265 1/4  := by\n  /-\n  Given non-negative real numbers \\(a\\), \\(b\\), and \\(c\\) such that \\(a + b + c = 1\\), we need to prove that \\(a^3 + b^3 + c^3 + \\frac{15abc}{4} \\geq \\frac{1}{4}\\).\n  1. **Case Analysis**: We analyze different cases based on the relationships between \\(a\\), \\(b\\), and \\(c\\).\n  2. **Non-negativity and Bounds**: Utilize the non-negativity of \\(a\\), \\(b\\), and \\(c\\) and the fact that their sum is 1.\n  3. **Simplification and Comparison**: Use algebraic simplification and numerical comparison to show the inequality holds.\n  -/\n  -- Consider different cases based on the relationships between a, b, and c\n  cases' le_total a b with hab hab <;> cases' le_total b c with hbc hbc <;> cases' le_total c a with hac hac <;>\n  -- Use non-negativity of a, b, and c and their sum to prove the inequality\n  nlinarith [sq_nonneg (a - b), sq_nonneg (b - c), sq_nonneg (c - a),\n    sq_nonneg (a + b + c)]", "timeout": 30}
2025-07-16 19:26:13.133 | INFO     | server.server:_repl_creater:41 - Created 22 ['import Mathlib\nimport Aesop'] repls with response [{'env': 0, 'time': 9.13640809059143}, {'env': 0, 
2025-07-16 19:26:16.066 | INFO     | utils.repl_cache:print_status:179 - 

=================================================================
Idx   | Header                                        | Pool Size 
-----------------------------------------------------------------
1     | ['import Mathlib\nimport Aesop']              | 22        
-----------------------------------------------------------------
Top 10 global LRU repl:
-----------------------------------------------------------------
Idx   | Header                                        | ID        
-----------------------------------------------------------------
1     | ['import Mathlib\nimport Aesop']              | 10f0b938  
2     | ['import Mathlib\nimport Aesop']              | 853c1e8e  
3     | ['import Mathlib\nimport Aesop']              | 45d506cf  
4     | ['import Mathlib\nimport Aesop']              | 469af049  
5     | ['import Mathlib\nimport Aesop']              | 9f3f6200  
6     | ['import Mathlib\nimport Aesop']              | a95810df  
7     | ['import Mathlib\nimport Aesop']              | 31b8f84c  
8     | ['import Mathlib\nimport Aesop']              | d479586b  
9     | ['import Mathlib\nimport Aesop']              | b3af30cb  
10    | ['import Mathlib\nimport Aesop']              | 14c32b00  
...   | ...                                           | ...       
-----------------------------------------------------------------
      | Total                                         | 22        
      | Idle                                          | 22        
      | Create Queue                                  | 0         
      | Close Queue                                   | 0         
      | Cache Hits                                    | 0         
      | Cache Misses                                  | 1         
      | Cache ratio                                   | 0.00      
      | its                                           | 0.06666666666666667
=================================================================
2025-07-16 19:26:28.371 | INFO     | utils.repl_cache:print_status:179 - 

=================================================================
Idx   | Header                                        | Pool Size 
-----------------------------------------------------------------
1     | ['import Mathlib\nimport Aesop']              | 22        
-----------------------------------------------------------------
Top 10 global LRU repl:
-----------------------------------------------------------------
Idx   | Header                                        | ID        
-----------------------------------------------------------------
1     | ['import Mathlib\nimport Aesop']              | 10f0b938  
2     | ['import Mathlib\nimport Aesop']              | 853c1e8e  
3     | ['import Mathlib\nimport Aesop']              | 45d506cf  
4     | ['import Mathlib\nimport Aesop']              | 469af049  
5     | ['import Mathlib\nimport Aesop']              | 9f3f6200  
6     | ['import Mathlib\nimport Aesop']              | a95810df  
7     | ['import Mathlib\nimport Aesop']              | 31b8f84c  
8     | ['import Mathlib\nimport Aesop']              | d479586b  
9     | ['import Mathlib\nimport Aesop']              | b3af30cb  
10    | ['import Mathlib\nimport Aesop']              | 14c32b00  
...   | ...                                           | ...       
-----------------------------------------------------------------
      | Total                                         | 22        
      | Idle                                          | 22        
      | Create Queue                                  | 0         
      | Close Queue                                   | 0         
      | Cache Hits                                    | 0         
      | Cache Misses                                  | 0         
      | Cache ratio                                   | 0.00      
      | its                                           | 0.0       
=================================================================
2025-07-16 19:26:30.045 | INFO     | uvicorn.protocols.http.h11_impl:send:473 - 127.0.0.1:55890 - "POST /verify HTTP/1.1" 200
2025-07-16 19:26:30.440 | INFO     | utils.repl_cache:evict_if_needed:67 - Succesfully evicted header ['import Mathlib\nimport Aesop with id 6a71fa18-7088-494e-bd2c-4f0772a99550
2025-07-16 19:26:31.069 | INFO     | server.server:_repl_cleaner:62 - Closed 6a71fa18-7088-494e-bd2c-4f0772a99550 repl
2025-07-16 19:26:43.376 | INFO     | utils.repl_cache:print_status:179 - 

=================================================================
Idx   | Header                                        | Pool Size 
-----------------------------------------------------------------
1     | ['import Mathlib\nimport Aesop']              | 22        
-----------------------------------------------------------------
Top 10 global LRU repl:
-----------------------------------------------------------------
Idx   | Header                                        | ID        
-----------------------------------------------------------------
1     | ['import Mathlib\nimport Aesop']              | 53b718e3  
2     | ['import Mathlib\nimport Aesop']              | 10f0b938  
3     | ['import Mathlib\nimport Aesop']              | 853c1e8e  
4     | ['import Mathlib\nimport Aesop']              | 45d506cf  
5     | ['import Mathlib\nimport Aesop']              | 469af049  
6     | ['import Mathlib\nimport Aesop']              | 9f3f6200  
7     | ['import Mathlib\nimport Aesop']              | a95810df  
8     | ['import Mathlib\nimport Aesop']              | 31b8f84c  
9     | ['import Mathlib\nimport Aesop']              | d479586b  
10    | ['import Mathlib\nimport Aesop']              | b3af30cb  
...   | ...                                           | ...       
-----------------------------------------------------------------
      | Total                                         | 22        
      | Idle                                          | 22        
      | Create Queue                                  | 0         
      | Close Queue                                   | 0         
      | Cache Hits                                    | 0         
      | Cache Misses                                  | 0         
      | Cache ratio                                   | 0.00      
      | its                                           | 0.0       
=================================================================
2025-07-16 19:26:55.683 | INFO     | utils.repl_cache:print_status:179 - 

=================================================================
Idx   | Header                                        | Pool Size 
-----------------------------------------------------------------
1     | ['import Mathlib\nimport Aesop']              | 22        
-----------------------------------------------------------------
Top 10 global LRU repl:
-----------------------------------------------------------------
Idx   | Header                                        | ID        
-----------------------------------------------------------------
1     | ['import Mathlib\nimport Aesop']              | 53b718e3  
2     | ['import Mathlib\nimport Aesop']              | 10f0b938  
3     | ['import Mathlib\nimport Aesop']              | 853c1e8e  
4     | ['import Mathlib\nimport Aesop']              | 45d506cf  
5     | ['import Mathlib\nimport Aesop']              | 469af049  
6     | ['import Mathlib\nimport Aesop']              | 9f3f6200  
7     | ['import Mathlib\nimport Aesop']              | a95810df  
8     | ['import Mathlib\nimport Aesop']              | 31b8f84c  
9     | ['import Mathlib\nimport Aesop']              | d479586b  
10    | ['import Mathlib\nimport Aesop']              | b3af30cb  
...   | ...                                           | ...       
-----------------------------------------------------------------
      | Total                                         | 22        
      | Idle                                          | 22        
      | Create Queue                                  | 0         
      | Close Queue                                   | 0         
      | Cache Hits                                    | 0         
      | Cache Misses                                  | 0         
      | Cache ratio                                   | 0.00      
      | its                                           | 0.0       
=================================================================
2025-07-16 19:27:10.684 | INFO     | utils.repl_cache:print_status:179 - 

=================================================================
Idx   | Header                                        | Pool Size 
-----------------------------------------------------------------
1     | ['import Mathlib\nimport Aesop']              | 22        
-----------------------------------------------------------------
Top 10 global LRU repl:
-----------------------------------------------------------------
Idx   | Header                                        | ID        
-----------------------------------------------------------------
1     | ['import Mathlib\nimport Aesop']              | 53b718e3  
2     | ['import Mathlib\nimport Aesop']              | 10f0b938  
3     | ['import Mathlib\nimport Aesop']              | 853c1e8e  
4     | ['import Mathlib\nimport Aesop']              | 45d506cf  
5     | ['import Mathlib\nimport Aesop']              | 469af049  
6     | ['import Mathlib\nimport Aesop']              | 9f3f6200  
7     | ['import Mathlib\nimport Aesop']              | a95810df  
8     | ['import Mathlib\nimport Aesop']              | 31b8f84c  
9     | ['import Mathlib\nimport Aesop']              | d479586b  
10    | ['import Mathlib\nimport Aesop']              | b3af30cb  
...   | ...                                           | ...       
-----------------------------------------------------------------
      | Total                                         | 22        
      | Idle                                          | 22        
      | Create Queue                                  | 0         
      | Close Queue                                   | 0         
      | Cache Hits                                    | 0         
      | Cache Misses                                  | 0         
      | Cache ratio                                   | 0.00      
      | its                                           | 0.0       
=================================================================
2025-07-16 19:27:23.003 | INFO     | utils.repl_cache:print_status:179 - 

=================================================================
Idx   | Header                                        | Pool Size 
-----------------------------------------------------------------
1     | ['import Mathlib\nimport Aesop']              | 22        
-----------------------------------------------------------------
Top 10 global LRU repl:
-----------------------------------------------------------------
Idx   | Header                                        | ID        
-----------------------------------------------------------------
1     | ['import Mathlib\nimport Aesop']              | 53b718e3  
2     | ['import Mathlib\nimport Aesop']              | 10f0b938  
3     | ['import Mathlib\nimport Aesop']              | 853c1e8e  
4     | ['import Mathlib\nimport Aesop']              | 45d506cf  
5     | ['import Mathlib\nimport Aesop']              | 469af049  
6     | ['import Mathlib\nimport Aesop']              | 9f3f6200  
7     | ['import Mathlib\nimport Aesop']              | a95810df  
8     | ['import Mathlib\nimport Aesop']              | 31b8f84c  
9     | ['import Mathlib\nimport Aesop']              | d479586b  
10    | ['import Mathlib\nimport Aesop']              | b3af30cb  
...   | ...                                           | ...       
-----------------------------------------------------------------
      | Total                                         | 22        
      | Idle                                          | 22        
      | Create Queue                                  | 0         
      | Close Queue                                   | 0         
      | Cache Hits                                    | 0         
      | Cache Misses                                  | 0         
      | Cache ratio                                   | 0.00      
      | its                                           | 0.0       
=================================================================
2025-07-16 19:27:38.012 | INFO     | utils.repl_cache:print_status:179 - 

=================================================================
Idx   | Header                                        | Pool Size 
-----------------------------------------------------------------
1     | ['import Mathlib\nimport Aesop']              | 22        
-----------------------------------------------------------------
Top 10 global LRU repl:
-----------------------------------------------------------------
Idx   | Header                                        | ID        
-----------------------------------------------------------------
1     | ['import Mathlib\nimport Aesop']              | 53b718e3  
2     | ['import Mathlib\nimport Aesop']              | 10f0b938  
3     | ['import Mathlib\nimport Aesop']              | 853c1e8e  
4     | ['import Mathlib\nimport Aesop']              | 45d506cf  
5     | ['import Mathlib\nimport Aesop']              | 469af049  
6     | ['import Mathlib\nimport Aesop']              | 9f3f6200  
7     | ['import Mathlib\nimport Aesop']              | a95810df  
8     | ['import Mathlib\nimport Aesop']              | 31b8f84c  
9     | ['import Mathlib\nimport Aesop']              | d479586b  
10    | ['import Mathlib\nimport Aesop']              | b3af30cb  
...   | ...                                           | ...       
-----------------------------------------------------------------
      | Total                                         | 22        
      | Idle                                          | 22        
      | Create Queue                                  | 0         
      | Close Queue                                   | 0         
      | Cache Hits                                    | 0         
      | Cache Misses                                  | 0         
      | Cache ratio                                   | 0.00      
      | its                                           | 0.0       
=================================================================
2025-07-16 19:27:39.919 | INFO     | uvicorn.protocols.http.h11_impl:send:473 - 127.0.0.1:57676 - "GET / HTTP/1.1" 200
2025-07-16 19:27:41.637 | DEBUG    | server.server:process_one_code_with_repl_fast:213 - [lean_workbook_10009] Processing code: {"custom_id": "lean_workbook_10009", "proof_header": "import Mathlib\nimport Aesop", "proof_body": "set_option maxHeartbeats 0\n\nopen BigOperators Real Nat Topology Rat\n\n/- prove that $a^{3}+b^{3}+c^{3}+{\\frac {15\\,abc}{4}} \\geq \\frac{1}{4}$ given $a, b, c,$ are non-negative reals such that $a+b+c=1$ -/\ntheorem lean_workbook_10009 (a b c: \u211d) (ha : a \u2265 0 \u2227 b \u2265 0 \u2227 c \u2265 0 \u2227 a + b + c = 1): a^3 + b^3 + c^3 + (15 * a * b * c)/4 \u2265 1/4  := by\n  /-\n  Given non-negative real numbers \\(a\\), \\(b\\), and \\(c\\) such that \\(a + b + c = 1\\), we need to prove that \\(a^3 + b^3 + c^3 + \\frac{15abc}{4} \\geq \\frac{1}{4}\\).\n  1. **Case Analysis**: We analyze different cases based on the relationships between \\(a\\), \\(b\\), and \\(c\\).\n  2. **Non-negativity and Bounds**: Utilize the non-negativity of \\(a\\), \\(b\\), and \\(c\\) and the fact that their sum is 1.\n  3. **Simplification and Comparison**: Use algebraic simplification and numerical comparison to show the inequality holds.\n  -/\n  -- Consider different cases based on the relationships between a, b, and c\n  cases' le_total a b with hab hab <;> cases' le_total b c with hbc hbc <;> cases' le_total c a with hac hac <;>\n  -- Use non-negativity of a, b, and c and their sum to prove the inequality\n  nlinarith [sq_nonneg (a - b), sq_nonneg (b - c), sq_nonneg (c - a),\n    sq_nonneg (a + b + c)]", "timeout": 30}
2025-07-16 19:27:50.307 | INFO     | utils.repl_cache:print_status:179 - 

=================================================================
Idx   | Header                                        | Pool Size 
-----------------------------------------------------------------
1     | ['import Mathlib\nimport Aesop']              | 21        
-----------------------------------------------------------------
Top 10 global LRU repl:
-----------------------------------------------------------------
Idx   | Header                                        | ID        
-----------------------------------------------------------------
1     | ['import Mathlib\nimport Aesop']              | 53b718e3  
2     | ['import Mathlib\nimport Aesop']              | 10f0b938  
3     | ['import Mathlib\nimport Aesop']              | 853c1e8e  
4     | ['import Mathlib\nimport Aesop']              | 45d506cf  
5     | ['import Mathlib\nimport Aesop']              | 469af049  
6     | ['import Mathlib\nimport Aesop']              | 9f3f6200  
7     | ['import Mathlib\nimport Aesop']              | a95810df  
8     | ['import Mathlib\nimport Aesop']              | 31b8f84c  
9     | ['import Mathlib\nimport Aesop']              | d479586b  
10    | ['import Mathlib\nimport Aesop']              | b3af30cb  
...   | ...                                           | ...       
-----------------------------------------------------------------
      | Total                                         | 22        
      | Idle                                          | 21        
      | Create Queue                                  | 0         
      | Close Queue                                   | 0         
      | Cache Hits                                    | 1         
      | Cache Misses                                  | 0         
      | Cache ratio                                   | 0.50      
      | its                                           | 0.06666666666666667
=================================================================
2025-07-16 19:27:52.297 | INFO     | uvicorn.protocols.http.h11_impl:send:473 - 127.0.0.1:57690 - "POST /verify HTTP/1.1" 200
2025-07-16 19:28:02.255 | INFO     | uvicorn.protocols.http.h11_impl:send:473 - 127.0.0.1:35970 - "GET / HTTP/1.1" 200
2025-07-16 19:28:04.718 | DEBUG    | server.server:process_one_code_with_repl_fast:213 - [lean_workbook_10009] Processing code: {"custom_id": "lean_workbook_10009", "proof_header": "import Mathlib\nimport Aesop", "proof_body": "set_option maxHeartbeats 0\n\nopen BigOperators Real Nat Topology Rat\n\n/- prove that $a^{3}+b^{3}+c^{3}+{\\frac {15\\,abc}{4}} \\geq \\frac{1}{4}$ given $a, b, c,$ are non-negative reals such that $a+b+c=1$ -/\ntheorem lean_workbook_10009 (a b c: \u211d) (ha : a \u2265 0 \u2227 b \u2265 0 \u2227 c \u2265 0 \u2227 a + b + c = 1): a^3 + b^3 + c^3 + (15 * a * b * c)/4 \u2265 1/4  := by\n  /-\n  Given non-negative real numbers \\(a\\), \\(b\\), and \\(c\\) such that \\(a + b + c = 1\\), we need to prove that \\(a^3 + b^3 + c^3 + \\frac{15abc}{4} \\geq \\frac{1}{4}\\).\n  1. **Case Analysis**: We analyze different cases based on the relationships between \\(a\\), \\(b\\), and \\(c\\).\n  2. **Non-negativity and Bounds**: Utilize the non-negativity of \\(a\\), \\(b\\), and \\(c\\) and the fact that their sum is 1.\n  3. **Simplification and Comparison**: Use algebraic simplification and numerical comparison to show the inequality holds.\n  -/\n  -- Consider different cases based on the relationships between a, b, and c\n  cases' le_total a b with hab hab <;> cases' le_total b c with hbc hbc <;> cases' le_total c a with hac hac <;>\n  -- Use non-negativity of a, b, and c and their sum to prove the inequality\n  nlinarith [sq_nonneg (a - b), sq_nonneg (b - c), sq_nonneg (c - a),\n    sq_nonneg (a + b + c)]", "timeout": 30}
2025-07-16 19:28:05.313 | INFO     | utils.repl_cache:print_status:179 - 

=================================================================
Idx   | Header                                        | Pool Size 
-----------------------------------------------------------------
1     | ['import Mathlib\nimport Aesop']              | 21        
-----------------------------------------------------------------
Top 10 global LRU repl:
-----------------------------------------------------------------
Idx   | Header                                        | ID        
-----------------------------------------------------------------
1     | ['import Mathlib\nimport Aesop']              | 53b718e3  
2     | ['import Mathlib\nimport Aesop']              | 10f0b938  
3     | ['import Mathlib\nimport Aesop']              | 853c1e8e  
4     | ['import Mathlib\nimport Aesop']              | 45d506cf  
5     | ['import Mathlib\nimport Aesop']              | 469af049  
6     | ['import Mathlib\nimport Aesop']              | 9f3f6200  
7     | ['import Mathlib\nimport Aesop']              | a95810df  
8     | ['import Mathlib\nimport Aesop']              | 31b8f84c  
9     | ['import Mathlib\nimport Aesop']              | d479586b  
10    | ['import Mathlib\nimport Aesop']              | b3af30cb  
...   | ...                                           | ...       
-----------------------------------------------------------------
      | Total                                         | 22        
      | Idle                                          | 21        
      | Create Queue                                  | 0         
      | Close Queue                                   | 0         
      | Cache Hits                                    | 1         
      | Cache Misses                                  | 0         
      | Cache ratio                                   | 0.50      
      | its                                           | 0.06666666666666667
=================================================================
2025-07-16 19:28:12.968 | INFO     | uvicorn.protocols.http.h11_impl:send:473 - 127.0.0.1:47062 - "POST /verify HTTP/1.1" 200
2025-07-16 19:28:17.632 | INFO     | utils.repl_cache:print_status:179 - 

=================================================================
Idx   | Header                                        | Pool Size 
-----------------------------------------------------------------
1     | ['import Mathlib\nimport Aesop']              | 22        
-----------------------------------------------------------------
Top 10 global LRU repl:
-----------------------------------------------------------------
Idx   | Header                                        | ID        
-----------------------------------------------------------------
1     | ['import Mathlib\nimport Aesop']              | 53b718e3  
2     | ['import Mathlib\nimport Aesop']              | 10f0b938  
3     | ['import Mathlib\nimport Aesop']              | 853c1e8e  
4     | ['import Mathlib\nimport Aesop']              | 45d506cf  
5     | ['import Mathlib\nimport Aesop']              | 469af049  
6     | ['import Mathlib\nimport Aesop']              | 9f3f6200  
7     | ['import Mathlib\nimport Aesop']              | a95810df  
8     | ['import Mathlib\nimport Aesop']              | 31b8f84c  
9     | ['import Mathlib\nimport Aesop']              | d479586b  
10    | ['import Mathlib\nimport Aesop']              | b3af30cb  
...   | ...                                           | ...       
-----------------------------------------------------------------
      | Total                                         | 22        
      | Idle                                          | 22        
      | Create Queue                                  | 0         
      | Close Queue                                   | 0         
      | Cache Hits                                    | 0         
      | Cache Misses                                  | 0         
      | Cache ratio                                   | 0.00      
      | its                                           | 0.0       
=================================================================
2025-07-16 19:28:32.636 | INFO     | utils.repl_cache:print_status:179 - 

=================================================================
Idx   | Header                                        | Pool Size 
-----------------------------------------------------------------
1     | ['import Mathlib\nimport Aesop']              | 22        
-----------------------------------------------------------------
Top 10 global LRU repl:
-----------------------------------------------------------------
Idx   | Header                                        | ID        
-----------------------------------------------------------------
1     | ['import Mathlib\nimport Aesop']              | 53b718e3  
2     | ['import Mathlib\nimport Aesop']              | 10f0b938  
3     | ['import Mathlib\nimport Aesop']              | 853c1e8e  
4     | ['import Mathlib\nimport Aesop']              | 45d506cf  
5     | ['import Mathlib\nimport Aesop']              | 469af049  
6     | ['import Mathlib\nimport Aesop']              | 9f3f6200  
7     | ['import Mathlib\nimport Aesop']              | a95810df  
8     | ['import Mathlib\nimport Aesop']              | 31b8f84c  
9     | ['import Mathlib\nimport Aesop']              | d479586b  
10    | ['import Mathlib\nimport Aesop']              | b3af30cb  
...   | ...                                           | ...       
-----------------------------------------------------------------
      | Total                                         | 22        
      | Idle                                          | 22        
      | Create Queue                                  | 0         
      | Close Queue                                   | 0         
      | Cache Hits                                    | 0         
      | Cache Misses                                  | 0         
      | Cache ratio                                   | 0.00      
      | its                                           | 0.0       
=================================================================
2025-07-16 19:28:44.935 | INFO     | utils.repl_cache:print_status:179 - 

=================================================================
Idx   | Header                                        | Pool Size 
-----------------------------------------------------------------
1     | ['import Mathlib\nimport Aesop']              | 22        
-----------------------------------------------------------------
Top 10 global LRU repl:
-----------------------------------------------------------------
Idx   | Header                                        | ID        
-----------------------------------------------------------------
1     | ['import Mathlib\nimport Aesop']              | 53b718e3  
2     | ['import Mathlib\nimport Aesop']              | 10f0b938  
3     | ['import Mathlib\nimport Aesop']              | 853c1e8e  
4     | ['import Mathlib\nimport Aesop']              | 45d506cf  
5     | ['import Mathlib\nimport Aesop']              | 469af049  
6     | ['import Mathlib\nimport Aesop']              | 9f3f6200  
7     | ['import Mathlib\nimport Aesop']              | a95810df  
8     | ['import Mathlib\nimport Aesop']              | 31b8f84c  
9     | ['import Mathlib\nimport Aesop']              | d479586b  
10    | ['import Mathlib\nimport Aesop']              | b3af30cb  
...   | ...                                           | ...       
-----------------------------------------------------------------
      | Total                                         | 22        
      | Idle                                          | 22        
      | Create Queue                                  | 0         
      | Close Queue                                   | 0         
      | Cache Hits                                    | 0         
      | Cache Misses                                  | 0         
      | Cache ratio                                   | 0.00      
      | its                                           | 0.0       
=================================================================
2025-07-16 19:28:59.937 | INFO     | utils.repl_cache:print_status:179 - 

=================================================================
Idx   | Header                                        | Pool Size 
-----------------------------------------------------------------
1     | ['import Mathlib\nimport Aesop']              | 22        
-----------------------------------------------------------------
Top 10 global LRU repl:
-----------------------------------------------------------------
Idx   | Header                                        | ID        
-----------------------------------------------------------------
1     | ['import Mathlib\nimport Aesop']              | 53b718e3  
2     | ['import Mathlib\nimport Aesop']              | 10f0b938  
3     | ['import Mathlib\nimport Aesop']              | 853c1e8e  
4     | ['import Mathlib\nimport Aesop']              | 45d506cf  
5     | ['import Mathlib\nimport Aesop']              | 469af049  
6     | ['import Mathlib\nimport Aesop']              | 9f3f6200  
7     | ['import Mathlib\nimport Aesop']              | a95810df  
8     | ['import Mathlib\nimport Aesop']              | 31b8f84c  
9     | ['import Mathlib\nimport Aesop']              | d479586b  
10    | ['import Mathlib\nimport Aesop']              | b3af30cb  
...   | ...                                           | ...       
-----------------------------------------------------------------
      | Total                                         | 22        
      | Idle                                          | 22        
      | Create Queue                                  | 0         
      | Close Queue                                   | 0         
      | Cache Hits                                    | 0         
      | Cache Misses                                  | 0         
      | Cache ratio                                   | 0.00      
      | its                                           | 0.0       
=================================================================
2025-07-16 19:29:12.297 | INFO     | utils.repl_cache:print_status:179 - 

=================================================================
Idx   | Header                                        | Pool Size 
-----------------------------------------------------------------
1     | ['import Mathlib\nimport Aesop']              | 22        
-----------------------------------------------------------------
Top 10 global LRU repl:
-----------------------------------------------------------------
Idx   | Header                                        | ID        
-----------------------------------------------------------------
1     | ['import Mathlib\nimport Aesop']              | 53b718e3  
2     | ['import Mathlib\nimport Aesop']              | 10f0b938  
3     | ['import Mathlib\nimport Aesop']              | 853c1e8e  
4     | ['import Mathlib\nimport Aesop']              | 45d506cf  
5     | ['import Mathlib\nimport Aesop']              | 469af049  
6     | ['import Mathlib\nimport Aesop']              | 9f3f6200  
7     | ['import Mathlib\nimport Aesop']              | a95810df  
8     | ['import Mathlib\nimport Aesop']              | 31b8f84c  
9     | ['import Mathlib\nimport Aesop']              | d479586b  
10    | ['import Mathlib\nimport Aesop']              | b3af30cb  
...   | ...                                           | ...       
-----------------------------------------------------------------
      | Total                                         | 22        
      | Idle                                          | 22        
      | Create Queue                                  | 0         
      | Close Queue                                   | 0         
      | Cache Hits                                    | 0         
      | Cache Misses                                  | 0         
      | Cache ratio                                   | 0.00      
      | its                                           | 0.0       
=================================================================
2025-07-16 19:29:27.304 | INFO     | utils.repl_cache:print_status:179 - 

=================================================================
Idx   | Header                                        | Pool Size 
-----------------------------------------------------------------
1     | ['import Mathlib\nimport Aesop']              | 22        
-----------------------------------------------------------------
Top 10 global LRU repl:
-----------------------------------------------------------------
Idx   | Header                                        | ID        
-----------------------------------------------------------------
1     | ['import Mathlib\nimport Aesop']              | 53b718e3  
2     | ['import Mathlib\nimport Aesop']              | 10f0b938  
3     | ['import Mathlib\nimport Aesop']              | 853c1e8e  
4     | ['import Mathlib\nimport Aesop']              | 45d506cf  
5     | ['import Mathlib\nimport Aesop']              | 469af049  
6     | ['import Mathlib\nimport Aesop']              | 9f3f6200  
7     | ['import Mathlib\nimport Aesop']              | a95810df  
8     | ['import Mathlib\nimport Aesop']              | 31b8f84c  
9     | ['import Mathlib\nimport Aesop']              | d479586b  
10    | ['import Mathlib\nimport Aesop']              | b3af30cb  
...   | ...                                           | ...       
-----------------------------------------------------------------
      | Total                                         | 22        
      | Idle                                          | 22        
      | Create Queue                                  | 0         
      | Close Queue                                   | 0         
      | Cache Hits                                    | 0         
      | Cache Misses                                  | 0         
      | Cache ratio                                   | 0.00      
      | its                                           | 0.0       
=================================================================
2025-07-16 19:29:39.597 | INFO     | utils.repl_cache:print_status:179 - 

=================================================================
Idx   | Header                                        | Pool Size 
-----------------------------------------------------------------
1     | ['import Mathlib\nimport Aesop']              | 22        
-----------------------------------------------------------------
Top 10 global LRU repl:
-----------------------------------------------------------------
Idx   | Header                                        | ID        
-----------------------------------------------------------------
1     | ['import Mathlib\nimport Aesop']              | 53b718e3  
2     | ['import Mathlib\nimport Aesop']              | 10f0b938  
3     | ['import Mathlib\nimport Aesop']              | 853c1e8e  
4     | ['import Mathlib\nimport Aesop']              | 45d506cf  
5     | ['import Mathlib\nimport Aesop']              | 469af049  
6     | ['import Mathlib\nimport Aesop']              | 9f3f6200  
7     | ['import Mathlib\nimport Aesop']              | a95810df  
8     | ['import Mathlib\nimport Aesop']              | 31b8f84c  
9     | ['import Mathlib\nimport Aesop']              | d479586b  
10    | ['import Mathlib\nimport Aesop']              | b3af30cb  
...   | ...                                           | ...       
-----------------------------------------------------------------
      | Total                                         | 22        
      | Idle                                          | 22        
      | Create Queue                                  | 0         
      | Close Queue                                   | 0         
      | Cache Hits                                    | 0         
      | Cache Misses                                  | 0         
      | Cache ratio                                   | 0.00      
      | its                                           | 0.0       
=================================================================
2025-07-16 19:29:54.604 | INFO     | utils.repl_cache:print_status:179 - 

=================================================================
Idx   | Header                                        | Pool Size 
-----------------------------------------------------------------
1     | ['import Mathlib\nimport Aesop']              | 22        
-----------------------------------------------------------------
Top 10 global LRU repl:
-----------------------------------------------------------------
Idx   | Header                                        | ID        
-----------------------------------------------------------------
1     | ['import Mathlib\nimport Aesop']              | 53b718e3  
2     | ['import Mathlib\nimport Aesop']              | 10f0b938  
3     | ['import Mathlib\nimport Aesop']              | 853c1e8e  
4     | ['import Mathlib\nimport Aesop']              | 45d506cf  
5     | ['import Mathlib\nimport Aesop']              | 469af049  
6     | ['import Mathlib\nimport Aesop']              | 9f3f6200  
7     | ['import Mathlib\nimport Aesop']              | a95810df  
8     | ['import Mathlib\nimport Aesop']              | 31b8f84c  
9     | ['import Mathlib\nimport Aesop']              | d479586b  
10    | ['import Mathlib\nimport Aesop']              | b3af30cb  
...   | ...                                           | ...       
-----------------------------------------------------------------
      | Total                                         | 22        
      | Idle                                          | 22        
      | Create Queue                                  | 0         
      | Close Queue                                   | 0         
      | Cache Hits                                    | 0         
      | Cache Misses                                  | 0         
      | Cache ratio                                   | 0.00      
      | its                                           | 0.0       
=================================================================
2025-07-16 19:30:06.879 | INFO     | utils.repl_cache:print_status:179 - 

=================================================================
Idx   | Header                                        | Pool Size 
-----------------------------------------------------------------
1     | ['import Mathlib\nimport Aesop']              | 22        
-----------------------------------------------------------------
Top 10 global LRU repl:
-----------------------------------------------------------------
Idx   | Header                                        | ID        
-----------------------------------------------------------------
1     | ['import Mathlib\nimport Aesop']              | 53b718e3  
2     | ['import Mathlib\nimport Aesop']              | 10f0b938  
3     | ['import Mathlib\nimport Aesop']              | 853c1e8e  
4     | ['import Mathlib\nimport Aesop']              | 45d506cf  
5     | ['import Mathlib\nimport Aesop']              | 469af049  
6     | ['import Mathlib\nimport Aesop']              | 9f3f6200  
7     | ['import Mathlib\nimport Aesop']              | a95810df  
8     | ['import Mathlib\nimport Aesop']              | 31b8f84c  
9     | ['import Mathlib\nimport Aesop']              | d479586b  
10    | ['import Mathlib\nimport Aesop']              | b3af30cb  
...   | ...                                           | ...       
-----------------------------------------------------------------
      | Total                                         | 22        
      | Idle                                          | 22        
      | Create Queue                                  | 0         
      | Close Queue                                   | 0         
      | Cache Hits                                    | 0         
      | Cache Misses                                  | 0         
      | Cache ratio                                   | 0.00      
      | its                                           | 0.0       
=================================================================
2025-07-16 19:30:21.881 | INFO     | utils.repl_cache:print_status:179 - 

=================================================================
Idx   | Header                                        | Pool Size 
-----------------------------------------------------------------
1     | ['import Mathlib\nimport Aesop']              | 22        
-----------------------------------------------------------------
Top 10 global LRU repl:
-----------------------------------------------------------------
Idx   | Header                                        | ID        
-----------------------------------------------------------------
1     | ['import Mathlib\nimport Aesop']              | 53b718e3  
2     | ['import Mathlib\nimport Aesop']              | 10f0b938  
3     | ['import Mathlib\nimport Aesop']              | 853c1e8e  
4     | ['import Mathlib\nimport Aesop']              | 45d506cf  
5     | ['import Mathlib\nimport Aesop']              | 469af049  
6     | ['import Mathlib\nimport Aesop']              | 9f3f6200  
7     | ['import Mathlib\nimport Aesop']              | a95810df  
8     | ['import Mathlib\nimport Aesop']              | 31b8f84c  
9     | ['import Mathlib\nimport Aesop']              | d479586b  
10    | ['import Mathlib\nimport Aesop']              | b3af30cb  
...   | ...                                           | ...       
-----------------------------------------------------------------
      | Total                                         | 22        
      | Idle                                          | 22        
      | Create Queue                                  | 0         
      | Close Queue                                   | 0         
      | Cache Hits                                    | 0         
      | Cache Misses                                  | 0         
      | Cache ratio                                   | 0.00      
      | its                                           | 0.0       
=================================================================
2025-07-16 19:30:22.920 | INFO     | uvicorn.server:shutdown:264 - Shutting down
2025-07-16 19:30:23.021 | INFO     | uvicorn.lifespan.on:shutdown:67 - Waiting for application shutdown.
2025-07-16 19:30:23.025 | INFO     | uvicorn.lifespan.on:shutdown:76 - Application shutdown complete.
2025-07-16 19:30:23.025 | INFO     | uvicorn.server:_serve:94 - Finished server process [835]
