2025-07-17 17:54:08.338 | INFO     | uvicorn.server:_serve:84 - Started server process [10256]
2025-07-17 17:54:08.338 | INFO     | uvicorn.lifespan.on:startup:48 - Waiting for application startup.
2025-07-17 17:54:08.597 | INFO     | uvicorn.lifespan.on:startup:62 - Application startup complete.
2025-07-17 17:54:08.697 | INFO     | uvicorn.server:_log_started_message:216 - Uvicorn running on http://0.0.0.0:12332 (Press CTRL+C to quit)
2025-07-17 17:54:08.932 | INFO     | uvicorn.protocols.http.h11_impl:send:473 - 127.0.0.1:39392 - "GET / HTTP/1.1" 200
2025-07-17 17:54:08.945 | DEBUG    | server.server:process_one_code_with_repl_fast:213 - [1234] Processing code: {"custom_id": "1234", "proof_header": "", "proof_body": "#check Nat", "timeout": 30}
2025-07-17 17:54:10.257 | INFO     | uvicorn.protocols.http.h11_impl:send:473 - 127.0.0.1:39394 - "POST /verify HTTP/1.1" 200
2025-07-17 17:54:14.411 | INFO     | uvicorn.protocols.http.h11_impl:send:473 - 127.0.0.1:39410 - "GET / HTTP/1.1" 200
2025-07-17 17:54:14.472 | DEBUG    | server.server:process_one_code_with_repl_fast:213 - [lean_workbook_plus_10000] Processing code: {"custom_id": "lean_workbook_plus_10000", "proof_header": "", "proof_body": "ring_nf\n  nlinarith [sq_nonneg (a + b + c), sq_nonneg (a - b), sq_nonneg (b - c), sq_nonneg (c - a)]", "timeout": 30}
2025-07-17 17:54:15.583 | INFO     | uvicorn.protocols.http.h11_impl:send:473 - 127.0.0.1:39412 - "POST /verify HTTP/1.1" 200
2025-07-17 17:54:18.116 | INFO     | server.server:_repl_creater:41 - Created 22 ['import Mathlib\nimport Aesop'] repls with response [{'env': 0, 'time': 7.0976996421813965}, {'env': 0
2025-07-17 17:54:23.598 | INFO     | utils.repl_cache:print_status:179 - 

=================================================================
Idx   | Header                                        | Pool Size 
-----------------------------------------------------------------
1     | ['import Mathlib\nimport Aesop']              | 22        
-----------------------------------------------------------------
Top 10 global LRU repl:
-----------------------------------------------------------------
Idx   | Header                                        | ID        
-----------------------------------------------------------------
1     | ['import Mathlib\nimport Aesop']              | b2bc10bc  
2     | ['import Mathlib\nimport Aesop']              | cbe28c62  
3     | ['import Mathlib\nimport Aesop']              | be433c0b  
4     | ['import Mathlib\nimport Aesop']              | 78f9722e  
5     | ['import Mathlib\nimport Aesop']              | 7f916370  
6     | ['import Mathlib\nimport Aesop']              | 35688977  
7     | ['import Mathlib\nimport Aesop']              | c0eda996  
8     | ['import Mathlib\nimport Aesop']              | a52b0df3  
9     | ['import Mathlib\nimport Aesop']              | 6d3fdec3  
10    | ['import Mathlib\nimport Aesop']              | db08b138  
...   | ...                                           | ...       
-----------------------------------------------------------------
      | Total                                         | 22        
      | Idle                                          | 22        
      | Create Queue                                  | 0         
      | Close Queue                                   | 0         
      | Cache Hits                                    | 0         
      | Cache Misses                                  | 0         
      | Cache ratio                                   | 0.00      
      | its                                           | 0.0       
=================================================================
2025-07-17 17:54:40.108 | INFO     | utils.repl_cache:print_status:179 - 

=================================================================
Idx   | Header                                        | Pool Size 
-----------------------------------------------------------------
1     | ['import Mathlib\nimport Aesop']              | 22        
-----------------------------------------------------------------
Top 10 global LRU repl:
-----------------------------------------------------------------
Idx   | Header                                        | ID        
-----------------------------------------------------------------
1     | ['import Mathlib\nimport Aesop']              | b2bc10bc  
2     | ['import Mathlib\nimport Aesop']              | cbe28c62  
3     | ['import Mathlib\nimport Aesop']              | be433c0b  
4     | ['import Mathlib\nimport Aesop']              | 78f9722e  
5     | ['import Mathlib\nimport Aesop']              | 7f916370  
6     | ['import Mathlib\nimport Aesop']              | 35688977  
7     | ['import Mathlib\nimport Aesop']              | c0eda996  
8     | ['import Mathlib\nimport Aesop']              | a52b0df3  
9     | ['import Mathlib\nimport Aesop']              | 6d3fdec3  
10    | ['import Mathlib\nimport Aesop']              | db08b138  
...   | ...                                           | ...       
-----------------------------------------------------------------
      | Total                                         | 22        
      | Idle                                          | 22        
      | Create Queue                                  | 0         
      | Close Queue                                   | 0         
      | Cache Hits                                    | 0         
      | Cache Misses                                  | 0         
      | Cache ratio                                   | 0.00      
      | its                                           | 0.0       
=================================================================
2025-07-17 17:54:55.110 | INFO     | utils.repl_cache:print_status:179 - 

=================================================================
Idx   | Header                                        | Pool Size 
-----------------------------------------------------------------
1     | ['import Mathlib\nimport Aesop']              | 22        
-----------------------------------------------------------------
Top 10 global LRU repl:
-----------------------------------------------------------------
Idx   | Header                                        | ID        
-----------------------------------------------------------------
1     | ['import Mathlib\nimport Aesop']              | b2bc10bc  
2     | ['import Mathlib\nimport Aesop']              | cbe28c62  
3     | ['import Mathlib\nimport Aesop']              | be433c0b  
4     | ['import Mathlib\nimport Aesop']              | 78f9722e  
5     | ['import Mathlib\nimport Aesop']              | 7f916370  
6     | ['import Mathlib\nimport Aesop']              | 35688977  
7     | ['import Mathlib\nimport Aesop']              | c0eda996  
8     | ['import Mathlib\nimport Aesop']              | a52b0df3  
9     | ['import Mathlib\nimport Aesop']              | 6d3fdec3  
10    | ['import Mathlib\nimport Aesop']              | db08b138  
...   | ...                                           | ...       
-----------------------------------------------------------------
      | Total                                         | 22        
      | Idle                                          | 22        
      | Create Queue                                  | 0         
      | Close Queue                                   | 0         
      | Cache Hits                                    | 0         
      | Cache Misses                                  | 0         
      | Cache ratio                                   | 0.00      
      | its                                           | 0.0       
=================================================================
2025-07-17 17:55:11.771 | INFO     | utils.repl_cache:print_status:179 - 

=================================================================
Idx   | Header                                        | Pool Size 
-----------------------------------------------------------------
1     | ['import Mathlib\nimport Aesop']              | 22        
-----------------------------------------------------------------
Top 10 global LRU repl:
-----------------------------------------------------------------
Idx   | Header                                        | ID        
-----------------------------------------------------------------
1     | ['import Mathlib\nimport Aesop']              | b2bc10bc  
2     | ['import Mathlib\nimport Aesop']              | cbe28c62  
3     | ['import Mathlib\nimport Aesop']              | be433c0b  
4     | ['import Mathlib\nimport Aesop']              | 78f9722e  
5     | ['import Mathlib\nimport Aesop']              | 7f916370  
6     | ['import Mathlib\nimport Aesop']              | 35688977  
7     | ['import Mathlib\nimport Aesop']              | c0eda996  
8     | ['import Mathlib\nimport Aesop']              | a52b0df3  
9     | ['import Mathlib\nimport Aesop']              | 6d3fdec3  
10    | ['import Mathlib\nimport Aesop']              | db08b138  
...   | ...                                           | ...       
-----------------------------------------------------------------
      | Total                                         | 22        
      | Idle                                          | 22        
      | Create Queue                                  | 0         
      | Close Queue                                   | 0         
      | Cache Hits                                    | 0         
      | Cache Misses                                  | 0         
      | Cache ratio                                   | 0.00      
      | its                                           | 0.0       
=================================================================
2025-07-17 17:55:26.772 | INFO     | utils.repl_cache:print_status:179 - 

=================================================================
Idx   | Header                                        | Pool Size 
-----------------------------------------------------------------
1     | ['import Mathlib\nimport Aesop']              | 22        
-----------------------------------------------------------------
Top 10 global LRU repl:
-----------------------------------------------------------------
Idx   | Header                                        | ID        
-----------------------------------------------------------------
1     | ['import Mathlib\nimport Aesop']              | b2bc10bc  
2     | ['import Mathlib\nimport Aesop']              | cbe28c62  
3     | ['import Mathlib\nimport Aesop']              | be433c0b  
4     | ['import Mathlib\nimport Aesop']              | 78f9722e  
5     | ['import Mathlib\nimport Aesop']              | 7f916370  
6     | ['import Mathlib\nimport Aesop']              | 35688977  
7     | ['import Mathlib\nimport Aesop']              | c0eda996  
8     | ['import Mathlib\nimport Aesop']              | a52b0df3  
9     | ['import Mathlib\nimport Aesop']              | 6d3fdec3  
10    | ['import Mathlib\nimport Aesop']              | db08b138  
...   | ...                                           | ...       
-----------------------------------------------------------------
      | Total                                         | 22        
      | Idle                                          | 22        
      | Create Queue                                  | 0         
      | Close Queue                                   | 0         
      | Cache Hits                                    | 0         
      | Cache Misses                                  | 0         
      | Cache ratio                                   | 0.00      
      | its                                           | 0.0       
=================================================================
2025-07-17 17:55:43.440 | INFO     | utils.repl_cache:print_status:179 - 

=================================================================
Idx   | Header                                        | Pool Size 
-----------------------------------------------------------------
1     | ['import Mathlib\nimport Aesop']              | 22        
-----------------------------------------------------------------
Top 10 global LRU repl:
-----------------------------------------------------------------
Idx   | Header                                        | ID        
-----------------------------------------------------------------
1     | ['import Mathlib\nimport Aesop']              | b2bc10bc  
2     | ['import Mathlib\nimport Aesop']              | cbe28c62  
3     | ['import Mathlib\nimport Aesop']              | be433c0b  
4     | ['import Mathlib\nimport Aesop']              | 78f9722e  
5     | ['import Mathlib\nimport Aesop']              | 7f916370  
6     | ['import Mathlib\nimport Aesop']              | 35688977  
7     | ['import Mathlib\nimport Aesop']              | c0eda996  
8     | ['import Mathlib\nimport Aesop']              | a52b0df3  
9     | ['import Mathlib\nimport Aesop']              | 6d3fdec3  
10    | ['import Mathlib\nimport Aesop']              | db08b138  
...   | ...                                           | ...       
-----------------------------------------------------------------
      | Total                                         | 22        
      | Idle                                          | 22        
      | Create Queue                                  | 0         
      | Close Queue                                   | 0         
      | Cache Hits                                    | 0         
      | Cache Misses                                  | 0         
      | Cache ratio                                   | 0.00      
      | its                                           | 0.0       
=================================================================
2025-07-17 17:55:58.440 | INFO     | utils.repl_cache:print_status:179 - 

=================================================================
Idx   | Header                                        | Pool Size 
-----------------------------------------------------------------
1     | ['import Mathlib\nimport Aesop']              | 22        
-----------------------------------------------------------------
Top 10 global LRU repl:
-----------------------------------------------------------------
Idx   | Header                                        | ID        
-----------------------------------------------------------------
1     | ['import Mathlib\nimport Aesop']              | b2bc10bc  
2     | ['import Mathlib\nimport Aesop']              | cbe28c62  
3     | ['import Mathlib\nimport Aesop']              | be433c0b  
4     | ['import Mathlib\nimport Aesop']              | 78f9722e  
5     | ['import Mathlib\nimport Aesop']              | 7f916370  
6     | ['import Mathlib\nimport Aesop']              | 35688977  
7     | ['import Mathlib\nimport Aesop']              | c0eda996  
8     | ['import Mathlib\nimport Aesop']              | a52b0df3  
9     | ['import Mathlib\nimport Aesop']              | 6d3fdec3  
10    | ['import Mathlib\nimport Aesop']              | db08b138  
...   | ...                                           | ...       
-----------------------------------------------------------------
      | Total                                         | 22        
      | Idle                                          | 22        
      | Create Queue                                  | 0         
      | Close Queue                                   | 0         
      | Cache Hits                                    | 0         
      | Cache Misses                                  | 0         
      | Cache ratio                                   | 0.00      
      | its                                           | 0.0       
=================================================================
2025-07-17 17:56:14.911 | INFO     | utils.repl_cache:print_status:179 - 

=================================================================
Idx   | Header                                        | Pool Size 
-----------------------------------------------------------------
1     | ['import Mathlib\nimport Aesop']              | 22        
-----------------------------------------------------------------
Top 10 global LRU repl:
-----------------------------------------------------------------
Idx   | Header                                        | ID        
-----------------------------------------------------------------
1     | ['import Mathlib\nimport Aesop']              | b2bc10bc  
2     | ['import Mathlib\nimport Aesop']              | cbe28c62  
3     | ['import Mathlib\nimport Aesop']              | be433c0b  
4     | ['import Mathlib\nimport Aesop']              | 78f9722e  
5     | ['import Mathlib\nimport Aesop']              | 7f916370  
6     | ['import Mathlib\nimport Aesop']              | 35688977  
7     | ['import Mathlib\nimport Aesop']              | c0eda996  
8     | ['import Mathlib\nimport Aesop']              | a52b0df3  
9     | ['import Mathlib\nimport Aesop']              | 6d3fdec3  
10    | ['import Mathlib\nimport Aesop']              | db08b138  
...   | ...                                           | ...       
-----------------------------------------------------------------
      | Total                                         | 22        
      | Idle                                          | 22        
      | Create Queue                                  | 0         
      | Close Queue                                   | 0         
      | Cache Hits                                    | 0         
      | Cache Misses                                  | 0         
      | Cache ratio                                   | 0.00      
      | its                                           | 0.0       
=================================================================
2025-07-17 17:56:29.913 | INFO     | utils.repl_cache:print_status:179 - 

=================================================================
Idx   | Header                                        | Pool Size 
-----------------------------------------------------------------
1     | ['import Mathlib\nimport Aesop']              | 22        
-----------------------------------------------------------------
Top 10 global LRU repl:
-----------------------------------------------------------------
Idx   | Header                                        | ID        
-----------------------------------------------------------------
1     | ['import Mathlib\nimport Aesop']              | b2bc10bc  
2     | ['import Mathlib\nimport Aesop']              | cbe28c62  
3     | ['import Mathlib\nimport Aesop']              | be433c0b  
4     | ['import Mathlib\nimport Aesop']              | 78f9722e  
5     | ['import Mathlib\nimport Aesop']              | 7f916370  
6     | ['import Mathlib\nimport Aesop']              | 35688977  
7     | ['import Mathlib\nimport Aesop']              | c0eda996  
8     | ['import Mathlib\nimport Aesop']              | a52b0df3  
9     | ['import Mathlib\nimport Aesop']              | 6d3fdec3  
10    | ['import Mathlib\nimport Aesop']              | db08b138  
...   | ...                                           | ...       
-----------------------------------------------------------------
      | Total                                         | 22        
      | Idle                                          | 22        
      | Create Queue                                  | 0         
      | Close Queue                                   | 0         
      | Cache Hits                                    | 0         
      | Cache Misses                                  | 0         
      | Cache ratio                                   | 0.00      
      | its                                           | 0.0       
=================================================================
2025-07-17 17:56:46.464 | INFO     | utils.repl_cache:print_status:179 - 

=================================================================
Idx   | Header                                        | Pool Size 
-----------------------------------------------------------------
1     | ['import Mathlib\nimport Aesop']              | 22        
-----------------------------------------------------------------
Top 10 global LRU repl:
-----------------------------------------------------------------
Idx   | Header                                        | ID        
-----------------------------------------------------------------
1     | ['import Mathlib\nimport Aesop']              | b2bc10bc  
2     | ['import Mathlib\nimport Aesop']              | cbe28c62  
3     | ['import Mathlib\nimport Aesop']              | be433c0b  
4     | ['import Mathlib\nimport Aesop']              | 78f9722e  
5     | ['import Mathlib\nimport Aesop']              | 7f916370  
6     | ['import Mathlib\nimport Aesop']              | 35688977  
7     | ['import Mathlib\nimport Aesop']              | c0eda996  
8     | ['import Mathlib\nimport Aesop']              | a52b0df3  
9     | ['import Mathlib\nimport Aesop']              | 6d3fdec3  
10    | ['import Mathlib\nimport Aesop']              | db08b138  
...   | ...                                           | ...       
-----------------------------------------------------------------
      | Total                                         | 22        
      | Idle                                          | 22        
      | Create Queue                                  | 0         
      | Close Queue                                   | 0         
      | Cache Hits                                    | 0         
      | Cache Misses                                  | 0         
      | Cache ratio                                   | 0.00      
      | its                                           | 0.0       
=================================================================
2025-07-17 17:57:01.465 | INFO     | utils.repl_cache:print_status:179 - 

=================================================================
Idx   | Header                                        | Pool Size 
-----------------------------------------------------------------
1     | ['import Mathlib\nimport Aesop']              | 22        
-----------------------------------------------------------------
Top 10 global LRU repl:
-----------------------------------------------------------------
Idx   | Header                                        | ID        
-----------------------------------------------------------------
1     | ['import Mathlib\nimport Aesop']              | b2bc10bc  
2     | ['import Mathlib\nimport Aesop']              | cbe28c62  
3     | ['import Mathlib\nimport Aesop']              | be433c0b  
4     | ['import Mathlib\nimport Aesop']              | 78f9722e  
5     | ['import Mathlib\nimport Aesop']              | 7f916370  
6     | ['import Mathlib\nimport Aesop']              | 35688977  
7     | ['import Mathlib\nimport Aesop']              | c0eda996  
8     | ['import Mathlib\nimport Aesop']              | a52b0df3  
9     | ['import Mathlib\nimport Aesop']              | 6d3fdec3  
10    | ['import Mathlib\nimport Aesop']              | db08b138  
...   | ...                                           | ...       
-----------------------------------------------------------------
      | Total                                         | 22        
      | Idle                                          | 22        
      | Create Queue                                  | 0         
      | Close Queue                                   | 0         
      | Cache Hits                                    | 0         
      | Cache Misses                                  | 0         
      | Cache ratio                                   | 0.00      
      | its                                           | 0.0       
=================================================================
2025-07-17 17:57:18.080 | INFO     | utils.repl_cache:print_status:179 - 

=================================================================
Idx   | Header                                        | Pool Size 
-----------------------------------------------------------------
1     | ['import Mathlib\nimport Aesop']              | 22        
-----------------------------------------------------------------
Top 10 global LRU repl:
-----------------------------------------------------------------
Idx   | Header                                        | ID        
-----------------------------------------------------------------
1     | ['import Mathlib\nimport Aesop']              | b2bc10bc  
2     | ['import Mathlib\nimport Aesop']              | cbe28c62  
3     | ['import Mathlib\nimport Aesop']              | be433c0b  
4     | ['import Mathlib\nimport Aesop']              | 78f9722e  
5     | ['import Mathlib\nimport Aesop']              | 7f916370  
6     | ['import Mathlib\nimport Aesop']              | 35688977  
7     | ['import Mathlib\nimport Aesop']              | c0eda996  
8     | ['import Mathlib\nimport Aesop']              | a52b0df3  
9     | ['import Mathlib\nimport Aesop']              | 6d3fdec3  
10    | ['import Mathlib\nimport Aesop']              | db08b138  
...   | ...                                           | ...       
-----------------------------------------------------------------
      | Total                                         | 22        
      | Idle                                          | 22        
      | Create Queue                                  | 0         
      | Close Queue                                   | 0         
      | Cache Hits                                    | 0         
      | Cache Misses                                  | 0         
      | Cache ratio                                   | 0.00      
      | its                                           | 0.0       
=================================================================
2025-07-17 17:57:33.081 | INFO     | utils.repl_cache:print_status:179 - 

=================================================================
Idx   | Header                                        | Pool Size 
-----------------------------------------------------------------
1     | ['import Mathlib\nimport Aesop']              | 22        
-----------------------------------------------------------------
Top 10 global LRU repl:
-----------------------------------------------------------------
Idx   | Header                                        | ID        
-----------------------------------------------------------------
1     | ['import Mathlib\nimport Aesop']              | b2bc10bc  
2     | ['import Mathlib\nimport Aesop']              | cbe28c62  
3     | ['import Mathlib\nimport Aesop']              | be433c0b  
4     | ['import Mathlib\nimport Aesop']              | 78f9722e  
5     | ['import Mathlib\nimport Aesop']              | 7f916370  
6     | ['import Mathlib\nimport Aesop']              | 35688977  
7     | ['import Mathlib\nimport Aesop']              | c0eda996  
8     | ['import Mathlib\nimport Aesop']              | a52b0df3  
9     | ['import Mathlib\nimport Aesop']              | 6d3fdec3  
10    | ['import Mathlib\nimport Aesop']              | db08b138  
...   | ...                                           | ...       
-----------------------------------------------------------------
      | Total                                         | 22        
      | Idle                                          | 22        
      | Create Queue                                  | 0         
      | Close Queue                                   | 0         
      | Cache Hits                                    | 0         
      | Cache Misses                                  | 0         
      | Cache ratio                                   | 0.00      
      | its                                           | 0.0       
=================================================================
2025-07-17 17:57:49.719 | INFO     | utils.repl_cache:print_status:179 - 

=================================================================
Idx   | Header                                        | Pool Size 
-----------------------------------------------------------------
1     | ['import Mathlib\nimport Aesop']              | 22        
-----------------------------------------------------------------
Top 10 global LRU repl:
-----------------------------------------------------------------
Idx   | Header                                        | ID        
-----------------------------------------------------------------
1     | ['import Mathlib\nimport Aesop']              | b2bc10bc  
2     | ['import Mathlib\nimport Aesop']              | cbe28c62  
3     | ['import Mathlib\nimport Aesop']              | be433c0b  
4     | ['import Mathlib\nimport Aesop']              | 78f9722e  
5     | ['import Mathlib\nimport Aesop']              | 7f916370  
6     | ['import Mathlib\nimport Aesop']              | 35688977  
7     | ['import Mathlib\nimport Aesop']              | c0eda996  
8     | ['import Mathlib\nimport Aesop']              | a52b0df3  
9     | ['import Mathlib\nimport Aesop']              | 6d3fdec3  
10    | ['import Mathlib\nimport Aesop']              | db08b138  
...   | ...                                           | ...       
-----------------------------------------------------------------
      | Total                                         | 22        
      | Idle                                          | 22        
      | Create Queue                                  | 0         
      | Close Queue                                   | 0         
      | Cache Hits                                    | 0         
      | Cache Misses                                  | 0         
      | Cache ratio                                   | 0.00      
      | its                                           | 0.0       
=================================================================
2025-07-17 17:58:04.720 | INFO     | utils.repl_cache:print_status:179 - 

=================================================================
Idx   | Header                                        | Pool Size 
-----------------------------------------------------------------
1     | ['import Mathlib\nimport Aesop']              | 22        
-----------------------------------------------------------------
Top 10 global LRU repl:
-----------------------------------------------------------------
Idx   | Header                                        | ID        
-----------------------------------------------------------------
1     | ['import Mathlib\nimport Aesop']              | b2bc10bc  
2     | ['import Mathlib\nimport Aesop']              | cbe28c62  
3     | ['import Mathlib\nimport Aesop']              | be433c0b  
4     | ['import Mathlib\nimport Aesop']              | 78f9722e  
5     | ['import Mathlib\nimport Aesop']              | 7f916370  
6     | ['import Mathlib\nimport Aesop']              | 35688977  
7     | ['import Mathlib\nimport Aesop']              | c0eda996  
8     | ['import Mathlib\nimport Aesop']              | a52b0df3  
9     | ['import Mathlib\nimport Aesop']              | 6d3fdec3  
10    | ['import Mathlib\nimport Aesop']              | db08b138  
...   | ...                                           | ...       
-----------------------------------------------------------------
      | Total                                         | 22        
      | Idle                                          | 22        
      | Create Queue                                  | 0         
      | Close Queue                                   | 0         
      | Cache Hits                                    | 0         
      | Cache Misses                                  | 0         
      | Cache ratio                                   | 0.00      
      | its                                           | 0.0       
=================================================================
2025-07-17 17:58:21.239 | INFO     | utils.repl_cache:print_status:179 - 

=================================================================
Idx   | Header                                        | Pool Size 
-----------------------------------------------------------------
1     | ['import Mathlib\nimport Aesop']              | 22        
-----------------------------------------------------------------
Top 10 global LRU repl:
-----------------------------------------------------------------
Idx   | Header                                        | ID        
-----------------------------------------------------------------
1     | ['import Mathlib\nimport Aesop']              | b2bc10bc  
2     | ['import Mathlib\nimport Aesop']              | cbe28c62  
3     | ['import Mathlib\nimport Aesop']              | be433c0b  
4     | ['import Mathlib\nimport Aesop']              | 78f9722e  
5     | ['import Mathlib\nimport Aesop']              | 7f916370  
6     | ['import Mathlib\nimport Aesop']              | 35688977  
7     | ['import Mathlib\nimport Aesop']              | c0eda996  
8     | ['import Mathlib\nimport Aesop']              | a52b0df3  
9     | ['import Mathlib\nimport Aesop']              | 6d3fdec3  
10    | ['import Mathlib\nimport Aesop']              | db08b138  
...   | ...                                           | ...       
-----------------------------------------------------------------
      | Total                                         | 22        
      | Idle                                          | 22        
      | Create Queue                                  | 0         
      | Close Queue                                   | 0         
      | Cache Hits                                    | 0         
      | Cache Misses                                  | 0         
      | Cache ratio                                   | 0.00      
      | its                                           | 0.0       
=================================================================
2025-07-17 17:58:36.240 | INFO     | utils.repl_cache:print_status:179 - 

=================================================================
Idx   | Header                                        | Pool Size 
-----------------------------------------------------------------
1     | ['import Mathlib\nimport Aesop']              | 22        
-----------------------------------------------------------------
Top 10 global LRU repl:
-----------------------------------------------------------------
Idx   | Header                                        | ID        
-----------------------------------------------------------------
1     | ['import Mathlib\nimport Aesop']              | b2bc10bc  
2     | ['import Mathlib\nimport Aesop']              | cbe28c62  
3     | ['import Mathlib\nimport Aesop']              | be433c0b  
4     | ['import Mathlib\nimport Aesop']              | 78f9722e  
5     | ['import Mathlib\nimport Aesop']              | 7f916370  
6     | ['import Mathlib\nimport Aesop']              | 35688977  
7     | ['import Mathlib\nimport Aesop']              | c0eda996  
8     | ['import Mathlib\nimport Aesop']              | a52b0df3  
9     | ['import Mathlib\nimport Aesop']              | 6d3fdec3  
10    | ['import Mathlib\nimport Aesop']              | db08b138  
...   | ...                                           | ...       
-----------------------------------------------------------------
      | Total                                         | 22        
      | Idle                                          | 22        
      | Create Queue                                  | 0         
      | Close Queue                                   | 0         
      | Cache Hits                                    | 0         
      | Cache Misses                                  | 0         
      | Cache ratio                                   | 0.00      
      | its                                           | 0.0       
=================================================================
2025-07-17 17:58:52.799 | INFO     | utils.repl_cache:print_status:179 - 

=================================================================
Idx   | Header                                        | Pool Size 
-----------------------------------------------------------------
1     | ['import Mathlib\nimport Aesop']              | 22        
-----------------------------------------------------------------
Top 10 global LRU repl:
-----------------------------------------------------------------
Idx   | Header                                        | ID        
-----------------------------------------------------------------
1     | ['import Mathlib\nimport Aesop']              | b2bc10bc  
2     | ['import Mathlib\nimport Aesop']              | cbe28c62  
3     | ['import Mathlib\nimport Aesop']              | be433c0b  
4     | ['import Mathlib\nimport Aesop']              | 78f9722e  
5     | ['import Mathlib\nimport Aesop']              | 7f916370  
6     | ['import Mathlib\nimport Aesop']              | 35688977  
7     | ['import Mathlib\nimport Aesop']              | c0eda996  
8     | ['import Mathlib\nimport Aesop']              | a52b0df3  
9     | ['import Mathlib\nimport Aesop']              | 6d3fdec3  
10    | ['import Mathlib\nimport Aesop']              | db08b138  
...   | ...                                           | ...       
-----------------------------------------------------------------
      | Total                                         | 22        
      | Idle                                          | 22        
      | Create Queue                                  | 0         
      | Close Queue                                   | 0         
      | Cache Hits                                    | 0         
      | Cache Misses                                  | 0         
      | Cache ratio                                   | 0.00      
      | its                                           | 0.0       
=================================================================
2025-07-17 17:59:07.801 | INFO     | utils.repl_cache:print_status:179 - 

=================================================================
Idx   | Header                                        | Pool Size 
-----------------------------------------------------------------
1     | ['import Mathlib\nimport Aesop']              | 22        
-----------------------------------------------------------------
Top 10 global LRU repl:
-----------------------------------------------------------------
Idx   | Header                                        | ID        
-----------------------------------------------------------------
1     | ['import Mathlib\nimport Aesop']              | b2bc10bc  
2     | ['import Mathlib\nimport Aesop']              | cbe28c62  
3     | ['import Mathlib\nimport Aesop']              | be433c0b  
4     | ['import Mathlib\nimport Aesop']              | 78f9722e  
5     | ['import Mathlib\nimport Aesop']              | 7f916370  
6     | ['import Mathlib\nimport Aesop']              | 35688977  
7     | ['import Mathlib\nimport Aesop']              | c0eda996  
8     | ['import Mathlib\nimport Aesop']              | a52b0df3  
9     | ['import Mathlib\nimport Aesop']              | 6d3fdec3  
10    | ['import Mathlib\nimport Aesop']              | db08b138  
...   | ...                                           | ...       
-----------------------------------------------------------------
      | Total                                         | 22        
      | Idle                                          | 22        
      | Create Queue                                  | 0         
      | Close Queue                                   | 0         
      | Cache Hits                                    | 0         
      | Cache Misses                                  | 0         
      | Cache ratio                                   | 0.00      
      | its                                           | 0.0       
=================================================================
2025-07-17 17:59:24.409 | INFO     | utils.repl_cache:print_status:179 - 

=================================================================
Idx   | Header                                        | Pool Size 
-----------------------------------------------------------------
1     | ['import Mathlib\nimport Aesop']              | 22        
-----------------------------------------------------------------
Top 10 global LRU repl:
-----------------------------------------------------------------
Idx   | Header                                        | ID        
-----------------------------------------------------------------
1     | ['import Mathlib\nimport Aesop']              | b2bc10bc  
2     | ['import Mathlib\nimport Aesop']              | cbe28c62  
3     | ['import Mathlib\nimport Aesop']              | be433c0b  
4     | ['import Mathlib\nimport Aesop']              | 78f9722e  
5     | ['import Mathlib\nimport Aesop']              | 7f916370  
6     | ['import Mathlib\nimport Aesop']              | 35688977  
7     | ['import Mathlib\nimport Aesop']              | c0eda996  
8     | ['import Mathlib\nimport Aesop']              | a52b0df3  
9     | ['import Mathlib\nimport Aesop']              | 6d3fdec3  
10    | ['import Mathlib\nimport Aesop']              | db08b138  
...   | ...                                           | ...       
-----------------------------------------------------------------
      | Total                                         | 22        
      | Idle                                          | 22        
      | Create Queue                                  | 0         
      | Close Queue                                   | 0         
      | Cache Hits                                    | 0         
      | Cache Misses                                  | 0         
      | Cache ratio                                   | 0.00      
      | its                                           | 0.0       
=================================================================
2025-07-17 17:59:39.409 | INFO     | utils.repl_cache:print_status:179 - 

=================================================================
Idx   | Header                                        | Pool Size 
-----------------------------------------------------------------
1     | ['import Mathlib\nimport Aesop']              | 22        
-----------------------------------------------------------------
Top 10 global LRU repl:
-----------------------------------------------------------------
Idx   | Header                                        | ID        
-----------------------------------------------------------------
1     | ['import Mathlib\nimport Aesop']              | b2bc10bc  
2     | ['import Mathlib\nimport Aesop']              | cbe28c62  
3     | ['import Mathlib\nimport Aesop']              | be433c0b  
4     | ['import Mathlib\nimport Aesop']              | 78f9722e  
5     | ['import Mathlib\nimport Aesop']              | 7f916370  
6     | ['import Mathlib\nimport Aesop']              | 35688977  
7     | ['import Mathlib\nimport Aesop']              | c0eda996  
8     | ['import Mathlib\nimport Aesop']              | a52b0df3  
9     | ['import Mathlib\nimport Aesop']              | 6d3fdec3  
10    | ['import Mathlib\nimport Aesop']              | db08b138  
...   | ...                                           | ...       
-----------------------------------------------------------------
      | Total                                         | 22        
      | Idle                                          | 22        
      | Create Queue                                  | 0         
      | Close Queue                                   | 0         
      | Cache Hits                                    | 0         
      | Cache Misses                                  | 0         
      | Cache ratio                                   | 0.00      
      | its                                           | 0.0       
=================================================================
2025-07-17 17:59:56.030 | INFO     | utils.repl_cache:print_status:179 - 

=================================================================
Idx   | Header                                        | Pool Size 
-----------------------------------------------------------------
1     | ['import Mathlib\nimport Aesop']              | 22        
-----------------------------------------------------------------
Top 10 global LRU repl:
-----------------------------------------------------------------
Idx   | Header                                        | ID        
-----------------------------------------------------------------
1     | ['import Mathlib\nimport Aesop']              | b2bc10bc  
2     | ['import Mathlib\nimport Aesop']              | cbe28c62  
3     | ['import Mathlib\nimport Aesop']              | be433c0b  
4     | ['import Mathlib\nimport Aesop']              | 78f9722e  
5     | ['import Mathlib\nimport Aesop']              | 7f916370  
6     | ['import Mathlib\nimport Aesop']              | 35688977  
7     | ['import Mathlib\nimport Aesop']              | c0eda996  
8     | ['import Mathlib\nimport Aesop']              | a52b0df3  
9     | ['import Mathlib\nimport Aesop']              | 6d3fdec3  
10    | ['import Mathlib\nimport Aesop']              | db08b138  
...   | ...                                           | ...       
-----------------------------------------------------------------
      | Total                                         | 22        
      | Idle                                          | 22        
      | Create Queue                                  | 0         
      | Close Queue                                   | 0         
      | Cache Hits                                    | 0         
      | Cache Misses                                  | 0         
      | Cache ratio                                   | 0.00      
      | its                                           | 0.0       
=================================================================
2025-07-17 18:00:11.031 | INFO     | utils.repl_cache:print_status:179 - 

=================================================================
Idx   | Header                                        | Pool Size 
-----------------------------------------------------------------
1     | ['import Mathlib\nimport Aesop']              | 22        
-----------------------------------------------------------------
Top 10 global LRU repl:
-----------------------------------------------------------------
Idx   | Header                                        | ID        
-----------------------------------------------------------------
1     | ['import Mathlib\nimport Aesop']              | b2bc10bc  
2     | ['import Mathlib\nimport Aesop']              | cbe28c62  
3     | ['import Mathlib\nimport Aesop']              | be433c0b  
4     | ['import Mathlib\nimport Aesop']              | 78f9722e  
5     | ['import Mathlib\nimport Aesop']              | 7f916370  
6     | ['import Mathlib\nimport Aesop']              | 35688977  
7     | ['import Mathlib\nimport Aesop']              | c0eda996  
8     | ['import Mathlib\nimport Aesop']              | a52b0df3  
9     | ['import Mathlib\nimport Aesop']              | 6d3fdec3  
10    | ['import Mathlib\nimport Aesop']              | db08b138  
...   | ...                                           | ...       
-----------------------------------------------------------------
      | Total                                         | 22        
      | Idle                                          | 22        
      | Create Queue                                  | 0         
      | Close Queue                                   | 0         
      | Cache Hits                                    | 0         
      | Cache Misses                                  | 0         
      | Cache ratio                                   | 0.00      
      | its                                           | 0.0       
=================================================================
2025-07-17 18:00:27.571 | INFO     | utils.repl_cache:print_status:179 - 

=================================================================
Idx   | Header                                        | Pool Size 
-----------------------------------------------------------------
1     | ['import Mathlib\nimport Aesop']              | 22        
-----------------------------------------------------------------
Top 10 global LRU repl:
-----------------------------------------------------------------
Idx   | Header                                        | ID        
-----------------------------------------------------------------
1     | ['import Mathlib\nimport Aesop']              | b2bc10bc  
2     | ['import Mathlib\nimport Aesop']              | cbe28c62  
3     | ['import Mathlib\nimport Aesop']              | be433c0b  
4     | ['import Mathlib\nimport Aesop']              | 78f9722e  
5     | ['import Mathlib\nimport Aesop']              | 7f916370  
6     | ['import Mathlib\nimport Aesop']              | 35688977  
7     | ['import Mathlib\nimport Aesop']              | c0eda996  
8     | ['import Mathlib\nimport Aesop']              | a52b0df3  
9     | ['import Mathlib\nimport Aesop']              | 6d3fdec3  
10    | ['import Mathlib\nimport Aesop']              | db08b138  
...   | ...                                           | ...       
-----------------------------------------------------------------
      | Total                                         | 22        
      | Idle                                          | 22        
      | Create Queue                                  | 0         
      | Close Queue                                   | 0         
      | Cache Hits                                    | 0         
      | Cache Misses                                  | 0         
      | Cache ratio                                   | 0.00      
      | its                                           | 0.0       
=================================================================
2025-07-17 18:00:42.453 | INFO     | uvicorn.server:shutdown:264 - Shutting down
2025-07-17 18:00:42.554 | INFO     | uvicorn.server:_serve:94 - Finished server process [10256]
2025-07-17 18:00:42.559 | ERROR    | uvicorn.lifespan.on:send:134 - Traceback (most recent call last):
  File "/usr/local/lib/python3.11/asyncio/runners.py", line 190, in run
    return runner.run(main)
           ^^^^^^^^^^^^^^^^
  File "/usr/local/lib/python3.11/asyncio/runners.py", line 118, in run
    return self._loop.run_until_complete(task)
           ^^^^^^^^^^^^^^^^^^^^^^^^^^^^^^^^^^^
  File "/usr/local/lib/python3.11/asyncio/base_events.py", line 641, in run_until_complete
    self.run_forever()
  File "/usr/local/lib/python3.11/asyncio/base_events.py", line 608, in run_forever
    self._run_once()
  File "/usr/local/lib/python3.11/asyncio/base_events.py", line 1936, in _run_once
    handle._run()
  File "/usr/local/lib/python3.11/asyncio/events.py", line 84, in _run
    self._context.run(self._callback, *self._args)
  File "/usr/local/lib/python3.11/site-packages/uvicorn/server.py", line 70, in serve
    with self.capture_signals():
  File "/usr/local/lib/python3.11/contextlib.py", line 144, in __exit__
    next(self.gen)
  File "/usr/local/lib/python3.11/site-packages/uvicorn/server.py", line 331, in capture_signals
    signal.raise_signal(captured_signal)
  File "/usr/local/lib/python3.11/asyncio/runners.py", line 157, in _on_sigint
    raise KeyboardInterrupt()
KeyboardInterrupt

During handling of the above exception, another exception occurred:

Traceback (most recent call last):
  File "/usr/local/lib/python3.11/site-packages/starlette/routing.py", line 701, in lifespan
    await receive()
  File "/usr/local/lib/python3.11/site-packages/uvicorn/lifespan/on.py", line 137, in receive
    return await self.receive_queue.get()
           ^^^^^^^^^^^^^^^^^^^^^^^^^^^^^^
  File "/usr/local/lib/python3.11/asyncio/queues.py", line 158, in get
    await getter
asyncio.exceptions.CancelledError

