2025-07-17 17:49:37.431 | INFO     | uvicorn.server:_serve:84 - Started server process [6372]
2025-07-17 17:49:37.431 | INFO     | uvicorn.lifespan.on:startup:48 - Waiting for application startup.
2025-07-17 17:49:37.689 | INFO     | uvicorn.lifespan.on:startup:62 - Application startup complete.
2025-07-17 17:49:37.783 | INFO     | uvicorn.server:_log_started_message:216 - Uvicorn running on http://0.0.0.0:12332 (Press CTRL+C to quit)
2025-07-17 17:49:37.999 | INFO     | uvicorn.protocols.http.h11_impl:send:473 - 127.0.0.1:34078 - "GET / HTTP/1.1" 200
2025-07-17 17:49:38.027 | DEBUG    | server.server:process_one_code_with_repl_fast:213 - [1234] Processing code: {"custom_id": "1234", "proof_header": "", "proof_body": "#check Nat", "timeout": 30}
2025-07-17 17:49:39.189 | INFO     | uvicorn.protocols.http.h11_impl:send:473 - 127.0.0.1:34086 - "POST /verify HTTP/1.1" 200
2025-07-17 17:49:45.736 | INFO     | server.server:_repl_creater:41 - Created 22 ['import Mathlib\nimport Aesop'] repls with response [{'env': 0, 'time': 6.8939902782440186}, {'env': 0
2025-07-17 17:49:54.130 | INFO     | utils.repl_cache:print_status:179 - 

=================================================================
Idx   | Header                                        | Pool Size 
-----------------------------------------------------------------
1     | ['import Mathlib\nimport Aesop']              | 22        
-----------------------------------------------------------------
Top 10 global LRU repl:
-----------------------------------------------------------------
Idx   | Header                                        | ID        
-----------------------------------------------------------------
1     | ['import Mathlib\nimport Aesop']              | cd7a509e  
2     | ['import Mathlib\nimport Aesop']              | 148f037a  
3     | ['import Mathlib\nimport Aesop']              | 3662b5f4  
4     | ['import Mathlib\nimport Aesop']              | 60043e26  
5     | ['import Mathlib\nimport Aesop']              | 462ab6cb  
6     | ['import Mathlib\nimport Aesop']              | 22cc9143  
7     | ['import Mathlib\nimport Aesop']              | 67009468  
8     | ['import Mathlib\nimport Aesop']              | 66e75f58  
9     | ['import Mathlib\nimport Aesop']              | ba124afc  
10    | ['import Mathlib\nimport Aesop']              | 784823e6  
...   | ...                                           | ...       
-----------------------------------------------------------------
      | Total                                         | 22        
      | Idle                                          | 22        
      | Create Queue                                  | 0         
      | Close Queue                                   | 0         
      | Cache Hits                                    | 0         
      | Cache Misses                                  | 0         
      | Cache ratio                                   | 0.00      
      | its                                           | 0.0       
=================================================================
2025-07-17 17:49:58.038 | INFO     | uvicorn.server:shutdown:264 - Shutting down
2025-07-17 17:49:58.140 | INFO     | uvicorn.lifespan.on:shutdown:67 - Waiting for application shutdown.
2025-07-17 17:49:58.142 | INFO     | uvicorn.lifespan.on:shutdown:76 - Application shutdown complete.
2025-07-17 17:49:58.142 | INFO     | uvicorn.server:_serve:94 - Finished server process [6372]
