2025-07-16 20:06:54.118 | INFO     | uvicorn.server:_serve:84 - Started server process [4679]
2025-07-16 20:06:54.118 | INFO     | uvicorn.lifespan.on:startup:48 - Waiting for application startup.
2025-07-16 20:06:54.491 | INFO     | uvicorn.lifespan.on:startup:62 - Application startup complete.
2025-07-16 20:06:54.593 | INFO     | uvicorn.server:_log_started_message:216 - Uvicorn running on http://0.0.0.0:12332 (Press CTRL+C to quit)
2025-07-16 20:06:55.014 | DEBUG    | server.server:process_one_code_with_repl_fast:213 - [lean_workbook_plus_64000] Processing code: {"custom_id": "lean_workbook_plus_64000", "proof_header": "import Mathlib\nimport Aesop", "proof_body": "set_option maxHeartbeats 0\n\nopen BigOperators Real Nat Topology Rat\n\n\ntheorem lean_workbook_plus_64000 (x y : \u211d) (hx : x = 2) : x^y - x = y^2 - y \u2194 2^y - 2 = y^2 - y   := by\n  \n   constructor\n  intro h\n  rw [hx] at h\n  exact h\n  intro h\n  rw [hx]\n  exact h", "timeout": 30}
2025-07-16 20:06:56.486 | INFO     | uvicorn.protocols.http.h11_impl:send:473 - 127.0.0.1:54464 - "GET / HTTP/1.1" 200
2025-07-16 20:06:56.510 | DEBUG    | server.server:process_one_code_with_repl_fast:213 - [1234] Processing code: {"custom_id": "1234", "proof_header": "", "proof_body": "#check Nat", "timeout": 30}
2025-07-16 20:06:58.043 | INFO     | uvicorn.protocols.http.h11_impl:send:473 - 127.0.0.1:54478 - "POST /verify HTTP/1.1" 200
2025-07-16 20:07:05.409 | INFO     | uvicorn.protocols.http.h11_impl:send:473 - 127.0.0.1:54454 - "POST /verify HTTP/1.1" 200
2025-07-16 20:07:06.214 | INFO     | server.server:_repl_creater:41 - Created 22 ['import Mathlib\nimport Aesop'] repls with response [{'env': 0, 'time': 8.764837265014648}, {'env': 0,
2025-07-16 20:07:06.215 | INFO     | utils.repl_cache:evict_if_needed:67 - Succesfully evicted header ['import Mathlib\nimport Aesop with id aa5c7759-7fa2-4fe8-b6f3-c4ecf2175d30
2025-07-16 20:07:07.165 | INFO     | server.server:_repl_cleaner:62 - Closed aa5c7759-7fa2-4fe8-b6f3-c4ecf2175d30 repl
2025-07-16 20:07:09.491 | INFO     | utils.repl_cache:print_status:179 - 

=================================================================
Idx   | Header                                        | Pool Size 
-----------------------------------------------------------------
1     | ['import Mathlib\nimport Aesop']              | 22        
-----------------------------------------------------------------
Top 10 global LRU repl:
-----------------------------------------------------------------
Idx   | Header                                        | ID        
-----------------------------------------------------------------
1     | ['import Mathlib\nimport Aesop']              | bf2c52d2  
2     | ['import Mathlib\nimport Aesop']              | 453e0fec  
3     | ['import Mathlib\nimport Aesop']              | d154eb72  
4     | ['import Mathlib\nimport Aesop']              | 210aa7be  
5     | ['import Mathlib\nimport Aesop']              | b6427c32  
6     | ['import Mathlib\nimport Aesop']              | 54547d29  
7     | ['import Mathlib\nimport Aesop']              | 47bdf26e  
8     | ['import Mathlib\nimport Aesop']              | 745ded3b  
9     | ['import Mathlib\nimport Aesop']              | 92c10bdb  
10    | ['import Mathlib\nimport Aesop']              | 7e3bcc48  
...   | ...                                           | ...       
-----------------------------------------------------------------
      | Total                                         | 22        
      | Idle                                          | 22        
      | Create Queue                                  | 0         
      | Close Queue                                   | 0         
      | Cache Hits                                    | 0         
      | Cache Misses                                  | 1         
      | Cache ratio                                   | 0.00      
      | its                                           | 0.06666666666666667
=================================================================
2025-07-16 20:07:21.820 | INFO     | utils.repl_cache:print_status:179 - 

=================================================================
Idx   | Header                                        | Pool Size 
-----------------------------------------------------------------
1     | ['import Mathlib\nimport Aesop']              | 22        
-----------------------------------------------------------------
Top 10 global LRU repl:
-----------------------------------------------------------------
Idx   | Header                                        | ID        
-----------------------------------------------------------------
1     | ['import Mathlib\nimport Aesop']              | bf2c52d2  
2     | ['import Mathlib\nimport Aesop']              | 453e0fec  
3     | ['import Mathlib\nimport Aesop']              | d154eb72  
4     | ['import Mathlib\nimport Aesop']              | 210aa7be  
5     | ['import Mathlib\nimport Aesop']              | b6427c32  
6     | ['import Mathlib\nimport Aesop']              | 54547d29  
7     | ['import Mathlib\nimport Aesop']              | 47bdf26e  
8     | ['import Mathlib\nimport Aesop']              | 745ded3b  
9     | ['import Mathlib\nimport Aesop']              | 92c10bdb  
10    | ['import Mathlib\nimport Aesop']              | 7e3bcc48  
...   | ...                                           | ...       
-----------------------------------------------------------------
      | Total                                         | 22        
      | Idle                                          | 22        
      | Create Queue                                  | 0         
      | Close Queue                                   | 0         
      | Cache Hits                                    | 0         
      | Cache Misses                                  | 0         
      | Cache ratio                                   | 0.00      
      | its                                           | 0.0       
=================================================================
2025-07-16 20:07:36.822 | INFO     | utils.repl_cache:print_status:179 - 

=================================================================
Idx   | Header                                        | Pool Size 
-----------------------------------------------------------------
1     | ['import Mathlib\nimport Aesop']              | 22        
-----------------------------------------------------------------
Top 10 global LRU repl:
-----------------------------------------------------------------
Idx   | Header                                        | ID        
-----------------------------------------------------------------
1     | ['import Mathlib\nimport Aesop']              | bf2c52d2  
2     | ['import Mathlib\nimport Aesop']              | 453e0fec  
3     | ['import Mathlib\nimport Aesop']              | d154eb72  
4     | ['import Mathlib\nimport Aesop']              | 210aa7be  
5     | ['import Mathlib\nimport Aesop']              | b6427c32  
6     | ['import Mathlib\nimport Aesop']              | 54547d29  
7     | ['import Mathlib\nimport Aesop']              | 47bdf26e  
8     | ['import Mathlib\nimport Aesop']              | 745ded3b  
9     | ['import Mathlib\nimport Aesop']              | 92c10bdb  
10    | ['import Mathlib\nimport Aesop']              | 7e3bcc48  
...   | ...                                           | ...       
-----------------------------------------------------------------
      | Total                                         | 22        
      | Idle                                          | 22        
      | Create Queue                                  | 0         
      | Close Queue                                   | 0         
      | Cache Hits                                    | 0         
      | Cache Misses                                  | 0         
      | Cache ratio                                   | 0.00      
      | its                                           | 0.0       
=================================================================
2025-07-16 20:07:44.546 | INFO     | uvicorn.protocols.http.h11_impl:send:473 - 127.0.0.1:51752 - "GET / HTTP/1.1" 200
2025-07-16 20:07:43.503 | DEBUG    | server.server:process_one_code_with_repl_fast:213 - [lean_workbook_plus_64000] Processing code: {"custom_id": "lean_workbook_plus_64000", "proof_header": "", "proof_body": "'import Mathlib\nimport Aesop\n\nset_option maxHeartbeats 0\n\nopen BigOperators Real Nat Topology Rat\n\n/- With $x = 2$ we want to find all $y$ for which one has $2^y - 2 = y^2 - y$ or equivalently $2^y = y^2 + (2-y).$ -/\ntheorem lean_workbook_plus_64000 (x y : \u211d) (hx : x = 2) : x^y - x = y^2 - y \u2194 2^y - 2 = y^2 - y   := by\n  /-\n  We need to show that for \\( x = 2 \\), the equation \\( 2^y - 2 = y^2 - y \\) holds if and only if \\( x^y - x = y^2 - y \\). Given \\( x = 2 \\), substituting \\( x \\) with 2 in the equation \\( x^y - x = y^2 - y \\) directly yields \\( 2^y - 2 = y^2 - y \\). This equivalence is straightforward due to the substitution of \\( x \\) with 2.\n  -/\n  -- We construct the equivalence by showing that each side implies the other.\n  constructor\n  -- First, assume the left-hand side is true and show it implies the right-hand side.\n  intro h\n  -- Substitute x with 2 in the equation.\n  rw [hx] at h\n  -- The equation simplifies directly to the desired form.\n  exact h\n  -- Now, assume the right-hand side is true and show it implies the left-hand side.\n  intro h\n  -- Substitute x with 2 in the equation.\n  rw [hx]\n  -- The equation simplifies directly to the desired form.\n  exact h\n'", "timeout": 30}
2025-07-16 20:07:43.887 | INFO     | uvicorn.protocols.http.h11_impl:send:473 - 127.0.0.1:51756 - "POST /verify HTTP/1.1" 200
2025-07-16 20:07:49.155 | INFO     | utils.repl_cache:print_status:179 - 

=================================================================
Idx   | Header                                        | Pool Size 
-----------------------------------------------------------------
1     | ['import Mathlib\nimport Aesop']              | 22        
-----------------------------------------------------------------
Top 10 global LRU repl:
-----------------------------------------------------------------
Idx   | Header                                        | ID        
-----------------------------------------------------------------
1     | ['import Mathlib\nimport Aesop']              | bf2c52d2  
2     | ['import Mathlib\nimport Aesop']              | 453e0fec  
3     | ['import Mathlib\nimport Aesop']              | d154eb72  
4     | ['import Mathlib\nimport Aesop']              | 210aa7be  
5     | ['import Mathlib\nimport Aesop']              | b6427c32  
6     | ['import Mathlib\nimport Aesop']              | 54547d29  
7     | ['import Mathlib\nimport Aesop']              | 47bdf26e  
8     | ['import Mathlib\nimport Aesop']              | 745ded3b  
9     | ['import Mathlib\nimport Aesop']              | 92c10bdb  
10    | ['import Mathlib\nimport Aesop']              | 7e3bcc48  
...   | ...                                           | ...       
-----------------------------------------------------------------
      | Total                                         | 22        
      | Idle                                          | 22        
      | Create Queue                                  | 0         
      | Close Queue                                   | 0         
      | Cache Hits                                    | 0         
      | Cache Misses                                  | 0         
      | Cache ratio                                   | 0.00      
      | its                                           | 0.0       
=================================================================
2025-07-16 20:08:04.157 | INFO     | utils.repl_cache:print_status:179 - 

=================================================================
Idx   | Header                                        | Pool Size 
-----------------------------------------------------------------
1     | ['import Mathlib\nimport Aesop']              | 22        
-----------------------------------------------------------------
Top 10 global LRU repl:
-----------------------------------------------------------------
Idx   | Header                                        | ID        
-----------------------------------------------------------------
1     | ['import Mathlib\nimport Aesop']              | bf2c52d2  
2     | ['import Mathlib\nimport Aesop']              | 453e0fec  
3     | ['import Mathlib\nimport Aesop']              | d154eb72  
4     | ['import Mathlib\nimport Aesop']              | 210aa7be  
5     | ['import Mathlib\nimport Aesop']              | b6427c32  
6     | ['import Mathlib\nimport Aesop']              | 54547d29  
7     | ['import Mathlib\nimport Aesop']              | 47bdf26e  
8     | ['import Mathlib\nimport Aesop']              | 745ded3b  
9     | ['import Mathlib\nimport Aesop']              | 92c10bdb  
10    | ['import Mathlib\nimport Aesop']              | 7e3bcc48  
...   | ...                                           | ...       
-----------------------------------------------------------------
      | Total                                         | 22        
      | Idle                                          | 22        
      | Create Queue                                  | 0         
      | Close Queue                                   | 0         
      | Cache Hits                                    | 0         
      | Cache Misses                                  | 0         
      | Cache ratio                                   | 0.00      
      | its                                           | 0.0       
=================================================================
2025-07-16 20:08:10.417 | INFO     | uvicorn.protocols.http.h11_impl:send:473 - 127.0.0.1:44568 - "GET / HTTP/1.1" 200
2025-07-16 20:08:09.796 | DEBUG    | server.server:process_one_code_with_repl_fast:213 - [lean_workbook_plus_64000] Processing code: {"custom_id": "lean_workbook_plus_64000", "proof_header": "import Mathlib\nimport Aesop", "proof_body": "set_option maxHeartbeats 0\n\nopen BigOperators Real Nat Topology Rat\n\n/- With $x = 2$ we want to find all $y$ for which one has $2^y - 2 = y^2 - y$ or equivalently $2^y = y^2 + (2-y).$ -/\ntheorem lean_workbook_plus_64000 (x y : \u211d) (hx : x = 2) : x^y - x = y^2 - y \u2194 2^y - 2 = y^2 - y   := by\n  /-\n  We need to show that for \\( x = 2 \\), the equation \\( 2^y - 2 = y^2 - y \\) holds if and only if \\( x^y - x = y^2 - y \\). Given \\( x = 2 \\), substituting \\( x \\) with 2 in the equation \\( x^y - x = y^2 - y \\) directly yields \\( 2^y - 2 = y^2 - y \\). This equivalence is straightforward due to the substitution of \\( x \\) with 2.\n  -/\n  -- We construct the equivalence by showing that each side implies the other.\n  constructor\n  -- First, assume the left-hand side is true and show it implies the right-hand side.\n  intro h\n  -- Substitute x with 2 in the equation.\n  rw [hx] at h\n  -- The equation simplifies directly to the desired form.\n  exact h\n  -- Now, assume the right-hand side is true and show it implies the left-hand side.\n  intro h\n  -- Substitute x with 2 in the equation.\n  rw [hx]\n  -- The equation simplifies directly to the desired form.\n  exact h", "timeout": 30}
2025-07-16 20:08:09.832 | INFO     | uvicorn.protocols.http.h11_impl:send:473 - 127.0.0.1:44572 - "POST /verify HTTP/1.1" 200
2025-07-16 20:08:16.474 | INFO     | utils.repl_cache:print_status:179 - 

=================================================================
Idx   | Header                                        | Pool Size 
-----------------------------------------------------------------
1     | ['import Mathlib\nimport Aesop']              | 22        
-----------------------------------------------------------------
Top 10 global LRU repl:
-----------------------------------------------------------------
Idx   | Header                                        | ID        
-----------------------------------------------------------------
1     | ['import Mathlib\nimport Aesop']              | bf2c52d2  
2     | ['import Mathlib\nimport Aesop']              | 453e0fec  
3     | ['import Mathlib\nimport Aesop']              | d154eb72  
4     | ['import Mathlib\nimport Aesop']              | 210aa7be  
5     | ['import Mathlib\nimport Aesop']              | b6427c32  
6     | ['import Mathlib\nimport Aesop']              | 54547d29  
7     | ['import Mathlib\nimport Aesop']              | 47bdf26e  
8     | ['import Mathlib\nimport Aesop']              | 745ded3b  
9     | ['import Mathlib\nimport Aesop']              | 92c10bdb  
10    | ['import Mathlib\nimport Aesop']              | 7e3bcc48  
...   | ...                                           | ...       
-----------------------------------------------------------------
      | Total                                         | 22        
      | Idle                                          | 22        
      | Create Queue                                  | 0         
      | Close Queue                                   | 0         
      | Cache Hits                                    | 1         
      | Cache Misses                                  | 0         
      | Cache ratio                                   | 0.50      
      | its                                           | 0.06666666666666667
=================================================================
2025-07-16 20:08:25.561 | INFO     | uvicorn.protocols.http.h11_impl:send:473 - 127.0.0.1:42708 - "GET / HTTP/1.1" 200
2025-07-16 20:08:27.184 | DEBUG    | server.server:process_one_code_with_repl_fast:213 - [lean_workbook_plus_64000] Processing code: {"custom_id": "lean_workbook_plus_64000", "proof_header": "import Mathlib\nimport Aesop", "proof_body": "set_option maxHeartbeats 0\n\nopen BigOperators Real Nat Topology Rat\n\n/- With $x = 2$ we want to find all $y$ for which one has $2^y - 2 = y^2 - y$ or equivalently $2^y = y^2 + (2-y).$ -/\ntheorem lean_workbook_plus_64000 (x y : \u211d) (hx : x = 2) : x^y - x = y^2 - y \u2194 2^y - 2 = y^2 - y   := by\n  /-\n  We need to show that for \\( x = 2 \\), the equation \\( 2^y - 2 = y^2 - y \\) holds if and only if \\( x^y - x = y^2 - y \\). Given \\( x = 2 \\), substituting \\( x \\) with 2 in the equation \\( x^y - x = y^2 - y \\) directly yields \\( 2^y - 2 = y^2 - y \\). This equivalence is straightforward due to the substitution of \\( x \\) with 2.\n  -/\n  -- We construct the equivalence by showing that each side implies the other.\n  constructor\n  -- First, assume the left-hand side is true and show it implies the right-hand side.\n  intro h\n  -- Substitute x with 2 in the equation.\n  rw [hx] at h\n  -- The equation simplifies directly to the desired form.\n  exact h\n  -- Now, assume the right-hand side is true and show it implies the left-hand side.\n  intro h\n  -- Substitute x with 2 in the equation.\n  rw [hx]\n  -- The equation simplifies directly to the desired form.\n  exact h", "timeout": 30}
2025-07-16 20:08:27.218 | INFO     | uvicorn.protocols.http.h11_impl:send:473 - 127.0.0.1:42710 - "POST /verify HTTP/1.1" 200
2025-07-16 20:08:31.476 | INFO     | utils.repl_cache:print_status:179 - 

=================================================================
Idx   | Header                                        | Pool Size 
-----------------------------------------------------------------
1     | ['import Mathlib\nimport Aesop']              | 22        
-----------------------------------------------------------------
Top 10 global LRU repl:
-----------------------------------------------------------------
Idx   | Header                                        | ID        
-----------------------------------------------------------------
1     | ['import Mathlib\nimport Aesop']              | bf2c52d2  
2     | ['import Mathlib\nimport Aesop']              | 453e0fec  
3     | ['import Mathlib\nimport Aesop']              | d154eb72  
4     | ['import Mathlib\nimport Aesop']              | 210aa7be  
5     | ['import Mathlib\nimport Aesop']              | b6427c32  
6     | ['import Mathlib\nimport Aesop']              | 54547d29  
7     | ['import Mathlib\nimport Aesop']              | 47bdf26e  
8     | ['import Mathlib\nimport Aesop']              | 745ded3b  
9     | ['import Mathlib\nimport Aesop']              | 92c10bdb  
10    | ['import Mathlib\nimport Aesop']              | 7e3bcc48  
...   | ...                                           | ...       
-----------------------------------------------------------------
      | Total                                         | 22        
      | Idle                                          | 22        
      | Create Queue                                  | 0         
      | Close Queue                                   | 0         
      | Cache Hits                                    | 1         
      | Cache Misses                                  | 0         
      | Cache ratio                                   | 0.50      
      | its                                           | 0.06666666666666667
=================================================================
2025-07-16 20:08:36.562 | INFO     | uvicorn.protocols.http.h11_impl:send:473 - 127.0.0.1:57232 - "GET / HTTP/1.1" 200
2025-07-16 20:08:38.361 | DEBUG    | server.server:process_one_code_with_repl_fast:213 - [lean_workbook_plus_64000] Processing code: {"custom_id": "lean_workbook_plus_64000", "proof_header": "import Mathlib\nimport Aesop", "proof_body": "set_option maxHeartbeats 0\n\nopen BigOperators Real Nat Topology Rat\n\n/- With $x = 2$ we want to find all $y$ for which one has $2^y - 2 = y^2 - y$ or equivalently $2^y = y^2 + (2-y).$ -/\ntheorem lean_workbook_plus_64000 (x y : \u211d) (hx : x = 2) : x^y - x = y^2 - y \u2194 2^y - 2 = y^2 - y   := by\n  /-\n  We need to show that for \\( x = 2 \\), the equation \\( 2^y - 2 = y^2 - y \\) holds if and only if \\( x^y - x = y^2 - y \\). Given \\( x = 2 \\), substituting \\( x \\) with 2 in the equation \\( x^y - x = y^2 - y \\) directly yields \\( 2^y - 2 = y^2 - y \\). This equivalence is straightforward due to the substitution of \\( x \\) with 2.\n  -/\n  -- We construct the equivalence by showing that each side implies the other.\n  constructor\n  -- First, assume the left-hand side is true and show it implies the right-hand side.\n  intro h\n  -- Substitute x with 2 in the equation.\n  rw [hx] at h\n  -- The equation simplifies directly to the desired form.\n  exact h\n  -- Now, assume the right-hand side is true and show it implies the left-hand side.\n  intro h\n  -- Substitute x with 2 in the equation.\n  rw [hx]\n  -- The equation simplifies directly to the desired form.\n  exact h", "timeout": 30}
2025-07-16 20:08:38.398 | INFO     | uvicorn.protocols.http.h11_impl:send:473 - 127.0.0.1:57246 - "POST /verify HTTP/1.1" 200
2025-07-16 20:08:40.128 | INFO     | uvicorn.protocols.http.h11_impl:send:473 - 127.0.0.1:57248 - "GET / HTTP/1.1" 200
2025-07-16 20:08:41.815 | DEBUG    | server.server:process_one_code_with_repl_fast:213 - [lean_workbook_plus_64000] Processing code: {"custom_id": "lean_workbook_plus_64000", "proof_header": "import Mathlib\nimport Aesop", "proof_body": "set_option maxHeartbeats 0\n\nopen BigOperators Real Nat Topology Rat\n\n/- With $x = 2$ we want to find all $y$ for which one has $2^y - 2 = y^2 - y$ or equivalently $2^y = y^2 + (2-y).$ -/\ntheorem lean_workbook_plus_64000 (x y : \u211d) (hx : x = 2) : x^y - x = y^2 - y \u2194 2^y - 2 = y^2 - y   := by\n  /-\n  We need to show that for \\( x = 2 \\), the equation \\( 2^y - 2 = y^2 - y \\) holds if and only if \\( x^y - x = y^2 - y \\). Given \\( x = 2 \\), substituting \\( x \\) with 2 in the equation \\( x^y - x = y^2 - y \\) directly yields \\( 2^y - 2 = y^2 - y \\). This equivalence is straightforward due to the substitution of \\( x \\) with 2.\n  -/\n  -- We construct the equivalence by showing that each side implies the other.\n  constructor\n  -- First, assume the left-hand side is true and show it implies the right-hand side.\n  intro h\n  -- Substitute x with 2 in the equation.\n  rw [hx] at h\n  -- The equation simplifies directly to the desired form.\n  exact h\n  -- Now, assume the right-hand side is true and show it implies the left-hand side.\n  intro h\n  -- Substitute x with 2 in the equation.\n  rw [hx]\n  -- The equation simplifies directly to the desired form.\n  exact h", "timeout": 30}
2025-07-16 20:08:41.851 | INFO     | uvicorn.protocols.http.h11_impl:send:473 - 127.0.0.1:57262 - "POST /verify HTTP/1.1" 200
2025-07-16 20:08:43.808 | INFO     | utils.repl_cache:print_status:179 - 

=================================================================
Idx   | Header                                        | Pool Size 
-----------------------------------------------------------------
1     | ['import Mathlib\nimport Aesop']              | 22        
-----------------------------------------------------------------
Top 10 global LRU repl:
-----------------------------------------------------------------
Idx   | Header                                        | ID        
-----------------------------------------------------------------
1     | ['import Mathlib\nimport Aesop']              | bf2c52d2  
2     | ['import Mathlib\nimport Aesop']              | 453e0fec  
3     | ['import Mathlib\nimport Aesop']              | d154eb72  
4     | ['import Mathlib\nimport Aesop']              | 210aa7be  
5     | ['import Mathlib\nimport Aesop']              | b6427c32  
6     | ['import Mathlib\nimport Aesop']              | 54547d29  
7     | ['import Mathlib\nimport Aesop']              | 47bdf26e  
8     | ['import Mathlib\nimport Aesop']              | 745ded3b  
9     | ['import Mathlib\nimport Aesop']              | 92c10bdb  
10    | ['import Mathlib\nimport Aesop']              | 7e3bcc48  
...   | ...                                           | ...       
-----------------------------------------------------------------
      | Total                                         | 22        
      | Idle                                          | 22        
      | Create Queue                                  | 0         
      | Close Queue                                   | 0         
      | Cache Hits                                    | 2         
      | Cache Misses                                  | 0         
      | Cache ratio                                   | 0.67      
      | its                                           | 0.13333333333333333
=================================================================
2025-07-16 20:08:44.175 | INFO     | uvicorn.protocols.http.h11_impl:send:473 - 127.0.0.1:36132 - "GET / HTTP/1.1" 200
2025-07-16 20:08:45.715 | DEBUG    | server.server:process_one_code_with_repl_fast:213 - [lean_workbook_plus_64000] Processing code: {"custom_id": "lean_workbook_plus_64000", "proof_header": "import Mathlib\nimport Aesop", "proof_body": "set_option maxHeartbeats 0\n\nopen BigOperators Real Nat Topology Rat\n\n/- With $x = 2$ we want to find all $y$ for which one has $2^y - 2 = y^2 - y$ or equivalently $2^y = y^2 + (2-y).$ -/\ntheorem lean_workbook_plus_64000 (x y : \u211d) (hx : x = 2) : x^y - x = y^2 - y \u2194 2^y - 2 = y^2 - y   := by\n  /-\n  We need to show that for \\( x = 2 \\), the equation \\( 2^y - 2 = y^2 - y \\) holds if and only if \\( x^y - x = y^2 - y \\). Given \\( x = 2 \\), substituting \\( x \\) with 2 in the equation \\( x^y - x = y^2 - y \\) directly yields \\( 2^y - 2 = y^2 - y \\). This equivalence is straightforward due to the substitution of \\( x \\) with 2.\n  -/\n  -- We construct the equivalence by showing that each side implies the other.\n  constructor\n  -- First, assume the left-hand side is true and show it implies the right-hand side.\n  intro h\n  -- Substitute x with 2 in the equation.\n  rw [hx] at h\n  -- The equation simplifies directly to the desired form.\n  exact h\n  -- Now, assume the right-hand side is true and show it implies the left-hand side.\n  intro h\n  -- Substitute x with 2 in the equation.\n  rw [hx]\n  -- The equation simplifies directly to the desired form.\n  exact h", "timeout": 30}
2025-07-16 20:08:45.750 | INFO     | uvicorn.protocols.http.h11_impl:send:473 - 127.0.0.1:36134 - "POST /verify HTTP/1.1" 200
2025-07-16 20:08:58.815 | INFO     | utils.repl_cache:print_status:179 - 

=================================================================
Idx   | Header                                        | Pool Size 
-----------------------------------------------------------------
1     | ['import Mathlib\nimport Aesop']              | 22        
-----------------------------------------------------------------
Top 10 global LRU repl:
-----------------------------------------------------------------
Idx   | Header                                        | ID        
-----------------------------------------------------------------
1     | ['import Mathlib\nimport Aesop']              | bf2c52d2  
2     | ['import Mathlib\nimport Aesop']              | 453e0fec  
3     | ['import Mathlib\nimport Aesop']              | d154eb72  
4     | ['import Mathlib\nimport Aesop']              | 210aa7be  
5     | ['import Mathlib\nimport Aesop']              | b6427c32  
6     | ['import Mathlib\nimport Aesop']              | 54547d29  
7     | ['import Mathlib\nimport Aesop']              | 47bdf26e  
8     | ['import Mathlib\nimport Aesop']              | 745ded3b  
9     | ['import Mathlib\nimport Aesop']              | 92c10bdb  
10    | ['import Mathlib\nimport Aesop']              | 7e3bcc48  
...   | ...                                           | ...       
-----------------------------------------------------------------
      | Total                                         | 22        
      | Idle                                          | 22        
      | Create Queue                                  | 0         
      | Close Queue                                   | 0         
      | Cache Hits                                    | 1         
      | Cache Misses                                  | 0         
      | Cache ratio                                   | 0.50      
      | its                                           | 0.06666666666666667
=================================================================
2025-07-16 20:09:11.093 | INFO     | utils.repl_cache:print_status:179 - 

=================================================================
Idx   | Header                                        | Pool Size 
-----------------------------------------------------------------
1     | ['import Mathlib\nimport Aesop']              | 22        
-----------------------------------------------------------------
Top 10 global LRU repl:
-----------------------------------------------------------------
Idx   | Header                                        | ID        
-----------------------------------------------------------------
1     | ['import Mathlib\nimport Aesop']              | bf2c52d2  
2     | ['import Mathlib\nimport Aesop']              | 453e0fec  
3     | ['import Mathlib\nimport Aesop']              | d154eb72  
4     | ['import Mathlib\nimport Aesop']              | 210aa7be  
5     | ['import Mathlib\nimport Aesop']              | b6427c32  
6     | ['import Mathlib\nimport Aesop']              | 54547d29  
7     | ['import Mathlib\nimport Aesop']              | 47bdf26e  
8     | ['import Mathlib\nimport Aesop']              | 745ded3b  
9     | ['import Mathlib\nimport Aesop']              | 92c10bdb  
10    | ['import Mathlib\nimport Aesop']              | 7e3bcc48  
...   | ...                                           | ...       
-----------------------------------------------------------------
      | Total                                         | 22        
      | Idle                                          | 22        
      | Create Queue                                  | 0         
      | Close Queue                                   | 0         
      | Cache Hits                                    | 0         
      | Cache Misses                                  | 0         
      | Cache ratio                                   | 0.00      
      | its                                           | 0.0       
=================================================================
2025-07-16 20:09:26.100 | INFO     | utils.repl_cache:print_status:179 - 

=================================================================
Idx   | Header                                        | Pool Size 
-----------------------------------------------------------------
1     | ['import Mathlib\nimport Aesop']              | 22        
-----------------------------------------------------------------
Top 10 global LRU repl:
-----------------------------------------------------------------
Idx   | Header                                        | ID        
-----------------------------------------------------------------
1     | ['import Mathlib\nimport Aesop']              | bf2c52d2  
2     | ['import Mathlib\nimport Aesop']              | 453e0fec  
3     | ['import Mathlib\nimport Aesop']              | d154eb72  
4     | ['import Mathlib\nimport Aesop']              | 210aa7be  
5     | ['import Mathlib\nimport Aesop']              | b6427c32  
6     | ['import Mathlib\nimport Aesop']              | 54547d29  
7     | ['import Mathlib\nimport Aesop']              | 47bdf26e  
8     | ['import Mathlib\nimport Aesop']              | 745ded3b  
9     | ['import Mathlib\nimport Aesop']              | 92c10bdb  
10    | ['import Mathlib\nimport Aesop']              | 7e3bcc48  
...   | ...                                           | ...       
-----------------------------------------------------------------
      | Total                                         | 22        
      | Idle                                          | 22        
      | Create Queue                                  | 0         
      | Close Queue                                   | 0         
      | Cache Hits                                    | 0         
      | Cache Misses                                  | 0         
      | Cache ratio                                   | 0.00      
      | its                                           | 0.0       
=================================================================
2025-07-16 20:09:26.308 | INFO     | uvicorn.protocols.http.h11_impl:send:473 - 127.0.0.1:49806 - "GET / HTTP/1.1" 200
2025-07-16 20:09:28.325 | DEBUG    | server.server:process_one_code_with_repl_fast:213 - [lean_workbook_plus_64000] Processing code: {"custom_id": "lean_workbook_plus_64000", "proof_header": "import Mathlib\nimport Aesop", "proof_body": "set_option maxHeartbeats 0\n\nopen BigOperators Real Nat Topology Rat\n\n\ntheorem lean_workbook_plus_64000 (x y : \u211d) (hx : x = 2) : x^y - x = y^2 - y \u2194 2^y - 2 = y^2 - y   := by\n  /-\n  We need to show that for \\( x = 2 \\), the equation \\( 2^y - 2 = y^2 - y \\) holds if and only if \\( x^y - x = y^2 - y \\). Given \\( x = 2 \\), substituting \\( x \\) with 2 in the equation \\( x^y - x = y^2 - y \\) directly yields \\( 2^y - 2 = y^2 - y \\). This equivalence is straightforward due to the substitution of \\( x \\) with 2.\n  -/\n  -- We construct the equivalence by showing that each side implies the other.\n  constructor\n  -- First, assume the left-hand side is true and show it implies the right-hand side.\n  intro h\n  -- Substitute x with 2 in the equation.\n  rw [hx] at h\n  -- The equation simplifies directly to the desired form.\n  exact h\n  -- Now, assume the right-hand side is true and show it implies the left-hand side.\n  intro h\n  -- Substitute x with 2 in the equation.\n  rw [hx]\n  -- The equation simplifies directly to the desired form.\n  exact h", "timeout": 30}
2025-07-16 20:09:28.361 | INFO     | uvicorn.protocols.http.h11_impl:send:473 - 127.0.0.1:49810 - "POST /verify HTTP/1.1" 200
2025-07-16 20:09:38.390 | INFO     | utils.repl_cache:print_status:179 - 

=================================================================
Idx   | Header                                        | Pool Size 
-----------------------------------------------------------------
1     | ['import Mathlib\nimport Aesop']              | 22        
-----------------------------------------------------------------
Top 10 global LRU repl:
-----------------------------------------------------------------
Idx   | Header                                        | ID        
-----------------------------------------------------------------
1     | ['import Mathlib\nimport Aesop']              | bf2c52d2  
2     | ['import Mathlib\nimport Aesop']              | 453e0fec  
3     | ['import Mathlib\nimport Aesop']              | d154eb72  
4     | ['import Mathlib\nimport Aesop']              | 210aa7be  
5     | ['import Mathlib\nimport Aesop']              | b6427c32  
6     | ['import Mathlib\nimport Aesop']              | 54547d29  
7     | ['import Mathlib\nimport Aesop']              | 47bdf26e  
8     | ['import Mathlib\nimport Aesop']              | 745ded3b  
9     | ['import Mathlib\nimport Aesop']              | 92c10bdb  
10    | ['import Mathlib\nimport Aesop']              | 7e3bcc48  
...   | ...                                           | ...       
-----------------------------------------------------------------
      | Total                                         | 22        
      | Idle                                          | 22        
      | Create Queue                                  | 0         
      | Close Queue                                   | 0         
      | Cache Hits                                    | 1         
      | Cache Misses                                  | 0         
      | Cache ratio                                   | 0.50      
      | its                                           | 0.06666666666666667
=================================================================
2025-07-16 20:09:46.681 | INFO     | uvicorn.protocols.http.h11_impl:send:473 - 127.0.0.1:58614 - "GET / HTTP/1.1" 200
2025-07-16 20:09:48.429 | DEBUG    | server.server:process_one_code_with_repl_fast:213 - [lean_workbook_plus_64000] Processing code: {"custom_id": "lean_workbook_plus_64000", "proof_header": "import Mathlib\nimport Aesop", "proof_body": "set_option maxHeartbeats 0\n\nopen BigOperators Real Nat Topology Rat\n\n\ntheorem lean_workbook_plus_64000 (x y : \u211d) (hx : x = 2) : x^y - x = y^2 - y \u2194 2^y - 2 = y^2 - y   := by\n  \n  -- We construct the equivalence by showing that each side implies the other.\n  constructor\n  -- First, assume the left-hand side is true and show it implies the right-hand side.\n  intro h\n  -- Substitute x with 2 in the equation.\n  rw [hx] at h\n  -- The equation simplifies directly to the desired form.\n  exact h\n  -- Now, assume the right-hand side is true and show it implies the left-hand side.\n  intro h\n  -- Substitute x with 2 in the equation.\n  rw [hx]\n  -- The equation simplifies directly to the desired form.\n  exact h", "timeout": 30}
2025-07-16 20:09:48.460 | INFO     | uvicorn.protocols.http.h11_impl:send:473 - 127.0.0.1:51564 - "POST /verify HTTP/1.1" 200
2025-07-16 20:09:53.391 | INFO     | utils.repl_cache:print_status:179 - 

=================================================================
Idx   | Header                                        | Pool Size 
-----------------------------------------------------------------
1     | ['import Mathlib\nimport Aesop']              | 22        
-----------------------------------------------------------------
Top 10 global LRU repl:
-----------------------------------------------------------------
Idx   | Header                                        | ID        
-----------------------------------------------------------------
1     | ['import Mathlib\nimport Aesop']              | bf2c52d2  
2     | ['import Mathlib\nimport Aesop']              | 453e0fec  
3     | ['import Mathlib\nimport Aesop']              | d154eb72  
4     | ['import Mathlib\nimport Aesop']              | 210aa7be  
5     | ['import Mathlib\nimport Aesop']              | b6427c32  
6     | ['import Mathlib\nimport Aesop']              | 54547d29  
7     | ['import Mathlib\nimport Aesop']              | 47bdf26e  
8     | ['import Mathlib\nimport Aesop']              | 745ded3b  
9     | ['import Mathlib\nimport Aesop']              | 92c10bdb  
10    | ['import Mathlib\nimport Aesop']              | 7e3bcc48  
...   | ...                                           | ...       
-----------------------------------------------------------------
      | Total                                         | 22        
      | Idle                                          | 22        
      | Create Queue                                  | 0         
      | Close Queue                                   | 0         
      | Cache Hits                                    | 1         
      | Cache Misses                                  | 0         
      | Cache ratio                                   | 0.50      
      | its                                           | 0.06666666666666667
=================================================================
2025-07-16 20:09:58.228 | INFO     | uvicorn.protocols.http.h11_impl:send:473 - 127.0.0.1:60964 - "GET / HTTP/1.1" 200
2025-07-16 20:09:59.953 | DEBUG    | server.server:process_one_code_with_repl_fast:213 - [lean_workbook_plus_64000] Processing code: {"custom_id": "lean_workbook_plus_64000", "proof_header": "import Mathlib\nimport Aesop", "proof_body": "set_option maxHeartbeats 0\n\nopen BigOperators Real Nat Topology Rat\n\n\ntheorem lean_workbook_plus_64000 (x y : \u211d) (hx : x = 2) : x^y - x = y^2 - y \u2194 2^y - 2 = y^2 - y   := by\n  \n    -- First, assume the left-hand side is true and show it implies the right-hand side.\n  intro h\n  -- Substitute x with 2 in the equation.\n  rw [hx] at h\n  -- The equation simplifies directly to the desired form.\n  exact h\n  -- Now, assume the right-hand side is true and show it implies the left-hand side.\n  intro h\n  -- Substitute x with 2 in the equation.\n  rw [hx]\n  -- The equation simplifies directly to the desired form.\n  exact h", "timeout": 30}
2025-07-16 20:09:59.982 | INFO     | uvicorn.protocols.http.h11_impl:send:473 - 127.0.0.1:60976 - "POST /verify HTTP/1.1" 200
2025-07-16 20:10:05.712 | INFO     | utils.repl_cache:print_status:179 - 

=================================================================
Idx   | Header                                        | Pool Size 
-----------------------------------------------------------------
1     | ['import Mathlib\nimport Aesop']              | 22        
-----------------------------------------------------------------
Top 10 global LRU repl:
-----------------------------------------------------------------
Idx   | Header                                        | ID        
-----------------------------------------------------------------
1     | ['import Mathlib\nimport Aesop']              | bf2c52d2  
2     | ['import Mathlib\nimport Aesop']              | 453e0fec  
3     | ['import Mathlib\nimport Aesop']              | d154eb72  
4     | ['import Mathlib\nimport Aesop']              | 210aa7be  
5     | ['import Mathlib\nimport Aesop']              | b6427c32  
6     | ['import Mathlib\nimport Aesop']              | 54547d29  
7     | ['import Mathlib\nimport Aesop']              | 47bdf26e  
8     | ['import Mathlib\nimport Aesop']              | 745ded3b  
9     | ['import Mathlib\nimport Aesop']              | 92c10bdb  
10    | ['import Mathlib\nimport Aesop']              | 7e3bcc48  
...   | ...                                           | ...       
-----------------------------------------------------------------
      | Total                                         | 22        
      | Idle                                          | 22        
      | Create Queue                                  | 0         
      | Close Queue                                   | 0         
      | Cache Hits                                    | 1         
      | Cache Misses                                  | 0         
      | Cache ratio                                   | 0.50      
      | its                                           | 0.06666666666666667
=================================================================
2025-07-16 20:10:17.394 | INFO     | uvicorn.protocols.http.h11_impl:send:473 - 127.0.0.1:33680 - "GET / HTTP/1.1" 200
2025-07-16 20:10:19.301 | DEBUG    | server.server:process_one_code_with_repl_fast:213 - [lean_workbook_plus_64000] Processing code: {"custom_id": "lean_workbook_plus_64000", "proof_header": "import Mathlib\nimport Aesop", "proof_body": "set_option maxHeartbeats 0\n\nopen BigOperators Real Nat Topology Rat\n\n\ntheorem lean_workbook_plus_64000 (x y : \u211d) (hx : x = 2) : x^y - x = y^2 - y \u2194 2^y - 2 = y^2 - y   := by\n  \n  -- We construct the equivalence by showing that each side implies the other.\n  constructor\n  -- First, assume the left-hand side is true and show it implies the right-hand side.\n  intro h\n  -- Substitute x with 2 in the equation.\n  rw [hx] at h\n  -- The equation simplifies directly to the desired form.\n  exact h\n  -- Now, assume the right-hand side is true and show it implies the left-hand side.\n  intro h\n  -- Substitute x with 2 in the equation.\n  rw [hx]\n  -- The equation simplifies directly to the desired form.\n  exact h", "timeout": 30}
2025-07-16 20:10:19.340 | DEBUG    | server.leanrepl:exceeds_memory_limit:212 - REPL pid 4730 using 4.03GB
2025-07-16 20:10:19.340 | WARNING  | server.server:process_one_code_with_repl_fast:288 - REPL exceeds memory limit after execution, destroying it. last verified proof: {"custom_id": "lean_workbook_plus_64000", "proof_header": "import Mathlib\nimport Aesop", "proof_body": "set_option maxHeartbeats 0\n\nopen BigOperators Real Nat Topology Rat\n\n\ntheorem lean_workbook_plus_64000 (x y : \u211d) (hx : x = 2) : x^y - x = y^2 - y \u2194 2^y - 2 = y^2 - y   := by\n  \n  -- We construct the equivalence by showing that each side implies the other.\n  constructor\n  -- First, assume the left-hand side is true and show it implies the right-hand side.\n  intro h\n  -- Substitute x with 2 in the equation.\n  rw [hx] at h\n  -- The equation simplifies directly to the desired form.\n  exact h\n  -- Now, assume the right-hand side is true and show it implies the left-hand side.\n  intro h\n  -- Substitute x with 2 in the equation.\n  rw [hx]\n  -- The equation simplifies directly to the desired form.\n  exact h", "timeout": 30}
2025-07-16 20:10:19.340 | WARNING  | server.server:process_one_code_with_repl_fast:295 - Removing repl from cache: bf2c52d2-bd5f-4f64-b5fd-211bc79af9dd
2025-07-16 20:10:19.341 | INFO     | utils.repl_cache:destroy:79 - Destroying header ['import Mathlib\nimport Aesop with id bf2c52d2-bd5f-4f64-b5fd-211bc79af9dd
2025-07-16 20:10:19.341 | INFO     | uvicorn.protocols.http.h11_impl:send:473 - 127.0.0.1:33692 - "POST /verify HTTP/1.1" 200
2025-07-16 20:10:20.082 | INFO     | server.server:_repl_cleaner:62 - Closed bf2c52d2-bd5f-4f64-b5fd-211bc79af9dd repl
2025-07-16 20:10:20.715 | INFO     | utils.repl_cache:print_status:179 - 

=================================================================
Idx   | Header                                        | Pool Size 
-----------------------------------------------------------------
1     | ['import Mathlib\nimport Aesop']              | 21        
-----------------------------------------------------------------
Top 10 global LRU repl:
-----------------------------------------------------------------
Idx   | Header                                        | ID        
-----------------------------------------------------------------
1     | ['import Mathlib\nimport Aesop']              | 453e0fec  
2     | ['import Mathlib\nimport Aesop']              | d154eb72  
3     | ['import Mathlib\nimport Aesop']              | 210aa7be  
4     | ['import Mathlib\nimport Aesop']              | b6427c32  
5     | ['import Mathlib\nimport Aesop']              | 54547d29  
6     | ['import Mathlib\nimport Aesop']              | 47bdf26e  
7     | ['import Mathlib\nimport Aesop']              | 745ded3b  
8     | ['import Mathlib\nimport Aesop']              | 92c10bdb  
9     | ['import Mathlib\nimport Aesop']              | 7e3bcc48  
10    | ['import Mathlib\nimport Aesop']              | c5bd7436  
...   | ...                                           | ...       
-----------------------------------------------------------------
      | Total                                         | 21        
      | Idle                                          | 21        
      | Create Queue                                  | 0         
      | Close Queue                                   | 0         
      | Cache Hits                                    | 1         
      | Cache Misses                                  | 0         
      | Cache ratio                                   | 0.50      
      | its                                           | 0.06666666666666667
=================================================================
2025-07-16 20:10:33.040 | INFO     | utils.repl_cache:print_status:179 - 

=================================================================
Idx   | Header                                        | Pool Size 
-----------------------------------------------------------------
1     | ['import Mathlib\nimport Aesop']              | 21        
-----------------------------------------------------------------
Top 10 global LRU repl:
-----------------------------------------------------------------
Idx   | Header                                        | ID        
-----------------------------------------------------------------
1     | ['import Mathlib\nimport Aesop']              | 453e0fec  
2     | ['import Mathlib\nimport Aesop']              | d154eb72  
3     | ['import Mathlib\nimport Aesop']              | 210aa7be  
4     | ['import Mathlib\nimport Aesop']              | b6427c32  
5     | ['import Mathlib\nimport Aesop']              | 54547d29  
6     | ['import Mathlib\nimport Aesop']              | 47bdf26e  
7     | ['import Mathlib\nimport Aesop']              | 745ded3b  
8     | ['import Mathlib\nimport Aesop']              | 92c10bdb  
9     | ['import Mathlib\nimport Aesop']              | 7e3bcc48  
10    | ['import Mathlib\nimport Aesop']              | c5bd7436  
...   | ...                                           | ...       
-----------------------------------------------------------------
      | Total                                         | 21        
      | Idle                                          | 21        
      | Create Queue                                  | 0         
      | Close Queue                                   | 0         
      | Cache Hits                                    | 0         
      | Cache Misses                                  | 0         
      | Cache ratio                                   | 0.00      
      | its                                           | 0.0       
=================================================================
2025-07-16 20:10:48.047 | INFO     | utils.repl_cache:print_status:179 - 

=================================================================
Idx   | Header                                        | Pool Size 
-----------------------------------------------------------------
1     | ['import Mathlib\nimport Aesop']              | 21        
-----------------------------------------------------------------
Top 10 global LRU repl:
-----------------------------------------------------------------
Idx   | Header                                        | ID        
-----------------------------------------------------------------
1     | ['import Mathlib\nimport Aesop']              | 453e0fec  
2     | ['import Mathlib\nimport Aesop']              | d154eb72  
3     | ['import Mathlib\nimport Aesop']              | 210aa7be  
4     | ['import Mathlib\nimport Aesop']              | b6427c32  
5     | ['import Mathlib\nimport Aesop']              | 54547d29  
6     | ['import Mathlib\nimport Aesop']              | 47bdf26e  
7     | ['import Mathlib\nimport Aesop']              | 745ded3b  
8     | ['import Mathlib\nimport Aesop']              | 92c10bdb  
9     | ['import Mathlib\nimport Aesop']              | 7e3bcc48  
10    | ['import Mathlib\nimport Aesop']              | c5bd7436  
...   | ...                                           | ...       
-----------------------------------------------------------------
      | Total                                         | 21        
      | Idle                                          | 21        
      | Create Queue                                  | 0         
      | Close Queue                                   | 0         
      | Cache Hits                                    | 0         
      | Cache Misses                                  | 0         
      | Cache ratio                                   | 0.00      
      | its                                           | 0.0       
=================================================================
2025-07-16 20:10:53.336 | INFO     | uvicorn.protocols.http.h11_impl:send:473 - 127.0.0.1:36190 - "GET / HTTP/1.1" 200
2025-07-16 20:10:55.191 | DEBUG    | server.server:process_one_code_with_repl_fast:213 - [lean_workbook_plus_64000] Processing code: {"custom_id": "lean_workbook_plus_64000", "proof_header": "import Mathlib\nimport Aesop", "proof_body": "set_option maxHeartbeats 0\n\nopen BigOperators Real Nat Topology Rat\n\n\ntheorem lean_workbook_plus_64000 (x y : \u211d) (hx : x = 2) : x^y - x = y^2 - y \u2194 2^y - 2 = y^2 - y   := by\n  \n  constructor\n  -- First, assume the left-hand side is true and show it implies the right-hand side.\n  intro h\n  -- Substitute x with 2 in the equation.\n  rw [hx] at h\n  -- The equation simplifies directly to the desired form.\n  exact h\n  -- Now, assume the right-hand side is true and show it implies the left-hand side.\n  intro h\n  -- Substitute x with 2 in the equation.\n  rw [hx]\n  -- The equation simplifies directly to the desired form.\n  exact h", "timeout": 30}
2025-07-16 20:10:55.227 | INFO     | uvicorn.protocols.http.h11_impl:send:473 - 127.0.0.1:36192 - "POST /verify HTTP/1.1" 200
2025-07-16 20:11:00.373 | INFO     | utils.repl_cache:print_status:179 - 

=================================================================
Idx   | Header                                        | Pool Size 
-----------------------------------------------------------------
1     | ['import Mathlib\nimport Aesop']              | 21        
-----------------------------------------------------------------
Top 10 global LRU repl:
-----------------------------------------------------------------
Idx   | Header                                        | ID        
-----------------------------------------------------------------
1     | ['import Mathlib\nimport Aesop']              | 453e0fec  
2     | ['import Mathlib\nimport Aesop']              | d154eb72  
3     | ['import Mathlib\nimport Aesop']              | 210aa7be  
4     | ['import Mathlib\nimport Aesop']              | b6427c32  
5     | ['import Mathlib\nimport Aesop']              | 54547d29  
6     | ['import Mathlib\nimport Aesop']              | 47bdf26e  
7     | ['import Mathlib\nimport Aesop']              | 745ded3b  
8     | ['import Mathlib\nimport Aesop']              | 92c10bdb  
9     | ['import Mathlib\nimport Aesop']              | 7e3bcc48  
10    | ['import Mathlib\nimport Aesop']              | c5bd7436  
...   | ...                                           | ...       
-----------------------------------------------------------------
      | Total                                         | 21        
      | Idle                                          | 21        
      | Create Queue                                  | 0         
      | Close Queue                                   | 0         
      | Cache Hits                                    | 1         
      | Cache Misses                                  | 0         
      | Cache ratio                                   | 0.50      
      | its                                           | 0.06666666666666667
=================================================================
2025-07-16 20:11:06.868 | INFO     | uvicorn.protocols.http.h11_impl:send:473 - 127.0.0.1:54846 - "GET / HTTP/1.1" 200
2025-07-16 20:11:08.503 | DEBUG    | server.server:process_one_code_with_repl_fast:213 - [lean_workbook_plus_64000] Processing code: {"custom_id": "lean_workbook_plus_64000", "proof_header": "import Mathlib\nimport Aesop", "proof_body": "set_option maxHeartbeats 0\n\nopen BigOperators Real Nat Topology Rat\n\n\ntheorem lean_workbook_plus_64000 (x y : \u211d) (hx : x = 2) : x^y - x = y^2 - y \u2194 2^y - 2 = y^2 - y   := by\n  \n    constructor\n  -- First, assume the left-hand side is true and show it implies the right-hand side.\n  intro h\n  -- Substitute x with 2 in the equation.\n  rw [hx] at h\n  -- The equation simplifies directly to the desired form.\n  exact h\n  -- Now, assume the right-hand side is true and show it implies the left-hand side.\n  intro h\n  -- Substitute x with 2 in the equation.\n  rw [hx]\n  -- The equation simplifies directly to the desired form.\n  exact h", "timeout": 30}
2025-07-16 20:11:08.535 | INFO     | uvicorn.protocols.http.h11_impl:send:473 - 127.0.0.1:54852 - "POST /verify HTTP/1.1" 200
2025-07-16 20:11:15.376 | INFO     | utils.repl_cache:print_status:179 - 

=================================================================
Idx   | Header                                        | Pool Size 
-----------------------------------------------------------------
1     | ['import Mathlib\nimport Aesop']              | 21        
-----------------------------------------------------------------
Top 10 global LRU repl:
-----------------------------------------------------------------
Idx   | Header                                        | ID        
-----------------------------------------------------------------
1     | ['import Mathlib\nimport Aesop']              | 453e0fec  
2     | ['import Mathlib\nimport Aesop']              | d154eb72  
3     | ['import Mathlib\nimport Aesop']              | 210aa7be  
4     | ['import Mathlib\nimport Aesop']              | b6427c32  
5     | ['import Mathlib\nimport Aesop']              | 54547d29  
6     | ['import Mathlib\nimport Aesop']              | 47bdf26e  
7     | ['import Mathlib\nimport Aesop']              | 745ded3b  
8     | ['import Mathlib\nimport Aesop']              | 92c10bdb  
9     | ['import Mathlib\nimport Aesop']              | 7e3bcc48  
10    | ['import Mathlib\nimport Aesop']              | c5bd7436  
...   | ...                                           | ...       
-----------------------------------------------------------------
      | Total                                         | 21        
      | Idle                                          | 21        
      | Create Queue                                  | 0         
      | Close Queue                                   | 0         
      | Cache Hits                                    | 1         
      | Cache Misses                                  | 0         
      | Cache ratio                                   | 0.50      
      | its                                           | 0.06666666666666667
=================================================================
2025-07-16 20:11:37.758 | INFO     | uvicorn.server:shutdown:264 - Shutting down
2025-07-16 20:11:37.759 | INFO     | uvicorn.protocols.http.h11_impl:send:473 - 127.0.0.1:58924 - "GET / HTTP/1.1" 200
2025-07-16 20:11:37.863 | INFO     | uvicorn.server:_serve:94 - Finished server process [4679]
