2025-07-16 03:42:37.121 | INFO     | uvicorn.server:_serve:84 - Started server process [65]
2025-07-16 03:42:37.122 | INFO     | uvicorn.lifespan.on:startup:48 - Waiting for application startup.
2025-07-16 03:42:37.137 | INFO     | uvicorn.lifespan.on:startup:62 - Application startup complete.
2025-07-16 03:42:37.138 | INFO     | uvicorn.server:_log_started_message:216 - Uvicorn running on http://0.0.0.0:12332 (Press CTRL+C to quit)
2025-07-16 03:42:52.139 | INFO     | utils.repl_cache:print_status:179 - 

=================================================================
Idx   | Header                                        | Pool Size 
-----------------------------------------------------------------
-----------------------------------------------------------------
Top 10 global LRU repl:
-----------------------------------------------------------------
Idx   | Header                                        | ID        
-----------------------------------------------------------------
-----------------------------------------------------------------
      | Total                                         | 0         
      | Idle                                          | 0         
      | Create Queue                                  | 0         
      | Close Queue                                   | 0         
      | Cache Hits                                    | 0         
      | Cache Misses                                  | 0         
      | Cache ratio                                   | 0.00      
      | its                                           | 0.0       
=================================================================
2025-07-16 03:43:05.601 | INFO     | utils.repl_cache:print_status:179 - 

=================================================================
Idx   | Header                                        | Pool Size 
-----------------------------------------------------------------
-----------------------------------------------------------------
Top 10 global LRU repl:
-----------------------------------------------------------------
Idx   | Header                                        | ID        
-----------------------------------------------------------------
-----------------------------------------------------------------
      | Total                                         | 0         
      | Idle                                          | 0         
      | Create Queue                                  | 0         
      | Close Queue                                   | 0         
      | Cache Hits                                    | 0         
      | Cache Misses                                  | 0         
      | Cache ratio                                   | 0.00      
      | its                                           | 0.0       
=================================================================
2025-07-16 03:43:06.233 | INFO     | uvicorn.server:shutdown:264 - Shutting down
2025-07-16 03:43:06.340 | INFO     | uvicorn.lifespan.on:shutdown:67 - Waiting for application shutdown.
2025-07-16 03:43:06.345 | ERROR    | uvicorn.lifespan.on:send:134 - Traceback (most recent call last):
  File "/usr/local/lib/python3.11/site-packages/starlette/routing.py", line 694, in lifespan
    async with self.lifespan_context(app) as maybe_state:
  File "/usr/local/lib/python3.11/contextlib.py", line 217, in __aexit__
    await anext(self.gen)
  File "/usr/local/lib/python3.11/site-packages/fastapi/routing.py", line 134, in merged_lifespan
    async with original_context(app) as maybe_original_state:
  File "/usr/local/lib/python3.11/contextlib.py", line 217, in __aexit__
    await anext(self.gen)
  File "/app/lean-server/kimina-lean-server/server/server.py", line 99, in lifespan
    await task
  File "/app/lean-server/kimina-lean-server/server/server.py", line 36, in _repl_creater
    repl = LeanREPL()
           ^^^^^^^^^^
  File "/app/lean-server/kimina-lean-server/server/leanrepl.py", line 35, in __init__
    self.start_process()
  File "/app/lean-server/kimina-lean-server/server/leanrepl.py", line 150, in start_process
    self.process = subprocess.Popen(
                   ^^^^^^^^^^^^^^^^^
  File "/usr/local/lib/python3.11/subprocess.py", line 1026, in __init__
    self._execute_child(args, executable, preexec_fn, close_fds,
  File "/usr/local/lib/python3.11/subprocess.py", line 1955, in _execute_child
    raise child_exception_type(errno_num, err_msg, err_filename)
FileNotFoundError: [Errno 2] No such file or directory: 'lake'

2025-07-16 03:43:06.345 | ERROR    | uvicorn.lifespan.on:shutdown:73 - Application shutdown failed. Exiting.
2025-07-16 03:43:06.346 | INFO     | uvicorn.server:_serve:94 - Finished server process [65]
