2025-07-15 20:21:32.249 | INFO     | uvicorn.server:_serve:84 - Started server process [37230]
2025-07-15 20:21:32.249 | INFO     | uvicorn.lifespan.on:startup:48 - Waiting for application startup.
2025-07-15 20:21:32.516 | INFO     | uvicorn.lifespan.on:startup:62 - Application startup complete.
2025-07-15 20:21:32.633 | INFO     | uvicorn.server:_log_started_message:216 - Uvicorn running on http://0.0.0.0:12332 (Press CTRL+C to quit)
2025-07-15 20:21:33.432 | INFO     | uvicorn.protocols.http.h11_impl:send:473 - 127.0.0.1:44830 - "GET / HTTP/1.1" 200
2025-07-15 20:21:47.521 | INFO     | utils.repl_cache:print_status:179 - 

=================================================================
Idx   | Header                                        | Pool Size 
-----------------------------------------------------------------
-----------------------------------------------------------------
Top 10 global LRU repl:
-----------------------------------------------------------------
Idx   | Header                                        | ID        
-----------------------------------------------------------------
-----------------------------------------------------------------
      | Total                                         | 0         
      | Idle                                          | 0         
      | Create Queue                                  | 0         
      | Close Queue                                   | 0         
      | Cache Hits                                    | 0         
      | Cache Misses                                  | 0         
      | Cache ratio                                   | 0.00      
      | its                                           | 0.0       
=================================================================
2025-07-15 20:21:49.270 | INFO     | server.server:_repl_creater:41 - Created 22 ['import Mathlib\nimport Aesop'] repls with response [{'env': 0, 'time': 15.545026302337646}, {'env': 0
2025-07-15 20:22:01.621 | INFO     | uvicorn.server:shutdown:264 - Shutting down
2025-07-15 20:22:01.366 | INFO     | uvicorn.lifespan.on:shutdown:67 - Waiting for application shutdown.
2025-07-15 20:22:01.371 | INFO     | uvicorn.lifespan.on:shutdown:76 - Application shutdown complete.
2025-07-15 20:22:01.372 | INFO     | uvicorn.server:_serve:94 - Finished server process [37230]
