2025-07-16 11:04:38.060 | INFO     | uvicorn.server:_serve:84 - Started server process [15534]
2025-07-16 11:04:38.060 | INFO     | uvicorn.lifespan.on:startup:48 - Waiting for application startup.
2025-07-16 11:04:38.250 | INFO     | uvicorn.lifespan.on:startup:62 - Application startup complete.
2025-07-16 11:04:38.339 | ERROR    | uvicorn.server:startup:172 - [Errno 98] error while attempting to bind on address ('0.0.0.0', 12332): address already in use
2025-07-16 11:04:38.339 | INFO     | uvicorn.lifespan.on:shutdown:67 - Waiting for application shutdown.
2025-07-16 11:04:38.461 | ERROR    | server.leanrepl:_send_command:80 - Error decoding JSON:
2025-07-16 11:04:38.464 | ERROR    | server.leanrepl:_send_command:81 - Response received:
2025-07-16 11:04:38.465 | ERROR    | server.leanrepl:_send_command:93 - Error from stderr: %s
2025-07-16 11:04:38.487 | ERROR    | server.leanrepl:_send_command:80 - Error decoding JSON:
2025-07-16 11:04:38.487 | ERROR    | server.leanrepl:_send_command:81 - Response received:
2025-07-16 11:04:38.488 | ERROR    | server.leanrepl:_send_command:93 - Error from stderr: %s
2025-07-16 11:04:38.489 | ERROR    | server.leanrepl:_send_command:80 - Error decoding JSON:
2025-07-16 11:04:38.489 | ERROR    | server.leanrepl:_send_command:81 - Response received:
2025-07-16 11:04:38.489 | ERROR    | server.leanrepl:_send_command:93 - Error from stderr: %s
2025-07-16 11:04:38.492 | ERROR    | server.leanrepl:_send_command:80 - Error decoding JSON:
2025-07-16 11:04:38.492 | ERROR    | server.leanrepl:_send_command:81 - Response received:
2025-07-16 11:04:38.492 | ERROR    | server.leanrepl:_send_command:93 - Error from stderr: %s
2025-07-16 11:04:38.525 | ERROR    | server.leanrepl:_send_command:80 - Error decoding JSON:
2025-07-16 11:04:38.525 | ERROR    | server.leanrepl:_send_command:81 - Response received:
2025-07-16 11:04:38.526 | ERROR    | server.leanrepl:_send_command:93 - Error from stderr: %s
2025-07-16 11:04:38.577 | ERROR    | server.leanrepl:_send_command:80 - Error decoding JSON:
2025-07-16 11:04:38.577 | ERROR    | server.leanrepl:_send_command:80 - Error decoding JSON:
2025-07-16 11:04:38.578 | ERROR    | server.leanrepl:_send_command:81 - Response received:
2025-07-16 11:04:38.579 | ERROR    | server.leanrepl:_send_command:81 - Response received:
2025-07-16 11:04:38.579 | ERROR    | server.leanrepl:_send_command:93 - Error from stderr: %s
2025-07-16 11:04:38.580 | ERROR    | server.leanrepl:_send_command:93 - Error from stderr: %s
2025-07-16 11:04:38.583 | ERROR    | server.leanrepl:_send_command:80 - Error decoding JSON:
2025-07-16 11:04:38.583 | ERROR    | server.leanrepl:_send_command:81 - Response received:
2025-07-16 11:04:38.583 | ERROR    | server.leanrepl:_send_command:93 - Error from stderr: %s
2025-07-16 11:04:38.599 | ERROR    | server.leanrepl:_send_command:80 - Error decoding JSON:
2025-07-16 11:04:38.600 | ERROR    | server.leanrepl:_send_command:81 - Response received:
2025-07-16 11:04:38.600 | ERROR    | server.leanrepl:_send_command:93 - Error from stderr: %s
2025-07-16 11:04:38.605 | ERROR    | server.leanrepl:_send_command:80 - Error decoding JSON:
2025-07-16 11:04:38.606 | ERROR    | server.leanrepl:_send_command:80 - Error decoding JSON:
2025-07-16 11:04:38.607 | ERROR    | server.leanrepl:_send_command:81 - Response received:
2025-07-16 11:04:38.607 | ERROR    | server.leanrepl:_send_command:80 - Error decoding JSON:
2025-07-16 11:04:38.607 | ERROR    | server.leanrepl:_send_command:81 - Response received:
2025-07-16 11:04:38.608 | ERROR    | server.leanrepl:_send_command:81 - Response received:
2025-07-16 11:04:38.608 | ERROR    | server.leanrepl:_send_command:93 - Error from stderr: %s
2025-07-16 11:04:38.609 | ERROR    | server.leanrepl:_send_command:93 - Error from stderr: %s
2025-07-16 11:04:38.609 | ERROR    | server.leanrepl:_send_command:93 - Error from stderr: %s
2025-07-16 11:04:38.616 | ERROR    | server.leanrepl:_send_command:80 - Error decoding JSON:
2025-07-16 11:04:38.616 | ERROR    | server.leanrepl:_send_command:81 - Response received:
2025-07-16 11:04:38.617 | ERROR    | server.leanrepl:_send_command:93 - Error from stderr: %s
2025-07-16 11:04:38.622 | ERROR    | server.leanrepl:_send_command:80 - Error decoding JSON:
2025-07-16 11:04:38.622 | ERROR    | server.leanrepl:_send_command:81 - Response received:
2025-07-16 11:04:38.622 | ERROR    | server.leanrepl:_send_command:93 - Error from stderr: %s
2025-07-16 11:04:38.627 | ERROR    | server.leanrepl:_send_command:80 - Error decoding JSON:
2025-07-16 11:04:38.627 | ERROR    | server.leanrepl:_send_command:81 - Response received:
2025-07-16 11:04:38.627 | ERROR    | server.leanrepl:_send_command:93 - Error from stderr: %s
2025-07-16 11:04:38.635 | ERROR    | server.leanrepl:_send_command:80 - Error decoding JSON:
2025-07-16 11:04:38.635 | ERROR    | server.leanrepl:_send_command:81 - Response received:
2025-07-16 11:04:38.636 | ERROR    | server.leanrepl:_send_command:93 - Error from stderr: %s
2025-07-16 11:04:38.652 | ERROR    | server.leanrepl:_send_command:80 - Error decoding JSON:
2025-07-16 11:04:38.653 | ERROR    | server.leanrepl:_send_command:81 - Response received:
2025-07-16 11:04:38.653 | ERROR    | server.leanrepl:_send_command:93 - Error from stderr: %s
2025-07-16 11:04:38.665 | ERROR    | server.leanrepl:_send_command:80 - Error decoding JSON:
2025-07-16 11:04:38.666 | ERROR    | server.leanrepl:_send_command:81 - Response received:
2025-07-16 11:04:38.666 | ERROR    | server.leanrepl:_send_command:93 - Error from stderr: %s
2025-07-16 11:04:38.666 | ERROR    | server.leanrepl:_send_command:80 - Error decoding JSON:
2025-07-16 11:04:38.666 | ERROR    | server.leanrepl:_send_command:81 - Response received:
2025-07-16 11:04:38.666 | ERROR    | server.leanrepl:_send_command:80 - Error decoding JSON:
2025-07-16 11:04:38.667 | ERROR    | server.leanrepl:_send_command:93 - Error from stderr: %s
2025-07-16 11:04:38.667 | ERROR    | server.leanrepl:_send_command:81 - Response received:
2025-07-16 11:04:38.667 | ERROR    | server.leanrepl:_send_command:93 - Error from stderr: %s
2025-07-16 11:04:38.707 | ERROR    | server.leanrepl:_send_command:80 - Error decoding JSON:
2025-07-16 11:04:38.707 | ERROR    | server.leanrepl:_send_command:81 - Response received:
2025-07-16 11:04:38.707 | ERROR    | server.leanrepl:_send_command:93 - Error from stderr: %s
2025-07-16 11:04:38.776 | ERROR    | server.leanrepl:_send_command:80 - Error decoding JSON:
2025-07-16 11:04:38.776 | ERROR    | server.leanrepl:_send_command:81 - Response received:
2025-07-16 11:04:38.776 | ERROR    | server.leanrepl:_send_command:93 - Error from stderr: %s
2025-07-16 11:04:38.776 | INFO     | uvicorn.lifespan.on:shutdown:76 - Application shutdown complete.
