2025-07-17 02:51:40.572 | INFO     | uvicorn.server:_serve:84 - Started server process [1720]
2025-07-17 02:51:40.573 | INFO     | uvicorn.lifespan.on:startup:48 - Waiting for application startup.
2025-07-17 02:51:40.887 | INFO     | uvicorn.lifespan.on:startup:62 - Application startup complete.
2025-07-17 02:51:41.001 | INFO     | uvicorn.server:_log_started_message:216 - Uvicorn running on http://0.0.0.0:12332 (Press CTRL+C to quit)
2025-07-17 02:51:43.041 | INFO     | uvicorn.protocols.http.h11_impl:send:473 - 127.0.0.1:58196 - "GET / HTTP/1.1" 200
2025-07-17 02:51:43.080 | DEBUG    | server.server:process_one_code_with_repl_fast:213 - [1234] Processing code: {"custom_id": "1234", "proof_header": "", "proof_body": "#check Nat", "timeout": 30}
2025-07-17 02:51:45.246 | INFO     | uvicorn.protocols.http.h11_impl:send:473 - 127.0.0.1:58206 - "POST /verify HTTP/1.1" 200
2025-07-17 02:51:45.645 | INFO     | uvicorn.protocols.http.h11_impl:send:473 - 127.0.0.1:58212 - "GET / HTTP/1.1" 200
2025-07-17 02:51:55.141 | INFO     | server.server:_repl_creater:41 - Created 22 ['import Mathlib\nimport Aesop'] repls with response [{'env': 0, 'time': 13.81121015548706}, {'env': 0,
2025-07-17 02:51:55.970 | INFO     | utils.repl_cache:print_status:179 - 

=================================================================
Idx   | Header                                        | Pool Size 
-----------------------------------------------------------------
1     | ['import Mathlib\nimport Aesop']              | 22        
-----------------------------------------------------------------
Top 10 global LRU repl:
-----------------------------------------------------------------
Idx   | Header                                        | ID        
-----------------------------------------------------------------
1     | ['import Mathlib\nimport Aesop']              | 971162e9  
2     | ['import Mathlib\nimport Aesop']              | ea869929  
3     | ['import Mathlib\nimport Aesop']              | cd93b962  
4     | ['import Mathlib\nimport Aesop']              | f97b93ea  
5     | ['import Mathlib\nimport Aesop']              | 1c22447d  
6     | ['import Mathlib\nimport Aesop']              | 834d71e8  
7     | ['import Mathlib\nimport Aesop']              | 1571d31e  
8     | ['import Mathlib\nimport Aesop']              | 57f60adb  
9     | ['import Mathlib\nimport Aesop']              | 51198ce8  
10    | ['import Mathlib\nimport Aesop']              | e0e55ee2  
...   | ...                                           | ...       
-----------------------------------------------------------------
      | Total                                         | 22        
      | Idle                                          | 22        
      | Create Queue                                  | 0         
      | Close Queue                                   | 0         
      | Cache Hits                                    | 0         
      | Cache Misses                                  | 0         
      | Cache ratio                                   | 0.00      
      | its                                           | 0.0       
=================================================================
2025-07-17 02:52:10.972 | INFO     | utils.repl_cache:print_status:179 - 

=================================================================
Idx   | Header                                        | Pool Size 
-----------------------------------------------------------------
1     | ['import Mathlib\nimport Aesop']              | 22        
-----------------------------------------------------------------
Top 10 global LRU repl:
-----------------------------------------------------------------
Idx   | Header                                        | ID        
-----------------------------------------------------------------
1     | ['import Mathlib\nimport Aesop']              | 971162e9  
2     | ['import Mathlib\nimport Aesop']              | ea869929  
3     | ['import Mathlib\nimport Aesop']              | cd93b962  
4     | ['import Mathlib\nimport Aesop']              | f97b93ea  
5     | ['import Mathlib\nimport Aesop']              | 1c22447d  
6     | ['import Mathlib\nimport Aesop']              | 834d71e8  
7     | ['import Mathlib\nimport Aesop']              | 1571d31e  
8     | ['import Mathlib\nimport Aesop']              | 57f60adb  
9     | ['import Mathlib\nimport Aesop']              | 51198ce8  
10    | ['import Mathlib\nimport Aesop']              | e0e55ee2  
...   | ...                                           | ...       
-----------------------------------------------------------------
      | Total                                         | 22        
      | Idle                                          | 22        
      | Create Queue                                  | 0         
      | Close Queue                                   | 0         
      | Cache Hits                                    | 0         
      | Cache Misses                                  | 0         
      | Cache ratio                                   | 0.00      
      | its                                           | 0.0       
=================================================================
2025-07-17 02:52:26.061 | INFO     | utils.repl_cache:print_status:179 - 

=================================================================
Idx   | Header                                        | Pool Size 
-----------------------------------------------------------------
1     | ['import Mathlib\nimport Aesop']              | 22        
-----------------------------------------------------------------
Top 10 global LRU repl:
-----------------------------------------------------------------
Idx   | Header                                        | ID        
-----------------------------------------------------------------
1     | ['import Mathlib\nimport Aesop']              | 971162e9  
2     | ['import Mathlib\nimport Aesop']              | ea869929  
3     | ['import Mathlib\nimport Aesop']              | cd93b962  
4     | ['import Mathlib\nimport Aesop']              | f97b93ea  
5     | ['import Mathlib\nimport Aesop']              | 1c22447d  
6     | ['import Mathlib\nimport Aesop']              | 834d71e8  
7     | ['import Mathlib\nimport Aesop']              | 1571d31e  
8     | ['import Mathlib\nimport Aesop']              | 57f60adb  
9     | ['import Mathlib\nimport Aesop']              | 51198ce8  
10    | ['import Mathlib\nimport Aesop']              | e0e55ee2  
...   | ...                                           | ...       
-----------------------------------------------------------------
      | Total                                         | 22        
      | Idle                                          | 22        
      | Create Queue                                  | 0         
      | Close Queue                                   | 0         
      | Cache Hits                                    | 0         
      | Cache Misses                                  | 0         
      | Cache ratio                                   | 0.00      
      | its                                           | 0.0       
=================================================================
2025-07-17 02:52:41.063 | INFO     | utils.repl_cache:print_status:179 - 

=================================================================
Idx   | Header                                        | Pool Size 
-----------------------------------------------------------------
1     | ['import Mathlib\nimport Aesop']              | 22        
-----------------------------------------------------------------
Top 10 global LRU repl:
-----------------------------------------------------------------
Idx   | Header                                        | ID        
-----------------------------------------------------------------
1     | ['import Mathlib\nimport Aesop']              | 971162e9  
2     | ['import Mathlib\nimport Aesop']              | ea869929  
3     | ['import Mathlib\nimport Aesop']              | cd93b962  
4     | ['import Mathlib\nimport Aesop']              | f97b93ea  
5     | ['import Mathlib\nimport Aesop']              | 1c22447d  
6     | ['import Mathlib\nimport Aesop']              | 834d71e8  
7     | ['import Mathlib\nimport Aesop']              | 1571d31e  
8     | ['import Mathlib\nimport Aesop']              | 57f60adb  
9     | ['import Mathlib\nimport Aesop']              | 51198ce8  
10    | ['import Mathlib\nimport Aesop']              | e0e55ee2  
...   | ...                                           | ...       
-----------------------------------------------------------------
      | Total                                         | 22        
      | Idle                                          | 22        
      | Create Queue                                  | 0         
      | Close Queue                                   | 0         
      | Cache Hits                                    | 0         
      | Cache Misses                                  | 0         
      | Cache ratio                                   | 0.00      
      | its                                           | 0.0       
=================================================================
2025-07-17 02:52:56.173 | INFO     | utils.repl_cache:print_status:179 - 

=================================================================
Idx   | Header                                        | Pool Size 
-----------------------------------------------------------------
1     | ['import Mathlib\nimport Aesop']              | 22        
-----------------------------------------------------------------
Top 10 global LRU repl:
-----------------------------------------------------------------
Idx   | Header                                        | ID        
-----------------------------------------------------------------
1     | ['import Mathlib\nimport Aesop']              | 971162e9  
2     | ['import Mathlib\nimport Aesop']              | ea869929  
3     | ['import Mathlib\nimport Aesop']              | cd93b962  
4     | ['import Mathlib\nimport Aesop']              | f97b93ea  
5     | ['import Mathlib\nimport Aesop']              | 1c22447d  
6     | ['import Mathlib\nimport Aesop']              | 834d71e8  
7     | ['import Mathlib\nimport Aesop']              | 1571d31e  
8     | ['import Mathlib\nimport Aesop']              | 57f60adb  
9     | ['import Mathlib\nimport Aesop']              | 51198ce8  
10    | ['import Mathlib\nimport Aesop']              | e0e55ee2  
...   | ...                                           | ...       
-----------------------------------------------------------------
      | Total                                         | 22        
      | Idle                                          | 22        
      | Create Queue                                  | 0         
      | Close Queue                                   | 0         
      | Cache Hits                                    | 0         
      | Cache Misses                                  | 0         
      | Cache ratio                                   | 0.00      
      | its                                           | 0.0       
=================================================================
2025-07-17 02:53:05.250 | INFO     | uvicorn.protocols.http.h11_impl:send:473 - 127.0.0.1:39864 - "GET / HTTP/1.1" 200
2025-07-17 02:53:11.175 | INFO     | utils.repl_cache:print_status:179 - 

=================================================================
Idx   | Header                                        | Pool Size 
-----------------------------------------------------------------
1     | ['import Mathlib\nimport Aesop']              | 22        
-----------------------------------------------------------------
Top 10 global LRU repl:
-----------------------------------------------------------------
Idx   | Header                                        | ID        
-----------------------------------------------------------------
1     | ['import Mathlib\nimport Aesop']              | 971162e9  
2     | ['import Mathlib\nimport Aesop']              | ea869929  
3     | ['import Mathlib\nimport Aesop']              | cd93b962  
4     | ['import Mathlib\nimport Aesop']              | f97b93ea  
5     | ['import Mathlib\nimport Aesop']              | 1c22447d  
6     | ['import Mathlib\nimport Aesop']              | 834d71e8  
7     | ['import Mathlib\nimport Aesop']              | 1571d31e  
8     | ['import Mathlib\nimport Aesop']              | 57f60adb  
9     | ['import Mathlib\nimport Aesop']              | 51198ce8  
10    | ['import Mathlib\nimport Aesop']              | e0e55ee2  
...   | ...                                           | ...       
-----------------------------------------------------------------
      | Total                                         | 22        
      | Idle                                          | 22        
      | Create Queue                                  | 0         
      | Close Queue                                   | 0         
      | Cache Hits                                    | 0         
      | Cache Misses                                  | 0         
      | Cache ratio                                   | 0.00      
      | its                                           | 0.0       
=================================================================
2025-07-17 02:53:22.786 | INFO     | uvicorn.protocols.http.h11_impl:send:473 - 127.0.0.1:42450 - "GET / HTTP/1.1" 200
2025-07-17 02:53:26.283 | INFO     | utils.repl_cache:print_status:179 - 

=================================================================
Idx   | Header                                        | Pool Size 
-----------------------------------------------------------------
1     | ['import Mathlib\nimport Aesop']              | 22        
-----------------------------------------------------------------
Top 10 global LRU repl:
-----------------------------------------------------------------
Idx   | Header                                        | ID        
-----------------------------------------------------------------
1     | ['import Mathlib\nimport Aesop']              | 971162e9  
2     | ['import Mathlib\nimport Aesop']              | ea869929  
3     | ['import Mathlib\nimport Aesop']              | cd93b962  
4     | ['import Mathlib\nimport Aesop']              | f97b93ea  
5     | ['import Mathlib\nimport Aesop']              | 1c22447d  
6     | ['import Mathlib\nimport Aesop']              | 834d71e8  
7     | ['import Mathlib\nimport Aesop']              | 1571d31e  
8     | ['import Mathlib\nimport Aesop']              | 57f60adb  
9     | ['import Mathlib\nimport Aesop']              | 51198ce8  
10    | ['import Mathlib\nimport Aesop']              | e0e55ee2  
...   | ...                                           | ...       
-----------------------------------------------------------------
      | Total                                         | 22        
      | Idle                                          | 22        
      | Create Queue                                  | 0         
      | Close Queue                                   | 0         
      | Cache Hits                                    | 0         
      | Cache Misses                                  | 0         
      | Cache ratio                                   | 0.00      
      | its                                           | 0.0       
=================================================================
2025-07-17 02:53:41.286 | INFO     | utils.repl_cache:print_status:179 - 

=================================================================
Idx   | Header                                        | Pool Size 
-----------------------------------------------------------------
1     | ['import Mathlib\nimport Aesop']              | 22        
-----------------------------------------------------------------
Top 10 global LRU repl:
-----------------------------------------------------------------
Idx   | Header                                        | ID        
-----------------------------------------------------------------
1     | ['import Mathlib\nimport Aesop']              | 971162e9  
2     | ['import Mathlib\nimport Aesop']              | ea869929  
3     | ['import Mathlib\nimport Aesop']              | cd93b962  
4     | ['import Mathlib\nimport Aesop']              | f97b93ea  
5     | ['import Mathlib\nimport Aesop']              | 1c22447d  
6     | ['import Mathlib\nimport Aesop']              | 834d71e8  
7     | ['import Mathlib\nimport Aesop']              | 1571d31e  
8     | ['import Mathlib\nimport Aesop']              | 57f60adb  
9     | ['import Mathlib\nimport Aesop']              | 51198ce8  
10    | ['import Mathlib\nimport Aesop']              | e0e55ee2  
...   | ...                                           | ...       
-----------------------------------------------------------------
      | Total                                         | 22        
      | Idle                                          | 22        
      | Create Queue                                  | 0         
      | Close Queue                                   | 0         
      | Cache Hits                                    | 0         
      | Cache Misses                                  | 0         
      | Cache ratio                                   | 0.00      
      | its                                           | 0.0       
=================================================================
2025-07-17 02:53:44.755 | INFO     | uvicorn.protocols.http.h11_impl:send:473 - 127.0.0.1:35796 - "GET / HTTP/1.1" 200
2025-07-17 02:53:56.368 | INFO     | utils.repl_cache:print_status:179 - 

=================================================================
Idx   | Header                                        | Pool Size 
-----------------------------------------------------------------
1     | ['import Mathlib\nimport Aesop']              | 22        
-----------------------------------------------------------------
Top 10 global LRU repl:
-----------------------------------------------------------------
Idx   | Header                                        | ID        
-----------------------------------------------------------------
1     | ['import Mathlib\nimport Aesop']              | 971162e9  
2     | ['import Mathlib\nimport Aesop']              | ea869929  
3     | ['import Mathlib\nimport Aesop']              | cd93b962  
4     | ['import Mathlib\nimport Aesop']              | f97b93ea  
5     | ['import Mathlib\nimport Aesop']              | 1c22447d  
6     | ['import Mathlib\nimport Aesop']              | 834d71e8  
7     | ['import Mathlib\nimport Aesop']              | 1571d31e  
8     | ['import Mathlib\nimport Aesop']              | 57f60adb  
9     | ['import Mathlib\nimport Aesop']              | 51198ce8  
10    | ['import Mathlib\nimport Aesop']              | e0e55ee2  
...   | ...                                           | ...       
-----------------------------------------------------------------
      | Total                                         | 22        
      | Idle                                          | 22        
      | Create Queue                                  | 0         
      | Close Queue                                   | 0         
      | Cache Hits                                    | 0         
      | Cache Misses                                  | 0         
      | Cache ratio                                   | 0.00      
      | its                                           | 0.0       
=================================================================
2025-07-17 02:54:08.073 | INFO     | uvicorn.protocols.http.h11_impl:send:473 - 127.0.0.1:53232 - "GET / HTTP/1.1" 200
2025-07-17 02:54:11.370 | INFO     | utils.repl_cache:print_status:179 - 

=================================================================
Idx   | Header                                        | Pool Size 
-----------------------------------------------------------------
1     | ['import Mathlib\nimport Aesop']              | 22        
-----------------------------------------------------------------
Top 10 global LRU repl:
-----------------------------------------------------------------
Idx   | Header                                        | ID        
-----------------------------------------------------------------
1     | ['import Mathlib\nimport Aesop']              | 971162e9  
2     | ['import Mathlib\nimport Aesop']              | ea869929  
3     | ['import Mathlib\nimport Aesop']              | cd93b962  
4     | ['import Mathlib\nimport Aesop']              | f97b93ea  
5     | ['import Mathlib\nimport Aesop']              | 1c22447d  
6     | ['import Mathlib\nimport Aesop']              | 834d71e8  
7     | ['import Mathlib\nimport Aesop']              | 1571d31e  
8     | ['import Mathlib\nimport Aesop']              | 57f60adb  
9     | ['import Mathlib\nimport Aesop']              | 51198ce8  
10    | ['import Mathlib\nimport Aesop']              | e0e55ee2  
...   | ...                                           | ...       
-----------------------------------------------------------------
      | Total                                         | 22        
      | Idle                                          | 22        
      | Create Queue                                  | 0         
      | Close Queue                                   | 0         
      | Cache Hits                                    | 0         
      | Cache Misses                                  | 0         
      | Cache ratio                                   | 0.00      
      | its                                           | 0.0       
=================================================================
2025-07-17 02:54:26.453 | INFO     | utils.repl_cache:print_status:179 - 

=================================================================
Idx   | Header                                        | Pool Size 
-----------------------------------------------------------------
1     | ['import Mathlib\nimport Aesop']              | 22        
-----------------------------------------------------------------
Top 10 global LRU repl:
-----------------------------------------------------------------
Idx   | Header                                        | ID        
-----------------------------------------------------------------
1     | ['import Mathlib\nimport Aesop']              | 971162e9  
2     | ['import Mathlib\nimport Aesop']              | ea869929  
3     | ['import Mathlib\nimport Aesop']              | cd93b962  
4     | ['import Mathlib\nimport Aesop']              | f97b93ea  
5     | ['import Mathlib\nimport Aesop']              | 1c22447d  
6     | ['import Mathlib\nimport Aesop']              | 834d71e8  
7     | ['import Mathlib\nimport Aesop']              | 1571d31e  
8     | ['import Mathlib\nimport Aesop']              | 57f60adb  
9     | ['import Mathlib\nimport Aesop']              | 51198ce8  
10    | ['import Mathlib\nimport Aesop']              | e0e55ee2  
...   | ...                                           | ...       
-----------------------------------------------------------------
      | Total                                         | 22        
      | Idle                                          | 22        
      | Create Queue                                  | 0         
      | Close Queue                                   | 0         
      | Cache Hits                                    | 0         
      | Cache Misses                                  | 0         
      | Cache ratio                                   | 0.00      
      | its                                           | 0.0       
=================================================================
2025-07-17 02:54:30.831 | INFO     | uvicorn.protocols.http.h11_impl:send:473 - 127.0.0.1:58336 - "GET / HTTP/1.1" 200
2025-07-17 02:54:41.455 | INFO     | utils.repl_cache:print_status:179 - 

=================================================================
Idx   | Header                                        | Pool Size 
-----------------------------------------------------------------
1     | ['import Mathlib\nimport Aesop']              | 22        
-----------------------------------------------------------------
Top 10 global LRU repl:
-----------------------------------------------------------------
Idx   | Header                                        | ID        
-----------------------------------------------------------------
1     | ['import Mathlib\nimport Aesop']              | 971162e9  
2     | ['import Mathlib\nimport Aesop']              | ea869929  
3     | ['import Mathlib\nimport Aesop']              | cd93b962  
4     | ['import Mathlib\nimport Aesop']              | f97b93ea  
5     | ['import Mathlib\nimport Aesop']              | 1c22447d  
6     | ['import Mathlib\nimport Aesop']              | 834d71e8  
7     | ['import Mathlib\nimport Aesop']              | 1571d31e  
8     | ['import Mathlib\nimport Aesop']              | 57f60adb  
9     | ['import Mathlib\nimport Aesop']              | 51198ce8  
10    | ['import Mathlib\nimport Aesop']              | e0e55ee2  
...   | ...                                           | ...       
-----------------------------------------------------------------
      | Total                                         | 22        
      | Idle                                          | 22        
      | Create Queue                                  | 0         
      | Close Queue                                   | 0         
      | Cache Hits                                    | 0         
      | Cache Misses                                  | 0         
      | Cache ratio                                   | 0.00      
      | its                                           | 0.0       
=================================================================
2025-07-17 02:54:56.574 | INFO     | utils.repl_cache:print_status:179 - 

=================================================================
Idx   | Header                                        | Pool Size 
-----------------------------------------------------------------
1     | ['import Mathlib\nimport Aesop']              | 22        
-----------------------------------------------------------------
Top 10 global LRU repl:
-----------------------------------------------------------------
Idx   | Header                                        | ID        
-----------------------------------------------------------------
1     | ['import Mathlib\nimport Aesop']              | 971162e9  
2     | ['import Mathlib\nimport Aesop']              | ea869929  
3     | ['import Mathlib\nimport Aesop']              | cd93b962  
4     | ['import Mathlib\nimport Aesop']              | f97b93ea  
5     | ['import Mathlib\nimport Aesop']              | 1c22447d  
6     | ['import Mathlib\nimport Aesop']              | 834d71e8  
7     | ['import Mathlib\nimport Aesop']              | 1571d31e  
8     | ['import Mathlib\nimport Aesop']              | 57f60adb  
9     | ['import Mathlib\nimport Aesop']              | 51198ce8  
10    | ['import Mathlib\nimport Aesop']              | e0e55ee2  
...   | ...                                           | ...       
-----------------------------------------------------------------
      | Total                                         | 22        
      | Idle                                          | 22        
      | Create Queue                                  | 0         
      | Close Queue                                   | 0         
      | Cache Hits                                    | 0         
      | Cache Misses                                  | 0         
      | Cache ratio                                   | 0.00      
      | its                                           | 0.0       
=================================================================
2025-07-17 02:55:11.576 | INFO     | utils.repl_cache:print_status:179 - 

=================================================================
Idx   | Header                                        | Pool Size 
-----------------------------------------------------------------
1     | ['import Mathlib\nimport Aesop']              | 22        
-----------------------------------------------------------------
Top 10 global LRU repl:
-----------------------------------------------------------------
Idx   | Header                                        | ID        
-----------------------------------------------------------------
1     | ['import Mathlib\nimport Aesop']              | 971162e9  
2     | ['import Mathlib\nimport Aesop']              | ea869929  
3     | ['import Mathlib\nimport Aesop']              | cd93b962  
4     | ['import Mathlib\nimport Aesop']              | f97b93ea  
5     | ['import Mathlib\nimport Aesop']              | 1c22447d  
6     | ['import Mathlib\nimport Aesop']              | 834d71e8  
7     | ['import Mathlib\nimport Aesop']              | 1571d31e  
8     | ['import Mathlib\nimport Aesop']              | 57f60adb  
9     | ['import Mathlib\nimport Aesop']              | 51198ce8  
10    | ['import Mathlib\nimport Aesop']              | e0e55ee2  
...   | ...                                           | ...       
-----------------------------------------------------------------
      | Total                                         | 22        
      | Idle                                          | 22        
      | Create Queue                                  | 0         
      | Close Queue                                   | 0         
      | Cache Hits                                    | 0         
      | Cache Misses                                  | 0         
      | Cache ratio                                   | 0.00      
      | its                                           | 0.0       
=================================================================
2025-07-17 02:55:26.668 | INFO     | utils.repl_cache:print_status:179 - 

=================================================================
Idx   | Header                                        | Pool Size 
-----------------------------------------------------------------
1     | ['import Mathlib\nimport Aesop']              | 22        
-----------------------------------------------------------------
Top 10 global LRU repl:
-----------------------------------------------------------------
Idx   | Header                                        | ID        
-----------------------------------------------------------------
1     | ['import Mathlib\nimport Aesop']              | 971162e9  
2     | ['import Mathlib\nimport Aesop']              | ea869929  
3     | ['import Mathlib\nimport Aesop']              | cd93b962  
4     | ['import Mathlib\nimport Aesop']              | f97b93ea  
5     | ['import Mathlib\nimport Aesop']              | 1c22447d  
6     | ['import Mathlib\nimport Aesop']              | 834d71e8  
7     | ['import Mathlib\nimport Aesop']              | 1571d31e  
8     | ['import Mathlib\nimport Aesop']              | 57f60adb  
9     | ['import Mathlib\nimport Aesop']              | 51198ce8  
10    | ['import Mathlib\nimport Aesop']              | e0e55ee2  
...   | ...                                           | ...       
-----------------------------------------------------------------
      | Total                                         | 22        
      | Idle                                          | 22        
      | Create Queue                                  | 0         
      | Close Queue                                   | 0         
      | Cache Hits                                    | 0         
      | Cache Misses                                  | 0         
      | Cache ratio                                   | 0.00      
      | its                                           | 0.0       
=================================================================
2025-07-17 02:55:41.670 | INFO     | utils.repl_cache:print_status:179 - 

=================================================================
Idx   | Header                                        | Pool Size 
-----------------------------------------------------------------
1     | ['import Mathlib\nimport Aesop']              | 22        
-----------------------------------------------------------------
Top 10 global LRU repl:
-----------------------------------------------------------------
Idx   | Header                                        | ID        
-----------------------------------------------------------------
1     | ['import Mathlib\nimport Aesop']              | 971162e9  
2     | ['import Mathlib\nimport Aesop']              | ea869929  
3     | ['import Mathlib\nimport Aesop']              | cd93b962  
4     | ['import Mathlib\nimport Aesop']              | f97b93ea  
5     | ['import Mathlib\nimport Aesop']              | 1c22447d  
6     | ['import Mathlib\nimport Aesop']              | 834d71e8  
7     | ['import Mathlib\nimport Aesop']              | 1571d31e  
8     | ['import Mathlib\nimport Aesop']              | 57f60adb  
9     | ['import Mathlib\nimport Aesop']              | 51198ce8  
10    | ['import Mathlib\nimport Aesop']              | e0e55ee2  
...   | ...                                           | ...       
-----------------------------------------------------------------
      | Total                                         | 22        
      | Idle                                          | 22        
      | Create Queue                                  | 0         
      | Close Queue                                   | 0         
      | Cache Hits                                    | 0         
      | Cache Misses                                  | 0         
      | Cache ratio                                   | 0.00      
      | its                                           | 0.0       
=================================================================
2025-07-17 02:55:56.751 | INFO     | utils.repl_cache:print_status:179 - 

=================================================================
Idx   | Header                                        | Pool Size 
-----------------------------------------------------------------
1     | ['import Mathlib\nimport Aesop']              | 22        
-----------------------------------------------------------------
Top 10 global LRU repl:
-----------------------------------------------------------------
Idx   | Header                                        | ID        
-----------------------------------------------------------------
1     | ['import Mathlib\nimport Aesop']              | 971162e9  
2     | ['import Mathlib\nimport Aesop']              | ea869929  
3     | ['import Mathlib\nimport Aesop']              | cd93b962  
4     | ['import Mathlib\nimport Aesop']              | f97b93ea  
5     | ['import Mathlib\nimport Aesop']              | 1c22447d  
6     | ['import Mathlib\nimport Aesop']              | 834d71e8  
7     | ['import Mathlib\nimport Aesop']              | 1571d31e  
8     | ['import Mathlib\nimport Aesop']              | 57f60adb  
9     | ['import Mathlib\nimport Aesop']              | 51198ce8  
10    | ['import Mathlib\nimport Aesop']              | e0e55ee2  
...   | ...                                           | ...       
-----------------------------------------------------------------
      | Total                                         | 22        
      | Idle                                          | 22        
      | Create Queue                                  | 0         
      | Close Queue                                   | 0         
      | Cache Hits                                    | 0         
      | Cache Misses                                  | 0         
      | Cache ratio                                   | 0.00      
      | its                                           | 0.0       
=================================================================
2025-07-17 02:56:11.753 | INFO     | utils.repl_cache:print_status:179 - 

=================================================================
Idx   | Header                                        | Pool Size 
-----------------------------------------------------------------
1     | ['import Mathlib\nimport Aesop']              | 22        
-----------------------------------------------------------------
Top 10 global LRU repl:
-----------------------------------------------------------------
Idx   | Header                                        | ID        
-----------------------------------------------------------------
1     | ['import Mathlib\nimport Aesop']              | 971162e9  
2     | ['import Mathlib\nimport Aesop']              | ea869929  
3     | ['import Mathlib\nimport Aesop']              | cd93b962  
4     | ['import Mathlib\nimport Aesop']              | f97b93ea  
5     | ['import Mathlib\nimport Aesop']              | 1c22447d  
6     | ['import Mathlib\nimport Aesop']              | 834d71e8  
7     | ['import Mathlib\nimport Aesop']              | 1571d31e  
8     | ['import Mathlib\nimport Aesop']              | 57f60adb  
9     | ['import Mathlib\nimport Aesop']              | 51198ce8  
10    | ['import Mathlib\nimport Aesop']              | e0e55ee2  
...   | ...                                           | ...       
-----------------------------------------------------------------
      | Total                                         | 22        
      | Idle                                          | 22        
      | Create Queue                                  | 0         
      | Close Queue                                   | 0         
      | Cache Hits                                    | 0         
      | Cache Misses                                  | 0         
      | Cache ratio                                   | 0.00      
      | its                                           | 0.0       
=================================================================
2025-07-17 02:56:26.835 | INFO     | utils.repl_cache:print_status:179 - 

=================================================================
Idx   | Header                                        | Pool Size 
-----------------------------------------------------------------
1     | ['import Mathlib\nimport Aesop']              | 22        
-----------------------------------------------------------------
Top 10 global LRU repl:
-----------------------------------------------------------------
Idx   | Header                                        | ID        
-----------------------------------------------------------------
1     | ['import Mathlib\nimport Aesop']              | 971162e9  
2     | ['import Mathlib\nimport Aesop']              | ea869929  
3     | ['import Mathlib\nimport Aesop']              | cd93b962  
4     | ['import Mathlib\nimport Aesop']              | f97b93ea  
5     | ['import Mathlib\nimport Aesop']              | 1c22447d  
6     | ['import Mathlib\nimport Aesop']              | 834d71e8  
7     | ['import Mathlib\nimport Aesop']              | 1571d31e  
8     | ['import Mathlib\nimport Aesop']              | 57f60adb  
9     | ['import Mathlib\nimport Aesop']              | 51198ce8  
10    | ['import Mathlib\nimport Aesop']              | e0e55ee2  
...   | ...                                           | ...       
-----------------------------------------------------------------
      | Total                                         | 22        
      | Idle                                          | 22        
      | Create Queue                                  | 0         
      | Close Queue                                   | 0         
      | Cache Hits                                    | 0         
      | Cache Misses                                  | 0         
      | Cache ratio                                   | 0.00      
      | its                                           | 0.0       
=================================================================
2025-07-17 02:56:41.836 | INFO     | utils.repl_cache:print_status:179 - 

=================================================================
Idx   | Header                                        | Pool Size 
-----------------------------------------------------------------
1     | ['import Mathlib\nimport Aesop']              | 22        
-----------------------------------------------------------------
Top 10 global LRU repl:
-----------------------------------------------------------------
Idx   | Header                                        | ID        
-----------------------------------------------------------------
1     | ['import Mathlib\nimport Aesop']              | 971162e9  
2     | ['import Mathlib\nimport Aesop']              | ea869929  
3     | ['import Mathlib\nimport Aesop']              | cd93b962  
4     | ['import Mathlib\nimport Aesop']              | f97b93ea  
5     | ['import Mathlib\nimport Aesop']              | 1c22447d  
6     | ['import Mathlib\nimport Aesop']              | 834d71e8  
7     | ['import Mathlib\nimport Aesop']              | 1571d31e  
8     | ['import Mathlib\nimport Aesop']              | 57f60adb  
9     | ['import Mathlib\nimport Aesop']              | 51198ce8  
10    | ['import Mathlib\nimport Aesop']              | e0e55ee2  
...   | ...                                           | ...       
-----------------------------------------------------------------
      | Total                                         | 22        
      | Idle                                          | 22        
      | Create Queue                                  | 0         
      | Close Queue                                   | 0         
      | Cache Hits                                    | 0         
      | Cache Misses                                  | 0         
      | Cache ratio                                   | 0.00      
      | its                                           | 0.0       
=================================================================
2025-07-17 02:56:56.925 | INFO     | utils.repl_cache:print_status:179 - 

=================================================================
Idx   | Header                                        | Pool Size 
-----------------------------------------------------------------
1     | ['import Mathlib\nimport Aesop']              | 22        
-----------------------------------------------------------------
Top 10 global LRU repl:
-----------------------------------------------------------------
Idx   | Header                                        | ID        
-----------------------------------------------------------------
1     | ['import Mathlib\nimport Aesop']              | 971162e9  
2     | ['import Mathlib\nimport Aesop']              | ea869929  
3     | ['import Mathlib\nimport Aesop']              | cd93b962  
4     | ['import Mathlib\nimport Aesop']              | f97b93ea  
5     | ['import Mathlib\nimport Aesop']              | 1c22447d  
6     | ['import Mathlib\nimport Aesop']              | 834d71e8  
7     | ['import Mathlib\nimport Aesop']              | 1571d31e  
8     | ['import Mathlib\nimport Aesop']              | 57f60adb  
9     | ['import Mathlib\nimport Aesop']              | 51198ce8  
10    | ['import Mathlib\nimport Aesop']              | e0e55ee2  
...   | ...                                           | ...       
-----------------------------------------------------------------
      | Total                                         | 22        
      | Idle                                          | 22        
      | Create Queue                                  | 0         
      | Close Queue                                   | 0         
      | Cache Hits                                    | 0         
      | Cache Misses                                  | 0         
      | Cache ratio                                   | 0.00      
      | its                                           | 0.0       
=================================================================
2025-07-17 02:57:11.928 | INFO     | utils.repl_cache:print_status:179 - 

=================================================================
Idx   | Header                                        | Pool Size 
-----------------------------------------------------------------
1     | ['import Mathlib\nimport Aesop']              | 22        
-----------------------------------------------------------------
Top 10 global LRU repl:
-----------------------------------------------------------------
Idx   | Header                                        | ID        
-----------------------------------------------------------------
1     | ['import Mathlib\nimport Aesop']              | 971162e9  
2     | ['import Mathlib\nimport Aesop']              | ea869929  
3     | ['import Mathlib\nimport Aesop']              | cd93b962  
4     | ['import Mathlib\nimport Aesop']              | f97b93ea  
5     | ['import Mathlib\nimport Aesop']              | 1c22447d  
6     | ['import Mathlib\nimport Aesop']              | 834d71e8  
7     | ['import Mathlib\nimport Aesop']              | 1571d31e  
8     | ['import Mathlib\nimport Aesop']              | 57f60adb  
9     | ['import Mathlib\nimport Aesop']              | 51198ce8  
10    | ['import Mathlib\nimport Aesop']              | e0e55ee2  
...   | ...                                           | ...       
-----------------------------------------------------------------
      | Total                                         | 22        
      | Idle                                          | 22        
      | Create Queue                                  | 0         
      | Close Queue                                   | 0         
      | Cache Hits                                    | 0         
      | Cache Misses                                  | 0         
      | Cache ratio                                   | 0.00      
      | its                                           | 0.0       
=================================================================
2025-07-17 02:57:27.018 | INFO     | utils.repl_cache:print_status:179 - 

=================================================================
Idx   | Header                                        | Pool Size 
-----------------------------------------------------------------
1     | ['import Mathlib\nimport Aesop']              | 22        
-----------------------------------------------------------------
Top 10 global LRU repl:
-----------------------------------------------------------------
Idx   | Header                                        | ID        
-----------------------------------------------------------------
1     | ['import Mathlib\nimport Aesop']              | 971162e9  
2     | ['import Mathlib\nimport Aesop']              | ea869929  
3     | ['import Mathlib\nimport Aesop']              | cd93b962  
4     | ['import Mathlib\nimport Aesop']              | f97b93ea  
5     | ['import Mathlib\nimport Aesop']              | 1c22447d  
6     | ['import Mathlib\nimport Aesop']              | 834d71e8  
7     | ['import Mathlib\nimport Aesop']              | 1571d31e  
8     | ['import Mathlib\nimport Aesop']              | 57f60adb  
9     | ['import Mathlib\nimport Aesop']              | 51198ce8  
10    | ['import Mathlib\nimport Aesop']              | e0e55ee2  
...   | ...                                           | ...       
-----------------------------------------------------------------
      | Total                                         | 22        
      | Idle                                          | 22        
      | Create Queue                                  | 0         
      | Close Queue                                   | 0         
      | Cache Hits                                    | 0         
      | Cache Misses                                  | 0         
      | Cache ratio                                   | 0.00      
      | its                                           | 0.0       
=================================================================
2025-07-17 02:57:42.021 | INFO     | utils.repl_cache:print_status:179 - 

=================================================================
Idx   | Header                                        | Pool Size 
-----------------------------------------------------------------
1     | ['import Mathlib\nimport Aesop']              | 22        
-----------------------------------------------------------------
Top 10 global LRU repl:
-----------------------------------------------------------------
Idx   | Header                                        | ID        
-----------------------------------------------------------------
1     | ['import Mathlib\nimport Aesop']              | 971162e9  
2     | ['import Mathlib\nimport Aesop']              | ea869929  
3     | ['import Mathlib\nimport Aesop']              | cd93b962  
4     | ['import Mathlib\nimport Aesop']              | f97b93ea  
5     | ['import Mathlib\nimport Aesop']              | 1c22447d  
6     | ['import Mathlib\nimport Aesop']              | 834d71e8  
7     | ['import Mathlib\nimport Aesop']              | 1571d31e  
8     | ['import Mathlib\nimport Aesop']              | 57f60adb  
9     | ['import Mathlib\nimport Aesop']              | 51198ce8  
10    | ['import Mathlib\nimport Aesop']              | e0e55ee2  
...   | ...                                           | ...       
-----------------------------------------------------------------
      | Total                                         | 22        
      | Idle                                          | 22        
      | Create Queue                                  | 0         
      | Close Queue                                   | 0         
      | Cache Hits                                    | 0         
      | Cache Misses                                  | 0         
      | Cache ratio                                   | 0.00      
      | its                                           | 0.0       
=================================================================
2025-07-17 02:57:52.464 | INFO     | uvicorn.protocols.http.h11_impl:send:473 - 127.0.0.1:40458 - "GET / HTTP/1.1" 200
2025-07-17 02:57:57.100 | INFO     | utils.repl_cache:print_status:179 - 

=================================================================
Idx   | Header                                        | Pool Size 
-----------------------------------------------------------------
1     | ['import Mathlib\nimport Aesop']              | 22        
-----------------------------------------------------------------
Top 10 global LRU repl:
-----------------------------------------------------------------
Idx   | Header                                        | ID        
-----------------------------------------------------------------
1     | ['import Mathlib\nimport Aesop']              | 971162e9  
2     | ['import Mathlib\nimport Aesop']              | ea869929  
3     | ['import Mathlib\nimport Aesop']              | cd93b962  
4     | ['import Mathlib\nimport Aesop']              | f97b93ea  
5     | ['import Mathlib\nimport Aesop']              | 1c22447d  
6     | ['import Mathlib\nimport Aesop']              | 834d71e8  
7     | ['import Mathlib\nimport Aesop']              | 1571d31e  
8     | ['import Mathlib\nimport Aesop']              | 57f60adb  
9     | ['import Mathlib\nimport Aesop']              | 51198ce8  
10    | ['import Mathlib\nimport Aesop']              | e0e55ee2  
...   | ...                                           | ...       
-----------------------------------------------------------------
      | Total                                         | 22        
      | Idle                                          | 22        
      | Create Queue                                  | 0         
      | Close Queue                                   | 0         
      | Cache Hits                                    | 0         
      | Cache Misses                                  | 0         
      | Cache ratio                                   | 0.00      
      | its                                           | 0.0       
=================================================================
2025-07-17 02:58:10.658 | INFO     | uvicorn.protocols.http.h11_impl:send:473 - 127.0.0.1:39696 - "GET / HTTP/1.1" 200
2025-07-17 02:58:12.102 | INFO     | utils.repl_cache:print_status:179 - 

=================================================================
Idx   | Header                                        | Pool Size 
-----------------------------------------------------------------
1     | ['import Mathlib\nimport Aesop']              | 22        
-----------------------------------------------------------------
Top 10 global LRU repl:
-----------------------------------------------------------------
Idx   | Header                                        | ID        
-----------------------------------------------------------------
1     | ['import Mathlib\nimport Aesop']              | 971162e9  
2     | ['import Mathlib\nimport Aesop']              | ea869929  
3     | ['import Mathlib\nimport Aesop']              | cd93b962  
4     | ['import Mathlib\nimport Aesop']              | f97b93ea  
5     | ['import Mathlib\nimport Aesop']              | 1c22447d  
6     | ['import Mathlib\nimport Aesop']              | 834d71e8  
7     | ['import Mathlib\nimport Aesop']              | 1571d31e  
8     | ['import Mathlib\nimport Aesop']              | 57f60adb  
9     | ['import Mathlib\nimport Aesop']              | 51198ce8  
10    | ['import Mathlib\nimport Aesop']              | e0e55ee2  
...   | ...                                           | ...       
-----------------------------------------------------------------
      | Total                                         | 22        
      | Idle                                          | 22        
      | Create Queue                                  | 0         
      | Close Queue                                   | 0         
      | Cache Hits                                    | 0         
      | Cache Misses                                  | 0         
      | Cache ratio                                   | 0.00      
      | its                                           | 0.0       
=================================================================
2025-07-17 02:58:27.212 | INFO     | utils.repl_cache:print_status:179 - 

=================================================================
Idx   | Header                                        | Pool Size 
-----------------------------------------------------------------
1     | ['import Mathlib\nimport Aesop']              | 22        
-----------------------------------------------------------------
Top 10 global LRU repl:
-----------------------------------------------------------------
Idx   | Header                                        | ID        
-----------------------------------------------------------------
1     | ['import Mathlib\nimport Aesop']              | 971162e9  
2     | ['import Mathlib\nimport Aesop']              | ea869929  
3     | ['import Mathlib\nimport Aesop']              | cd93b962  
4     | ['import Mathlib\nimport Aesop']              | f97b93ea  
5     | ['import Mathlib\nimport Aesop']              | 1c22447d  
6     | ['import Mathlib\nimport Aesop']              | 834d71e8  
7     | ['import Mathlib\nimport Aesop']              | 1571d31e  
8     | ['import Mathlib\nimport Aesop']              | 57f60adb  
9     | ['import Mathlib\nimport Aesop']              | 51198ce8  
10    | ['import Mathlib\nimport Aesop']              | e0e55ee2  
...   | ...                                           | ...       
-----------------------------------------------------------------
      | Total                                         | 22        
      | Idle                                          | 22        
      | Create Queue                                  | 0         
      | Close Queue                                   | 0         
      | Cache Hits                                    | 0         
      | Cache Misses                                  | 0         
      | Cache ratio                                   | 0.00      
      | its                                           | 0.0       
=================================================================
2025-07-17 02:58:42.213 | INFO     | utils.repl_cache:print_status:179 - 

=================================================================
Idx   | Header                                        | Pool Size 
-----------------------------------------------------------------
1     | ['import Mathlib\nimport Aesop']              | 22        
-----------------------------------------------------------------
Top 10 global LRU repl:
-----------------------------------------------------------------
Idx   | Header                                        | ID        
-----------------------------------------------------------------
1     | ['import Mathlib\nimport Aesop']              | 971162e9  
2     | ['import Mathlib\nimport Aesop']              | ea869929  
3     | ['import Mathlib\nimport Aesop']              | cd93b962  
4     | ['import Mathlib\nimport Aesop']              | f97b93ea  
5     | ['import Mathlib\nimport Aesop']              | 1c22447d  
6     | ['import Mathlib\nimport Aesop']              | 834d71e8  
7     | ['import Mathlib\nimport Aesop']              | 1571d31e  
8     | ['import Mathlib\nimport Aesop']              | 57f60adb  
9     | ['import Mathlib\nimport Aesop']              | 51198ce8  
10    | ['import Mathlib\nimport Aesop']              | e0e55ee2  
...   | ...                                           | ...       
-----------------------------------------------------------------
      | Total                                         | 22        
      | Idle                                          | 22        
      | Create Queue                                  | 0         
      | Close Queue                                   | 0         
      | Cache Hits                                    | 0         
      | Cache Misses                                  | 0         
      | Cache ratio                                   | 0.00      
      | its                                           | 0.0       
=================================================================
2025-07-17 02:59:10.636 | INFO     | uvicorn.server:shutdown:264 - Shutting down
2025-07-17 02:59:10.638 | INFO     | uvicorn.protocols.http.h11_impl:send:473 - 127.0.0.1:52098 - "GET / HTTP/1.1" 200
2025-07-17 02:59:10.738 | INFO     | uvicorn.server:_serve:94 - Finished server process [1720]
