2025-07-15 20:22:03.166 | INFO     | uvicorn.server:_serve:84 - Started server process [38255]
2025-07-15 20:22:03.166 | INFO     | uvicorn.lifespan.on:startup:48 - Waiting for application startup.
2025-07-15 20:22:03.530 | INFO     | uvicorn.lifespan.on:startup:62 - Application startup complete.
2025-07-15 20:22:03.669 | INFO     | uvicorn.server:_log_started_message:216 - Uvicorn running on http://0.0.0.0:12332 (Press CTRL+C to quit)
2025-07-15 20:22:04.454 | INFO     | uvicorn.protocols.http.h11_impl:send:473 - 127.0.0.1:47482 - "GET / HTTP/1.1" 200
2025-07-15 20:22:09.068 | INFO     | uvicorn.protocols.http.h11_impl:send:473 - 127.0.0.1:47490 - "GET / HTTP/1.1" 200
2025-07-15 20:22:09.140 | DEBUG    | server.server:process_one_code_with_repl_fast:213 - [123] Processing code: {"custom_id": "123", "proof_header": "import Mathlib", "proof_body": "theorem foo : 1 + 1 = 2 := by\nrfl", "timeout": 30}
2025-07-15 20:22:18.530 | INFO     | utils.repl_cache:print_status:179 - 

=================================================================
Idx   | Header                                        | Pool Size 
-----------------------------------------------------------------
-----------------------------------------------------------------
Top 10 global LRU repl:
-----------------------------------------------------------------
Idx   | Header                                        | ID        
-----------------------------------------------------------------
-----------------------------------------------------------------
      | Total                                         | 0         
      | Idle                                          | 0         
      | Create Queue                                  | 0         
      | Close Queue                                   | 0         
      | Cache Hits                                    | 0         
      | Cache Misses                                  | 1         
      | Cache ratio                                   | 0.00      
      | its                                           | 0.06666666666666667
=================================================================
2025-07-15 20:22:18.670 | INFO     | uvicorn.protocols.http.h11_impl:send:473 - 127.0.0.1:47496 - "POST /verify HTTP/1.1" 200
2025-07-15 20:22:19.674 | INFO     | server.server:_repl_creater:41 - Created 22 ['import Mathlib\nimport Aesop'] repls with response [{'env': 0, 'time': 14.397526979446411}, {'env': 0
2025-07-15 20:22:19.675 | INFO     | utils.repl_cache:evict_if_needed:67 - Succesfully evicted header ['import Mathlib'] with id ccf186f5-6fb8-4305-baf6-6e66fed4f6a0
2025-07-15 20:22:20.308 | INFO     | server.server:_repl_cleaner:62 - Closed ccf186f5-6fb8-4305-baf6-6e66fed4f6a0 repl
2025-07-15 20:22:32.210 | INFO     | utils.repl_cache:print_status:179 - 

=================================================================
Idx   | Header                                        | Pool Size 
-----------------------------------------------------------------
1     | ['import Mathlib\nimport Aesop']              | 22        
2     | ['import Mathlib']                            | 0         
-----------------------------------------------------------------
Top 10 global LRU repl:
-----------------------------------------------------------------
Idx   | Header                                        | ID        
-----------------------------------------------------------------
1     | ['import Mathlib\nimport Aesop']              | 2d0f5216  
2     | ['import Mathlib\nimport Aesop']              | dc6ba1b5  
3     | ['import Mathlib\nimport Aesop']              | 7ddcceb0  
4     | ['import Mathlib\nimport Aesop']              | 000e65d2  
5     | ['import Mathlib\nimport Aesop']              | ff014d3d  
6     | ['import Mathlib\nimport Aesop']              | 301a8cf7  
7     | ['import Mathlib\nimport Aesop']              | 14b38862  
8     | ['import Mathlib\nimport Aesop']              | b6318fb3  
9     | ['import Mathlib\nimport Aesop']              | aeb60e0d  
10    | ['import Mathlib\nimport Aesop']              | a1b633cc  
...   | ...                                           | ...       
-----------------------------------------------------------------
      | Total                                         | 22        
      | Idle                                          | 22        
      | Create Queue                                  | 0         
      | Close Queue                                   | 0         
      | Cache Hits                                    | 0         
      | Cache Misses                                  | 0         
      | Cache ratio                                   | 0.00      
      | its                                           | 0.0       
=================================================================
2025-07-15 20:22:47.211 | INFO     | utils.repl_cache:print_status:179 - 

=================================================================
Idx   | Header                                        | Pool Size 
-----------------------------------------------------------------
1     | ['import Mathlib\nimport Aesop']              | 22        
2     | ['import Mathlib']                            | 0         
-----------------------------------------------------------------
Top 10 global LRU repl:
-----------------------------------------------------------------
Idx   | Header                                        | ID        
-----------------------------------------------------------------
1     | ['import Mathlib\nimport Aesop']              | 2d0f5216  
2     | ['import Mathlib\nimport Aesop']              | dc6ba1b5  
3     | ['import Mathlib\nimport Aesop']              | 7ddcceb0  
4     | ['import Mathlib\nimport Aesop']              | 000e65d2  
5     | ['import Mathlib\nimport Aesop']              | ff014d3d  
6     | ['import Mathlib\nimport Aesop']              | 301a8cf7  
7     | ['import Mathlib\nimport Aesop']              | 14b38862  
8     | ['import Mathlib\nimport Aesop']              | b6318fb3  
9     | ['import Mathlib\nimport Aesop']              | aeb60e0d  
10    | ['import Mathlib\nimport Aesop']              | a1b633cc  
...   | ...                                           | ...       
-----------------------------------------------------------------
      | Total                                         | 22        
      | Idle                                          | 22        
      | Create Queue                                  | 0         
      | Close Queue                                   | 0         
      | Cache Hits                                    | 0         
      | Cache Misses                                  | 0         
      | Cache ratio                                   | 0.00      
      | its                                           | 0.0       
=================================================================
2025-07-15 20:22:58.588 | INFO     | uvicorn.protocols.http.h11_impl:send:473 - 127.0.0.1:37078 - "GET / HTTP/1.1" 200
2025-07-15 20:22:58.597 | DEBUG    | server.server:process_one_code_with_repl_fast:213 - [123] Processing code: {"custom_id": "123", "proof_header": "import Mathlib", "proof_body": "theorem foo : 1 + 1 = 2 := by\nrfl", "timeout": 30}
2025-07-15 20:23:00.843 | INFO     | utils.repl_cache:print_status:179 - 

=================================================================
Idx   | Header                                        | Pool Size 
-----------------------------------------------------------------
1     | ['import Mathlib\nimport Aesop']              | 22        
2     | ['import Mathlib']                            | 0         
-----------------------------------------------------------------
Top 10 global LRU repl:
-----------------------------------------------------------------
Idx   | Header                                        | ID        
-----------------------------------------------------------------
1     | ['import Mathlib\nimport Aesop']              | 2d0f5216  
2     | ['import Mathlib\nimport Aesop']              | dc6ba1b5  
3     | ['import Mathlib\nimport Aesop']              | 7ddcceb0  
4     | ['import Mathlib\nimport Aesop']              | 000e65d2  
5     | ['import Mathlib\nimport Aesop']              | ff014d3d  
6     | ['import Mathlib\nimport Aesop']              | 301a8cf7  
7     | ['import Mathlib\nimport Aesop']              | 14b38862  
8     | ['import Mathlib\nimport Aesop']              | b6318fb3  
9     | ['import Mathlib\nimport Aesop']              | aeb60e0d  
10    | ['import Mathlib\nimport Aesop']              | a1b633cc  
...   | ...                                           | ...       
-----------------------------------------------------------------
      | Total                                         | 22        
      | Idle                                          | 22        
      | Create Queue                                  | 0         
      | Close Queue                                   | 0         
      | Cache Hits                                    | 0         
      | Cache Misses                                  | 1         
      | Cache ratio                                   | 0.00      
      | its                                           | 0.06666666666666667
=================================================================
2025-07-15 20:23:03.527 | INFO     | uvicorn.protocols.http.h11_impl:send:473 - 127.0.0.1:37094 - "POST /verify HTTP/1.1" 200
2025-07-15 20:23:04.305 | INFO     | uvicorn.server:shutdown:264 - Shutting down
2025-07-15 20:23:04.407 | INFO     | uvicorn.lifespan.on:shutdown:67 - Waiting for application shutdown.
2025-07-15 20:23:04.412 | INFO     | uvicorn.lifespan.on:shutdown:76 - Application shutdown complete.
2025-07-15 20:23:04.412 | INFO     | uvicorn.server:_serve:94 - Finished server process [38255]
