2025-07-17 18:20:05.948 | INFO     | uvicorn.server:_serve:84 - Started server process [13580]
2025-07-17 18:20:05.949 | INFO     | uvicorn.lifespan.on:startup:48 - Waiting for application startup.
2025-07-17 18:20:06.225 | INFO     | uvicorn.lifespan.on:startup:62 - Application startup complete.
2025-07-17 18:20:06.308 | INFO     | uvicorn.server:_log_started_message:216 - Uvicorn running on http://0.0.0.0:12332 (Press CTRL+C to quit)
2025-07-17 18:20:06.474 | INFO     | uvicorn.protocols.http.h11_impl:send:473 - 127.0.0.1:33644 - "GET / HTTP/1.1" 200
2025-07-17 18:20:06.486 | DEBUG    | server.server:process_one_code_with_repl_fast:213 - [1234] Processing code: {"custom_id": "1234", "proof_header": "", "proof_body": "#check Nat", "timeout": 30}
2025-07-17 18:20:07.488 | INFO     | uvicorn.protocols.http.h11_impl:send:473 - 127.0.0.1:33650 - "POST /verify HTTP/1.1" 200
2025-07-17 18:20:08.787 | INFO     | uvicorn.protocols.http.h11_impl:send:473 - 127.0.0.1:33664 - "GET / HTTP/1.1" 200
2025-07-17 18:20:08.835 | DEBUG    | server.server:process_one_code_with_repl_fast:213 - [lean_workbook_plus_10000] Processing code: {"custom_id": "lean_workbook_plus_10000", "proof_header": "", "proof_body": "theorem lean_workbook_plus_10000 (a b c : \u211d) : (a^2 + 4 * b * c)^(1 / 3) + (b^2 + 4 * a * c)^(1 / 3) + (c^2 + 4 * a * b)^(1 / 3) \u2265 (45 * (a * b + a * c + b * c))^(1 / 3)   :=  by\n  \n  ring_nf\n  nlinarith [sq_nonneg (a + b + c), sq_nonneg (a - b), sq_nonneg (b - c), sq_nonneg (c - a)]", "timeout": 30}
2025-07-17 18:20:10.875 | INFO     | uvicorn.protocols.http.h11_impl:send:473 - 127.0.0.1:33672 - "POST /verify HTTP/1.1" 200
2025-07-17 18:20:14.307 | INFO     | server.server:_repl_creater:41 - Created 22 ['import Mathlib\nimport Aesop'] repls with response [{'env': 0, 'time': 7.302022695541382}, {'env': 0,
2025-07-17 18:20:22.898 | INFO     | utils.repl_cache:print_status:179 - 

=================================================================
Idx   | Header                                        | Pool Size 
-----------------------------------------------------------------
1     | ['import Mathlib\nimport Aesop']              | 22        
-----------------------------------------------------------------
Top 10 global LRU repl:
-----------------------------------------------------------------
Idx   | Header                                        | ID        
-----------------------------------------------------------------
1     | ['import Mathlib\nimport Aesop']              | b06d14e9  
2     | ['import Mathlib\nimport Aesop']              | 4bd9bb25  
3     | ['import Mathlib\nimport Aesop']              | 265decb5  
4     | ['import Mathlib\nimport Aesop']              | 1c94e444  
5     | ['import Mathlib\nimport Aesop']              | a6b92c09  
6     | ['import Mathlib\nimport Aesop']              | 9a7b47e2  
7     | ['import Mathlib\nimport Aesop']              | 8fab27f9  
8     | ['import Mathlib\nimport Aesop']              | 6a628a1d  
9     | ['import Mathlib\nimport Aesop']              | 95b2082c  
10    | ['import Mathlib\nimport Aesop']              | a103e3bd  
...   | ...                                           | ...       
-----------------------------------------------------------------
      | Total                                         | 22        
      | Idle                                          | 22        
      | Create Queue                                  | 0         
      | Close Queue                                   | 0         
      | Cache Hits                                    | 0         
      | Cache Misses                                  | 0         
      | Cache ratio                                   | 0.00      
      | its                                           | 0.0       
=================================================================
2025-07-17 18:20:37.900 | INFO     | utils.repl_cache:print_status:179 - 

=================================================================
Idx   | Header                                        | Pool Size 
-----------------------------------------------------------------
1     | ['import Mathlib\nimport Aesop']              | 22        
-----------------------------------------------------------------
Top 10 global LRU repl:
-----------------------------------------------------------------
Idx   | Header                                        | ID        
-----------------------------------------------------------------
1     | ['import Mathlib\nimport Aesop']              | b06d14e9  
2     | ['import Mathlib\nimport Aesop']              | 4bd9bb25  
3     | ['import Mathlib\nimport Aesop']              | 265decb5  
4     | ['import Mathlib\nimport Aesop']              | 1c94e444  
5     | ['import Mathlib\nimport Aesop']              | a6b92c09  
6     | ['import Mathlib\nimport Aesop']              | 9a7b47e2  
7     | ['import Mathlib\nimport Aesop']              | 8fab27f9  
8     | ['import Mathlib\nimport Aesop']              | 6a628a1d  
9     | ['import Mathlib\nimport Aesop']              | 95b2082c  
10    | ['import Mathlib\nimport Aesop']              | a103e3bd  
...   | ...                                           | ...       
-----------------------------------------------------------------
      | Total                                         | 22        
      | Idle                                          | 22        
      | Create Queue                                  | 0         
      | Close Queue                                   | 0         
      | Cache Hits                                    | 0         
      | Cache Misses                                  | 0         
      | Cache ratio                                   | 0.00      
      | its                                           | 0.0       
=================================================================
2025-07-17 18:20:54.559 | INFO     | utils.repl_cache:print_status:179 - 

=================================================================
Idx   | Header                                        | Pool Size 
-----------------------------------------------------------------
1     | ['import Mathlib\nimport Aesop']              | 22        
-----------------------------------------------------------------
Top 10 global LRU repl:
-----------------------------------------------------------------
Idx   | Header                                        | ID        
-----------------------------------------------------------------
1     | ['import Mathlib\nimport Aesop']              | b06d14e9  
2     | ['import Mathlib\nimport Aesop']              | 4bd9bb25  
3     | ['import Mathlib\nimport Aesop']              | 265decb5  
4     | ['import Mathlib\nimport Aesop']              | 1c94e444  
5     | ['import Mathlib\nimport Aesop']              | a6b92c09  
6     | ['import Mathlib\nimport Aesop']              | 9a7b47e2  
7     | ['import Mathlib\nimport Aesop']              | 8fab27f9  
8     | ['import Mathlib\nimport Aesop']              | 6a628a1d  
9     | ['import Mathlib\nimport Aesop']              | 95b2082c  
10    | ['import Mathlib\nimport Aesop']              | a103e3bd  
...   | ...                                           | ...       
-----------------------------------------------------------------
      | Total                                         | 22        
      | Idle                                          | 22        
      | Create Queue                                  | 0         
      | Close Queue                                   | 0         
      | Cache Hits                                    | 0         
      | Cache Misses                                  | 0         
      | Cache ratio                                   | 0.00      
      | its                                           | 0.0       
=================================================================
2025-07-17 18:21:09.560 | INFO     | utils.repl_cache:print_status:179 - 

=================================================================
Idx   | Header                                        | Pool Size 
-----------------------------------------------------------------
1     | ['import Mathlib\nimport Aesop']              | 22        
-----------------------------------------------------------------
Top 10 global LRU repl:
-----------------------------------------------------------------
Idx   | Header                                        | ID        
-----------------------------------------------------------------
1     | ['import Mathlib\nimport Aesop']              | b06d14e9  
2     | ['import Mathlib\nimport Aesop']              | 4bd9bb25  
3     | ['import Mathlib\nimport Aesop']              | 265decb5  
4     | ['import Mathlib\nimport Aesop']              | 1c94e444  
5     | ['import Mathlib\nimport Aesop']              | a6b92c09  
6     | ['import Mathlib\nimport Aesop']              | 9a7b47e2  
7     | ['import Mathlib\nimport Aesop']              | 8fab27f9  
8     | ['import Mathlib\nimport Aesop']              | 6a628a1d  
9     | ['import Mathlib\nimport Aesop']              | 95b2082c  
10    | ['import Mathlib\nimport Aesop']              | a103e3bd  
...   | ...                                           | ...       
-----------------------------------------------------------------
      | Total                                         | 22        
      | Idle                                          | 22        
      | Create Queue                                  | 0         
      | Close Queue                                   | 0         
      | Cache Hits                                    | 0         
      | Cache Misses                                  | 0         
      | Cache ratio                                   | 0.00      
      | its                                           | 0.0       
=================================================================
2025-07-17 18:21:26.226 | INFO     | utils.repl_cache:print_status:179 - 

=================================================================
Idx   | Header                                        | Pool Size 
-----------------------------------------------------------------
1     | ['import Mathlib\nimport Aesop']              | 22        
-----------------------------------------------------------------
Top 10 global LRU repl:
-----------------------------------------------------------------
Idx   | Header                                        | ID        
-----------------------------------------------------------------
1     | ['import Mathlib\nimport Aesop']              | b06d14e9  
2     | ['import Mathlib\nimport Aesop']              | 4bd9bb25  
3     | ['import Mathlib\nimport Aesop']              | 265decb5  
4     | ['import Mathlib\nimport Aesop']              | 1c94e444  
5     | ['import Mathlib\nimport Aesop']              | a6b92c09  
6     | ['import Mathlib\nimport Aesop']              | 9a7b47e2  
7     | ['import Mathlib\nimport Aesop']              | 8fab27f9  
8     | ['import Mathlib\nimport Aesop']              | 6a628a1d  
9     | ['import Mathlib\nimport Aesop']              | 95b2082c  
10    | ['import Mathlib\nimport Aesop']              | a103e3bd  
...   | ...                                           | ...       
-----------------------------------------------------------------
      | Total                                         | 22        
      | Idle                                          | 22        
      | Create Queue                                  | 0         
      | Close Queue                                   | 0         
      | Cache Hits                                    | 0         
      | Cache Misses                                  | 0         
      | Cache ratio                                   | 0.00      
      | its                                           | 0.0       
=================================================================
2025-07-17 18:21:41.227 | INFO     | utils.repl_cache:print_status:179 - 

=================================================================
Idx   | Header                                        | Pool Size 
-----------------------------------------------------------------
1     | ['import Mathlib\nimport Aesop']              | 22        
-----------------------------------------------------------------
Top 10 global LRU repl:
-----------------------------------------------------------------
Idx   | Header                                        | ID        
-----------------------------------------------------------------
1     | ['import Mathlib\nimport Aesop']              | b06d14e9  
2     | ['import Mathlib\nimport Aesop']              | 4bd9bb25  
3     | ['import Mathlib\nimport Aesop']              | 265decb5  
4     | ['import Mathlib\nimport Aesop']              | 1c94e444  
5     | ['import Mathlib\nimport Aesop']              | a6b92c09  
6     | ['import Mathlib\nimport Aesop']              | 9a7b47e2  
7     | ['import Mathlib\nimport Aesop']              | 8fab27f9  
8     | ['import Mathlib\nimport Aesop']              | 6a628a1d  
9     | ['import Mathlib\nimport Aesop']              | 95b2082c  
10    | ['import Mathlib\nimport Aesop']              | a103e3bd  
...   | ...                                           | ...       
-----------------------------------------------------------------
      | Total                                         | 22        
      | Idle                                          | 22        
      | Create Queue                                  | 0         
      | Close Queue                                   | 0         
      | Cache Hits                                    | 0         
      | Cache Misses                                  | 0         
      | Cache ratio                                   | 0.00      
      | its                                           | 0.0       
=================================================================
2025-07-17 18:21:57.872 | INFO     | utils.repl_cache:print_status:179 - 

=================================================================
Idx   | Header                                        | Pool Size 
-----------------------------------------------------------------
1     | ['import Mathlib\nimport Aesop']              | 22        
-----------------------------------------------------------------
Top 10 global LRU repl:
-----------------------------------------------------------------
Idx   | Header                                        | ID        
-----------------------------------------------------------------
1     | ['import Mathlib\nimport Aesop']              | b06d14e9  
2     | ['import Mathlib\nimport Aesop']              | 4bd9bb25  
3     | ['import Mathlib\nimport Aesop']              | 265decb5  
4     | ['import Mathlib\nimport Aesop']              | 1c94e444  
5     | ['import Mathlib\nimport Aesop']              | a6b92c09  
6     | ['import Mathlib\nimport Aesop']              | 9a7b47e2  
7     | ['import Mathlib\nimport Aesop']              | 8fab27f9  
8     | ['import Mathlib\nimport Aesop']              | 6a628a1d  
9     | ['import Mathlib\nimport Aesop']              | 95b2082c  
10    | ['import Mathlib\nimport Aesop']              | a103e3bd  
...   | ...                                           | ...       
-----------------------------------------------------------------
      | Total                                         | 22        
      | Idle                                          | 22        
      | Create Queue                                  | 0         
      | Close Queue                                   | 0         
      | Cache Hits                                    | 0         
      | Cache Misses                                  | 0         
      | Cache ratio                                   | 0.00      
      | its                                           | 0.0       
=================================================================
2025-07-17 18:22:12.873 | INFO     | utils.repl_cache:print_status:179 - 

=================================================================
Idx   | Header                                        | Pool Size 
-----------------------------------------------------------------
1     | ['import Mathlib\nimport Aesop']              | 22        
-----------------------------------------------------------------
Top 10 global LRU repl:
-----------------------------------------------------------------
Idx   | Header                                        | ID        
-----------------------------------------------------------------
1     | ['import Mathlib\nimport Aesop']              | b06d14e9  
2     | ['import Mathlib\nimport Aesop']              | 4bd9bb25  
3     | ['import Mathlib\nimport Aesop']              | 265decb5  
4     | ['import Mathlib\nimport Aesop']              | 1c94e444  
5     | ['import Mathlib\nimport Aesop']              | a6b92c09  
6     | ['import Mathlib\nimport Aesop']              | 9a7b47e2  
7     | ['import Mathlib\nimport Aesop']              | 8fab27f9  
8     | ['import Mathlib\nimport Aesop']              | 6a628a1d  
9     | ['import Mathlib\nimport Aesop']              | 95b2082c  
10    | ['import Mathlib\nimport Aesop']              | a103e3bd  
...   | ...                                           | ...       
-----------------------------------------------------------------
      | Total                                         | 22        
      | Idle                                          | 22        
      | Create Queue                                  | 0         
      | Close Queue                                   | 0         
      | Cache Hits                                    | 0         
      | Cache Misses                                  | 0         
      | Cache ratio                                   | 0.00      
      | its                                           | 0.0       
=================================================================
2025-07-17 18:22:29.544 | INFO     | utils.repl_cache:print_status:179 - 

=================================================================
Idx   | Header                                        | Pool Size 
-----------------------------------------------------------------
1     | ['import Mathlib\nimport Aesop']              | 22        
-----------------------------------------------------------------
Top 10 global LRU repl:
-----------------------------------------------------------------
Idx   | Header                                        | ID        
-----------------------------------------------------------------
1     | ['import Mathlib\nimport Aesop']              | b06d14e9  
2     | ['import Mathlib\nimport Aesop']              | 4bd9bb25  
3     | ['import Mathlib\nimport Aesop']              | 265decb5  
4     | ['import Mathlib\nimport Aesop']              | 1c94e444  
5     | ['import Mathlib\nimport Aesop']              | a6b92c09  
6     | ['import Mathlib\nimport Aesop']              | 9a7b47e2  
7     | ['import Mathlib\nimport Aesop']              | 8fab27f9  
8     | ['import Mathlib\nimport Aesop']              | 6a628a1d  
9     | ['import Mathlib\nimport Aesop']              | 95b2082c  
10    | ['import Mathlib\nimport Aesop']              | a103e3bd  
...   | ...                                           | ...       
-----------------------------------------------------------------
      | Total                                         | 22        
      | Idle                                          | 22        
      | Create Queue                                  | 0         
      | Close Queue                                   | 0         
      | Cache Hits                                    | 0         
      | Cache Misses                                  | 0         
      | Cache ratio                                   | 0.00      
      | its                                           | 0.0       
=================================================================
2025-07-17 18:22:44.546 | INFO     | utils.repl_cache:print_status:179 - 

=================================================================
Idx   | Header                                        | Pool Size 
-----------------------------------------------------------------
1     | ['import Mathlib\nimport Aesop']              | 22        
-----------------------------------------------------------------
Top 10 global LRU repl:
-----------------------------------------------------------------
Idx   | Header                                        | ID        
-----------------------------------------------------------------
1     | ['import Mathlib\nimport Aesop']              | b06d14e9  
2     | ['import Mathlib\nimport Aesop']              | 4bd9bb25  
3     | ['import Mathlib\nimport Aesop']              | 265decb5  
4     | ['import Mathlib\nimport Aesop']              | 1c94e444  
5     | ['import Mathlib\nimport Aesop']              | a6b92c09  
6     | ['import Mathlib\nimport Aesop']              | 9a7b47e2  
7     | ['import Mathlib\nimport Aesop']              | 8fab27f9  
8     | ['import Mathlib\nimport Aesop']              | 6a628a1d  
9     | ['import Mathlib\nimport Aesop']              | 95b2082c  
10    | ['import Mathlib\nimport Aesop']              | a103e3bd  
...   | ...                                           | ...       
-----------------------------------------------------------------
      | Total                                         | 22        
      | Idle                                          | 22        
      | Create Queue                                  | 0         
      | Close Queue                                   | 0         
      | Cache Hits                                    | 0         
      | Cache Misses                                  | 0         
      | Cache ratio                                   | 0.00      
      | its                                           | 0.0       
=================================================================
2025-07-17 18:23:01.210 | INFO     | utils.repl_cache:print_status:179 - 

=================================================================
Idx   | Header                                        | Pool Size 
-----------------------------------------------------------------
1     | ['import Mathlib\nimport Aesop']              | 22        
-----------------------------------------------------------------
Top 10 global LRU repl:
-----------------------------------------------------------------
Idx   | Header                                        | ID        
-----------------------------------------------------------------
1     | ['import Mathlib\nimport Aesop']              | b06d14e9  
2     | ['import Mathlib\nimport Aesop']              | 4bd9bb25  
3     | ['import Mathlib\nimport Aesop']              | 265decb5  
4     | ['import Mathlib\nimport Aesop']              | 1c94e444  
5     | ['import Mathlib\nimport Aesop']              | a6b92c09  
6     | ['import Mathlib\nimport Aesop']              | 9a7b47e2  
7     | ['import Mathlib\nimport Aesop']              | 8fab27f9  
8     | ['import Mathlib\nimport Aesop']              | 6a628a1d  
9     | ['import Mathlib\nimport Aesop']              | 95b2082c  
10    | ['import Mathlib\nimport Aesop']              | a103e3bd  
...   | ...                                           | ...       
-----------------------------------------------------------------
      | Total                                         | 22        
      | Idle                                          | 22        
      | Create Queue                                  | 0         
      | Close Queue                                   | 0         
      | Cache Hits                                    | 0         
      | Cache Misses                                  | 0         
      | Cache ratio                                   | 0.00      
      | its                                           | 0.0       
=================================================================
2025-07-17 18:23:16.211 | INFO     | utils.repl_cache:print_status:179 - 

=================================================================
Idx   | Header                                        | Pool Size 
-----------------------------------------------------------------
1     | ['import Mathlib\nimport Aesop']              | 22        
-----------------------------------------------------------------
Top 10 global LRU repl:
-----------------------------------------------------------------
Idx   | Header                                        | ID        
-----------------------------------------------------------------
1     | ['import Mathlib\nimport Aesop']              | b06d14e9  
2     | ['import Mathlib\nimport Aesop']              | 4bd9bb25  
3     | ['import Mathlib\nimport Aesop']              | 265decb5  
4     | ['import Mathlib\nimport Aesop']              | 1c94e444  
5     | ['import Mathlib\nimport Aesop']              | a6b92c09  
6     | ['import Mathlib\nimport Aesop']              | 9a7b47e2  
7     | ['import Mathlib\nimport Aesop']              | 8fab27f9  
8     | ['import Mathlib\nimport Aesop']              | 6a628a1d  
9     | ['import Mathlib\nimport Aesop']              | 95b2082c  
10    | ['import Mathlib\nimport Aesop']              | a103e3bd  
...   | ...                                           | ...       
-----------------------------------------------------------------
      | Total                                         | 22        
      | Idle                                          | 22        
      | Create Queue                                  | 0         
      | Close Queue                                   | 0         
      | Cache Hits                                    | 0         
      | Cache Misses                                  | 0         
      | Cache ratio                                   | 0.00      
      | its                                           | 0.0       
=================================================================
2025-07-17 18:23:32.885 | INFO     | utils.repl_cache:print_status:179 - 

=================================================================
Idx   | Header                                        | Pool Size 
-----------------------------------------------------------------
1     | ['import Mathlib\nimport Aesop']              | 22        
-----------------------------------------------------------------
Top 10 global LRU repl:
-----------------------------------------------------------------
Idx   | Header                                        | ID        
-----------------------------------------------------------------
1     | ['import Mathlib\nimport Aesop']              | b06d14e9  
2     | ['import Mathlib\nimport Aesop']              | 4bd9bb25  
3     | ['import Mathlib\nimport Aesop']              | 265decb5  
4     | ['import Mathlib\nimport Aesop']              | 1c94e444  
5     | ['import Mathlib\nimport Aesop']              | a6b92c09  
6     | ['import Mathlib\nimport Aesop']              | 9a7b47e2  
7     | ['import Mathlib\nimport Aesop']              | 8fab27f9  
8     | ['import Mathlib\nimport Aesop']              | 6a628a1d  
9     | ['import Mathlib\nimport Aesop']              | 95b2082c  
10    | ['import Mathlib\nimport Aesop']              | a103e3bd  
...   | ...                                           | ...       
-----------------------------------------------------------------
      | Total                                         | 22        
      | Idle                                          | 22        
      | Create Queue                                  | 0         
      | Close Queue                                   | 0         
      | Cache Hits                                    | 0         
      | Cache Misses                                  | 0         
      | Cache ratio                                   | 0.00      
      | its                                           | 0.0       
=================================================================
2025-07-17 18:23:47.886 | INFO     | utils.repl_cache:print_status:179 - 

=================================================================
Idx   | Header                                        | Pool Size 
-----------------------------------------------------------------
1     | ['import Mathlib\nimport Aesop']              | 22        
-----------------------------------------------------------------
Top 10 global LRU repl:
-----------------------------------------------------------------
Idx   | Header                                        | ID        
-----------------------------------------------------------------
1     | ['import Mathlib\nimport Aesop']              | b06d14e9  
2     | ['import Mathlib\nimport Aesop']              | 4bd9bb25  
3     | ['import Mathlib\nimport Aesop']              | 265decb5  
4     | ['import Mathlib\nimport Aesop']              | 1c94e444  
5     | ['import Mathlib\nimport Aesop']              | a6b92c09  
6     | ['import Mathlib\nimport Aesop']              | 9a7b47e2  
7     | ['import Mathlib\nimport Aesop']              | 8fab27f9  
8     | ['import Mathlib\nimport Aesop']              | 6a628a1d  
9     | ['import Mathlib\nimport Aesop']              | 95b2082c  
10    | ['import Mathlib\nimport Aesop']              | a103e3bd  
...   | ...                                           | ...       
-----------------------------------------------------------------
      | Total                                         | 22        
      | Idle                                          | 22        
      | Create Queue                                  | 0         
      | Close Queue                                   | 0         
      | Cache Hits                                    | 0         
      | Cache Misses                                  | 0         
      | Cache ratio                                   | 0.00      
      | its                                           | 0.0       
=================================================================
2025-07-17 18:24:04.544 | INFO     | utils.repl_cache:print_status:179 - 

=================================================================
Idx   | Header                                        | Pool Size 
-----------------------------------------------------------------
1     | ['import Mathlib\nimport Aesop']              | 22        
-----------------------------------------------------------------
Top 10 global LRU repl:
-----------------------------------------------------------------
Idx   | Header                                        | ID        
-----------------------------------------------------------------
1     | ['import Mathlib\nimport Aesop']              | b06d14e9  
2     | ['import Mathlib\nimport Aesop']              | 4bd9bb25  
3     | ['import Mathlib\nimport Aesop']              | 265decb5  
4     | ['import Mathlib\nimport Aesop']              | 1c94e444  
5     | ['import Mathlib\nimport Aesop']              | a6b92c09  
6     | ['import Mathlib\nimport Aesop']              | 9a7b47e2  
7     | ['import Mathlib\nimport Aesop']              | 8fab27f9  
8     | ['import Mathlib\nimport Aesop']              | 6a628a1d  
9     | ['import Mathlib\nimport Aesop']              | 95b2082c  
10    | ['import Mathlib\nimport Aesop']              | a103e3bd  
...   | ...                                           | ...       
-----------------------------------------------------------------
      | Total                                         | 22        
      | Idle                                          | 22        
      | Create Queue                                  | 0         
      | Close Queue                                   | 0         
      | Cache Hits                                    | 0         
      | Cache Misses                                  | 0         
      | Cache ratio                                   | 0.00      
      | its                                           | 0.0       
=================================================================
2025-07-17 18:24:19.544 | INFO     | utils.repl_cache:print_status:179 - 

=================================================================
Idx   | Header                                        | Pool Size 
-----------------------------------------------------------------
1     | ['import Mathlib\nimport Aesop']              | 22        
-----------------------------------------------------------------
Top 10 global LRU repl:
-----------------------------------------------------------------
Idx   | Header                                        | ID        
-----------------------------------------------------------------
1     | ['import Mathlib\nimport Aesop']              | b06d14e9  
2     | ['import Mathlib\nimport Aesop']              | 4bd9bb25  
3     | ['import Mathlib\nimport Aesop']              | 265decb5  
4     | ['import Mathlib\nimport Aesop']              | 1c94e444  
5     | ['import Mathlib\nimport Aesop']              | a6b92c09  
6     | ['import Mathlib\nimport Aesop']              | 9a7b47e2  
7     | ['import Mathlib\nimport Aesop']              | 8fab27f9  
8     | ['import Mathlib\nimport Aesop']              | 6a628a1d  
9     | ['import Mathlib\nimport Aesop']              | 95b2082c  
10    | ['import Mathlib\nimport Aesop']              | a103e3bd  
...   | ...                                           | ...       
-----------------------------------------------------------------
      | Total                                         | 22        
      | Idle                                          | 22        
      | Create Queue                                  | 0         
      | Close Queue                                   | 0         
      | Cache Hits                                    | 0         
      | Cache Misses                                  | 0         
      | Cache ratio                                   | 0.00      
      | its                                           | 0.0       
=================================================================
2025-07-17 18:24:36.257 | INFO     | utils.repl_cache:print_status:179 - 

=================================================================
Idx   | Header                                        | Pool Size 
-----------------------------------------------------------------
1     | ['import Mathlib\nimport Aesop']              | 22        
-----------------------------------------------------------------
Top 10 global LRU repl:
-----------------------------------------------------------------
Idx   | Header                                        | ID        
-----------------------------------------------------------------
1     | ['import Mathlib\nimport Aesop']              | b06d14e9  
2     | ['import Mathlib\nimport Aesop']              | 4bd9bb25  
3     | ['import Mathlib\nimport Aesop']              | 265decb5  
4     | ['import Mathlib\nimport Aesop']              | 1c94e444  
5     | ['import Mathlib\nimport Aesop']              | a6b92c09  
6     | ['import Mathlib\nimport Aesop']              | 9a7b47e2  
7     | ['import Mathlib\nimport Aesop']              | 8fab27f9  
8     | ['import Mathlib\nimport Aesop']              | 6a628a1d  
9     | ['import Mathlib\nimport Aesop']              | 95b2082c  
10    | ['import Mathlib\nimport Aesop']              | a103e3bd  
...   | ...                                           | ...       
-----------------------------------------------------------------
      | Total                                         | 22        
      | Idle                                          | 22        
      | Create Queue                                  | 0         
      | Close Queue                                   | 0         
      | Cache Hits                                    | 0         
      | Cache Misses                                  | 0         
      | Cache ratio                                   | 0.00      
      | its                                           | 0.0       
=================================================================
2025-07-17 18:24:51.257 | INFO     | utils.repl_cache:print_status:179 - 

=================================================================
Idx   | Header                                        | Pool Size 
-----------------------------------------------------------------
1     | ['import Mathlib\nimport Aesop']              | 22        
-----------------------------------------------------------------
Top 10 global LRU repl:
-----------------------------------------------------------------
Idx   | Header                                        | ID        
-----------------------------------------------------------------
1     | ['import Mathlib\nimport Aesop']              | b06d14e9  
2     | ['import Mathlib\nimport Aesop']              | 4bd9bb25  
3     | ['import Mathlib\nimport Aesop']              | 265decb5  
4     | ['import Mathlib\nimport Aesop']              | 1c94e444  
5     | ['import Mathlib\nimport Aesop']              | a6b92c09  
6     | ['import Mathlib\nimport Aesop']              | 9a7b47e2  
7     | ['import Mathlib\nimport Aesop']              | 8fab27f9  
8     | ['import Mathlib\nimport Aesop']              | 6a628a1d  
9     | ['import Mathlib\nimport Aesop']              | 95b2082c  
10    | ['import Mathlib\nimport Aesop']              | a103e3bd  
...   | ...                                           | ...       
-----------------------------------------------------------------
      | Total                                         | 22        
      | Idle                                          | 22        
      | Create Queue                                  | 0         
      | Close Queue                                   | 0         
      | Cache Hits                                    | 0         
      | Cache Misses                                  | 0         
      | Cache ratio                                   | 0.00      
      | its                                           | 0.0       
=================================================================
2025-07-17 18:25:07.921 | INFO     | utils.repl_cache:print_status:179 - 

=================================================================
Idx   | Header                                        | Pool Size 
-----------------------------------------------------------------
1     | ['import Mathlib\nimport Aesop']              | 22        
-----------------------------------------------------------------
Top 10 global LRU repl:
-----------------------------------------------------------------
Idx   | Header                                        | ID        
-----------------------------------------------------------------
1     | ['import Mathlib\nimport Aesop']              | b06d14e9  
2     | ['import Mathlib\nimport Aesop']              | 4bd9bb25  
3     | ['import Mathlib\nimport Aesop']              | 265decb5  
4     | ['import Mathlib\nimport Aesop']              | 1c94e444  
5     | ['import Mathlib\nimport Aesop']              | a6b92c09  
6     | ['import Mathlib\nimport Aesop']              | 9a7b47e2  
7     | ['import Mathlib\nimport Aesop']              | 8fab27f9  
8     | ['import Mathlib\nimport Aesop']              | 6a628a1d  
9     | ['import Mathlib\nimport Aesop']              | 95b2082c  
10    | ['import Mathlib\nimport Aesop']              | a103e3bd  
...   | ...                                           | ...       
-----------------------------------------------------------------
      | Total                                         | 22        
      | Idle                                          | 22        
      | Create Queue                                  | 0         
      | Close Queue                                   | 0         
      | Cache Hits                                    | 0         
      | Cache Misses                                  | 0         
      | Cache ratio                                   | 0.00      
      | its                                           | 0.0       
=================================================================
2025-07-17 18:25:22.923 | INFO     | utils.repl_cache:print_status:179 - 

=================================================================
Idx   | Header                                        | Pool Size 
-----------------------------------------------------------------
1     | ['import Mathlib\nimport Aesop']              | 22        
-----------------------------------------------------------------
Top 10 global LRU repl:
-----------------------------------------------------------------
Idx   | Header                                        | ID        
-----------------------------------------------------------------
1     | ['import Mathlib\nimport Aesop']              | b06d14e9  
2     | ['import Mathlib\nimport Aesop']              | 4bd9bb25  
3     | ['import Mathlib\nimport Aesop']              | 265decb5  
4     | ['import Mathlib\nimport Aesop']              | 1c94e444  
5     | ['import Mathlib\nimport Aesop']              | a6b92c09  
6     | ['import Mathlib\nimport Aesop']              | 9a7b47e2  
7     | ['import Mathlib\nimport Aesop']              | 8fab27f9  
8     | ['import Mathlib\nimport Aesop']              | 6a628a1d  
9     | ['import Mathlib\nimport Aesop']              | 95b2082c  
10    | ['import Mathlib\nimport Aesop']              | a103e3bd  
...   | ...                                           | ...       
-----------------------------------------------------------------
      | Total                                         | 22        
      | Idle                                          | 22        
      | Create Queue                                  | 0         
      | Close Queue                                   | 0         
      | Cache Hits                                    | 0         
      | Cache Misses                                  | 0         
      | Cache ratio                                   | 0.00      
      | its                                           | 0.0       
=================================================================
2025-07-17 18:25:39.595 | INFO     | utils.repl_cache:print_status:179 - 

=================================================================
Idx   | Header                                        | Pool Size 
-----------------------------------------------------------------
1     | ['import Mathlib\nimport Aesop']              | 22        
-----------------------------------------------------------------
Top 10 global LRU repl:
-----------------------------------------------------------------
Idx   | Header                                        | ID        
-----------------------------------------------------------------
1     | ['import Mathlib\nimport Aesop']              | b06d14e9  
2     | ['import Mathlib\nimport Aesop']              | 4bd9bb25  
3     | ['import Mathlib\nimport Aesop']              | 265decb5  
4     | ['import Mathlib\nimport Aesop']              | 1c94e444  
5     | ['import Mathlib\nimport Aesop']              | a6b92c09  
6     | ['import Mathlib\nimport Aesop']              | 9a7b47e2  
7     | ['import Mathlib\nimport Aesop']              | 8fab27f9  
8     | ['import Mathlib\nimport Aesop']              | 6a628a1d  
9     | ['import Mathlib\nimport Aesop']              | 95b2082c  
10    | ['import Mathlib\nimport Aesop']              | a103e3bd  
...   | ...                                           | ...       
-----------------------------------------------------------------
      | Total                                         | 22        
      | Idle                                          | 22        
      | Create Queue                                  | 0         
      | Close Queue                                   | 0         
      | Cache Hits                                    | 0         
      | Cache Misses                                  | 0         
      | Cache ratio                                   | 0.00      
      | its                                           | 0.0       
=================================================================
2025-07-17 18:25:54.596 | INFO     | utils.repl_cache:print_status:179 - 

=================================================================
Idx   | Header                                        | Pool Size 
-----------------------------------------------------------------
1     | ['import Mathlib\nimport Aesop']              | 22        
-----------------------------------------------------------------
Top 10 global LRU repl:
-----------------------------------------------------------------
Idx   | Header                                        | ID        
-----------------------------------------------------------------
1     | ['import Mathlib\nimport Aesop']              | b06d14e9  
2     | ['import Mathlib\nimport Aesop']              | 4bd9bb25  
3     | ['import Mathlib\nimport Aesop']              | 265decb5  
4     | ['import Mathlib\nimport Aesop']              | 1c94e444  
5     | ['import Mathlib\nimport Aesop']              | a6b92c09  
6     | ['import Mathlib\nimport Aesop']              | 9a7b47e2  
7     | ['import Mathlib\nimport Aesop']              | 8fab27f9  
8     | ['import Mathlib\nimport Aesop']              | 6a628a1d  
9     | ['import Mathlib\nimport Aesop']              | 95b2082c  
10    | ['import Mathlib\nimport Aesop']              | a103e3bd  
...   | ...                                           | ...       
-----------------------------------------------------------------
      | Total                                         | 22        
      | Idle                                          | 22        
      | Create Queue                                  | 0         
      | Close Queue                                   | 0         
      | Cache Hits                                    | 0         
      | Cache Misses                                  | 0         
      | Cache ratio                                   | 0.00      
      | its                                           | 0.0       
=================================================================
2025-07-17 18:26:11.325 | INFO     | utils.repl_cache:print_status:179 - 

=================================================================
Idx   | Header                                        | Pool Size 
-----------------------------------------------------------------
1     | ['import Mathlib\nimport Aesop']              | 22        
-----------------------------------------------------------------
Top 10 global LRU repl:
-----------------------------------------------------------------
Idx   | Header                                        | ID        
-----------------------------------------------------------------
1     | ['import Mathlib\nimport Aesop']              | b06d14e9  
2     | ['import Mathlib\nimport Aesop']              | 4bd9bb25  
3     | ['import Mathlib\nimport Aesop']              | 265decb5  
4     | ['import Mathlib\nimport Aesop']              | 1c94e444  
5     | ['import Mathlib\nimport Aesop']              | a6b92c09  
6     | ['import Mathlib\nimport Aesop']              | 9a7b47e2  
7     | ['import Mathlib\nimport Aesop']              | 8fab27f9  
8     | ['import Mathlib\nimport Aesop']              | 6a628a1d  
9     | ['import Mathlib\nimport Aesop']              | 95b2082c  
10    | ['import Mathlib\nimport Aesop']              | a103e3bd  
...   | ...                                           | ...       
-----------------------------------------------------------------
      | Total                                         | 22        
      | Idle                                          | 22        
      | Create Queue                                  | 0         
      | Close Queue                                   | 0         
      | Cache Hits                                    | 0         
      | Cache Misses                                  | 0         
      | Cache ratio                                   | 0.00      
      | its                                           | 0.0       
=================================================================
2025-07-17 18:26:16.515 | INFO     | uvicorn.protocols.http.h11_impl:send:473 - 127.0.0.1:47258 - "GET / HTTP/1.1" 200
2025-07-17 18:26:16.522 | DEBUG    | server.server:process_one_code_with_repl_fast:213 - [lean_workbook_plus_10000] Processing code: {"custom_id": "lean_workbook_plus_10000", "proof_header": "", "proof_body": "theorem lean_workbook_plus_10000 (a b c : \u211d) : (a^2 + 4 * b * c)^(1 / 3) + (b^2 + 4 * a * c)^(1 / 3) + (c^2 + 4 * a * b)^(1 / 3) \u2265 (45 * (a * b + a * c + b * c))^(1 / 3)   :=  by\n  \n  ring_nf\n  nlinarith [sq_nonneg (a + b + c), sq_nonneg (a - b), sq_nonneg (b - c), sq_nonneg (c - a)]", "timeout": 30}
2025-07-17 18:26:16.963 | INFO     | uvicorn.protocols.http.h11_impl:send:473 - 127.0.0.1:47260 - "POST /verify HTTP/1.1" 200
2025-07-17 18:26:20.524 | INFO     | uvicorn.server:shutdown:264 - Shutting down
2025-07-17 18:26:20.625 | INFO     | uvicorn.lifespan.on:shutdown:67 - Waiting for application shutdown.
2025-07-17 18:26:20.627 | INFO     | uvicorn.lifespan.on:shutdown:76 - Application shutdown complete.
2025-07-17 18:26:20.627 | INFO     | uvicorn.server:_serve:94 - Finished server process [13580]
