2025-07-16 19:44:24.095 | INFO     | uvicorn.server:_serve:84 - Started server process [2697]
2025-07-16 19:44:24.096 | INFO     | uvicorn.lifespan.on:startup:48 - Waiting for application startup.
2025-07-16 19:44:24.440 | INFO     | uvicorn.lifespan.on:startup:62 - Application startup complete.
2025-07-16 19:44:24.538 | INFO     | uvicorn.server:_log_started_message:216 - Uvicorn running on http://0.0.0.0:12332 (Press CTRL+C to quit)
2025-07-16 19:44:26.501 | INFO     | uvicorn.protocols.http.h11_impl:send:473 - 127.0.0.1:46660 - "GET / HTTP/1.1" 200
2025-07-16 19:44:26.519 | DEBUG    | server.server:process_one_code_with_repl_fast:213 - [1234] Processing code: {"custom_id": "1234", "proof_header": "", "proof_body": "#check Nat", "timeout": 30}
2025-07-16 19:44:27.437 | INFO     | uvicorn.protocols.http.h11_impl:send:473 - 127.0.0.1:46672 - "POST /verify HTTP/1.1" 200
2025-07-16 19:44:28.498 | INFO     | uvicorn.protocols.http.h11_impl:send:473 - 127.0.0.1:36594 - "GET / HTTP/1.1" 200
2025-07-16 19:44:30.412 | DEBUG    | server.server:process_one_code_with_repl_fast:213 - [lean_workbook_plus_2] Processing code: {"custom_id": "lean_workbook_plus_2", "proof_header": "import Mathlib\nimport Aesop", "proof_body": "set_option maxHeartbeats 0\n\nopen BigOperators Real Nat Topology Rat\ntheorem lean_workbook_plus_2 (x : \u211d) : x^2 - 2*x - 24 < 0 \u2194 x \u2208 Set.Ioo (-4) 6   :=  by\nconstructor\n  intro hx\n  constructor\n  nlinarith [hx]\n  nlinarith [hx]\n  rintro \u27e8h1, h2\u27e9\n  nlinarith", "timeout": 30}
2025-07-16 19:44:34.443 | INFO     | server.server:_repl_creater:41 - Created 22 ['import Mathlib\nimport Aesop'] repls with response [{'env': 0, 'time': 7.516793489456177}, {'env': 0,
2025-07-16 19:44:35.940 | INFO     | uvicorn.protocols.http.h11_impl:send:473 - 127.0.0.1:36610 - "POST /verify HTTP/1.1" 200
2025-07-16 19:44:36.754 | INFO     | utils.repl_cache:print_status:179 - 

=================================================================
Idx   | Header                                        | Pool Size 
-----------------------------------------------------------------
1     | ['import Mathlib\nimport Aesop']              | 23        
-----------------------------------------------------------------
Top 10 global LRU repl:
-----------------------------------------------------------------
Idx   | Header                                        | ID        
-----------------------------------------------------------------
1     | ['import Mathlib\nimport Aesop']              | a45546ff  
2     | ['import Mathlib\nimport Aesop']              | 332b4499  
3     | ['import Mathlib\nimport Aesop']              | 38b322d9  
4     | ['import Mathlib\nimport Aesop']              | 42662867  
5     | ['import Mathlib\nimport Aesop']              | 816045da  
6     | ['import Mathlib\nimport Aesop']              | 75afe511  
7     | ['import Mathlib\nimport Aesop']              | a02b2a58  
8     | ['import Mathlib\nimport Aesop']              | bdd7515e  
9     | ['import Mathlib\nimport Aesop']              | a3f26e4e  
10    | ['import Mathlib\nimport Aesop']              | f6d36e65  
...   | ...                                           | ...       
-----------------------------------------------------------------
      | Total                                         | 23        
      | Idle                                          | 23        
      | Create Queue                                  | 0         
      | Close Queue                                   | 0         
      | Cache Hits                                    | 0         
      | Cache Misses                                  | 1         
      | Cache ratio                                   | 0.00      
      | its                                           | 0.06666666666666667
=================================================================
2025-07-16 19:44:44.448 | INFO     | utils.repl_cache:evict_if_needed:67 - Succesfully evicted header ['import Mathlib\nimport Aesop with id e0767bcc-455d-4dd7-a99f-75c87a4900fd
2025-07-16 19:44:44.518 | INFO     | server.server:_repl_cleaner:62 - Closed e0767bcc-455d-4dd7-a99f-75c87a4900fd repl
2025-07-16 19:44:51.765 | INFO     | utils.repl_cache:print_status:179 - 

=================================================================
Idx   | Header                                        | Pool Size 
-----------------------------------------------------------------
1     | ['import Mathlib\nimport Aesop']              | 22        
-----------------------------------------------------------------
Top 10 global LRU repl:
-----------------------------------------------------------------
Idx   | Header                                        | ID        
-----------------------------------------------------------------
1     | ['import Mathlib\nimport Aesop']              | a45546ff  
2     | ['import Mathlib\nimport Aesop']              | 332b4499  
3     | ['import Mathlib\nimport Aesop']              | 38b322d9  
4     | ['import Mathlib\nimport Aesop']              | 42662867  
5     | ['import Mathlib\nimport Aesop']              | 816045da  
6     | ['import Mathlib\nimport Aesop']              | 75afe511  
7     | ['import Mathlib\nimport Aesop']              | a02b2a58  
8     | ['import Mathlib\nimport Aesop']              | bdd7515e  
9     | ['import Mathlib\nimport Aesop']              | a3f26e4e  
10    | ['import Mathlib\nimport Aesop']              | f6d36e65  
...   | ...                                           | ...       
-----------------------------------------------------------------
      | Total                                         | 22        
      | Idle                                          | 22        
      | Create Queue                                  | 0         
      | Close Queue                                   | 0         
      | Cache Hits                                    | 0         
      | Cache Misses                                  | 0         
      | Cache ratio                                   | 0.00      
      | its                                           | 0.0       
=================================================================
2025-07-16 19:45:04.102 | INFO     | utils.repl_cache:print_status:179 - 

=================================================================
Idx   | Header                                        | Pool Size 
-----------------------------------------------------------------
1     | ['import Mathlib\nimport Aesop']              | 22        
-----------------------------------------------------------------
Top 10 global LRU repl:
-----------------------------------------------------------------
Idx   | Header                                        | ID        
-----------------------------------------------------------------
1     | ['import Mathlib\nimport Aesop']              | a45546ff  
2     | ['import Mathlib\nimport Aesop']              | 332b4499  
3     | ['import Mathlib\nimport Aesop']              | 38b322d9  
4     | ['import Mathlib\nimport Aesop']              | 42662867  
5     | ['import Mathlib\nimport Aesop']              | 816045da  
6     | ['import Mathlib\nimport Aesop']              | 75afe511  
7     | ['import Mathlib\nimport Aesop']              | a02b2a58  
8     | ['import Mathlib\nimport Aesop']              | bdd7515e  
9     | ['import Mathlib\nimport Aesop']              | a3f26e4e  
10    | ['import Mathlib\nimport Aesop']              | f6d36e65  
...   | ...                                           | ...       
-----------------------------------------------------------------
      | Total                                         | 22        
      | Idle                                          | 22        
      | Create Queue                                  | 0         
      | Close Queue                                   | 0         
      | Cache Hits                                    | 0         
      | Cache Misses                                  | 0         
      | Cache ratio                                   | 0.00      
      | its                                           | 0.0       
=================================================================
2025-07-16 19:45:05.843 | INFO     | uvicorn.protocols.http.h11_impl:send:473 - 127.0.0.1:38674 - "GET / HTTP/1.1" 200
2025-07-16 19:45:07.779 | DEBUG    | server.server:process_one_code_with_repl_fast:213 - [lean_workbook_plus_2] Processing code: {"custom_id": "lean_workbook_plus_2", "proof_header": "import Mathlib\nimport Aesop", "proof_body": "set_option maxHeartbeats 0\n\nopen BigOperators Real Nat Topology Rat\ntheorem lean_workbook_plus_2 (x : \u211d) : x^2 - 2*x - 24 < 0 \u2194 x \u2208 Set.Ioo (-4) 6   :=  by\nconstructor\n  intro hx\n  constructor\n  nlinarith [hx]\n  nlinarith [hx]\n  rintro \u27e8h1, h2\u27e9\n  nlinarith", "timeout": 30}
2025-07-16 19:45:07.828 | INFO     | uvicorn.protocols.http.h11_impl:send:473 - 127.0.0.1:38676 - "POST /verify HTTP/1.1" 200
2025-07-16 19:45:19.104 | INFO     | utils.repl_cache:print_status:179 - 

=================================================================
Idx   | Header                                        | Pool Size 
-----------------------------------------------------------------
1     | ['import Mathlib\nimport Aesop']              | 22        
-----------------------------------------------------------------
Top 10 global LRU repl:
-----------------------------------------------------------------
Idx   | Header                                        | ID        
-----------------------------------------------------------------
1     | ['import Mathlib\nimport Aesop']              | a45546ff  
2     | ['import Mathlib\nimport Aesop']              | 332b4499  
3     | ['import Mathlib\nimport Aesop']              | 38b322d9  
4     | ['import Mathlib\nimport Aesop']              | 42662867  
5     | ['import Mathlib\nimport Aesop']              | 816045da  
6     | ['import Mathlib\nimport Aesop']              | 75afe511  
7     | ['import Mathlib\nimport Aesop']              | a02b2a58  
8     | ['import Mathlib\nimport Aesop']              | bdd7515e  
9     | ['import Mathlib\nimport Aesop']              | a3f26e4e  
10    | ['import Mathlib\nimport Aesop']              | f6d36e65  
...   | ...                                           | ...       
-----------------------------------------------------------------
      | Total                                         | 22        
      | Idle                                          | 22        
      | Create Queue                                  | 0         
      | Close Queue                                   | 0         
      | Cache Hits                                    | 1         
      | Cache Misses                                  | 0         
      | Cache ratio                                   | 0.50      
      | its                                           | 0.06666666666666667
=================================================================
2025-07-16 19:45:31.412 | INFO     | utils.repl_cache:print_status:179 - 

=================================================================
Idx   | Header                                        | Pool Size 
-----------------------------------------------------------------
1     | ['import Mathlib\nimport Aesop']              | 22        
-----------------------------------------------------------------
Top 10 global LRU repl:
-----------------------------------------------------------------
Idx   | Header                                        | ID        
-----------------------------------------------------------------
1     | ['import Mathlib\nimport Aesop']              | a45546ff  
2     | ['import Mathlib\nimport Aesop']              | 332b4499  
3     | ['import Mathlib\nimport Aesop']              | 38b322d9  
4     | ['import Mathlib\nimport Aesop']              | 42662867  
5     | ['import Mathlib\nimport Aesop']              | 816045da  
6     | ['import Mathlib\nimport Aesop']              | 75afe511  
7     | ['import Mathlib\nimport Aesop']              | a02b2a58  
8     | ['import Mathlib\nimport Aesop']              | bdd7515e  
9     | ['import Mathlib\nimport Aesop']              | a3f26e4e  
10    | ['import Mathlib\nimport Aesop']              | f6d36e65  
...   | ...                                           | ...       
-----------------------------------------------------------------
      | Total                                         | 22        
      | Idle                                          | 22        
      | Create Queue                                  | 0         
      | Close Queue                                   | 0         
      | Cache Hits                                    | 0         
      | Cache Misses                                  | 0         
      | Cache ratio                                   | 0.00      
      | its                                           | 0.0       
=================================================================
2025-07-16 19:45:46.420 | INFO     | utils.repl_cache:print_status:179 - 

=================================================================
Idx   | Header                                        | Pool Size 
-----------------------------------------------------------------
1     | ['import Mathlib\nimport Aesop']              | 22        
-----------------------------------------------------------------
Top 10 global LRU repl:
-----------------------------------------------------------------
Idx   | Header                                        | ID        
-----------------------------------------------------------------
1     | ['import Mathlib\nimport Aesop']              | a45546ff  
2     | ['import Mathlib\nimport Aesop']              | 332b4499  
3     | ['import Mathlib\nimport Aesop']              | 38b322d9  
4     | ['import Mathlib\nimport Aesop']              | 42662867  
5     | ['import Mathlib\nimport Aesop']              | 816045da  
6     | ['import Mathlib\nimport Aesop']              | 75afe511  
7     | ['import Mathlib\nimport Aesop']              | a02b2a58  
8     | ['import Mathlib\nimport Aesop']              | bdd7515e  
9     | ['import Mathlib\nimport Aesop']              | a3f26e4e  
10    | ['import Mathlib\nimport Aesop']              | f6d36e65  
...   | ...                                           | ...       
-----------------------------------------------------------------
      | Total                                         | 22        
      | Idle                                          | 22        
      | Create Queue                                  | 0         
      | Close Queue                                   | 0         
      | Cache Hits                                    | 0         
      | Cache Misses                                  | 0         
      | Cache ratio                                   | 0.00      
      | its                                           | 0.0       
=================================================================
2025-07-16 19:45:58.742 | INFO     | utils.repl_cache:print_status:179 - 

=================================================================
Idx   | Header                                        | Pool Size 
-----------------------------------------------------------------
1     | ['import Mathlib\nimport Aesop']              | 22        
-----------------------------------------------------------------
Top 10 global LRU repl:
-----------------------------------------------------------------
Idx   | Header                                        | ID        
-----------------------------------------------------------------
1     | ['import Mathlib\nimport Aesop']              | a45546ff  
2     | ['import Mathlib\nimport Aesop']              | 332b4499  
3     | ['import Mathlib\nimport Aesop']              | 38b322d9  
4     | ['import Mathlib\nimport Aesop']              | 42662867  
5     | ['import Mathlib\nimport Aesop']              | 816045da  
6     | ['import Mathlib\nimport Aesop']              | 75afe511  
7     | ['import Mathlib\nimport Aesop']              | a02b2a58  
8     | ['import Mathlib\nimport Aesop']              | bdd7515e  
9     | ['import Mathlib\nimport Aesop']              | a3f26e4e  
10    | ['import Mathlib\nimport Aesop']              | f6d36e65  
...   | ...                                           | ...       
-----------------------------------------------------------------
      | Total                                         | 22        
      | Idle                                          | 22        
      | Create Queue                                  | 0         
      | Close Queue                                   | 0         
      | Cache Hits                                    | 0         
      | Cache Misses                                  | 0         
      | Cache ratio                                   | 0.00      
      | its                                           | 0.0       
=================================================================
2025-07-16 19:46:13.747 | INFO     | utils.repl_cache:print_status:179 - 

=================================================================
Idx   | Header                                        | Pool Size 
-----------------------------------------------------------------
1     | ['import Mathlib\nimport Aesop']              | 22        
-----------------------------------------------------------------
Top 10 global LRU repl:
-----------------------------------------------------------------
Idx   | Header                                        | ID        
-----------------------------------------------------------------
1     | ['import Mathlib\nimport Aesop']              | a45546ff  
2     | ['import Mathlib\nimport Aesop']              | 332b4499  
3     | ['import Mathlib\nimport Aesop']              | 38b322d9  
4     | ['import Mathlib\nimport Aesop']              | 42662867  
5     | ['import Mathlib\nimport Aesop']              | 816045da  
6     | ['import Mathlib\nimport Aesop']              | 75afe511  
7     | ['import Mathlib\nimport Aesop']              | a02b2a58  
8     | ['import Mathlib\nimport Aesop']              | bdd7515e  
9     | ['import Mathlib\nimport Aesop']              | a3f26e4e  
10    | ['import Mathlib\nimport Aesop']              | f6d36e65  
...   | ...                                           | ...       
-----------------------------------------------------------------
      | Total                                         | 22        
      | Idle                                          | 22        
      | Create Queue                                  | 0         
      | Close Queue                                   | 0         
      | Cache Hits                                    | 0         
      | Cache Misses                                  | 0         
      | Cache ratio                                   | 0.00      
      | its                                           | 0.0       
=================================================================
2025-07-16 19:46:16.797 | INFO     | uvicorn.protocols.http.h11_impl:send:473 - 127.0.0.1:48834 - "GET / HTTP/1.1" 200
2025-07-16 19:46:18.588 | DEBUG    | server.server:process_one_code_with_repl_fast:213 - [lean_workbook_plus_2] Processing code: {"custom_id": "lean_workbook_plus_2", "proof_header": "import Mathlib\nimport Aesop", "proof_body": "set_option maxHeartbeats 0\n\nopen BigOperators Real Nat Topology Rat\ntheorem lean_workbook_plus_2 (x : \u211d) : x^2 - 2*x - 24 < 0 \u2194 x \u2208 Set.Ioo (-4) 6   :=  by\nconstructor\n  intro hx\n  constructor\n  nlinarith [hx]\n  nlinarith [hx]\n  rintro \u27e8h1, h2\u27e9\n  nlinarith", "timeout": 30}
2025-07-16 19:46:18.619 | INFO     | uvicorn.protocols.http.h11_impl:send:473 - 127.0.0.1:48844 - "POST /verify HTTP/1.1" 200
2025-07-16 19:46:26.067 | INFO     | utils.repl_cache:print_status:179 - 

=================================================================
Idx   | Header                                        | Pool Size 
-----------------------------------------------------------------
1     | ['import Mathlib\nimport Aesop']              | 22        
-----------------------------------------------------------------
Top 10 global LRU repl:
-----------------------------------------------------------------
Idx   | Header                                        | ID        
-----------------------------------------------------------------
1     | ['import Mathlib\nimport Aesop']              | a45546ff  
2     | ['import Mathlib\nimport Aesop']              | 332b4499  
3     | ['import Mathlib\nimport Aesop']              | 38b322d9  
4     | ['import Mathlib\nimport Aesop']              | 42662867  
5     | ['import Mathlib\nimport Aesop']              | 816045da  
6     | ['import Mathlib\nimport Aesop']              | 75afe511  
7     | ['import Mathlib\nimport Aesop']              | a02b2a58  
8     | ['import Mathlib\nimport Aesop']              | bdd7515e  
9     | ['import Mathlib\nimport Aesop']              | a3f26e4e  
10    | ['import Mathlib\nimport Aesop']              | f6d36e65  
...   | ...                                           | ...       
-----------------------------------------------------------------
      | Total                                         | 22        
      | Idle                                          | 22        
      | Create Queue                                  | 0         
      | Close Queue                                   | 0         
      | Cache Hits                                    | 1         
      | Cache Misses                                  | 0         
      | Cache ratio                                   | 0.50      
      | its                                           | 0.06666666666666667
=================================================================
2025-07-16 19:46:35.638 | INFO     | uvicorn.protocols.http.h11_impl:send:473 - 127.0.0.1:42874 - "GET / HTTP/1.1" 200
2025-07-16 19:46:37.347 | DEBUG    | server.server:process_one_code_with_repl_fast:213 - [lean_workbook_plus_2] Processing code: {"custom_id": "lean_workbook_plus_2", "proof_header": "import Mathlib\nimport Aesop", "proof_body": "set_option maxHeartbeats 0\n\nopen BigOperators Real Nat Topology Rat\ntheorem lean_workbook_plus_2 (x : \u211d) : x^2 - 2*x - 24 < 0 \u2194 x \u2208 Set.Ioo (-4) 6   :=  by\nconstructor\n  intro hx\n  constructor\n  nlinarith [hx]\n  nlinarith [hx]\n  rintro \u27e8h1, h2\u27e9\n  nlinarith", "timeout": 30}
2025-07-16 19:46:37.373 | INFO     | uvicorn.protocols.http.h11_impl:send:473 - 127.0.0.1:42884 - "POST /verify HTTP/1.1" 200
2025-07-16 19:46:41.071 | INFO     | utils.repl_cache:print_status:179 - 

=================================================================
Idx   | Header                                        | Pool Size 
-----------------------------------------------------------------
1     | ['import Mathlib\nimport Aesop']              | 22        
-----------------------------------------------------------------
Top 10 global LRU repl:
-----------------------------------------------------------------
Idx   | Header                                        | ID        
-----------------------------------------------------------------
1     | ['import Mathlib\nimport Aesop']              | a45546ff  
2     | ['import Mathlib\nimport Aesop']              | 332b4499  
3     | ['import Mathlib\nimport Aesop']              | 38b322d9  
4     | ['import Mathlib\nimport Aesop']              | 42662867  
5     | ['import Mathlib\nimport Aesop']              | 816045da  
6     | ['import Mathlib\nimport Aesop']              | 75afe511  
7     | ['import Mathlib\nimport Aesop']              | a02b2a58  
8     | ['import Mathlib\nimport Aesop']              | bdd7515e  
9     | ['import Mathlib\nimport Aesop']              | a3f26e4e  
10    | ['import Mathlib\nimport Aesop']              | f6d36e65  
...   | ...                                           | ...       
-----------------------------------------------------------------
      | Total                                         | 22        
      | Idle                                          | 22        
      | Create Queue                                  | 0         
      | Close Queue                                   | 0         
      | Cache Hits                                    | 1         
      | Cache Misses                                  | 0         
      | Cache ratio                                   | 0.50      
      | its                                           | 0.06666666666666667
=================================================================
2025-07-16 19:46:53.355 | INFO     | utils.repl_cache:print_status:179 - 

=================================================================
Idx   | Header                                        | Pool Size 
-----------------------------------------------------------------
1     | ['import Mathlib\nimport Aesop']              | 22        
-----------------------------------------------------------------
Top 10 global LRU repl:
-----------------------------------------------------------------
Idx   | Header                                        | ID        
-----------------------------------------------------------------
1     | ['import Mathlib\nimport Aesop']              | a45546ff  
2     | ['import Mathlib\nimport Aesop']              | 332b4499  
3     | ['import Mathlib\nimport Aesop']              | 38b322d9  
4     | ['import Mathlib\nimport Aesop']              | 42662867  
5     | ['import Mathlib\nimport Aesop']              | 816045da  
6     | ['import Mathlib\nimport Aesop']              | 75afe511  
7     | ['import Mathlib\nimport Aesop']              | a02b2a58  
8     | ['import Mathlib\nimport Aesop']              | bdd7515e  
9     | ['import Mathlib\nimport Aesop']              | a3f26e4e  
10    | ['import Mathlib\nimport Aesop']              | f6d36e65  
...   | ...                                           | ...       
-----------------------------------------------------------------
      | Total                                         | 22        
      | Idle                                          | 22        
      | Create Queue                                  | 0         
      | Close Queue                                   | 0         
      | Cache Hits                                    | 0         
      | Cache Misses                                  | 0         
      | Cache ratio                                   | 0.00      
      | its                                           | 0.0       
=================================================================
2025-07-16 19:47:08.361 | INFO     | utils.repl_cache:print_status:179 - 

=================================================================
Idx   | Header                                        | Pool Size 
-----------------------------------------------------------------
1     | ['import Mathlib\nimport Aesop']              | 22        
-----------------------------------------------------------------
Top 10 global LRU repl:
-----------------------------------------------------------------
Idx   | Header                                        | ID        
-----------------------------------------------------------------
1     | ['import Mathlib\nimport Aesop']              | a45546ff  
2     | ['import Mathlib\nimport Aesop']              | 332b4499  
3     | ['import Mathlib\nimport Aesop']              | 38b322d9  
4     | ['import Mathlib\nimport Aesop']              | 42662867  
5     | ['import Mathlib\nimport Aesop']              | 816045da  
6     | ['import Mathlib\nimport Aesop']              | 75afe511  
7     | ['import Mathlib\nimport Aesop']              | a02b2a58  
8     | ['import Mathlib\nimport Aesop']              | bdd7515e  
9     | ['import Mathlib\nimport Aesop']              | a3f26e4e  
10    | ['import Mathlib\nimport Aesop']              | f6d36e65  
...   | ...                                           | ...       
-----------------------------------------------------------------
      | Total                                         | 22        
      | Idle                                          | 22        
      | Create Queue                                  | 0         
      | Close Queue                                   | 0         
      | Cache Hits                                    | 0         
      | Cache Misses                                  | 0         
      | Cache ratio                                   | 0.00      
      | its                                           | 0.0       
=================================================================
2025-07-16 19:47:20.690 | INFO     | utils.repl_cache:print_status:179 - 

=================================================================
Idx   | Header                                        | Pool Size 
-----------------------------------------------------------------
1     | ['import Mathlib\nimport Aesop']              | 22        
-----------------------------------------------------------------
Top 10 global LRU repl:
-----------------------------------------------------------------
Idx   | Header                                        | ID        
-----------------------------------------------------------------
1     | ['import Mathlib\nimport Aesop']              | a45546ff  
2     | ['import Mathlib\nimport Aesop']              | 332b4499  
3     | ['import Mathlib\nimport Aesop']              | 38b322d9  
4     | ['import Mathlib\nimport Aesop']              | 42662867  
5     | ['import Mathlib\nimport Aesop']              | 816045da  
6     | ['import Mathlib\nimport Aesop']              | 75afe511  
7     | ['import Mathlib\nimport Aesop']              | a02b2a58  
8     | ['import Mathlib\nimport Aesop']              | bdd7515e  
9     | ['import Mathlib\nimport Aesop']              | a3f26e4e  
10    | ['import Mathlib\nimport Aesop']              | f6d36e65  
...   | ...                                           | ...       
-----------------------------------------------------------------
      | Total                                         | 22        
      | Idle                                          | 22        
      | Create Queue                                  | 0         
      | Close Queue                                   | 0         
      | Cache Hits                                    | 0         
      | Cache Misses                                  | 0         
      | Cache ratio                                   | 0.00      
      | its                                           | 0.0       
=================================================================
2025-07-16 19:47:35.693 | INFO     | utils.repl_cache:print_status:179 - 

=================================================================
Idx   | Header                                        | Pool Size 
-----------------------------------------------------------------
1     | ['import Mathlib\nimport Aesop']              | 22        
-----------------------------------------------------------------
Top 10 global LRU repl:
-----------------------------------------------------------------
Idx   | Header                                        | ID        
-----------------------------------------------------------------
1     | ['import Mathlib\nimport Aesop']              | a45546ff  
2     | ['import Mathlib\nimport Aesop']              | 332b4499  
3     | ['import Mathlib\nimport Aesop']              | 38b322d9  
4     | ['import Mathlib\nimport Aesop']              | 42662867  
5     | ['import Mathlib\nimport Aesop']              | 816045da  
6     | ['import Mathlib\nimport Aesop']              | 75afe511  
7     | ['import Mathlib\nimport Aesop']              | a02b2a58  
8     | ['import Mathlib\nimport Aesop']              | bdd7515e  
9     | ['import Mathlib\nimport Aesop']              | a3f26e4e  
10    | ['import Mathlib\nimport Aesop']              | f6d36e65  
...   | ...                                           | ...       
-----------------------------------------------------------------
      | Total                                         | 22        
      | Idle                                          | 22        
      | Create Queue                                  | 0         
      | Close Queue                                   | 0         
      | Cache Hits                                    | 0         
      | Cache Misses                                  | 0         
      | Cache ratio                                   | 0.00      
      | its                                           | 0.0       
=================================================================
2025-07-16 19:47:44.395 | INFO     | uvicorn.protocols.http.h11_impl:send:473 - 127.0.0.1:45930 - "GET / HTTP/1.1" 200
2025-07-16 19:47:48.047 | INFO     | utils.repl_cache:print_status:179 - 

=================================================================
Idx   | Header                                        | Pool Size 
-----------------------------------------------------------------
1     | ['import Mathlib\nimport Aesop']              | 22        
-----------------------------------------------------------------
Top 10 global LRU repl:
-----------------------------------------------------------------
Idx   | Header                                        | ID        
-----------------------------------------------------------------
1     | ['import Mathlib\nimport Aesop']              | a45546ff  
2     | ['import Mathlib\nimport Aesop']              | 332b4499  
3     | ['import Mathlib\nimport Aesop']              | 38b322d9  
4     | ['import Mathlib\nimport Aesop']              | 42662867  
5     | ['import Mathlib\nimport Aesop']              | 816045da  
6     | ['import Mathlib\nimport Aesop']              | 75afe511  
7     | ['import Mathlib\nimport Aesop']              | a02b2a58  
8     | ['import Mathlib\nimport Aesop']              | bdd7515e  
9     | ['import Mathlib\nimport Aesop']              | a3f26e4e  
10    | ['import Mathlib\nimport Aesop']              | f6d36e65  
...   | ...                                           | ...       
-----------------------------------------------------------------
      | Total                                         | 22        
      | Idle                                          | 22        
      | Create Queue                                  | 0         
      | Close Queue                                   | 0         
      | Cache Hits                                    | 0         
      | Cache Misses                                  | 0         
      | Cache ratio                                   | 0.00      
      | its                                           | 0.0       
=================================================================
2025-07-16 19:48:03.049 | INFO     | utils.repl_cache:print_status:179 - 

=================================================================
Idx   | Header                                        | Pool Size 
-----------------------------------------------------------------
1     | ['import Mathlib\nimport Aesop']              | 22        
-----------------------------------------------------------------
Top 10 global LRU repl:
-----------------------------------------------------------------
Idx   | Header                                        | ID        
-----------------------------------------------------------------
1     | ['import Mathlib\nimport Aesop']              | a45546ff  
2     | ['import Mathlib\nimport Aesop']              | 332b4499  
3     | ['import Mathlib\nimport Aesop']              | 38b322d9  
4     | ['import Mathlib\nimport Aesop']              | 42662867  
5     | ['import Mathlib\nimport Aesop']              | 816045da  
6     | ['import Mathlib\nimport Aesop']              | 75afe511  
7     | ['import Mathlib\nimport Aesop']              | a02b2a58  
8     | ['import Mathlib\nimport Aesop']              | bdd7515e  
9     | ['import Mathlib\nimport Aesop']              | a3f26e4e  
10    | ['import Mathlib\nimport Aesop']              | f6d36e65  
...   | ...                                           | ...       
-----------------------------------------------------------------
      | Total                                         | 22        
      | Idle                                          | 22        
      | Create Queue                                  | 0         
      | Close Queue                                   | 0         
      | Cache Hits                                    | 0         
      | Cache Misses                                  | 0         
      | Cache ratio                                   | 0.00      
      | its                                           | 0.0       
=================================================================
2025-07-16 19:48:15.372 | INFO     | utils.repl_cache:print_status:179 - 

=================================================================
Idx   | Header                                        | Pool Size 
-----------------------------------------------------------------
1     | ['import Mathlib\nimport Aesop']              | 22        
-----------------------------------------------------------------
Top 10 global LRU repl:
-----------------------------------------------------------------
Idx   | Header                                        | ID        
-----------------------------------------------------------------
1     | ['import Mathlib\nimport Aesop']              | a45546ff  
2     | ['import Mathlib\nimport Aesop']              | 332b4499  
3     | ['import Mathlib\nimport Aesop']              | 38b322d9  
4     | ['import Mathlib\nimport Aesop']              | 42662867  
5     | ['import Mathlib\nimport Aesop']              | 816045da  
6     | ['import Mathlib\nimport Aesop']              | 75afe511  
7     | ['import Mathlib\nimport Aesop']              | a02b2a58  
8     | ['import Mathlib\nimport Aesop']              | bdd7515e  
9     | ['import Mathlib\nimport Aesop']              | a3f26e4e  
10    | ['import Mathlib\nimport Aesop']              | f6d36e65  
...   | ...                                           | ...       
-----------------------------------------------------------------
      | Total                                         | 22        
      | Idle                                          | 22        
      | Create Queue                                  | 0         
      | Close Queue                                   | 0         
      | Cache Hits                                    | 0         
      | Cache Misses                                  | 0         
      | Cache ratio                                   | 0.00      
      | its                                           | 0.0       
=================================================================
2025-07-16 19:48:27.156 | INFO     | uvicorn.protocols.http.h11_impl:send:473 - 127.0.0.1:54450 - "GET / HTTP/1.1" 200
2025-07-16 19:48:29.374 | DEBUG    | server.server:process_one_code_with_repl_fast:213 - [lean_workbook_plus_2] Processing code: {"custom_id": "lean_workbook_plus_2", "proof_header": "import Mathlib\nimport Aesop", "proof_body": "set_option maxHeartbeats 0\n\nopen BigOperators Real Nat Topology Rat\ntheorem lean_workbook_plus_2 (x : \u211d) : x^2 - 2*x - 24 < 0 \u2194 x \u2208 Set.Ioo (-4) 6   :=  by\nconstructor\n  intro hx\n  constructor\n  nlinarith [hx]\n  nlinarith [hx]\n  rintro \u27e8h1, h2\u27e9\n  nlinarith", "timeout": 30}
2025-07-16 19:48:29.404 | INFO     | uvicorn.protocols.http.h11_impl:send:473 - 127.0.0.1:54464 - "POST /verify HTTP/1.1" 200
2025-07-16 19:48:30.373 | INFO     | utils.repl_cache:print_status:179 - 

=================================================================
Idx   | Header                                        | Pool Size 
-----------------------------------------------------------------
1     | ['import Mathlib\nimport Aesop']              | 22        
-----------------------------------------------------------------
Top 10 global LRU repl:
-----------------------------------------------------------------
Idx   | Header                                        | ID        
-----------------------------------------------------------------
1     | ['import Mathlib\nimport Aesop']              | a45546ff  
2     | ['import Mathlib\nimport Aesop']              | 332b4499  
3     | ['import Mathlib\nimport Aesop']              | 38b322d9  
4     | ['import Mathlib\nimport Aesop']              | 42662867  
5     | ['import Mathlib\nimport Aesop']              | 816045da  
6     | ['import Mathlib\nimport Aesop']              | 75afe511  
7     | ['import Mathlib\nimport Aesop']              | a02b2a58  
8     | ['import Mathlib\nimport Aesop']              | bdd7515e  
9     | ['import Mathlib\nimport Aesop']              | a3f26e4e  
10    | ['import Mathlib\nimport Aesop']              | f6d36e65  
...   | ...                                           | ...       
-----------------------------------------------------------------
      | Total                                         | 22        
      | Idle                                          | 22        
      | Create Queue                                  | 0         
      | Close Queue                                   | 0         
      | Cache Hits                                    | 1         
      | Cache Misses                                  | 0         
      | Cache ratio                                   | 0.50      
      | its                                           | 0.06666666666666667
=================================================================
2025-07-16 19:48:41.090 | INFO     | uvicorn.protocols.http.h11_impl:send:473 - 127.0.0.1:38032 - "GET / HTTP/1.1" 200
2025-07-16 19:48:42.646 | INFO     | utils.repl_cache:print_status:179 - 

=================================================================
Idx   | Header                                        | Pool Size 
-----------------------------------------------------------------
1     | ['import Mathlib\nimport Aesop']              | 22        
-----------------------------------------------------------------
Top 10 global LRU repl:
-----------------------------------------------------------------
Idx   | Header                                        | ID        
-----------------------------------------------------------------
1     | ['import Mathlib\nimport Aesop']              | a45546ff  
2     | ['import Mathlib\nimport Aesop']              | 332b4499  
3     | ['import Mathlib\nimport Aesop']              | 38b322d9  
4     | ['import Mathlib\nimport Aesop']              | 42662867  
5     | ['import Mathlib\nimport Aesop']              | 816045da  
6     | ['import Mathlib\nimport Aesop']              | 75afe511  
7     | ['import Mathlib\nimport Aesop']              | a02b2a58  
8     | ['import Mathlib\nimport Aesop']              | bdd7515e  
9     | ['import Mathlib\nimport Aesop']              | a3f26e4e  
10    | ['import Mathlib\nimport Aesop']              | f6d36e65  
...   | ...                                           | ...       
-----------------------------------------------------------------
      | Total                                         | 22        
      | Idle                                          | 22        
      | Create Queue                                  | 0         
      | Close Queue                                   | 0         
      | Cache Hits                                    | 0         
      | Cache Misses                                  | 0         
      | Cache ratio                                   | 0.00      
      | its                                           | 0.0       
=================================================================
2025-07-16 19:48:42.915 | DEBUG    | server.server:process_one_code_with_repl_fast:213 - [lean_workbook_plus_2] Processing code: {"custom_id": "lean_workbook_plus_2", "proof_header": "import Mathlib\nimport Aesop", "proof_body": "set_option maxHeartbeats 0\n\nopen BigOperators Real Nat Topology Rat\ntheorem lean_workbook_plus_2 (x : \u211d) : x^2 - 2*x - 24 < 0 \u2194 x \u2208 Set.Ioo (-4) 6   :=  by\nconstructor\n  intro hx\n  constructor\n  nlinarith [hx]\n  nlinarith [hx]\n  rintro \u27e8h1, h2\u27e9\n  nlinarith", "timeout": 30}
2025-07-16 19:48:42.945 | INFO     | uvicorn.protocols.http.h11_impl:send:473 - 127.0.0.1:38046 - "POST /verify HTTP/1.1" 200
2025-07-16 19:48:57.650 | INFO     | utils.repl_cache:print_status:179 - 

=================================================================
Idx   | Header                                        | Pool Size 
-----------------------------------------------------------------
1     | ['import Mathlib\nimport Aesop']              | 22        
-----------------------------------------------------------------
Top 10 global LRU repl:
-----------------------------------------------------------------
Idx   | Header                                        | ID        
-----------------------------------------------------------------
1     | ['import Mathlib\nimport Aesop']              | a45546ff  
2     | ['import Mathlib\nimport Aesop']              | 332b4499  
3     | ['import Mathlib\nimport Aesop']              | 38b322d9  
4     | ['import Mathlib\nimport Aesop']              | 42662867  
5     | ['import Mathlib\nimport Aesop']              | 816045da  
6     | ['import Mathlib\nimport Aesop']              | 75afe511  
7     | ['import Mathlib\nimport Aesop']              | a02b2a58  
8     | ['import Mathlib\nimport Aesop']              | bdd7515e  
9     | ['import Mathlib\nimport Aesop']              | a3f26e4e  
10    | ['import Mathlib\nimport Aesop']              | f6d36e65  
...   | ...                                           | ...       
-----------------------------------------------------------------
      | Total                                         | 22        
      | Idle                                          | 22        
      | Create Queue                                  | 0         
      | Close Queue                                   | 0         
      | Cache Hits                                    | 1         
      | Cache Misses                                  | 0         
      | Cache ratio                                   | 0.50      
      | its                                           | 0.06666666666666667
=================================================================
2025-07-16 19:49:09.979 | INFO     | utils.repl_cache:print_status:179 - 

=================================================================
Idx   | Header                                        | Pool Size 
-----------------------------------------------------------------
1     | ['import Mathlib\nimport Aesop']              | 22        
-----------------------------------------------------------------
Top 10 global LRU repl:
-----------------------------------------------------------------
Idx   | Header                                        | ID        
-----------------------------------------------------------------
1     | ['import Mathlib\nimport Aesop']              | a45546ff  
2     | ['import Mathlib\nimport Aesop']              | 332b4499  
3     | ['import Mathlib\nimport Aesop']              | 38b322d9  
4     | ['import Mathlib\nimport Aesop']              | 42662867  
5     | ['import Mathlib\nimport Aesop']              | 816045da  
6     | ['import Mathlib\nimport Aesop']              | 75afe511  
7     | ['import Mathlib\nimport Aesop']              | a02b2a58  
8     | ['import Mathlib\nimport Aesop']              | bdd7515e  
9     | ['import Mathlib\nimport Aesop']              | a3f26e4e  
10    | ['import Mathlib\nimport Aesop']              | f6d36e65  
...   | ...                                           | ...       
-----------------------------------------------------------------
      | Total                                         | 22        
      | Idle                                          | 22        
      | Create Queue                                  | 0         
      | Close Queue                                   | 0         
      | Cache Hits                                    | 0         
      | Cache Misses                                  | 0         
      | Cache ratio                                   | 0.00      
      | its                                           | 0.0       
=================================================================
2025-07-16 19:49:24.981 | INFO     | utils.repl_cache:print_status:179 - 

=================================================================
Idx   | Header                                        | Pool Size 
-----------------------------------------------------------------
1     | ['import Mathlib\nimport Aesop']              | 22        
-----------------------------------------------------------------
Top 10 global LRU repl:
-----------------------------------------------------------------
Idx   | Header                                        | ID        
-----------------------------------------------------------------
1     | ['import Mathlib\nimport Aesop']              | a45546ff  
2     | ['import Mathlib\nimport Aesop']              | 332b4499  
3     | ['import Mathlib\nimport Aesop']              | 38b322d9  
4     | ['import Mathlib\nimport Aesop']              | 42662867  
5     | ['import Mathlib\nimport Aesop']              | 816045da  
6     | ['import Mathlib\nimport Aesop']              | 75afe511  
7     | ['import Mathlib\nimport Aesop']              | a02b2a58  
8     | ['import Mathlib\nimport Aesop']              | bdd7515e  
9     | ['import Mathlib\nimport Aesop']              | a3f26e4e  
10    | ['import Mathlib\nimport Aesop']              | f6d36e65  
...   | ...                                           | ...       
-----------------------------------------------------------------
      | Total                                         | 22        
      | Idle                                          | 22        
      | Create Queue                                  | 0         
      | Close Queue                                   | 0         
      | Cache Hits                                    | 0         
      | Cache Misses                                  | 0         
      | Cache ratio                                   | 0.00      
      | its                                           | 0.0       
=================================================================
2025-07-16 19:49:37.284 | INFO     | utils.repl_cache:print_status:179 - 

=================================================================
Idx   | Header                                        | Pool Size 
-----------------------------------------------------------------
1     | ['import Mathlib\nimport Aesop']              | 22        
-----------------------------------------------------------------
Top 10 global LRU repl:
-----------------------------------------------------------------
Idx   | Header                                        | ID        
-----------------------------------------------------------------
1     | ['import Mathlib\nimport Aesop']              | a45546ff  
2     | ['import Mathlib\nimport Aesop']              | 332b4499  
3     | ['import Mathlib\nimport Aesop']              | 38b322d9  
4     | ['import Mathlib\nimport Aesop']              | 42662867  
5     | ['import Mathlib\nimport Aesop']              | 816045da  
6     | ['import Mathlib\nimport Aesop']              | 75afe511  
7     | ['import Mathlib\nimport Aesop']              | a02b2a58  
8     | ['import Mathlib\nimport Aesop']              | bdd7515e  
9     | ['import Mathlib\nimport Aesop']              | a3f26e4e  
10    | ['import Mathlib\nimport Aesop']              | f6d36e65  
...   | ...                                           | ...       
-----------------------------------------------------------------
      | Total                                         | 22        
      | Idle                                          | 22        
      | Create Queue                                  | 0         
      | Close Queue                                   | 0         
      | Cache Hits                                    | 0         
      | Cache Misses                                  | 0         
      | Cache ratio                                   | 0.00      
      | its                                           | 0.0       
=================================================================
2025-07-16 19:49:52.291 | INFO     | utils.repl_cache:print_status:179 - 

=================================================================
Idx   | Header                                        | Pool Size 
-----------------------------------------------------------------
1     | ['import Mathlib\nimport Aesop']              | 22        
-----------------------------------------------------------------
Top 10 global LRU repl:
-----------------------------------------------------------------
Idx   | Header                                        | ID        
-----------------------------------------------------------------
1     | ['import Mathlib\nimport Aesop']              | a45546ff  
2     | ['import Mathlib\nimport Aesop']              | 332b4499  
3     | ['import Mathlib\nimport Aesop']              | 38b322d9  
4     | ['import Mathlib\nimport Aesop']              | 42662867  
5     | ['import Mathlib\nimport Aesop']              | 816045da  
6     | ['import Mathlib\nimport Aesop']              | 75afe511  
7     | ['import Mathlib\nimport Aesop']              | a02b2a58  
8     | ['import Mathlib\nimport Aesop']              | bdd7515e  
9     | ['import Mathlib\nimport Aesop']              | a3f26e4e  
10    | ['import Mathlib\nimport Aesop']              | f6d36e65  
...   | ...                                           | ...       
-----------------------------------------------------------------
      | Total                                         | 22        
      | Idle                                          | 22        
      | Create Queue                                  | 0         
      | Close Queue                                   | 0         
      | Cache Hits                                    | 0         
      | Cache Misses                                  | 0         
      | Cache ratio                                   | 0.00      
      | its                                           | 0.0       
=================================================================
2025-07-16 19:51:14.322 | INFO     | uvicorn.server:shutdown:264 - Shutting down
2025-07-16 19:51:14.324 | INFO     | uvicorn.protocols.http.h11_impl:send:473 - 127.0.0.1:43804 - "GET / HTTP/1.1" 200
2025-07-16 19:51:14.426 | INFO     | uvicorn.server:_serve:94 - Finished server process [2697]
